==============================================================
Vitis HLS - High-Level Synthesis from C, C++ and OpenCL v2025.2 (64-bit)
Tool Version Limit: 2025.11
Copyright 1986-2022 Xilinx, Inc. All Rights Reserved.
Copyright 2022-2025 Advanced Micro Devices, Inc. All Rights Reserved.

==============================================================
INFO: [HLS 200-1505] Using default flow_target 'vivado'
INFO: [HLS 200-2174] Applying component config ini file hls_config.cfg
INFO: [HLS 200-1465] Applying config ini 'syn.file=../../software/cnn_gesture_hls.cpp' from hls_config.cfg(8)
INFO: [HLS 200-10] Adding design file 'C:/Users/Jonathan/Desktop/capstone/ai/software/cnn_gesture_hls.cpp' to the project
INFO: [HLS 200-1465] Applying config ini 'syn.file=../../software/weights.h' from hls_config.cfg(9)
INFO: [HLS 200-10] Adding design file 'C:/Users/Jonathan/Desktop/capstone/ai/software/weights.h' to the project
INFO: [HLS 200-1465] Applying config ini 'syn.top=cnn_gesture_top' from hls_config.cfg(7)
INFO: [HLS 200-1465] Applying config ini 'flow_target=vivado' from hls_config.cfg(4)
INFO: [HLS 200-1505] Using flow_target 'vivado'
INFO: [HLS 200-1465] Applying config ini 'part=xczu3eg-sbva484-2-i' from hls_config.cfg(1)
INFO: [HLS 200-1611] Setting target device to 'xczu3eg-sbva484-2-i'
INFO: [HLS 200-1465] Applying config ini 'package.output.format=ip_catalog' from hls_config.cfg(5)
INFO: [HLS 200-2176] Writing Vitis IDE component file C:/Users/Jonathan/Desktop/capstone/ai/hardware/hls_component/cnn_gesture_top/vitis-comp.json
INFO: [HLS 200-111] Finished File checks and directory preparation: CPU user time: 2 seconds. CPU system time: 2 seconds. Elapsed time: 13.598 seconds; current allocated memory: 154.875 MB.
INFO: [HLS 200-2191] C-Synthesis will use clang-16 as the compiler
INFO: [HLS 200-10] Analyzing design file 'C:/Users/Jonathan/Desktop/capstone/ai/software/cnn_gesture_hls.cpp' ... 
INFO: [HLS 200-111] Finished Source Code Analysis and Preprocessing: CPU user time: 1 seconds. CPU system time: 0 seconds. Elapsed time: 39.775 seconds; current allocated memory: 161.695 MB.
INFO: [HLS 200-777] Using interface defaults for 'Vivado' flow target.
INFO: [HLS 200-1995] There were 14,469 instructions in the design after the 'Compile/Link' phase of compilation. See the Design Size Report for more details (C:/Users/Jonathan/Desktop/capstone/ai/hardware/hls_component/cnn_gesture_top/hls/syn/report/csynth_design_size.rpt:2)
WARNING: [HLS 200-1995] There were 203,028 instructions in the design after the 'Unroll/Inline' phase of compilation. See the Design Size Report for more details (C:/Users/Jonathan/Desktop/capstone/ai/hardware/hls_component/cnn_gesture_top/hls/syn/report/csynth_design_size.rpt:2)
WARNING: [HLS 200-1995] There were 115,767 instructions in the design after the 'Unroll/Inline (step 2)' phase of compilation. See the Design Size Report for more details (C:/Users/Jonathan/Desktop/capstone/ai/hardware/hls_component/cnn_gesture_top/hls/syn/report/csynth_design_size.rpt:2)
WARNING: [HLS 200-1995] There were 111,999 instructions in the design after the 'Unroll/Inline (step 3)' phase of compilation. See the Design Size Report for more details (C:/Users/Jonathan/Desktop/capstone/ai/hardware/hls_component/cnn_gesture_top/hls/syn/report/csynth_design_size.rpt:2)
WARNING: [HLS 200-1995] There were 102,647 instructions in the design after the 'Unroll/Inline (step 4)' phase of compilation. See the Design Size Report for more details (C:/Users/Jonathan/Desktop/capstone/ai/hardware/hls_component/cnn_gesture_top/hls/syn/report/csynth_design_size.rpt:2)
WARNING: [HLS 200-1995] There were 102,664 instructions in the design after the 'Array/Struct' phase of compilation. See the Design Size Report for more details (C:/Users/Jonathan/Desktop/capstone/ai/hardware/hls_component/cnn_gesture_top/hls/syn/report/csynth_design_size.rpt:2)
WARNING: [HLS 200-1995] There were 102,644 instructions in the design after the 'Array/Struct (step 2)' phase of compilation. See the Design Size Report for more details (C:/Users/Jonathan/Desktop/capstone/ai/hardware/hls_component/cnn_gesture_top/hls/syn/report/csynth_design_size.rpt:2)
WARNING: [HLS 200-1995] There were 102,656 instructions in the design after the 'Array/Struct (step 3)' phase of compilation. See the Design Size Report for more details (C:/Users/Jonathan/Desktop/capstone/ai/hardware/hls_component/cnn_gesture_top/hls/syn/report/csynth_design_size.rpt:2)
WARNING: [HLS 200-1995] There were 102,674 instructions in the design after the 'Array/Struct (step 4)' phase of compilation. See the Design Size Report for more details (C:/Users/Jonathan/Desktop/capstone/ai/hardware/hls_component/cnn_gesture_top/hls/syn/report/csynth_design_size.rpt:2)
WARNING: [HLS 200-1995] There were 102,676 instructions in the design after the 'Array/Struct (step 5)' phase of compilation. See the Design Size Report for more details (C:/Users/Jonathan/Desktop/capstone/ai/hardware/hls_component/cnn_gesture_top/hls/syn/report/csynth_design_size.rpt:2)
WARNING: [HLS 200-1995] There were 102,640 instructions in the design after the 'Performance' phase of compilation. See the Design Size Report for more details (C:/Users/Jonathan/Desktop/capstone/ai/hardware/hls_component/cnn_gesture_top/hls/syn/report/csynth_design_size.rpt:2)
WARNING: [HLS 200-1995] There were 102,638 instructions in the design after the 'Performance (step 2)' phase of compilation. See the Design Size Report for more details (C:/Users/Jonathan/Desktop/capstone/ai/hardware/hls_component/cnn_gesture_top/hls/syn/report/csynth_design_size.rpt:2)
WARNING: [HLS 200-1995] There were 113,341 instructions in the design after the 'Performance (step 3)' phase of compilation. See the Design Size Report for more details (C:/Users/Jonathan/Desktop/capstone/ai/hardware/hls_component/cnn_gesture_top/hls/syn/report/csynth_design_size.rpt:2)
WARNING: [HLS 200-1995] There were 104,000 instructions in the design after the 'Performance (step 4)' phase of compilation. See the Design Size Report for more details (C:/Users/Jonathan/Desktop/capstone/ai/hardware/hls_component/cnn_gesture_top/hls/syn/report/csynth_design_size.rpt:2)
WARNING: [HLS 200-1995] There were 104,014 instructions in the design after the 'HW Transforms' phase of compilation. See the Design Size Report for more details (C:/Users/Jonathan/Desktop/capstone/ai/hardware/hls_component/cnn_gesture_top/hls/syn/report/csynth_design_size.rpt:2)
WARNING: [HLS 200-1995] There were 104,069 instructions in the design after the 'HW Transforms (step 2)' phase of compilation. See the Design Size Report for more details (C:/Users/Jonathan/Desktop/capstone/ai/hardware/hls_component/cnn_gesture_top/hls/syn/report/csynth_design_size.rpt:2)
INFO: [HLS 214-131] Inlining function 'exp_reduce_::exp(float)' into 'hls::exp(float)' (C:\scratch\2025.2\hls_product\665\2025.2\src\shared\hls\clib\hlsmath\src\c++\expfloat.cpp:17:9)
INFO: [HLS 214-131] Inlining function 'hls::exp(float)' into 'softmax(ap_fixed<16, 6, (ap_q_mode)5, (ap_o_mode)3, 0>*, ap_fixed<16, 6, (ap_q_mode)5, (ap_o_mode)3, 0>*)' (C:/Users/Jonathan/Desktop/capstone/ai/software/cnn_gesture_hls.cpp:205:27)
INFO: [HLS 214-131] Inlining function 'conv1_block(ap_fixed<16, 6, (ap_q_mode)5, (ap_o_mode)3, 0> (*) [6], ap_fixed<16, 6, (ap_q_mode)5, (ap_o_mode)3, 0> (*) [32])' into 'cnn_gesture_top(ap_fixed<16, 6, (ap_q_mode)5, (ap_o_mode)3, 0> (*) [6], ap_fixed<16, 6, (ap_q_mode)5, (ap_o_mode)3, 0>*)' (C:/Users/Jonathan/Desktop/capstone/ai/software/cnn_gesture_hls.cpp:234:5)
INFO: [HLS 214-131] Inlining function 'maxpool1(ap_fixed<16, 6, (ap_q_mode)5, (ap_o_mode)3, 0> (*) [32], ap_fixed<16, 6, (ap_q_mode)5, (ap_o_mode)3, 0> (*) [32])' into 'cnn_gesture_top(ap_fixed<16, 6, (ap_q_mode)5, (ap_o_mode)3, 0> (*) [6], ap_fixed<16, 6, (ap_q_mode)5, (ap_o_mode)3, 0>*)' (C:/Users/Jonathan/Desktop/capstone/ai/software/cnn_gesture_hls.cpp:235:5)
INFO: [HLS 214-131] Inlining function 'conv2_block(ap_fixed<16, 6, (ap_q_mode)5, (ap_o_mode)3, 0> (*) [32], ap_fixed<16, 6, (ap_q_mode)5, (ap_o_mode)3, 0> (*) [64])' into 'cnn_gesture_top(ap_fixed<16, 6, (ap_q_mode)5, (ap_o_mode)3, 0> (*) [6], ap_fixed<16, 6, (ap_q_mode)5, (ap_o_mode)3, 0>*)' (C:/Users/Jonathan/Desktop/capstone/ai/software/cnn_gesture_hls.cpp:237:5)
INFO: [HLS 214-131] Inlining function 'maxpool2(ap_fixed<16, 6, (ap_q_mode)5, (ap_o_mode)3, 0> (*) [64], ap_fixed<16, 6, (ap_q_mode)5, (ap_o_mode)3, 0> (*) [64])' into 'cnn_gesture_top(ap_fixed<16, 6, (ap_q_mode)5, (ap_o_mode)3, 0> (*) [6], ap_fixed<16, 6, (ap_q_mode)5, (ap_o_mode)3, 0>*)' (C:/Users/Jonathan/Desktop/capstone/ai/software/cnn_gesture_hls.cpp:238:5)
INFO: [HLS 214-131] Inlining function 'flatten(ap_fixed<16, 6, (ap_q_mode)5, (ap_o_mode)3, 0> (*) [64], ap_fixed<16, 6, (ap_q_mode)5, (ap_o_mode)3, 0>*)' into 'cnn_gesture_top(ap_fixed<16, 6, (ap_q_mode)5, (ap_o_mode)3, 0> (*) [6], ap_fixed<16, 6, (ap_q_mode)5, (ap_o_mode)3, 0>*)' (C:/Users/Jonathan/Desktop/capstone/ai/software/cnn_gesture_hls.cpp:240:5)
INFO: [HLS 214-131] Inlining function 'dense1(ap_fixed<16, 6, (ap_q_mode)5, (ap_o_mode)3, 0>*, ap_fixed<16, 6, (ap_q_mode)5, (ap_o_mode)3, 0>*)' into 'cnn_gesture_top(ap_fixed<16, 6, (ap_q_mode)5, (ap_o_mode)3, 0> (*) [6], ap_fixed<16, 6, (ap_q_mode)5, (ap_o_mode)3, 0>*)' (C:/Users/Jonathan/Desktop/capstone/ai/software/cnn_gesture_hls.cpp:241:5)
INFO: [HLS 214-131] Inlining function 'dense2_logits(ap_fixed<16, 6, (ap_q_mode)5, (ap_o_mode)3, 0>*, ap_fixed<16, 6, (ap_q_mode)5, (ap_o_mode)3, 0>*)' into 'cnn_gesture_top(ap_fixed<16, 6, (ap_q_mode)5, (ap_o_mode)3, 0> (*) [6], ap_fixed<16, 6, (ap_q_mode)5, (ap_o_mode)3, 0>*)' (C:/Users/Jonathan/Desktop/capstone/ai/software/cnn_gesture_hls.cpp:242:5)
INFO: [HLS 214-131] Inlining function 'softmax(ap_fixed<16, 6, (ap_q_mode)5, (ap_o_mode)3, 0>*, ap_fixed<16, 6, (ap_q_mode)5, (ap_o_mode)3, 0>*)' into 'cnn_gesture_top(ap_fixed<16, 6, (ap_q_mode)5, (ap_o_mode)3, 0> (*) [6], ap_fixed<16, 6, (ap_q_mode)5, (ap_o_mode)3, 0>*)' (C:/Users/Jonathan/Desktop/capstone/ai/software/cnn_gesture_hls.cpp:243:5)
INFO: [HLS 214-291] Loop 'VITIS_LOOP_185_2' is marked as complete unroll implied by the pipeline pragma (C:/Users/Jonathan/Desktop/capstone/ai/software/cnn_gesture_hls.cpp:185:27)
INFO: [HLS 214-291] Loop 'VITIS_LOOP_166_2' is marked as complete unroll implied by the pipeline pragma (C:/Users/Jonathan/Desktop/capstone/ai/software/cnn_gesture_hls.cpp:166:27)
INFO: [HLS 214-291] Loop 'VITIS_LOOP_99_3' is marked as complete unroll implied by the pipeline pragma (C:/Users/Jonathan/Desktop/capstone/ai/software/cnn_gesture_hls.cpp:99:30)
INFO: [HLS 214-291] Loop 'VITIS_LOOP_102_4' is marked as complete unroll implied by the pipeline pragma (C:/Users/Jonathan/Desktop/capstone/ai/software/cnn_gesture_hls.cpp:102:39)
INFO: [HLS 214-291] Loop 'VITIS_LOOP_44_3' is marked as complete unroll implied by the pipeline pragma (C:/Users/Jonathan/Desktop/capstone/ai/software/cnn_gesture_hls.cpp:44:30)
INFO: [HLS 214-291] Loop 'VITIS_LOOP_47_4' is marked as complete unroll implied by the pipeline pragma (C:/Users/Jonathan/Desktop/capstone/ai/software/cnn_gesture_hls.cpp:47:38)
INFO: [HLS 214-186] Unrolling loop 'VITIS_LOOP_185_2' (C:/Users/Jonathan/Desktop/capstone/ai/software/cnn_gesture_hls.cpp:185:27) in function 'cnn_gesture_top' completely with a factor of 128 (C:/Users/Jonathan/Desktop/capstone/ai/software/cnn_gesture_hls.cpp:218:0)
INFO: [HLS 214-186] Unrolling loop 'VITIS_LOOP_166_2' (C:/Users/Jonathan/Desktop/capstone/ai/software/cnn_gesture_hls.cpp:166:27) in function 'cnn_gesture_top' completely with a factor of 1600 (C:/Users/Jonathan/Desktop/capstone/ai/software/cnn_gesture_hls.cpp:218:0)
INFO: [HLS 214-186] Unrolling loop 'VITIS_LOOP_99_3' (C:/Users/Jonathan/Desktop/capstone/ai/software/cnn_gesture_hls.cpp:99:30) in function 'cnn_gesture_top' completely with a factor of 3 (C:/Users/Jonathan/Desktop/capstone/ai/software/cnn_gesture_hls.cpp:218:0)
INFO: [HLS 214-186] Unrolling loop 'VITIS_LOOP_102_4' (C:/Users/Jonathan/Desktop/capstone/ai/software/cnn_gesture_hls.cpp:102:39) in function 'cnn_gesture_top' completely with a factor of 32 (C:/Users/Jonathan/Desktop/capstone/ai/software/cnn_gesture_hls.cpp:218:0)
INFO: [HLS 214-186] Unrolling loop 'VITIS_LOOP_44_3' (C:/Users/Jonathan/Desktop/capstone/ai/software/cnn_gesture_hls.cpp:44:30) in function 'cnn_gesture_top' completely with a factor of 3 (C:/Users/Jonathan/Desktop/capstone/ai/software/cnn_gesture_hls.cpp:218:0)
INFO: [HLS 214-186] Unrolling loop 'VITIS_LOOP_47_4' (C:/Users/Jonathan/Desktop/capstone/ai/software/cnn_gesture_hls.cpp:47:38) in function 'cnn_gesture_top' completely with a factor of 6 (C:/Users/Jonathan/Desktop/capstone/ai/software/cnn_gesture_hls.cpp:218:0)
INFO: [HLS 214-178] Inlining function 'hls::sqrt(float)' into 'cnn_gesture_top(ap_fixed<16, 6, (ap_q_mode)5, (ap_o_mode)3, 0> (*) [6], ap_fixed<16, 6, (ap_q_mode)5, (ap_o_mode)3, 0>*)' (C:/Users/Jonathan/Desktop/capstone/ai/software/cnn_gesture_hls.cpp:218:0)
INFO: [HLS 214-178] Inlining function 'relu(ap_fixed<16, 6, (ap_q_mode)5, (ap_o_mode)3, 0>)' into 'cnn_gesture_top(ap_fixed<16, 6, (ap_q_mode)5, (ap_o_mode)3, 0> (*) [6], ap_fixed<16, 6, (ap_q_mode)5, (ap_o_mode)3, 0>*)' (C:/Users/Jonathan/Desktop/capstone/ai/software/cnn_gesture_hls.cpp:218:0)
INFO: [HLS 214-248] Applying array_partition to 'input': Cyclic partitioning with factor 2 on dimension 2. (C:/Users/Jonathan/Desktop/capstone/ai/software/cnn_gesture_hls.cpp:218:0)
INFO: [HLS 214-248] Applying array_partition to 'output': Complete partitioning on dimension 1. (C:/Users/Jonathan/Desktop/capstone/ai/software/cnn_gesture_hls.cpp:218:0)
WARNING: [HLS 214-322] Unsuported scalar variable on pragma 'ap_memory Interface', ignore it. (C:/Users/Jonathan/Desktop/capstone/ai/software/cnn_gesture_hls.cpp:220:1)
INFO: [HLS 214-241] Aggregating bram variable 'input_1' with compact=bit mode in 16-bits (C:/Users/Jonathan/Desktop/capstone/ai/software/cnn_gesture_hls.cpp:218:0)
INFO: [HLS 214-241] Aggregating bram variable 'input_0' with compact=bit mode in 16-bits (C:/Users/Jonathan/Desktop/capstone/ai/software/cnn_gesture_hls.cpp:218:0)
INFO: [HLS 214-376] Pipelining loop< VITIS_LOOP_198_1> at C:/Users/Jonathan/Desktop/capstone/ai/software/cnn_gesture_hls.cpp:198:23 due to pipeline_loops threshold
INFO: [HLS 214-376] Pipelining loop< VITIS_LOOP_204_2> at C:/Users/Jonathan/Desktop/capstone/ai/software/cnn_gesture_hls.cpp:204:23 due to pipeline_loops threshold
INFO: [HLS 214-376] Pipelining loop< VITIS_LOOP_209_3> at C:/Users/Jonathan/Desktop/capstone/ai/software/cnn_gesture_hls.cpp:209:23 due to pipeline_loops threshold
INFO: [HLS 214-437] Disabling loop flattening for loop 'VITIS_LOOP_39_1'. (C:/Users/Jonathan/Desktop/capstone/ai/software/cnn_gesture_hls.cpp:39:22)
INFO: [HLS 214-270] Inferring pragma 'array_partition type=cyclic factor=3 dim=1' for array 'pool1_out' due to pipeline pragma (C:/Users/Jonathan/Desktop/capstone/ai/software/cnn_gesture_hls.cpp:96:1)
INFO: [HLS 214-270] Inferring pragma 'array_partition type=complete dim=2' for array 'pool1_out' due to pipeline pragma (C:/Users/Jonathan/Desktop/capstone/ai/software/cnn_gesture_hls.cpp:96:1)
INFO: [HLS 214-248] Applying array_partition to 'pool1_out': Cyclic partitioning with factor 3 on dimension 1. Complete partitioning on dimension 2. (C:/Users/Jonathan/Desktop/capstone/ai/software/cnn_gesture_hls.cpp:227:12)
INFO: [HLS 200-111] Finished Compiling Optimization and Transform: CPU user time: 2 seconds. CPU system time: 0 seconds. Elapsed time: 268.056 seconds; current allocated memory: 163.539 MB.
INFO: [HLS 200-111] Finished Checking Pragmas: CPU user time: 0 seconds. CPU system time: 0 seconds. Elapsed time: 0.003 seconds; current allocated memory: 163.539 MB.
INFO: [HLS 200-10] Starting code transformations ...
INFO: [HLS 200-111] Finished Standard Transforms: CPU user time: 38 seconds. CPU system time: 1 seconds. Elapsed time: 39.15 seconds; current allocated memory: 508.742 MB.
INFO: [HLS 200-10] Checking synthesizability ...
INFO: [HLS 200-111] Finished Checking Synthesizability: CPU user time: 20 seconds. CPU system time: 0 seconds. Elapsed time: 20.004 seconds; current allocated memory: 795.254 MB.
INFO: [XFORM 203-401] Performing if-conversion on hyperblock from (C:/Users/Jonathan/Desktop/capstone/ai/software/cnn_gesture_hls.cpp:48:34) to (C:/Users/Jonathan/Desktop/capstone/ai/software/cnn_gesture_hls.cpp:51:17) in function 'cnn_gesture_top'... converting 37 basic blocks.
INFO: [XFORM 203-401] Performing if-conversion on hyperblock from (C:/Users/Jonathan/Desktop/capstone/ai/software/cnn_gesture_hls.cpp:42:19) to (C:/Users/Jonathan/Desktop/capstone/ai/software/cnn_gesture_hls.cpp:46:30) in function 'cnn_gesture_top'... converting 37 basic blocks.
INFO: [XFORM 203-401] Performing if-conversion on hyperblock from (C:/Users/Jonathan/Desktop/capstone/ai/software/cnn_gesture_hls.cpp:42:19) to (C:/Users/Jonathan/Desktop/capstone/ai/software/cnn_gesture_hls.cpp:51:17) in function 'cnn_gesture_top'... converting 37 basic blocks.
INFO: [XFORM 203-401] Performing if-conversion on hyperblock from (C:/Users/Jonathan/Desktop/capstone/ai/software/cnn_gesture_hls.cpp:42:19) to (C:/Users/Jonathan/Desktop/capstone/ai/software/cnn_gesture_hls.cpp:40:26) in function 'cnn_gesture_top'... converting 39 basic blocks.
INFO: [XFORM 203-401] Performing if-conversion on hyperblock from (C:/Users/Jonathan/Desktop/capstone/ai/software/cnn_gesture_hls.cpp:103:34) to (C:/Users/Jonathan/Desktop/capstone/ai/software/cnn_gesture_hls.cpp:106:17) in function 'cnn_gesture_top'... converting 193 basic blocks.
INFO: [XFORM 203-401] Performing if-conversion on hyperblock from (C:/Users/Jonathan/Desktop/capstone/ai/software/cnn_gesture_hls.cpp:97:19) to (C:/Users/Jonathan/Desktop/capstone/ai/software/cnn_gesture_hls.cpp:101:30) in function 'cnn_gesture_top'... converting 193 basic blocks.
INFO: [XFORM 203-401] Performing if-conversion on hyperblock from (C:/Users/Jonathan/Desktop/capstone/ai/software/cnn_gesture_hls.cpp:97:19) to (C:/Users/Jonathan/Desktop/capstone/ai/software/cnn_gesture_hls.cpp:106:17) in function 'cnn_gesture_top'... converting 193 basic blocks.
INFO: [XFORM 203-401] Performing if-conversion on hyperblock from (C:/Users/Jonathan/Desktop/capstone/ai/software/cnn_gesture_hls.cpp:97:19) to (C:/Users/Jonathan/Desktop/capstone/ai/software/cnn_gesture_hls.cpp:95:26) in function 'cnn_gesture_top'... converting 39 basic blocks.
INFO: [XFORM 203-401] Performing if-conversion on hyperblock from (C:/Users/Jonathan/Desktop/capstone/ai/software/cnn_gesture_hls.cpp:163:1) to (C:/Users/Jonathan/Desktop/capstone/ai/software/cnn_gesture_hls.cpp:162:23) in function 'cnn_gesture_top'... converting 9607 basic blocks.
INFO: [XFORM 203-401] Performing if-conversion on hyperblock from (C:/Users/Jonathan/Desktop/capstone/ai/software/cnn_gesture_hls.cpp:182:1) to (C:/Users/Jonathan/Desktop/capstone/ai/software/cnn_gesture_hls.cpp:181:23) in function 'cnn_gesture_top'... converting 775 basic blocks.
INFO: [XFORM 203-401] Performing if-conversion on hyperblock from (C:/Users/Jonathan/Desktop/capstone/ai/software/cnn_gesture_hls.cpp:203:12) to (C:/Users/Jonathan/Desktop/capstone/ai/software/cnn_gesture_hls.cpp:204:23) in function 'cnn_gesture_top'... converting 9 basic blocks.
INFO: [XFORM 203-11] Balancing expressions in function 'cnn_gesture_top' (C:/Users/Jonathan/Desktop/capstone/ai/software/cnn_gesture_hls.cpp:8:23)...1876 expression(s) balanced.
INFO: [HLS 200-111] Finished Loop, function and other optimizations: CPU user time: 149 seconds. CPU system time: 6 seconds. Elapsed time: 157.187 seconds; current allocated memory: 1.046 GB.
INFO: [HLS 200-2061] Successfully converted nested loops 'VITIS_LOOP_78_1'(C:/Users/Jonathan/Desktop/capstone/ai/software/cnn_gesture_hls.cpp:78:22) and 'VITIS_LOOP_79_2'(C:/Users/Jonathan/Desktop/capstone/ai/software/cnn_gesture_hls.cpp:79:26) in function 'cnn_gesture_top' into perfectly nested loops.
INFO: [HLS 200-2061] Successfully converted nested loops 'VITIS_LOOP_94_1'(C:/Users/Jonathan/Desktop/capstone/ai/software/cnn_gesture_hls.cpp:94:22) and 'VITIS_LOOP_95_2'(C:/Users/Jonathan/Desktop/capstone/ai/software/cnn_gesture_hls.cpp:95:26) in function 'cnn_gesture_top' into perfectly nested loops.
INFO: [HLS 200-2061] Successfully converted nested loops 'VITIS_LOOP_129_1'(C:/Users/Jonathan/Desktop/capstone/ai/software/cnn_gesture_hls.cpp:129:23) and 'VITIS_LOOP_130_2'(C:/Users/Jonathan/Desktop/capstone/ai/software/cnn_gesture_hls.cpp:130:27) in function 'cnn_gesture_top' into perfectly nested loops.
INFO: [HLS 200-2061] Successfully converted nested loops 'VITIS_LOOP_146_1'(C:/Users/Jonathan/Desktop/capstone/ai/software/cnn_gesture_hls.cpp:146:23) and 'VITIS_LOOP_147_2'(C:/Users/Jonathan/Desktop/capstone/ai/software/cnn_gesture_hls.cpp:1