

================================================================
== Synthesis Summary Report of 'cnn_gesture_top'
================================================================
+ General Information: 
    * Date:           Sun Mar  1 16:44:57 2026
    * Version:        2025.2 (Build 6295257 on Nov 12 2025)
    * Project:        cnn_gesture_top
    * Solution:       hls (Vivado IP Flow Target)
    * Product family: zynquplus
    * Target device:  xczu3eg-sbva484-2-i
    

* Performance & Resource Estimates: 
+--------------------------------------------------------------+--------+-------------------+----------+---------+------+----------+---------+-----------+-------+------+----------+-----------+-----------+-----+
|                            Modules                           |  Issue |                   | Iteration|         | Trip |          |       Latency       |       |      |          |           |           |     |
|                            & Loops                           |  Type  |   Violation Type  |  Latency | Interval| Count| Pipelined| (cycles)|    (ns)   | Slack | BRAM |    DSP   |     FF    |    LUT    | URAM|
+--------------------------------------------------------------+--------+-------------------+----------+---------+------+----------+---------+-----------+-------+------+----------+-----------+-----------+-----+
|+ cnn_gesture_top                                             |  Timing|                  -|         -|      738|     -|        no|      737|  9.803e+03|  -6.00|     -|  37 (10%)|  4766 (3%)|  4722 (6%)|    -|
| + tiny_classifier                                            |  Timing|                  -|         -|      726|     -|        no|      726|  9.657e+03|  -6.00|     -|  37 (10%)|  4685 (3%)|  4561 (6%)|    -|
|  + tiny_classifier_Pipeline_VITIS_LOOP_74_2_VITIS_LOOP_75_3  |       -|                  -|         -|        -|     -|       yes|      605|  6.050e+03|   0.24|     -|         -|  346 (~0%)|  329 (~0%)|    -|
|   o VITIS_LOOP_74_2_VITIS_LOOP_75_3                          |       -|                  -|         5|        1|   600|       yes|      603|  6.030e+03|   7.30|     -|         -|          -|          -|    -|
|  + tiny_classifier_Pipeline_VITIS_LOOP_85_4                  |       -|                  -|         -|        -|     -|       yes|       10|    100.000|   0.28|     -|         -|  303 (~0%)|  121 (~0%)|    -|
|   o VITIS_LOOP_85_4                                          |       -|                  -|         4|        1|     6|       yes|        8|     80.000|   7.30|     -|         -|          -|          -|    -|
|  + tiny_classifier_Pipeline_VITIS_LOOP_90_5                  |       -|                  -|         -|        -|     -|       yes|       35|    350.000|   0.19|     -|   25 (6%)|  2670 (1%)|  1856 (2%)|    -|
|   o VITIS_LOOP_90_5                                          |       -|                  -|        29|        1|     6|       yes|       33|    330.000|   7.30|     -|         -|          -|          -|    -|
|  + tiny_classifier_Pipeline_VITIS_LOOP_33_1                  |       -|                  -|         -|        -|     -|       yes|        8|     80.000|   0.57|     -|         -|  105 (~0%)|  206 (~0%)|    -|
|   o VITIS_LOOP_33_1                                          |       -|                  -|         3|        1|     5|       yes|        6|     60.000|   7.30|     -|         -|          -|          -|    -|
|  + tiny_classifier_Pipeline_VITIS_LOOP_39_2                  |  Timing|                  -|         -|        -|     -|       yes|       34|    452.234|  -6.00|     -|    7 (1%)|  569 (~0%)|  1116 (1%)|    -|
|   o VITIS_LOOP_39_2                                          |      II|  Memory Dependency|        18|        3|     6|       yes|       32|    425.632|   7.30|     -|         -|          -|          -|    -|
|  + tiny_classifier_Pipeline_VITIS_LOOP_45_3                  |       -|                  -|         -|        -|     -|       yes|       12|    120.000|   0.28|     -|         -|  145 (~0%)|   90 (~0%)|    -|
|   o VITIS_LOOP_45_3                                          |       -|                  -|         6|        1|     6|       yes|       10|    100.000|   7.30|     -|         -|          -|          -|    -|
| o VITIS_LOOP_112_1                                           |       -|                  -|         3|        1|     6|       yes|        7|     93.107|   7.30|     -|         -|          -|          -|    -|
+--------------------------------------------------------------+--------+-------------------+----------+---------+------+----------+---------+-----------+-------+------+----------+-----------+-----------+-----+
    II Violation Information: docs.amd.com/access/sources/dita/topic?Doc_Version=2025.2%20English&url=ug1448-hls-guidance&resourceid=200-880.html
    Name Prefix: '+' for module, 'o' for loop, '*' for dataflow


================================================================
== HW Interfaces
================================================================
* S_AXILITE Interfaces
+------------+------------+---------------+
| Interface  | Data Width | Address Width |
+------------+------------+---------------+
| s_axi_CTRL | 32         | 4             |
+------------+------------+---------------+

* S_AXILITE Registers
+------------+----------+--------+-------+--------+----------------------------------+----------------------------------------------------------------------+
| Interface  | Register | Offset | Width | Access | Description                      | Bit Fields                                                           |
+------------+----------+--------+-------+--------+----------------------------------+----------------------------------------------------------------------+
| s_axi_CTRL | CTRL     | 0x00   | 32    | RW     | Control signals                  | 0=AP_START 1=AP_DONE 2=AP_IDLE 3=AP_READY 7=AUTO_RESTART 9=INTERRUPT |
| s_axi_CTRL | GIER     | 0x04   | 32    | RW     | Global Interrupt Enable Register | 0=Enable                                                             |
| s_axi_CTRL | IP_IER   | 0x08   | 32    | RW     | IP Interrupt Enable Register     | 0=CHAN0_INT_EN 1=CHAN1_INT_EN                                        |
| s_axi_CTRL | IP_ISR   | 0x0c   | 32    | RW     | IP Interrupt Status Register     | 0=CHAN0_INT_ST 1=CHAN1_INT_ST                                        |
+------------+----------+--------+-------+--------+----------------------------------+----------------------------------------------------------------------+

* AXIS
+---------------+-----------+---------------+-------+-------+-------+--------+-------+--------+
| Interface     | Direction | Register Mode | TDATA | TKEEP | TLAST | TREADY | TSTRB | TVALID |
+---------------+-----------+---------------+-------+-------+-------+--------+-------+--------+
| input_stream  | in        | both          | 32    | 4     | 1     | 1      | 4     | 1      |
| output_stream | out       | both          | 32    | 4     | 1     | 1      | 4     | 1      |
+---------------+-----------+---------------+-------+-------+-------+--------+-------+--------+

* TOP LEVEL CONTROL
+-----------+------------+-----------+
| Interface | Type       | Ports     |
+-----------+------------+-----------+
| ap_clk    | clock      | ap_clk    |
| ap_rst_n  | reset      | ap_rst_n  |
| interrupt | interrupt  | interrupt |
| ap_ctrl   | ap_ctrl_hs |           |
+-----------+------------+-----------+


================================================================
== SW I/O Information
================================================================
* Top Function Arguments
+---------------+-----------+------------------------------------------------------------------------------+
| Argument      | Direction | Datatype                                                                     |
+---------------+-----------+------------------------------------------------------------------------------+
| input_stream  | in        | stream<hls::axis<ap_uint<32>, 0UL, 0UL, 0UL, (unsigned char)'8', false>, 0>& |
| output_stream | out       | stream<hls::axis<ap_uint<32>, 0UL, 0UL, 0UL, (unsigned char)'8', false>, 0>& |
+---------------+-----------+------------------------------------------------------------------------------+

* SW-to-HW Mapping
+---------------+---------------+-----------+
| Argument      | HW Interface  | HW Type   |
+---------------+---------------+-----------+
| input_stream  | input_stream  | interface |
| output_stream | output_stream | interface |
+---------------+---------------+-----------+


================================================================
== Bind Op Report
================================================================
+--------------------------------------------------------------+-----+--------+-------------+-----------+--------------------------+---------+
| Name                                                         | DSP | Pragma | Variable    | Op        | Impl                     | Latency |
+--------------------------------------------------------------+-----+--------+-------------+-----------+--------------------------+---------+
| + cnn_gesture_top                                            | 37  |        |             |           |                          |         |
|   icmp_ln118_fu_166_p2                                       |     |        | icmp_ln118  | seteq     | auto                     | 0       |
|   i_5_fu_172_p2                                              |     |        | i_5         | add       | fabric                   | 0       |
|  + tiny_classifier                                           | 37  |        |             |           |                          |         |
|    icmp_ln44_fu_316_p2                                       |     |        | icmp_ln44   | setne     | auto                     | 0       |
|    icmp_ln44_1_fu_322_p2                                     |     |        | icmp_ln44_1 | seteq     | auto                     | 0       |
|    or_ln44_fu_328_p2                                         |     |        | or_ln44     | or        | auto                     | 0       |
|    fcmp_32ns_32ns_1_2_no_dsp_1_U71                           |     |        | tmp_7       | fcmp      | auto                     | 1       |
|    and_ln44_fu_332_p2                                        |     |        | and_ln44    | and       | auto                     | 0       |
|    fdiv_32ns_32ns_32_9_no_dsp_1_U70                          |     |        | div_i       | fdiv      | fabric                   | 8       |
|    inv_fu_337_p3                                             |     |        | inv         | select    | auto_sel                 | 0       |
|   + tiny_classifier_Pipeline_VITIS_LOOP_74_2_VITIS_LOOP_75_3 | 0   |        |             |           |                          |         |
|     icmp_ln74_fu_215_p2                                      |     |        | icmp_ln74   | seteq     | auto                     | 0       |
|     add_ln74_fu_221_p2                                       |     |        | add_ln74    | add       | fabric                   | 0       |
|     icmp_ln75_fu_230_p2                                      |     |        | icmp_ln75   | seteq     | auto                     | 0       |
|     select_ln74_fu_236_p3                                    |     |        | select_ln74 | select    | auto_sel                 | 0       |
|     sparsemux_13_3_32_1_1_U2                                 |     |        | tmp_1       | sparsemux | compactencoding_dontcare | 0       |
|     add_ln75_fu_258_p2                                       |     |        | add_ln75    | add       | fabric                   | 0       |
|   + tiny_classifier_Pipeline_VITIS_LOOP_85_4                 | 0   |        |             |           |                          |         |
|     icmp_ln85_fu_185_p2                                      |     |        | icmp_ln85   | seteq     | auto                     | 0       |
|     add_ln85_fu_191_p2                                       |     |        | add_ln85    | add       | fabric                   | 0       |
|     sparsemux_13_3_32_1_1_U15                                |     |        | tmp         | sparsemux | compactencoding_dontcare | 0       |
|   + tiny_classifier_Pipeline_VITIS_LOOP_90_5                 | 25  |        |             |           |                          |         |
|     icmp_ln90_fu_258_p2                                      |     |        | icmp_ln90   | seteq     | auto                     | 0       |
|     add_ln90_fu_264_p2                                       |     |        | add_ln90    | add       | fabric                   | 0       |
|     fmul_32ns_32ns_32_3_max_dsp_1_U35                        | 3   |        | mul47_1     | fmul      | maxdsp                   | 2       |
|     fadd_32ns_32ns_32_4_full_dsp_1_U29                       | 2   |        | acc_2       | fadd      | fulldsp                  | 3       |
|     fmul_32ns_32ns_32_3_max_dsp_1_U36                        | 3   |        | mul47_2     | fmul      | maxdsp                   | 2       |
|     fadd_32ns_32ns_32_4_full_dsp_1_U30                       | 2   |        | acc_3       | fadd      | fulldsp                  | 3       |
|     fmul_32ns_32ns_32_3_max_dsp_1_U37                        | 3   |        | mul47_3     | fmul      | maxdsp                   | 2       |
|     fadd_32ns_32ns_32_4_full_dsp_1_U31                       | 2   |        | acc_4       | fadd      | fulldsp                  | 3       |
|     fmul_32ns_32ns_32_3_max_dsp_1_U38                        | 3   |        | mul47_4     | fmul      | maxdsp                   | 2       |
|     fadd_32ns_32ns_32_4_full_dsp_1_U32                       | 2   |        | acc_5       | fadd      | fulldsp                  | 3       |
|     fmul_32ns_32ns_32_3_max_dsp_1_U39                        | 3   |        | mul47_5     | fmul      | maxdsp                   | 2       |
|     fadd_32ns_32ns_32_4_full_dsp_1_U33                       | 2   |        | acc_6       | fadd      | fulldsp                  | 3       |
|   + tiny_classifier_Pipeline_VITIS_LOOP_33_1                 | 0   |        |             |           |                          |         |
|     icmp_ln33_fu_96_p2                                       |     |        | icmp_ln33   | seteq     | auto                     | 0       |
|     icmp_ln34_fu_156_p2                                      |     |        | icmp_ln34   | setne     | auto                     | 0       |
|     icmp_ln34_1_fu_162_p2                                    |     |        | icmp_ln34_1 | seteq     | auto                     | 0       |
|     or_ln34_fu_168_p2                                        |     |        | or_ln34     | or        | auto                     | 0       |
|     icmp_ln34_2_fu_174_p2                                    |     |        | icmp_ln34_2 | setne     | auto                     | 0       |
|     icmp_ln34_3_fu_180_p2                                    |     |        | icmp_ln34_3 | seteq     | auto                     | 0       |
|     or_ln34_1_fu_186_p2                                      |     |        | or_ln34_1   | or        | auto                     | 0       |
|     and_ln34_fu_192_p2                                       |     |        | and_ln34    | and       | auto                     | 0       |
|     and_ln34_1_fu_198_p2                                     |     |        | and_ln34_1  | and       | auto                     | 0       |
|     max_v_3_fu_204_p3                                        |     |        | max_v_3     | select    | auto_sel                 | 0       |
|     add_ln33_fu_107_p2                                       |     |        | add_ln33    | add       | fabric                   | 0       |
|   + tiny_classifier_Pipeline_VITIS_LOOP_39_2                 | 7   |        |             |           |                          |         |
|     icmp_ln39_fu_113_p2                                      |     |        | icmp_ln39   | seteq     | auto                     | 0       |
|     add_ln39_fu_119_p2                                       |     |        | add_ln39    | add       | fabric                   | 0       |
|     fexp_32ns_32ns_32_8_full_dsp_1_U60                       | 7   |        | tmp_2       | fexp      | fulldsp                  | 7       |
|   + tiny_classifier_Pipeline_VITIS_LOOP_45_3                 | 0   |        |             |           |                          |         |
|     icmp_ln45_fu_82_p2                                       |     |        | icmp_ln45   | seteq     | auto                     | 0       |
|     add_ln45_fu_88_p2                                        |     |        | add_ln45    | add       | fabric                   | 0       |
+--------------------------------------------------------------+-----+--------+-------------+-----------+--------------------------+---------+


================================================================
== Storage Report
================================================================
+-----------------------------------------------+--------------+-----------+------+------+--------+-----------------------------------------+------+---------+------------------+
| Name                                          | Usage        | Type      | BRAM | URAM | Pragma | Variable                                | Impl | Latency | Bitwidth, Depth, |
|                                               |              |           |      |      |        |                                         |      |         | Banks            |
+-----------------------------------------------+--------------+-----------+------+------+--------+-----------------------------------------+------+---------+------------------+
| + cnn_gesture_top                             |              |           | 0    | 0    |        |                                         |      |         |                  |
|   CTRL_s_axi_U                                | interface    | s_axilite |      |      |        |                                         |      |         |                  |
|   output_probs_U                              | ram_1p array |           |      |      |        | output_probs                            | auto | 1       | 32, 6, 1         |
|  + tiny_classifier                            |              |           | 0    | 0    |        |                                         |      |         |                  |
|    exps_U                                     | ram_1p array |           |      |      |        | exps                                    | auto | 1       | 32, 6, 1         |
|    logits_U                                   | ram_1p array |           |      |      |        | logits                                  | auto | 1       | 32, 6, 1         |
|   + tiny_classifier_Pipeline_VITIS_LOOP_90_5  |              |           | 0    | 0    |        |                                         |      |         |                  |
|     B_U                                       | rom_1p       |           |      |      |        | B                                       | auto | 1       | 32, 6, 1         |
|     tiny_classifier_stream_axis_0_float_W_5_U | rom_1p       |           |      |      |        | tiny_classifier_stream_axis_0_float_W_5 | auto | 1       | 32, 6, 1         |
|     tiny_classifier_stream_axis_0_float_W_4_U | rom_1p       |           |      |      |        | tiny_classifier_stream_axis_0_float_W_4 | auto | 1       | 32, 6, 1         |
|     tiny_classifier_stream_axis_0_float_W_3_U | rom_1p       |           |      |      |        | tiny_classifier_stream_axis_0_float_W_3 | auto | 1       | 32, 6, 1         |
|     tiny_classifier_stream_axis_0_float_W_2_U | rom_1p       |           |      |      |        | tiny_classifier_stream_axis_0_float_W_2 | auto | 1       | 32, 6, 1         |
|     tiny_classifier_stream_axis_0_float_W_1_U | rom_1p       |           |      |      |        | tiny_classifier_stream_axis_0_float_W_1 | auto | 1       | 32, 6, 1         |
|     tiny_classifier_stream_axis_0_float_W_U   | rom_1p       |           |      |      |        | tiny_classifier_stream_axis_0_float_W   | auto | 1       | 32, 6, 1         |
+-----------------------------------------------+--------------+-----------+------+------+--------+-----------------------------------------+------+---------+------------------+


================================================================
== Pragma Report
================================================================
* Inferred Pragmas
+--------------+---------+----------------------------------------------------------------------------------------------------+------------------------------------+
| Type         | Options | Location                                                                                           | Inferred From                      |
+--------------+---------+----------------------------------------------------------------------------------------------------+------------------------------------+
| LOOP_FLATTEN |         | loop VITIS_LOOP_74_2 (../cnn_gesture_hls.cpp:74:22) in tiny_classifier (../cnn_gesture_hls.cpp:74) | pipeline ../cnn_gesture_hls.cpp:76 |
| PIPELINE     |         | loop VITIS_LOOP_70_1 (../cnn_gesture_hls.cpp:70:22) in tiny_classifier (../cnn_gesture_hls.cpp:70) | syn.compile.pipeline_loops=64      |
| PIPELINE     |         | loop VITIS_LOOP_85_4 (../cnn_gesture_hls.cpp:85:22) in tiny_classifier (../cnn_gesture_hls.cpp:85) | syn.compile.pipeline_loops=64      |
| PIPELINE     |         | loop VITIS_LOOP_90_5 (../cnn_gesture_hls.cpp:90:22) in tiny_classifier (../cnn_gesture_hls.cpp:90) | syn.compile.pipeline_loops=64      |
| PIPELINE     |         | loop VITIS_LOOP_33_1 (../cnn_gesture_hls.cpp:33:22) in tiny_classifier (../cnn_gesture_hls.cpp:33) | syn.compile.pipeline_loops=64      |
| PIPELINE     |         | loop VITIS_LOOP_39_2 (../cnn_gesture_hls.cpp:39:22) in tiny_classifier (../cnn_gesture_hls.cpp:39) | syn.compile.pipeline_loops=64      |
| PIPELINE     |         | loop VITIS_LOOP_45_3 (../cnn_gesture_hls.cpp:45:22) in tiny_classifier (../cnn_gesture_hls.cpp:45) | syn.compile.pipeline_loops=64      |
+--------------+---------+----------------------------------------------------------------------------------------------------+------------------------------------+

* Valid Pragma Syntax
+-----------------+--------------------------------------+-------------------------------------------------+
| Type            | Options                              | Location                                        |
+-----------------+--------------------------------------+-------------------------------------------------+
| ARRAY_PARTITION | variable=feature_sum complete dim=1  | in tiny_classifier (../cnn_gesture_hls.cpp:69)  |
| PIPELINE        | ii=1                                 | in tiny_classifier (../cnn_gesture_hls.cpp:76)  |
| ARRAY_PARTITION | variable=feature_mean complete dim=1 | in tiny_classifier (../cnn_gesture_hls.cpp:83)  |
| INTERFACE       | axis port=input_stream               | in cnn_gesture_top (../cnn_gesture_hls.cpp:105) |
| INTERFACE       | axis port=output_stream              | in cnn_gesture_top (../cnn_gesture_hls.cpp:106) |
| INTERFACE       | s_axilite port=return bundle=CTRL    | in cnn_gesture_top (../cnn_gesture_hls.cpp:107) |
| PIPELINE        | ii=1                                 | in cnn_gesture_top (../cnn_gesture_hls.cpp:113) |
+-----------------+--------------------------------------+-------------------------------------------------+


