  **** HLS Build v2025.2 6295257
INFO: [HLS 200-2005] Using work_dir C:/Users/Jonathan/Desktop/capstone/ai/vitis_hls/hls_component/cnn_gesture_top 
INFO: [HLS 200-2176] Writing Vitis IDE component file C:/Users/Jonathan/Desktop/capstone/ai/vitis_hls/hls_component/cnn_gesture_top/vitis-comp.json
INFO: [HLS 200-10] Creating and opening component 'C:/Users/Jonathan/Desktop/capstone/ai/vitis_hls/hls_component/cnn_gesture_top'.
INFO: [HLS 200-1505] Using default flow_target 'vivado'
Resolution: For help on HLS 200-1505 see docs.amd.com/access/sources/dita/topic?Doc_Version=2025.2%20English&url=ug1448-hls-guidance&resourceid=200-1505.html
INFO: [HLS 200-2174] Applying component config ini file hls_config.cfg
INFO: [HLS 200-1465] Applying config ini 'syn.file=../cnn_gesture_hls.cpp' from hls_config.cfg(8)
INFO: [HLS 200-10] Adding design file 'C:/Users/Jonathan/Desktop/capstone/ai/vitis_hls/cnn_gesture_hls.cpp' to the project
INFO: [HLS 200-1465] Applying config ini 'syn.file=../weights.h' from hls_config.cfg(9)
INFO: [HLS 200-10] Adding design file 'C:/Users/Jonathan/Desktop/capstone/ai/vitis_hls/weights.h' to the project
INFO: [HLS 200-1465] Applying config ini 'tb.file=../testbench.cpp' from hls_config.cfg(10)
INFO: [HLS 200-10] Adding test bench file 'C:/Users/Jonathan/Desktop/capstone/ai/vitis_hls/testbench.cpp' to the project
INFO: [HLS 200-1465] Applying config ini 'syn.top=cnn_gesture_top' from hls_config.cfg(7)
INFO: [HLS 200-1465] Applying config ini 'flow_target=vivado' from hls_config.cfg(4)
INFO: [HLS 200-1505] Using flow_target 'vivado'
Resolution: For help on HLS 200-1505 see docs.amd.com/access/sources/dita/topic?Doc_Version=2025.2%20English&url=ug1448-hls-guidance&resourceid=200-1505.html
INFO: [HLS 200-1465] Applying config ini 'part=xczu3eg-sbva484-2-i' from hls_config.cfg(1)
INFO: [HLS 200-1611] Setting target device to 'xczu3eg-sbva484-2-i'
INFO: [HLS 200-1465] Applying config ini 'package.output.format=ip_catalog' from hls_config.cfg(5)
INFO: [HLS 200-2176] Writing Vitis IDE component file C:/Users/Jonathan/Desktop/capstone/ai/vitis_hls/hls_component/cnn_gesture_top/vitis-comp.json
INFO: [HLS 200-111] Finished File checks and directory preparation: CPU user time: 1 seconds. CPU system time: 2 seconds. Elapsed time: 9.761 seconds; current allocated memory: 154.871 MB.
INFO: [HLS 200-2191] C-Synthesis will use clang-16 as the compiler
INFO: [HLS 200-10] Analyzing design file '../cnn_gesture_hls.cpp' ... 
INFO: [HLS 200-111] Finished Source Code Analysis and Preprocessing: CPU user time: 1 seconds. CPU system time: 0 seconds. Elapsed time: 30.846 seconds; current allocated memory: 161.648 MB.
INFO: [HLS 200-777] Using interface defaults for 'Vivado' flow target.
INFO: [HLS 200-1995] There were 629 instructions in the design after the 'Compile/Link' phase of compilation. See the Design Size Report for more details (C:/Users/Jonathan/Desktop/capstone/ai/vitis_hls/hls_component/cnn_gesture_top/hls/syn/report/csynth_design_size.rpt:2)
INFO: [HLS 200-1995] There were 301 instructions in the design after the 'Unroll/Inline (step 1)' phase of compilation. See the Design Size Report for more details (C:/Users/Jonathan/Desktop/capstone/ai/vitis_hls/hls_component/cnn_gesture_top/hls/syn/report/csynth_design_size.rpt:2)
INFO: [HLS 200-1995] There were 244 instructions in the design after the 'Unroll/Inline (step 2)' phase of compilation. See the Design Size Report for more details (C:/Users/Jonathan/Desktop/capstone/ai/vitis_hls/hls_component/cnn_gesture_top/hls/syn/report/csynth_design_size.rpt:2)
INFO: [HLS 200-1995] There were 225 instructions in the design after the 'Unroll/Inline (step 3)' phase of compilation. See the Design Size Report for more details (C:/Users/Jonathan/Desktop/capstone/ai/vitis_hls/hls_component/cnn_gesture_top/hls/syn/report/csynth_design_size.rpt:2)
INFO: [HLS 200-1995] There were 182 instructions in the design after the 'Unroll/Inline (step 4)' phase of compilation. See the Design Size Report for more details (C:/Users/Jonathan/Desktop/capstone/ai/vitis_hls/hls_component/cnn_gesture_top/hls/syn/report/csynth_design_size.rpt:2)
INFO: [HLS 200-1995] There were 265 instructions in the design after the 'Array/Struct (step 1)' phase of compilation. See the Design Size Report for more details (C:/Users/Jonathan/Desktop/capstone/ai/vitis_hls/hls_component/cnn_gesture_top/hls/syn/report/csynth_design_size.rpt:2)
INFO: [HLS 200-1995] There were 240 instructions in the design after the 'Array/Struct (step 2)' phase of compilation. See the Design Size Report for more details (C:/Users/Jonathan/Desktop/capstone/ai/vitis_hls/hls_component/cnn_gesture_top/hls/syn/report/csynth_design_size.rpt:2)
INFO: [HLS 200-1995] There were 240 instructions in the design after the 'Array/Struct (step 3)' phase of compilation. See the Design Size Report for more details (C:/Users/Jonathan/Desktop/capstone/ai/vitis_hls/hls_component/cnn_gesture_top/hls/syn/report/csynth_design_size.rpt:2)
INFO: [HLS 200-1995] There were 240 instructions in the design after the 'Array/Struct (step 4)' phase of compilation. See the Design Size Report for more details (C:/Users/Jonathan/Desktop/capstone/ai/vitis_hls/hls_component/cnn_gesture_top/hls/syn/report/csynth_design_size.rpt:2)
INFO: [HLS 200-1995] There were 322 instructions in the design after the 'Array/Struct (step 5)' phase of compilation. See the Design Size Report for more details (C:/Users/Jonathan/Desktop/capstone/ai/vitis_hls/hls_component/cnn_gesture_top/hls/syn/report/csynth_design_size.rpt:2)
INFO: [HLS 200-1995] There were 296 instructions in the design after the 'Performance (step 1)' phase of compilation. See the Design Size Report for more details (C:/Users/Jonathan/Desktop/capstone/ai/vitis_hls/hls_component/cnn_gesture_top/hls/syn/report/csynth_design_size.rpt:2)
INFO: [HLS 200-1995] There were 281 instructions in the design after the 'Performance (step 2)' phase of compilation. See the Design Size Report for more details (C:/Users/Jonathan/Desktop/capstone/ai/vitis_hls/hls_component/cnn_gesture_top/hls/syn/report/csynth_design_size.rpt:2)
INFO: [HLS 200-1995] There were 292 instructions in the design after the 'Performance (step 3)' phase of compilation. See the Design Size Report for more details (C:/Users/Jonathan/Desktop/capstone/ai/vitis_hls/hls_component/cnn_gesture_top/hls/syn/report/csynth_design_size.rpt:2)
INFO: [HLS 200-1995] There were 262 instructions in the design after the 'Performance (step 4)' phase of compilation. See the Design Size Report for more details (C:/Users/Jonathan/Desktop/capstone/ai/vitis_hls/hls_component/cnn_gesture_top/hls/syn/report/csynth_design_size.rpt:2)
INFO: [HLS 200-1995] There were 250 instructions in the design after the 'HW Transforms (step 1)' phase of compilation. See the Design Size Report for more details (C:/Users/Jonathan/Desktop/capstone/ai/vitis_hls/hls_component/cnn_gesture_top/hls/syn/report/csynth_design_size.rpt:2)
INFO: [HLS 200-1995] There were 252 instructions in the design after the 'HW Transforms (step 2)' phase of compilation. See the Design Size Report for more details (C:/Users/Jonathan/Desktop/capstone/ai/vitis_hls/hls_component/cnn_gesture_top/hls/syn/report/csynth_design_size.rpt:2)
INFO: [HLS 214-131] Inlining function 'exp_reduce_::exp(float)' into 'hls::expf(float)' (C:\scratch\2025.2\hls_product\665\2025.2\src\shared\hls\clib\hlsmath\src\c++\expfloat.cpp:22:9)
INFO: [HLS 214-131] Inlining function 'hls::expf(float)' into 'softmax(float const*, float*)' (../cnn_gesture_hls.cpp:40:19)
INFO: [HLS 214-178] Inlining function 'hls::axis<ap_uint<32>, 0ul, 0ul, 0ul, (unsigned char)56, false>::axis()' into 'tiny_classifier(hls::stream<hls::axis<ap_uint<32>, 0ul, 0ul, 0ul, (unsigned char)56, false>, 0>&, float*)' (../cnn_gesture_hls.cpp:57:0)
INFO: [HLS 214-178] Inlining function 'bits_to_float(ap_uint<32>)' into 'tiny_classifier(hls::stream<hls::axis<ap_uint<32>, 0ul, 0ul, 0ul, (unsigned char)56, false>, 0>&, float*)' (../cnn_gesture_hls.cpp:57:0)
INFO: [HLS 214-178] Inlining function 'softmax(float const*, float*)' into 'tiny_classifier(hls::stream<hls::axis<ap_uint<32>, 0ul, 0ul, 0ul, (unsigned char)56, false>, 0>&, float*)' (../cnn_gesture_hls.cpp:57:0)
INFO: [HLS 214-178] Inlining function 'hls::axis<ap_uint<32>, 0ul, 0ul, 0ul, (unsigned char)56, false>::axis()' into 'cnn_gesture_top(hls::stream<hls::axis<ap_uint<32>, 0ul, 0ul, 0ul, (unsigned char)56, false>, 0>&, hls::stream<hls::axis<ap_uint<32>, 0ul, 0ul, 0ul, (unsigned char)56, false>, 0>&)' (../cnn_gesture_hls.cpp:104:0)
INFO: [HLS 214-178] Inlining function 'float_to_bits(float)' into 'cnn_gesture_top(hls::stream<hls::axis<ap_uint<32>, 0ul, 0ul, 0ul, (unsigned char)56, false>, 0>&, hls::stream<hls::axis<ap_uint<32>, 0ul, 0ul, 0ul, (unsigned char)56, false>, 0>&)' (../cnn_gesture_hls.cpp:104:0)
INFO: [HLS 214-248] Applying array_partition to 'feature_sum': Complete partitioning on dimension 1. (../cnn_gesture_hls.cpp:68:11)
INFO: [HLS 214-248] Applying array_partition to 'feature_mean': Complete partitioning on dimension 1. (../cnn_gesture_hls.cpp:82:11)
INFO: [HLS 214-376] Pipelining loop< VITIS_LOOP_70_1> at ../cnn_gesture_hls.cpp:70:22 due to pipeline_loops threshold
INFO: [HLS 214-376] Pipelining loop< VITIS_LOOP_85_4> at ../cnn_gesture_hls.cpp:85:22 due to pipeline_loops threshold
INFO: [HLS 214-376] Pipelining loop< VITIS_LOOP_90_5> at ../cnn_gesture_hls.cpp:90:22 due to pipeline_loops threshold
INFO: [HLS 214-376] Pipelining loop< VITIS_LOOP_33_1> at ../cnn_gesture_hls.cpp:33:22 due to pipeline_loops threshold
INFO: [HLS 214-376] Pipelining loop< VITIS_LOOP_39_2> at ../cnn_gesture_hls.cpp:39:22 due to pipeline_loops threshold
INFO: [HLS 214-376] Pipelining loop< VITIS_LOOP_45_3> at ../cnn_gesture_hls.cpp:45:22 due to pipeline_loops threshold
INFO: [HLS 214-291] Loop 'VITIS_LOOP_92_6' is marked as complete unroll implied by the pipeline pragma (../cnn_gesture_hls.cpp:92:26)
INFO: [HLS 214-186] Unrolling loop 'VITIS_LOOP_92_6' (../cnn_gesture_hls.cpp:92:26) in function 'tiny_classifier' completely with a factor of 6 (../cnn_gesture_hls.cpp:57:0)
INFO: [HLS 214-449] Partitioning array 'tiny_classifier(hls::stream<hls::axis<ap_uint<32>, 0ul, 0ul, 0ul, (unsigned char)56, false>, 0>&, float*)::W' dimension 2 due to constant index. (../cnn_gesture_hls.cpp:58:0)
INFO: [HLS 214-248] Applying array_partition to '_ZZL15tiny_classifierRN3hls6streamINS_4axisI7ap_uintILi32EELm0ELm0ELm0ELh56ELb0EEELi0EEEPfE1W': Complete partitioning on dimension 2. (../cnn_gesture_hls.cpp:58:0)
INFO: [HLS 200-111] Finished Compiling Optimization and Transform: CPU user time: 1 seconds. CPU system time: 0 seconds. Elapsed time: 10.874 seconds; current allocated memory: 163.160 MB.
INFO: [HLS 200-111] Finished Checking Pragmas: CPU user time: 0 seconds. CPU system time: 0 seconds. Elapsed time: 0.009 seconds; current allocated memory: 163.160 MB.
INFO: [HLS 200-10] Starting code transformations ...
INFO: [HLS 200-111] Finished Standard Transforms: CPU user time: 0 seconds. CPU system time: 0 seconds. Elapsed time: 0.125 seconds; current allocated memory: 168.133 MB.
INFO: [HLS 200-10] Checking synthesizability ...
INFO: [HLS 200-111] Finished Checking Synthesizability: CPU user time: 0 seconds. CPU system time: 0 seconds. Elapsed time: 0.058 seconds; current allocated memory: 170.809 MB.
INFO: [XFORM 203-401] Performing if-conversion on hyperblock from (../cnn_gesture_hls.cpp:70:31) to (../cnn_gesture_hls.cpp:70:22) in function 'tiny_classifier'... converting 3 basic blocks.
INFO: [HLS 200-111] Finished Loop, function and other optimizations: CPU user time: 0 seconds. CPU system time: 0 seconds. Elapsed time: 0.158 seconds; current allocated memory: 193.211 MB.
INFO: [XFORM 203-541] Flattening a loop nest 'VITIS_LOOP_74_2' (../cnn_gesture_hls.cpp:74:22) in function 'tiny_classifier'.
INFO: [HLS 200-111] Finished Architecture Synthesis: CPU user time: 0 seconds. CPU system time: 0 seconds. Elapsed time: 0.171 seconds; current allocated memory: 248.637 MB.
INFO: [HLS 200-10] Starting hardware synthesis ...
INFO: [HLS 200-10] Synthesizing 'cnn_gesture_top' ...
INFO: [SYN 201-201] Setting up clock 'default' with a period of 10ns.
INFO: [HLS 200-10] ----------------------------------------------------------------
INFO: [HLS 200-42] -- Implementing module 'tiny_classifier_Pipeline_VITIS_LOOP_74_2_VITIS_LOOP_75_3' 
INFO: [HLS 200-10] ----------------------------------------------------------------
INFO: [SCHED 204-11] Starting scheduling ...
INFO: [SCHED 204-61] Pipelining loop 'VITIS_LOOP_74_2_VITIS_LOOP_75_3'.
INFO: [HLS 200-1470] Pipelining result : Target II = 1, Final II = 1, Depth = 5, loop 'VITIS_LOOP_74_2_VITIS_LOOP_75_3'
INFO: [SCHED 204-11] Finished scheduling.
INFO: [HLS 200-111] Finished Scheduling: CPU user time: 0 seconds. CPU system time: 0 seconds. Elapsed time: 0.242 seconds; current allocated memory: 252.414 MB.
INFO: [BIND 205-100] Starting micro-architecture generation ...
INFO: [BIND 205-101] Performing variable lifetime analysis.
INFO: [BIND 205-101] Exploring resource sharing.
INFO: [BIND 205-101] Binding ...
INFO: [BIND 205-100] Finished micro-architecture generation.
INFO: [HLS 200-111] Finished Binding: CPU user time: 0 seconds. CPU system time: 0 seconds. Elapsed time: 0.054 seconds; current allocated memory: 253.418 MB.
INFO: [HLS 200-10] ----------------------------------------------------------------
INFO: [HLS 200-42] -- Implementing module 'tiny_classifier_Pipeline_VITIS_LOOP_85_4' 
INFO: [HLS 200-10] ----------------------------------------------------------------
INFO: [SCHED 204-11] Starting scheduling ...
INFO: [SCHED 204-61] Pipelining loop 'VITIS_LOOP_85_4'.
INFO: [HLS 200-1470] Pipelining result : Target II = NA, Final II = 1, Depth = 4, loop 'VITIS_LOOP_85_4'
INFO: [SCHED 204-11] Finished scheduling.
INFO: [HLS 200-111] Finished Scheduling: CPU user time: 0 seconds. CPU system time: 0 seconds. Elapsed time: 0.064 seconds; current allocated memory: 253.508 MB.
INFO: [BIND 205-100] Starting micro-architecture generation ...
INFO: [BIND 205-101] Performing variable lifetime analysis.
INFO: [BIND 205-101] Exploring resource sharing.
INFO: [BIND 205-101] Binding ...
INFO: [BIND 205-100] Finished micro-architecture generation.
INFO: [HLS 200-111] Finished Binding: CPU user time: 0 seconds. CPU system time: 0 seconds. Elapsed time: 0.03 seconds; current allocated memory: 253.508 MB.
INFO: [HLS 200-10] ----------------------------------------------------------------
INFO: [HLS 200-42] -- Implementing module 'tiny_classifier_Pipeline_VITIS_LOOP_90_5' 
INFO: [HLS 200-10] ----------------------------------------------------------------
INFO: [SCHED 204-11] Starting scheduling ...
INFO: [SCHED 204-61] Pipelining loop 'VITIS_LOOP_90_5'.
INFO: [HLS 200-1470] Pipelining result : Target II = NA, Final II = 1, Depth = 29, loop 'VITIS_LOOP_90_5'
INFO: [SCHED 204-11] Finished scheduling.
INFO: [HLS 200-111] Finished Scheduling: CPU user time: 0 seconds. CPU system time: 0 seconds. Elapsed time: 0.057 seconds; current allocated memory: 253.680 MB.
INFO: [BIND 205-100] Starting micro-architecture generation ...
INFO: [BIND 205-101] Performing variable lifetime analysis.
INFO: [BIND 205-101] Exploring resource sharing.
INFO: [BIND 205-101] Binding ...
INFO: [BIND 205-100] Finished micro-architecture generation.
INFO: [HLS 200-111] Finished Binding: CPU user time: 0 seconds. CPU system time: 0 seconds. Elapsed time: 0.034 seconds; current allocated memory: 253.730 MB.
INFO: [HLS 200-10] ----------------------------------------------------------------
INFO: [HLS 200-42] -- Implementing module 'tiny_classifier_Pipeline_VITIS_LOOP_33_1' 
INFO: [HLS 200-10] ----------------------------------------------------------------
INFO: [SCHED 204-11] Starting scheduling ...
INFO: [SCHED 204-61] Pipelining loop 'VITIS_LOOP_33_1'.
INFO: [HLS 200-1470] Pipelining result : Target II = NA, Final II = 1, Depth = 3, loop 'VITIS_LOOP_33_1'
INFO: [SCHED 204-11] Finished scheduling.
INFO: [HLS 200-111] Finished Scheduling: CPU user time: 0 seconds. CPU system time: 0 seconds. Elapsed time: 0.068 seconds; current allocated memory: 253.996 MB.
INFO: [BIND 205-100] Starting micro-architecture generation ...
INFO: [BIND 205-101] Performing variable lifetime analysis.
INFO: [BIND 205-101] Exploring resource sharing.
INFO: [BIND 205-101] Binding ...
INFO: [BIND 205-100] Finished micro-architecture generation.
INFO: [HLS 200-111] Finished Binding: CPU user time: 0 seconds. CPU system time: 0 seconds. Elapsed time: 0.046 seconds; current allocated memory: 253.996 MB.
INFO: [HLS 200-10] ----------------------------------------------------------------
INFO: [HLS 200-42] -- Implementing module 'tiny_classifier_Pipeline_VITIS_LOOP_39_2' 
INFO: [HLS 200-10] ----------------------------------------------------------------
INFO: [SCHED 204-11] Starting scheduling ...
INFO: [SCHED 204-61] Pipelining loop 'VITIS_LOOP_39_2'.
WARNING: [HLS 200-880] The II Violation in module 'tiny_classifier_Pipeline_VITIS_LOOP_39_2' (loop 'VITIS_LOOP_39_2'): Unable to enforce a carried dependence constraint (II = 1, distance = 1, offset = 0) between 'store' operation ('sum_write_ln38', ../cnn_gesture_hls.cpp:38->../cnn_gesture_hls.cpp:98) of variable 'sum', ../cnn_gesture_hls.cpp:41->../cnn_gesture_hls.cpp:98 32 bit on local variable 'sum', ../cnn_gesture_hls.cpp:38->../cnn_gesture_hls.cpp:98 and 'load' operation 32 bit ('sum_load', ../cnn_gesture_hls.cpp:41->../cnn_gesture_hls.cpp:98) on local variable 'sum', ../cnn_gesture_hls.cpp:38->../cnn_gesture_hls.cpp:98.
Resolution: For help on HLS 200-880 see docs.amd.com/access/sources/dita/topic?Doc_Version=2025.2%20English&url=ug1448-hls-guidance&resourceid=200-880.html
WARNING: [HLS 200-880] The II Violation in module 'tiny_classifier_Pipeline_VITIS_LOOP_39_2' (loop 'VITIS_LOOP_39_2'): Unable to enforce a carried dependence constraint (II = 2, distance = 1, offset = 0) between 'store' operation ('sum_write_ln38', ../cnn_gesture_hls.cpp:38->../cnn_gesture_hls.cpp:98) of variable 'sum', ../cnn_gesture_hls.cpp:41->../cnn_gesture_hls.cpp:98 32 bit on local variable 'sum', ../cnn_gesture_hls.cpp:38->../cnn_gesture_hls.cpp:98 and 'load' operation 32 bit ('sum_load', ../cnn_gesture_hls.cpp:41->../cnn_gesture_hls.cpp:98) on local variable 'sum', ../cnn_gesture_hls.cpp:38->../cnn_gesture_hls.cpp:98.
Resolution: For help on HLS 200-880 see docs.amd.com/access/sources/dita/topic?Doc_Version=2025.2%20English&url=ug1448-hls-guidance&resourceid=200-880.html
INFO: [HLS 200-1470] Pipelining result : Target II = NA, Final II = 3, Depth = 18, loop 'VITIS_LOOP_39_2'
WARNING: [HLS 200-871] Estimated clock period (13.301 ns) exceeds the target (target clock period: 10.000 ns, clock uncertainty: 2.700 ns, effective delay budget: 7.300 ns).
Resolution: For help on HLS 200-871 see docs.amd.com/access/sources/dita/topic?Doc_Version=2025.2%20English&url=ug1448-hls-guidance&resourceid=200-871.html
WARNING: [HLS 200-1016] The critical path in module 'tiny_classifier_Pipeline_VITIS_LOOP_39_2' consists of the following:
	'fadd' operation 32 bit ('sum', ../cnn_gesture_hls.cpp:41->../cnn_gesture_hls.cpp:98) [28]  (6.437 ns)
	'store' operation ('sum_write_ln38', ../cnn_gesture_hls.cpp:38->../cnn_gesture_hls.cpp:98) of variable 'sum', ../cnn_gesture_hls.cpp:41->../cnn_gesture_hls.cpp:98 32 bit on local variable 'sum', ../cnn_gesture_hls.cpp:38->../cnn_gesture_hls.cpp:98 [30]  (0.427 ns)
	'load' operation 32 bit ('sum_load', ../cnn_gesture_hls.cpp:41->../cnn_gesture_hls.cpp:98) on local variable 'sum', ../cnn_gesture_hls.cpp:38->../cnn_gesture_hls.cpp:98 [17]  (0.000 ns)
	'fadd' operation 32 bit ('sum', ../cnn_gesture_hls.cpp:41->../cnn_gesture_hls.cpp:98) [28]  (6.437 ns)

Resolution: For help on HLS 200-1016 see docs.amd.com/access/sources/dita/topic?Doc_Version=2025.2%20English&url=ug1448-hls-guidance&resourceid=200-1016.html
INFO: [SCHED 204-11] Finished scheduling.
INFO: [HLS 200-111] Finished Scheduling: CPU user time: 0 seconds. CPU system time: 0 seconds. Elapsed time: 1.891 seconds; current allocated memory: 254.258 MB.
INFO: [BIND 205-100] Starting micro-architecture generation ...
INFO: [BIND 205-101] Performing variable lifetime analysis.
INFO: [BIND 205-101] Exploring resource sharing.
INFO: [BIND 205-101] Binding ...
INFO: [BIND 205-100] Finished micro-architecture generation.
INFO: [HLS 200-111] Finished Binding: CPU user time: 0 seconds. CPU system time: 0 seconds. Elapsed time: 0.038 seconds; current allocated memory: 254.324 MB.
INFO: [HLS 200-10] ----------------------------------------------------------------
INFO: [HLS 200-42] -- Implementing module 'tiny_classifier_Pipeline_VITIS_LOOP_45_3' 
INFO: [HLS 200-10] ----------------------------------------------------------------
INFO: [SCHED 204-11] Starting scheduling ...
INFO: [SCHED 204-61] Pipelining loop 'VITIS_LOOP_45_3'.
INFO: [HLS 200-1470] Pipelining result : Target II = NA, Final II = 1, Depth = 6, loop 'VITIS_LOOP_45_3'
INFO: [SCHED 204-11] Finished scheduling.
INFO: [HLS 200-111] Finished Scheduling: CPU user time: 0 seconds. CPU system time: 0 seconds. Elapsed time: 0.045 seconds; current allocated memory: 254.621 MB.
INFO: [BIND 205-100] Starting micro-architecture generation ...
INFO: [BIND 205-101] Performing variable lifetime analysis.
INFO: [BIND 205-101] Exploring resource sharing.
INFO: [BIND 205-101] Binding ...
INFO: [BIND 205-100] Finished micro-architecture generation.
INFO: [HLS 200-111] Finished Binding: CPU user time: 0 seconds. CPU system time: 0 seconds. Elapsed time: 0.031 seconds; current allocated memory: 254.621 MB.
INFO: [HLS 200-10] ----------------------------------------------------------------
INFO: [HLS 200-42] -- Implementing module 'tiny_classifier' 
INFO: [HLS 200-10] ----------------------------------------------------------------
INFO: [SCHED 204-11] Starting scheduling ...
INFO: [SCHED 204-11] Finished scheduling.
INFO: [HLS 200-111] Finished Scheduling: CPU user time: 1 seconds. CPU system time: 0 seconds. Elapsed time: 0.055 seconds; current allocated memory: 255.105 MB.
INFO: [BIND 205-100] Starting micro-architecture generation ...
INFO: [BIND 205-101] Performing variable lifetime analysis.
INFO: [BIND 205-101] Exploring resource sharing.
INFO: [BIND 205-101] Binding ...
INFO: [BIND 205-100] Finished micro-architecture generation.
INFO: [HLS 200-111] Finished Binding: CPU user time: 0 seconds. CPU system time: 0 seconds. Elapsed time: 0.037 seconds; current allocated memory: 255.328 MB.
INFO: [HLS 200-10] ----------------------------------------------------------------
INFO: [HLS 200-42] -- Implementing module 'cnn_gesture_top' 
INFO: [HLS 200-10] ----------------------------------------------------------------
INFO: [SCHED 204-11] Starting scheduling ...
INFO: [SCHED 204-61] Pipelining loop 'VITIS_LOOP_112_1'.
INFO: [HLS 200-1470] Pipelining result : Target II = 1, Final II = 1, Depth = 3, loop 'VITIS_LOOP_112_1'
INFO: [SCHED 204-11] Finished scheduling.
INFO: [HLS 200-111] Finished Scheduling: CPU user time: 0 seconds. CPU system time: 0 seconds. Elapsed time: 0.054 seconds; current allocated memory: 255.555 MB.
INFO: [BIND 205-100] Starting micro-architecture generation ...
INFO: [BIND 205-101] Performing variable lifetime analysis.
INFO: [BIND 205-101] Exploring resource sharing.
INFO: [BIND 205-101] Binding ...
INFO: [BIND 205-100] Finished micro-architecture generation.
INFO: [HLS 200-111] Finished Binding: CPU user time: 0 seconds. CPU system time: 0 seconds. Elapsed time: 0.043 seconds; current allocated memory: 255.926 MB.
INFO: [HLS 200-10] ----------------------------------------------------------------
INFO: [HLS 200-10] -- Generating RTL for module 'tiny_classifier_Pipeline_VITIS_LOOP_74_2_VITIS_LOOP_75_3' 
INFO: [HLS 200-10] ----------------------------------------------------------------
INFO: [HLS 200-1030] Apply Unified Pipeline Control on module 'tiny_classifier_Pipeline_VITIS_LOOP_74_2_VITIS_LOOP_75_3' pipeline 'VITIS_LOOP_74_2_VITIS_LOOP_75_3' pipeline type 'loop pipeline'
INFO: [RTGEN 206-100] Generating core module 'faddfsub_32ns_32ns_32_4_full_dsp_1': 1 instance(s).
INFO: [RTGEN 206-100] Generating core module 'sparsemux_13_3_32_1_1': 1 instance(s).
INFO: [RTGEN 206-100] Finished creating RTL model for 'tiny_classifier_Pipeline_VITIS_LOOP_74_2_VITIS_LOOP_75_3'.
INFO: [HLS 200-111] Finished Creating RTL model: CPU user time: 0 seconds. CPU system time: 0 seconds. Elapsed time: 1.767 seconds; current allocated memory: 258.352 MB.
INFO: [HLS 200-10] ----------------------------------------------------------------
INFO: [HLS 200-10] -- Generating RTL for module 'tiny_classifier_Pipeline_VITIS_LOOP_85_4' 
INFO: [HLS 200-10] ----------------------------------------------------------------
INFO: [HLS 200-1030] Apply Unified Pipeline Control on module 'tiny_classifier_Pipeline_VITIS_LOOP_85_4' pipeline 'VITIS_LOOP_85_4' pipeline type 'loop pipeline'
INFO: [RTGEN 206-100] Generating core module 'fmul_32ns_32ns_32_3_max_dsp_1': 1 instance(s).
INFO: [RTGEN 206-100] Generating core module 'sparsemux_13_3_32_1_1': 1 instance(s).
INFO: [RTGEN 206-100] Finished creating RTL model for 'tiny_classifier_Pipeline_VITIS_LOOP_85_4'.
INFO: [HLS 200-111] Finished Creating RTL model: CPU user time: 0 seconds. CPU system time: 1 seconds. Elapsed time: 0.33 seconds; current allocated memory: 260.770 MB.
INFO: [HLS 200-10] ----------------------------------------------------------------
INFO: [HLS 200-10] -- Generating RTL for module 'tiny_classifier_Pipeline_VITIS_LOOP_90_5' 
INFO: [HLS 200-10] ----------------------------------------------------------------
INFO: [SYN 201-210] Renamed object name 'tiny_classifier_Pipeline_VITIS_LOOP_90_5_tiny_classifier_stream_axis_0_float_W_5_ROM_AUTO_1R' to 'tiny_classifier_Pipeline_VITIS_LOOP_90_5_tiny_classifier_stream_axis_0_float_bkb' due to the length limit 80
INFO: [SYN 201-210] Renamed object name 'tiny_classifier_Pipeline_VITIS_LOOP_90_5_tiny_classifier_stream_axis_0_float_W_4_ROM_AUTO_1R' to 'tiny_classifier_Pipeline_VITIS_LOOP_90_5_tiny_classifier_stream_axis_0_float_cud' due to the length limit 80
INFO: [SYN 201-210] Renamed object name 'tiny_classifier_Pipeline_VITIS_LOOP_90_5_tiny_classifier_stream_axis_0_float_W_3_ROM_AUTO_1R' to 'tiny_classifier_Pipeline_VITIS_LOOP_90_5_tiny_classifier_stream_axis_0_float_dEe' due to the length limit 80
INFO: [SYN 201-210] Renamed object name 'tiny_classifier_Pipeline_VITIS_LOOP_90_5_tiny_classifier_stream_axis_0_float_W_2_ROM_AUTO_1R' to 'tiny_classifier_Pipeline_VITIS_LOOP_90_5_tiny_classifier_stream_axis_0_float_eOg' due to the length limit 80
INFO: [SYN 201-210] Renamed object name 'tiny_classifier_Pipeline_VITIS_LOOP_90_5_tiny_classifier_stream_axis_0_float_W_1_ROM_AUTO_1R' to 'tiny_classifier_Pipeline_VITIS_LOOP_90_5_tiny_classifier_stream_axis_0_float_fYi' due to the length limit 80
INFO: [SYN 201-210] Renamed object name 'tiny_classifier_Pipeline_VITIS_LOOP_90_5_tiny_classifier_stream_axis_0_float_W_ROM_AUTO_1R' to 'tiny_classifier_Pipeline_VITIS_LOOP_90_5_tiny_classifier_stream_axis_0_float_g8j' due to the length limit 80
INFO: [HLS 200-1030] Apply Unified Pipeline Control on module 'tiny_classifier_Pipeline_VITIS_LOOP_90_5' pipeline 'VITIS_LOOP_90_5' pipeline type 'loop pipeline'
INFO: [RTGEN 206-100] Generating core module 'fadd_32ns_32ns_32_4_full_dsp_1': 5 instance(s).
INFO: [RTGEN 206-100] Generating core module 'faddfsub_32ns_32ns_32_4_full_dsp_1': 1 instance(s).
INFO: [RTGEN 206-100] Generating core module 'fmul_32ns_32ns_32_3_max_dsp_1': 6 instance(s).
INFO: [RTGEN 206-100] Finished creating RTL model for 'tiny_classifier_Pipeline_VITIS_LOOP_90_5'.
INFO: [RTMG 210-279] Implementing memory 'cnn_gesture_top_tiny_classifier_Pipeline_VITIS_LOOP_90_5_B_ROM_AUTO_1R' using auto ROMs.
INFO: [RTMG 210-279] Implementing memory 'cnn_gesture_top_tiny_classifier_Pipeline_VITIS_LOOP_90_5_tiny_classifier_stream_axis_0_float_bkb' using auto ROMs.
INFO: [RTMG 210-279] Implementing memory 'cnn_gesture_top_tiny_classifier_Pipeline_VITIS_LOOP_90_5_tiny_classifier_stream_axis_0_float_cud' using auto ROMs.
INFO: [RTMG 210-279] Implementing memory 'cnn_gesture_top_tiny_classifier_Pipeline_VITIS_LOOP_90_5_tiny_classifier_stream_axis_0_float_dEe' using auto ROMs.
INFO: [RTMG 210-279] Implementing memory 'cnn_gesture_top_tiny_classifier_Pipeline_VITIS_LOOP_90_5_tiny_classifier_stream_axis_0_float_eOg' using auto ROMs.
INFO: [RTMG 210-279] Implementing memory 'cnn_gesture_top_tiny_classifier_Pipeline_VITIS_LOOP_90_5_tiny_classifier_stream_axis_0_float_fYi' using auto ROMs.
INFO: [RTMG 210-279] Implementing memory 'cnn_gesture_top_tiny_classifier_Pipeline_VITIS_LOOP_90_5_tiny_classifier_stream_axis_0_float_g8j' using auto ROMs.
INFO: [HLS 200-111] Finished Creating RTL model: CPU user time: 0 seconds. CPU system time: 0 seconds. Elapsed time: 1.638 seconds; current allocated memory: 263.469 MB.
INFO: [HLS 200-10] ----------------------------------------------------------------
INFO: [HLS 200-10] -- Generating RTL for module 'tiny_classifier_Pipeline_VITIS_LOOP_33_1' 
INFO: [HLS 200-10] ----------------------------------------------------------------
INFO: [HLS 200-1030] Apply Unified Pipeline Control on module 'tiny_classifier_Pipeline_VITIS_LOOP_33_1' pipeline 'VITIS_LOOP_33_1' pipeline type 'loop pipeline'
INFO: [RTGEN 206-100] Generating core module 'fcmp_32ns_32ns_1_2_no_dsp_1': 1 instance(s).
INFO: [RTGEN 206-100] Finished creating RTL model for 'tiny_classifier_Pipeline_VITIS_LOOP_33_1'.
INFO: [HLS 200-111] Finished Creating RTL model: CPU user time: 0 seconds. CPU system time: 0 seconds. Elapsed time: 0.275 seconds; current allocated memory: 265.039 MB.
INFO: [HLS 200-10] ----------------------------------------------------------------
INFO: [HLS 200-10] -- Generating RTL for module 'tiny_classifier_Pipeline_VITIS_LOOP_39_2' 
INFO: [HLS 200-10] ----------------------------------------------------------------
INFO: [HLS 200-1030] Apply Unified Pipeline Control on module 'tiny_classifier_Pipeline_VITIS_LOOP_39_2' pipeline 'VITIS_LOOP_39_2' pipeline type 'loop pipeline'
INFO: [RTGEN 206-100] Generating core module 'faddfsub_32ns_32ns_32_4_full_dsp_1': 1 instance(s).
INFO: [RTGEN 206-100] Generating core module 'fexp_32ns_32ns_32_8_full_dsp_1': 1 instance(s).
INFO: [RTGEN 206-100] Finished creating RTL model for 'tiny_classifier_Pipeline_VITIS_LOOP_39_2'.
INFO: [HLS 200-111] Finished Creating RTL model: CPU user time: 0 seconds. CPU system time: 0 seconds. Elapsed time: 0.248 seconds; current allocated memory: 266.141 MB.
INFO: [HLS 200-10] ----------------------------------------------------------------
INFO: [HLS 200-10] -- Generating RTL for module 'tiny_classifier_Pipeline_VITIS_LOOP_45_3' 
INFO: [HLS 200-10] ----------------------------------------------------------------
INFO: [HLS 200-1030] Apply Unified Pipeline Control on module 'tiny_classifier_Pipeline_VITIS_LOOP_45_3' pipeline 'VITIS_LOOP_45_3' pipeline type 'loop pipeline'
INFO: [RTGEN 206-100] Generating core module 'fmul_32ns_32ns_32_3_max_dsp_1': 1 instance(s).
INFO: [RTGEN 206-100] Finished creating RTL model for 'tiny_classifier_Pipeline_VITIS_LOOP_45_3'.
INFO: [HLS 200-111] Finished Creating RTL model: CPU user time: 0 seconds. CPU system time: 0 seconds. Elapsed time: 0.167 seconds; current allocated memory: 266.852 MB.
INFO: [HLS 200-10] ----------------------------------------------------------------
INFO: [HLS 200-10] -- Generating RTL for module 'tiny_classifier' 
INFO: [HLS 200-10] ----------------------------------------------------------------
INFO: [RTGEN 206-100] Generating core module 'faddfsub_32ns_32ns_32_4_full_dsp_1': 1 instance(s).
INFO: [RTGEN 206-100] Generating core module 'fcmp_32ns_32ns_1_2_no_dsp_1': 1 instance(s).
INFO: [RTGEN 206-100] Generating core module 'fdiv_32ns_32ns_32_9_no_dsp_1': 1 instance(s).
INFO: [RTGEN 206-100] Generating core module 'fmul_32ns_32ns_32_3_max_dsp_1': 1 instance(s).
INFO: [RTGEN 206-100] Finished creating RTL model for 'tiny_classifier'.
INFO: [RTMG 210-278] Implementing memory 'cnn_gesture_top_tiny_classifier_exps_RAM_AUTO_1R1W' using auto RAMs.
INFO: [HLS 200-111] Finished Creating RTL model: CPU user time: 0 seconds. CPU system time: 0 seconds. Elapsed time: 0.275 seconds; current allocated memory: 268.430 MB.
INFO: [HLS 200-10] ----------------------------------------------------------------
INFO: [HLS 200-10] -- Generating RTL for module 'cnn_gesture_top' 
INFO: [HLS 200-10] ----------------------------------------------------------------
WARNING: [RTGEN 206-101] Design contains AXI ports. Reset is fixed to synchronous and active low.
INFO: [RTGEN 206-500] Setting interface mode on port 'cnn_gesture_top/input_stream_V_data_V' to 'axis' (register, both mode).
INFO: [RTGEN 206-500] Setting interface mode on port 'cnn_gesture_top/input_stream_V_keep_V' to 'axis' (register, both mode).
INFO: [RTGEN 206-500] Setting interface mode on port 'cnn_gesture_top/input_stream_V_strb_V' to 'axis' (register, both mode).
INFO: [RTGEN 206-500] Setting interface mode on port 'cnn_gesture_top/input_stream_V_last_V' to 'axis' (register, both mode).
INFO: [RTGEN 206-500] Setting interface mode on port 'cnn_gesture_top/output_stream_V_data_V' to 'axis' (register, both mode).
INFO: [RTGEN 206-500] Setting interface mode on port 'cnn_gesture_top/output_stream_V_keep_V' to 'axis' (register, both mode).
INFO: [RTGEN 206-500] Setting interface mode on port 'cnn_gesture_top/output_stream_V_strb_V' to 'axis' (register, both mode).
INFO: [RTGEN 206-500] Setting interface mode on port 'cnn_gesture_top/output_stream_V_last_V' to 'axis' (register, both mode).
INFO: [RTGEN 206-500] Setting interface mode on function 'cnn_gesture_top' to 's_axilite & ap_ctrl_hs'.
INFO: [RTGEN 206-100] Bundling port 'return' to AXI-Lite port CTRL.
INFO: [RTGEN 206-100] Finished creating RTL model for 'cnn_gesture_top'.
INFO: [RTMG 210-278] Implementing memory 'cnn_gesture_top_output_probs_RAM_AUTO_1R1W' using auto RAMs.
INFO: [HLS 200-111] Finished Creating RTL model: CPU user time: 0 seconds. CPU system time: 0 seconds. Elapsed time: 1.098 seconds; current allocated memory: 270.191 MB.
INFO: [HLS 200-111] Finished Generating all RTL models: CPU user time: 1 seconds. CPU system time: 1 seconds. Elapsed time: 1.749 seconds; current allocated memory: 274.402 MB.
INFO: [HLS 200-2225] Wrote inferred directives to file C:/Users/Jonathan/Desktop/capstone/ai/vitis_hls/hls_component/cnn_gesture_top/hls/syn/inferred_directives.ini
INFO: [HLS 200-111] Finished Updating report files: CPU user time: 1 seconds. CPU system time: 2 seconds. Elapsed time: 3.792 seconds; current allocated memory: 279.672 MB.
INFO: [VHDL 208-304] Generating VHDL RTL for cnn_gesture_top.
INFO: [VLOG 209-307] Generating Verilog RTL for cnn_gesture_top.
INFO: [HLS 200-790] **** Loop Constraint Status: All loop constraints were satisfied.
INFO: [HLS 200-789] **** Estimated Fmax: 75.18 MHz
INFO: [HLS 200-112] Total CPU user time: 6 seconds. Total CPU system time: 6 seconds. Total elapsed time: 68.879 seconds; peak allocated memory: 279.727 MB.
INFO: [v++ 60-791] Total elapsed time: 0h 1m 13s
