02/23/26 23:15:07: Running xcd server. This server was built by gradle.
02/23/26 23:15:07: Server was asked to start on port: '54692'
02/23/26 23:15:07: Server is using token UUID: '573b049b-8b93-46f2-bb92-08166e7849d7'
02/23/26 23:15:07: SESSION_MGR: creating session with session uuid: '6d04a3e9-ade5-4ab9-8d63-1f78fcd2ec76' and name 'default'
02/23/26 23:15:07: Attempting to start server on port '54692'
02/23/26 23:15:07: Running Dispatch Server
02/23/26 23:15:07: Version 2.2.0
02/23/26 23:15:10: Dispatch Server: Accepted socket connection from client
02/23/26 23:15:10: Starting Socket connection
02/23/26 23:15:10: EXCHANGE_TOKEN received, server token: 573b049b-8b93-46f2-bb92-08166e7849d7, passed token: 573b049b-8b93-46f2-bb92-08166e7849d7
02/23/26 23:15:10: DISPATCH_HANDLER: Adding handler from function makeHandler in library xv_system_diagram
02/23/26 23:15:10: SESSION_MGR: creating session with session uuid: '6b68a0a0-e8cc-4dda-86bd-86fe7e7f6ee3' and name 'vitis-run_compile_cnn_gesture_top'
02/23/26 23:15:10: KERNEL_SVC: creating session with uuid: '6b68a0a0-e8cc-4dda-86bd-86fe7e7f6ee3' and name 'vitis-run_compile_cnn_gesture_top'
02/23/26 23:15:10: GUIDANCE_SMGR: creating guidance session with uuid: '6b68a0a0-e8cc-4dda-86bd-86fe7e7f6ee3' and name 'vitis-run_compile_cnn_gesture_top'
02/23/26 23:15:10: SYSTEM_DIAGRAM: creating session with uuid: '6b68a0a0-e8cc-4dda-86bd-86fe7e7f6ee3' and name 'vitis-run_compile_cnn_gesture_top'
02/23/26 23:15:14: Dispatch Server: Accepted socket connection from client
02/23/26 23:15:14: Starting Socket connection
02/23/26 23:15:25: SESSION_MGR: closing session for UUID '6b68a0a0-e8cc-4dda-86bd-86fe7e7f6ee3' with name 'vitis-run_compile_cnn_gesture_top'
02/23/26 23:15:25: KERNEL_SVC: closing session for UUID '6b68a0a0-e8cc-4dda-86bd-86fe7e7f6ee3' with name 'vitis-run_compile_cnn_gesture_top'
02/23/26 23:15:25: GUIDANCE_SMGR: closing session for UUID '6b68a0a0-e8cc-4dda-86bd-86fe7e7f6ee3' with name 'vitis-run_compile_cnn_gesture_top'
02/23/26 23:15:25: SYSTEM_DIAGRAM: closing session for UUID '6b68a0a0-e8cc-4dda-86bd-86fe7e7f6ee3' with name 'vitis-run_compile_cnn_gesture_top'
02/23/26 23:15:25: STOP_SERVER received, server token: 573b049b-8b93-46f2-bb92-08166e7849d7, passed token: 573b049b-8b93-46f2-bb92-08166e7849d7
02/23/26 23:15:25: Socket received request to stop server.
02/23/26 23:15:25: Dispatch Server: do_await_stop
02/23/26 23:15:25: SERVER: destructor for server bound to port 54692
02/23/26 23:17:42: Running xcd server. This server was built by gradle.
02/23/26 23:17:42: Server was asked to start on port: '63396'
02/23/26 23:17:42: Server is using token UUID: '11d09f77-393b-4c7c-bb56-30251745c1aa'
02/23/26 23:17:42: SESSION_MGR: creating session with session uuid: '6d04a3e9-ade5-4ab9-8d63-1f78fcd2ec76' and name 'default'
02/23/26 23:17:42: Attempting to start server on port '63396'
02/23/26 23:17:42: Running Dispatch Server
02/23/26 23:17:42: Version 2.2.0
02/23/26 23:17:45: Dispatch Server: Accepted socket connection from client
02/23/26 23:17:45: Starting Socket connection
02/23/26 23:17:45: EXCHANGE_TOKEN received, server token: 11d09f77-393b-4c7c-bb56-30251745c1aa, passed token: 11d09f77-393b-4c7c-bb56-30251745c1aa
02/23/26 23:17:45: DISPATCH_HANDLER: Adding handler from function makeHandler in library xv_system_diagram
02/23/26 23:17:45: SESSION_MGR: creating session with session uuid: '4c01da65-097a-4783-925b-df024d6df0ae' and name 'vitis-run_compile_cnn_gesture_top'
02/23/26 23:17:45: KERNEL_SVC: creating session with uuid: '4c01da65-097a-4783-925b-df024d6df0ae' and name 'vitis-run_compile_cnn_gesture_top'
02/23/26 23:17:45: GUIDANCE_SMGR: creating guidance session with uuid: '4c01da65-097a-4783-925b-df024d6df0ae' and name 'vitis-run_compile_cnn_gesture_top'
02/23/26 23:17:45: SYSTEM_DIAGRAM: creating session with uuid: '4c01da65-097a-4783-925b-df024d6df0ae' and name 'vitis-run_compile_cnn_gesture_top'
02/23/26 23:17:49: Dispatch Server: Accepted socket connection from client
02/23/26 23:17:49: Starting Socket connection
02/23/26 23:17:58: SESSION_MGR: closing session for UUID '4c01da65-097a-4783-925b-df024d6df0ae' with name 'vitis-run_compile_cnn_gesture_top'
02/23/26 23:17:58: KERNEL_SVC: closing session for UUID '4c01da65-097a-4783-925b-df024d6df0ae' with name 'vitis-run_compile_cnn_gesture_top'
02/23/26 23:17:58: GUIDANCE_SMGR: closing session for UUID '4c01da65-097a-4783-925b-df024d6df0ae' with name 'vitis-run_compile_cnn_gesture_top'
02/23/26 23:17:58: SYSTEM_DIAGRAM: closing session for UUID '4c01da65-097a-4783-925b-df024d6df0ae' with name 'vitis-run_compile_cnn_gesture_top'
02/23/26 23:17:58: STOP_SERVER received, server token: 11d09f77-393b-4c7c-bb56-30251745c1aa, passed token: 11d09f77-393b-4c7c-bb56-30251745c1aa
02/23/26 23:17:58: Socket received request to stop server.
02/23/26 23:17:58: Dispatch Server: do_await_stop
02/23/26 23:17:58: SERVER: destructor for server bound to port 63396
02/23/26 23:21:59: Running xcd server. This server was built by gradle.
02/23/26 23:21:59: Server was asked to start on port: '63770'
02/23/26 23:21:59: Server is using token UUID: '907d4e07-08a3-47ee-b3c2-905079338658'
02/23/26 23:21:59: SESSION_MGR: creating session with session uuid: '6d04a3e9-ade5-4ab9-8d63-1f78fcd2ec76' and name 'default'
02/23/26 23:21:59: Attempting to start server on port '63770'
02/23/26 23:21:59: Running Dispatch Server
02/23/26 23:21:59: Version 2.2.0
02/23/26 23:22:02: Dispatch Server: Accepted socket connection from client
02/23/26 23:22:02: Starting Socket connection
02/23/26 23:22:02: EXCHANGE_TOKEN received, server token: 907d4e07-08a3-47ee-b3c2-905079338658, passed token: 907d4e07-08a3-47ee-b3c2-905079338658
02/23/26 23:22:02: DISPATCH_HANDLER: Adding handler from function makeHandler in library xv_system_diagram
02/23/26 23:22:02: SESSION_MGR: creating session with session uuid: '7505545a-b691-43f5-808e-159812d3bf25' and name 'v++_compile_cnn_gesture_top'
02/23/26 23:22:02: KERNEL_SVC: creating session with uuid: '7505545a-b691-43f5-808e-159812d3bf25' and name 'v++_compile_cnn_gesture_top'
02/23/26 23:22:02: GUIDANCE_SMGR: creating guidance session with uuid: '7505545a-b691-43f5-808e-159812d3bf25' and name 'v++_compile_cnn_gesture_top'
02/23/26 23:22:02: SYSTEM_DIAGRAM: creating session with uuid: '7505545a-b691-43f5-808e-159812d3bf25' and name 'v++_compile_cnn_gesture_top'
02/23/26 23:22:07: Dispatch Server: Accepted socket connection from client
02/23/26 23:22:07: Starting Socket connection
02/23/26 23:24:11: SESSION_MGR: closing session for UUID '7505545a-b691-43f5-808e-159812d3bf25' with name 'v++_compile_cnn_gesture_top'
02/23/26 23:24:11: KERNEL_SVC: closing session for UUID '7505545a-b691-43f5-808e-159812d3bf25' with name 'v++_compile_cnn_gesture_top'
02/23/26 23:24:11: GUIDANCE_SMGR: closing session for UUID '7505545a-b691-43f5-808e-159812d3bf25' with name 'v++_compile_cnn_gesture_top'
02/23/26 23:24:11: SYSTEM_DIAGRAM: closing session for UUID '7505545a-b691-43f5-808e-159812d3bf25' with name 'v++_compile_cnn_gesture_top'
02/23/26 23:24:11: STOP_SERVER received, server token: 907d4e07-08a3-47ee-b3c2-905079338658, passed token: 907d4e07-08a3-47ee-b3c2-905079338658
02/23/26 23:24:11: Socket received request to stop server.
02/23/26 23:24:11: Dispatch Server: do_await_stop
02/23/26 23:24:11: SERVER: destructor for server bound to port 63770
