

================================================================
== Vitis HLS Report for 'cnn_gesture_top_Pipeline_VITIS_LOOP_126_1_VITIS_LOOP_127_2'
================================================================
* Date:           Mon Feb 23 23:23:27 2026

* Version:        2025.2 (Build 6295257 on Nov 12 2025)
* Project:        cnn_gesture_top
* Solution:       hls (Vivado IP Flow Target)
* Product family: zynquplus
* Target device:  xczu3eg-sbva484-2-i


================================================================
== Performance Estimates
================================================================
+ Timing: 
    * Summary: 
    +--------+----------+----------+------------+
    |  Clock |  Target  | Estimated| Uncertainty|
    +--------+----------+----------+------------+
    |ap_clk  |  10.00 ns|  3.684 ns|     2.70 ns|
    +--------+----------+----------+------------+

+ Latency: 
    * Summary: 
    +---------+---------+-----------+-----------+-----+-----+-------------------+
    |  Latency (cycles) |   Latency (absolute)  |  Interval |      Pipeline     |
    |   min   |   max   |    min    |    max    | min | max |        Type       |
    +---------+---------+-----------+-----------+-----+-----+-------------------+
    |     1602|     1602|  16.020 us|  16.020 us|    0|    0|  loop pipeline stp|
    +---------+---------+-----------+-----------+-----+-----+-------------------+

    + Detail: 
        * Instance: 
        N/A

        * Loop: 
        +-------------------------------------+---------+---------+----------+-----------+-----------+------+----------+
        |                                     |  Latency (cycles) | Iteration|  Initiation Interval  | Trip |          |
        |              Loop Name              |   min   |   max   |  Latency |  achieved |   target  | Count| Pipelined|
        +-------------------------------------+---------+---------+----------+-----------+-----------+------+----------+
        |- VITIS_LOOP_126_1_VITIS_LOOP_127_2  |     1600|     1600|         2|          1|          1|  1600|       yes|
        +-------------------------------------+---------+---------+----------+-----------+-----------+------+----------+

============================================================
+ Verbose Summary: Synthesis Manager
============================================================
InlineROM: 1
ExposeGlobal: 0
============================================================
+ Verbose Summary: CDFG Model
============================================================
IsTopModel: 0
ResetActiveHigh: 1
IsCombinational: 0
IsDatapathOnly: 0
HasWiredReturn: 1
HasMFsm: 2
HasVarLatency: 1
IsPipeline: 0
IsRtlPipelined: 0
IsInstanceOverlapped: 0
IsDontTouch: 0
HasImplIP: 0
IsGatedGlobalClock: 0

+ Individual pipeline summary: 
  * Pipeline-0: initiation interval (II) = 1, depth = 2


============================================================
+ Verbose Summary: Schedule
============================================================
* Number of FSM states : 2
* Pipeline : 1
  Pipeline-0 : II = 1, D = 2, States = { 1 2 }
* Dataflow Pipeline: 0

* FSM state transitions: 
1 --> 2 
2 --> 

* FSM state operations: 

State 1 <SV = 0> <Delay = 3.67>
ST_1 : Operation 5 [1/1] (0.00ns)   --->   "%f = alloca i32 1" [../cnn_gesture_hls.cpp:127->../cnn_gesture_hls.cpp:231]   --->   Operation 5 'alloca' 'f' <Predicate = true> <Delay = 0.00>
ST_1 : Operation 6 [1/1] (0.00ns)   --->   "%t = alloca i32 1" [../cnn_gesture_hls.cpp:126->../cnn_gesture_hls.cpp:231]   --->   Operation 6 'alloca' 't' <Predicate = true> <Delay = 0.00>
ST_1 : Operation 7 [1/1] (0.00ns)   --->   "%indvar_flatten37 = alloca i32 1"   --->   Operation 7 'alloca' 'indvar_flatten37' <Predicate = true> <Delay = 0.00>
ST_1 : Operation 8 [1/1] (0.42ns)   --->   "%store_ln0 = store i11 0, i11 %indvar_flatten37"   --->   Operation 8 'store' 'store_ln0' <Predicate = true> <Delay = 0.42>
ST_1 : Operation 9 [1/1] (0.42ns)   --->   "%store_ln126 = store i5 0, i5 %t" [../cnn_gesture_hls.cpp:126->../cnn_gesture_hls.cpp:231]   --->   Operation 9 'store' 'store_ln126' <Predicate = true> <Delay = 0.42>
ST_1 : Operation 10 [1/1] (0.42ns)   --->   "%store_ln127 = store i7 0, i7 %f" [../cnn_gesture_hls.cpp:127->../cnn_gesture_hls.cpp:231]   --->   Operation 10 'store' 'store_ln127' <Predicate = true> <Delay = 0.42>
ST_1 : Operation 11 [1/1] (0.00ns)   --->   "%br_ln0 = br void %for.body4.i622"   --->   Operation 11 'br' 'br_ln0' <Predicate = true> <Delay = 0.00>
ST_1 : Operation 12 [1/1] (0.00ns)   --->   "%indvar_flatten37_load = load i11 %indvar_flatten37" [../cnn_gesture_hls.cpp:126->../cnn_gesture_hls.cpp:231]   --->   Operation 12 'load' 'indvar_flatten37_load' <Predicate = true> <Delay = 0.00>
ST_1 : Operation 13 [1/1] (0.79ns)   --->   "%icmp_ln126 = icmp_eq  i11 %indvar_flatten37_load, i11 1600" [../cnn_gesture_hls.cpp:126->../cnn_gesture_hls.cpp:231]   --->   Operation 13 'icmp' 'icmp_ln126' <Predicate = true> <Delay = 0.79> <CoreInst = "Cmp">   --->   Core 9 'Cmp' <Latency = 0> <II = 1> <Delay = 0.79> <FuncUnit> <Opcode : 'seteq' 'setne' 'setle' 'setge' 'setlt' 'setgt'> <InPorts = 2> <OutPorts = 1>
ST_1 : Operation 14 [1/1] (0.79ns)   --->   "%add_ln126_1 = add i11 %indvar_flatten37_load, i11 1" [../cnn_gesture_hls.cpp:126->../cnn_gesture_hls.cpp:231]   --->   Operation 14 'add' 'add_ln126_1' <Predicate = true> <Delay = 0.79> <CoreInst = "Adder">   --->   Core 1 'Adder' <Latency = 0> <II = 1> <Delay = 0.79> <FuncUnit> <Opcode : 'add' 'sub'> <InPorts = 2> <OutPorts = 1>
ST_1 : Operation 15 [1/1] (0.00ns)   --->   "%br_ln126 = br i1 %icmp_ln126, void %for.cond.cleanup3.i609, void %for.body4.i644.preheader.exitStub" [../cnn_gesture_hls.cpp:126->../cnn_gesture_hls.cpp:231]   --->   Operation 15 'br' 'br_ln126' <Predicate = true> <Delay = 0.00>
ST_1 : Operation 16 [1/1] (0.00ns)   --->   "%f_load = load i7 %f" [../cnn_gesture_hls.cpp:127->../cnn_gesture_hls.cpp:231]   --->   Operation 16 'load' 'f_load' <Predicate = (!icmp_ln126)> <Delay = 0.00>
ST_1 : Operation 17 [1/1] (0.00ns)   --->   "%t_load = load i5 %t" [../cnn_gesture_hls.cpp:126->../cnn_gesture_hls.cpp:231]   --->   Operation 17 'load' 't_load' <Predicate = (!icmp_ln126)> <Delay = 0.00>
ST_1 : Operation 18 [1/1] (0.78ns)   --->   "%add_ln126 = add i5 %t_load, i5 1" [../cnn_gesture_hls.cpp:126->../cnn_gesture_hls.cpp:231]   --->   Operation 18 'add' 'add_ln126' <Predicate = (!icmp_ln126)> <Delay = 0.78> <CoreInst = "Adder">   --->   Core 1 'Adder' <Latency = 0> <II = 1> <Delay = 0.78> <FuncUnit> <Opcode : 'add' 'sub'> <InPorts = 2> <OutPorts = 1>
ST_1 : Operation 19 [1/1] (0.77ns)   --->   "%icmp_ln127 = icmp_eq  i7 %f_load, i7 64" [../cnn_gesture_hls.cpp:127->../cnn_gesture_hls.cpp:231]   --->   Operation 19 'icmp' 'icmp_ln127' <Predicate = (!icmp_ln126)> <Delay = 0.77> <CoreInst = "Cmp">   --->   Core 9 'Cmp' <Latency = 0> <II = 1> <Delay = 0.77> <FuncUnit> <Opcode : 'seteq' 'setne' 'setle' 'setge' 'setlt' 'setgt'> <InPorts = 2> <OutPorts = 1>
ST_1 : Operation 20 [1/1] (0.36ns)   --->   "%select_ln126 = select i1 %icmp_ln127, i7 0, i7 %f_load" [../cnn_gesture_hls.cpp:126->../cnn_gesture_hls.cpp:231]   --->   Operation 20 'select' 'select_ln126' <Predicate = (!icmp_ln126)> <Delay = 0.36> <CoreInst = "Sel">   --->   Core 73 'Sel' <Latency = 0> <II = 1> <Delay = 0.36> <FuncUnit> <Opcode : 'select'> <InPorts = 3> <OutPorts = 1>
ST_1 : Operation 21 [1/1] (0.41ns)   --->   "%select_ln126_1 = select i1 %icmp_ln127, i5 %add_ln126, i5 %t_load" [../cnn_gesture_hls.cpp:126->../cnn_gesture_hls.cpp:231]   --->   Operation 21 'select' 'select_ln126_1' <Predicate = (!icmp_ln126)> <Delay = 0.41> <CoreInst = "Sel">   --->   Core 73 'Sel' <Latency = 0> <II = 1> <Delay = 0.41> <FuncUnit> <Opcode : 'select'> <InPorts = 3> <OutPorts = 1>
ST_1 : Operation 22 [1/1] (0.00ns)   --->   "%tmp_s = bitconcatenate i11 @_ssdm_op_BitConcatenate.i11.i5.i6, i5 %select_ln126_1, i6 0" [../cnn_gesture_hls.cpp:130->../cnn_gesture_hls.cpp:231]   --->   Operation 22 'bitconcatenate' 'tmp_s' <Predicate = (!icmp_ln126)> <Delay = 0.00>
ST_1 : Operation 23 [1/1] (0.00ns)   --->   "%tmp_170 = bitconcatenate i12 @_ssdm_op_BitConcatenate.i12.i5.i7, i5 %select_ln126_1, i7 64" [../cnn_gesture_hls.cpp:129->../cnn_gesture_hls.cpp:231]   --->   Operation 23 'bitconcatenate' 'tmp_170' <Predicate = (!icmp_ln126)> <Delay = 0.00>
ST_1 : Operation 24 [1/1] (0.00ns)   --->   "%zext_ln128_1 = zext i7 %select_ln126" [../cnn_gesture_hls.cpp:128->../cnn_gesture_hls.cpp:231]   --->   Operation 24 'zext' 'zext_ln128_1' <Predicate = (!icmp_ln126)> <Delay = 0.00>
ST_1 : Operation 25 [1/1] (0.00ns)   --->   "%zext_ln128_2 = zext i7 %select_ln126" [../cnn_gesture_hls.cpp:128->../cnn_gesture_hls.cpp:231]   --->   Operation 25 'zext' 'zext_ln128_2' <Predicate = (!icmp_ln126)> <Delay = 0.00>
ST_1 : Operation 26 [1/1] (0.00ns)   --->   "%tmp_171 = bitconcatenate i12 @_ssdm_op_BitConcatenate.i12.i5.i7, i5 %select_ln126_1, i7 %select_ln126" [../cnn_gesture_hls.cpp:128->../cnn_gesture_hls.cpp:231]   --->   Operation 26 'bitconcatenate' 'tmp_171' <Predicate = (!icmp_ln126)> <Delay = 0.00>
ST_1 : Operation 27 [1/1] (0.00ns)   --->   "%zext_ln128 = zext i12 %tmp_171" [../cnn_gesture_hls.cpp:128->../cnn_gesture_hls.cpp:231]   --->   Operation 27 'zext' 'zext_ln128' <Predicate = (!icmp_ln126)> <Delay = 0.00>
ST_1 : Operation 28 [1/1] (0.00ns)   --->   "%conv2_out_addr = getelementptr i16 %conv2_out, i64 0, i64 %zext_ln128" [../cnn_gesture_hls.cpp:128->../cnn_gesture_hls.cpp:231]   --->   Operation 28 'getelementptr' 'conv2_out_addr' <Predicate = (!icmp_ln126)> <Delay = 0.00>
ST_1 : Operation 29 [1/1] (0.80ns)   --->   "%add_ln129 = add i12 %tmp_170, i12 %zext_ln128_2" [../cnn_gesture_hls.cpp:129->../cnn_gesture_hls.cpp:231]   --->   Operation 29 'add' 'add_ln129' <Predicate = (!icmp_ln126)> <Delay = 0.80> <CoreInst = "Adder">   --->   Core 1 'Adder' <Latency = 0> <II = 1> <Delay = 0.80> <FuncUnit> <Opcode : 'add' 'sub'> <InPorts = 2> <OutPorts = 1>
ST_1 : Operation 30 [1/1] (0.00ns)   --->   "%zext_ln129 = zext i12 %add_ln129" [../cnn_gesture_hls.cpp:129->../cnn_gesture_hls.cpp:231]   --->   Operation 30 'zext' 'zext_ln129' <Predicate = (!icmp_ln126)> <Delay = 0.00>
ST_1 : Operation 31 [1/1] (0.00ns)   --->   "%conv2_out_addr_1 = getelementptr i16 %conv2_out, i64 0, i64 %zext_ln129" [../cnn_gesture_hls.cpp:129->../cnn_gesture_hls.cpp:231]   --->   Operation 31 'getelementptr' 'conv2_out_addr_1' <Predicate = (!icmp_ln126)> <Delay = 0.00>
ST_1 : Operation 32 [1/1] (0.79ns)   --->   "%add_ln130 = add i11 %tmp_s, i11 %zext_ln128_1" [../cnn_gesture_hls.cpp:130->../cnn_gesture_hls.cpp:231]   --->   Operation 32 'add' 'add_ln130' <Predicate = (!icmp_ln126)> <Delay = 0.79> <CoreInst = "Adder">   --->   Core 1 'Adder' <Latency = 0> <II = 1> <Delay = 0.79> <FuncUnit> <Opcode : 'add' 'sub'> <InPorts = 2> <OutPorts = 1>
ST_1 : Operation 33 [2/2] (1.23ns)   --->   "%a = load i12 %conv2_out_addr" [../cnn_gesture_hls.cpp:128->../cnn_gesture_hls.cpp:231]   --->   Operation 33 'load' 'a' <Predicate = (!icmp_ln126)> <Delay = 1.23> <CoreInst = "RAM">   --->   Core 82 'RAM' <Latency = 1> <II = 1> <Delay = 1.23> <Storage> <Opcode : 'load' 'store'> <Ports = 2> <Width = 16> <Depth = 3200> <RAM>
ST_1 : Operation 34 [2/2] (1.23ns)   --->   "%b = load i12 %conv2_out_addr_1" [../cnn_gesture_hls.cpp:129->../cnn_gesture_hls.cpp:231]   --->   Operation 34 'load' 'b' <Predicate = (!icmp_ln126)> <Delay = 1.23> <CoreInst = "RAM">   --->   Core 82 'RAM' <Latency = 1> <II = 1> <Delay = 1.23> <Storage> <Opcode : 'load' 'store'> <Ports = 2> <Width = 16> <Depth = 3200> <RAM>
ST_1 : Operation 35 [1/1] (0.77ns)   --->   "%add_ln127 = add i7 %select_ln126, i7 1" [../cnn_gesture_hls.cpp:127->../cnn_gesture_hls.cpp:231]   --->   Operation 35 'add' 'add_ln127' <Predicate = (!icmp_ln126)> <Delay = 0.77> <CoreInst = "Adder">   --->   Core 1 'Adder' <Latency = 0> <II = 1> <Delay = 0.77> <FuncUnit> <Opcode : 'add' 'sub'> <InPorts = 2> <OutPorts = 1>
ST_1 : Operation 36 [1/1] (0.42ns)   --->   "%store_ln126 = store i11 %add_ln126_1, i11 %indvar_flatten37" [../cnn_gesture_hls.cpp:126->../cnn_gesture_hls.cpp:231]   --->   Operation 36 'store' 'store_ln126' <Predicate = (!icmp_ln126)> <Delay = 0.42>
ST_1 : Operation 37 [1/1] (0.42ns)   --->   "%store_ln126 = store i5 %select_ln126_1, i5 %t" [../cnn_gesture_hls.cpp:126->../cnn_gesture_hls.cpp:231]   --->   Operation 37 'store' 'store_ln126' <Predicate = (!icmp_ln126)> <Delay = 0.42>
ST_1 : Operation 38 [1/1] (0.42ns)   --->   "%store_ln127 = store i7 %add_ln127, i7 %f" [../cnn_gesture_hls.cpp:127->../cnn_gesture_hls.cpp:231]   --->   Operation 38 'store' 'store_ln127' <Predicate = (!icmp_ln126)> <Delay = 0.42>
ST_1 : Operation 50 [1/1] (0.42ns)   --->   "%ret_ln0 = ret"   --->   Operation 50 'ret' 'ret_ln0' <Predicate = (icmp_ln126)> <Delay = 0.42>

State 2 <SV = 1> <Delay = 3.68>
ST_2 : Operation 39 [1/1] (0.00ns)   --->   "%specloopname_ln0 = specloopname void @_ssdm_op_SpecLoopName, void @VITIS_LOOP_126_1_VITIS_LOOP_127_2_str"   --->   Operation 39 'specloopname' 'specloopname_ln0' <Predicate = true> <Delay = 0.00>
ST_2 : Operation 40 [1/1] (0.00ns)   --->   "%speclooptripcount_ln0 = speclooptripcount void @_ssdm_op_SpecLoopTripCount, i64 1600, i64 1600, i64 1600"   --->   Operation 40 'speclooptripcount' 'speclooptripcount_ln0' <Predicate = true> <Delay = 0.00>
ST_2 : Operation 41 [1/1] (0.00ns)   --->   "%zext_ln130 = zext i11 %add_ln130" [../cnn_gesture_hls.cpp:130->../cnn_gesture_hls.cpp:231]   --->   Operation 41 'zext' 'zext_ln130' <Predicate = true> <Delay = 0.00>
ST_2 : Operation 42 [1/1] (0.00ns)   --->   "%pool2_out_addr = getelementptr i16 %pool2_out, i64 0, i64 %zext_ln130" [../cnn_gesture_hls.cpp:130->../cnn_gesture_hls.cpp:231]   --->   Operation 42 'getelementptr' 'pool2_out_addr' <Predicate = true> <Delay = 0.00>
ST_2 : Operation 43 [1/1] (0.00ns)   --->   "%specpipeline_ln127 = specpipeline void @_ssdm_op_SpecPipeline, i32 4294967295, i32 0, i32 0, i32 0, i32 4294967295, void @empty_10" [../cnn_gesture_hls.cpp:127->../cnn_gesture_hls.cpp:231]   --->   Operation 43 'specpipeline' 'specpipeline_ln127' <Predicate = true> <Delay = 0.00>
ST_2 : Operation 44 [1/2] ( I:1.23ns O:1.23ns )   --->   "%a = load i12 %conv2_out_addr" [../cnn_gesture_hls.cpp:128->../cnn_gesture_hls.cpp:231]   --->   Operation 44 'load' 'a' <Predicate = true> <Delay = 1.23> <CoreInst = "RAM">   --->   Core 82 'RAM' <Latency = 1> <II = 1> <Delay = 1.23> <Storage> <Opcode : 'load' 'store'> <Ports = 2> <Width = 16> <Depth = 3200> <RAM>
ST_2 : Operation 45 [1/2] ( I:1.23ns O:1.23ns )   --->   "%b = load i12 %conv2_out_addr_1" [../cnn_gesture_hls.cpp:129->../cnn_gesture_hls.cpp:231]   --->   Operation 45 'load' 'b' <Predicate = true> <Delay = 1.23> <CoreInst = "RAM">   --->   Core 82 'RAM' <Latency = 1> <II = 1> <Delay = 1.23> <Storage> <Opcode : 'load' 'store'> <Ports = 2> <Width = 16> <Depth = 3200> <RAM>
ST_2 : Operation 46 [1/1] (0.85ns)   --->   "%icmp_ln130 = icmp_sgt  i16 %a, i16 %b" [../cnn_gesture_hls.cpp:130->../cnn_gesture_hls.cpp:231]   --->   Operation 46 'icmp' 'icmp_ln130' <Predicate = true> <Delay = 0.85> <CoreInst = "Cmp">   --->   Core 9 'Cmp' <Latency = 0> <II = 1> <Delay = 0.85> <FuncUnit> <Opcode : 'seteq' 'setne' 'setle' 'setge' 'setlt' 'setgt'> <InPorts = 2> <OutPorts = 1>
ST_2 : Operation 47 [1/1] (0.35ns)   --->   "%select_ln130 = select i1 %icmp_ln130, i16 %a, i16 %b" [../cnn_gesture_hls.cpp:130->../cnn_gesture_hls.cpp:231]   --->   Operation 47 'select' 'select_ln130' <Predicate = true> <Delay = 0.35> <CoreInst = "Sel">   --->   Core 73 'Sel' <Latency = 0> <II = 1> <Delay = 0.35> <FuncUnit> <Opcode : 'select'> <InPorts = 3> <OutPorts = 1>
ST_2 : Operation 48 [1/1] ( I:1.23ns O:1.23ns )   --->   "%store_ln130 = store i16 %select_ln130, i11 %pool2_out_addr" [../cnn_gesture_hls.cpp:130->../cnn_gesture_hls.cpp:231]   --->   Operation 48 'store' 'store_ln130' <Predicate = true> <Delay = 1.23> <CoreInst = "RAM">   --->   Core 82 'RAM' <Latency = 1> <II = 1> <Delay = 1.23> <Storage> <Opcode : 'load' 'store'> <Ports = 2> <Width = 16> <Depth = 1600> <RAM>
ST_2 : Operation 49 [1/1] (0.00ns)   --->   "%br_ln127 = br void %for.body4.i622" [../cnn_gesture_hls.cpp:127->../cnn_gesture_hls.cpp:231]   --->   Operation 49 'br' 'br_ln127' <Predicate = true> <Delay = 0.00>


============================================================
+ Verbose Summary: Timing violations
============================================================
Target clock period: 10.000ns, clock uncertainty: 2.700ns.

 <State 1>: 3.676ns
The critical path consists of the following:
	'store' operation ('store_ln126', ../cnn_gesture_hls.cpp:126->../cnn_gesture_hls.cpp:231) of constant 0 5 bit on local variable 't', ../cnn_gesture_hls.cpp:126->../cnn_gesture_hls.cpp:231 [7]  (0.427 ns)
	'load' operation 5 bit ('t_load', ../cnn_gesture_hls.cpp:126->../cnn_gesture_hls.cpp:231) on local variable 't', ../cnn_gesture_hls.cpp:126->../cnn_gesture_hls.cpp:231 [17]  (0.000 ns)
	'add' operation 5 bit ('add_ln126', ../cnn_gesture_hls.cpp:126->../cnn_gesture_hls.cpp:231) [18]  (0.789 ns)
	'select' operation 5 bit ('select_ln126_1', ../cnn_gesture_hls.cpp:126->../cnn_gesture_hls.cpp:231) [23]  (0.414 ns)
	'add' operation 12 bit ('add_ln129', ../cnn_gesture_hls.cpp:129->../cnn_gesture_hls.cpp:231) [31]  (0.809 ns)
	'getelementptr' operation 12 bit ('conv2_out_addr_1', ../cnn_gesture_hls.cpp:129->../cnn_gesture_hls.cpp:231) [33]  (0.000 ns)
	'load' operation 16 bit ('b', ../cnn_gesture_hls.cpp:129->../cnn_gesture_hls.cpp:231) on array 'conv2_out' [39]  (1.237 ns)

 <State 2>: 3.684ns
The critical path consists of the following:
	'load' operation 16 bit ('a', ../cnn_gesture_hls.cpp:128->../cnn_gesture_hls.cpp:231) on array 'conv2_out' [38]  (1.237 ns)
	'icmp' operation 1 bit ('icmp_ln130', ../cnn_gesture_hls.cpp:130->../cnn_gesture_hls.cpp:231) [40]  (0.853 ns)
	'select' operation 16 bit ('select_ln130', ../cnn_gesture_hls.cpp:130->../cnn_gesture_hls.cpp:231) [41]  (0.357 ns)
	'store' operation ('store_ln130', ../cnn_gesture_hls.cpp:130->../cnn_gesture_hls.cpp:231) of variable 'select_ln130', ../cnn_gesture_hls.cpp:130->../cnn_gesture_hls.cpp:231 16 bit on array 'pool2_out' [42]  (1.237 ns)


============================================================
+ Verbose Summary: Binding
============================================================
N/A
* FSMD analyzer results:
  - Output states:
 - Input state : 
  - Chain level:
	State 1
	State 2


============================================================
+ Verbose Summary: Datapath Resource usage 
============================================================
N/A
