

================================================================
== Vitis HLS Report for 'cnn_gesture_top_Pipeline_VITIS_LOOP_160_2'
================================================================
* Date:           Mon Feb 23 23:23:58 2026

* Version:        2025.2 (Build 6295257 on Nov 12 2025)
* Project:        cnn_gesture_top
* Solution:       hls (Vivado IP Flow Target)
* Product family: zynquplus
* Target device:  xczu3eg-sbva484-2-i


================================================================
== Performance Estimates
================================================================
+ Timing: 
    * Summary: 
    +--------+----------+----------+------------+
    |  Clock |  Target  | Estimated| Uncertainty|
    +--------+----------+----------+------------+
    |ap_clk  |  10.00 ns|  6.652 ns|     2.70 ns|
    +--------+----------+----------+------------+

+ Latency: 
    * Summary: 
    +---------+---------+-----------+-----------+-----+-----+-------------------+
    |  Latency (cycles) |   Latency (absolute)  |  Interval |      Pipeline     |
    |   min   |   max   |    min    |    max    | min | max |        Type       |
    +---------+---------+-----------+-----------+-----+-----+-------------------+
    |     1607|     1607|  16.070 us|  16.070 us|    0|    0|  loop pipeline stp|
    +---------+---------+-----------+-----------+-----+-----+-------------------+

    + Detail: 
        * Instance: 
        N/A

        * Loop: 
        +--------------------+---------+---------+----------+-----------+-----------+------+----------+
        |                    |  Latency (cycles) | Iteration|  Initiation Interval  | Trip |          |
        |      Loop Name     |   min   |   max   |  Latency |  achieved |   target  | Count| Pipelined|
        +--------------------+---------+---------+----------+-----------+-----------+------+----------+
        |- VITIS_LOOP_160_2  |     1605|     1605|         7|          1|          1|  1600|       yes|
        +--------------------+---------+---------+----------+-----------+-----------+------+----------+



================================================================
== Utilization Estimates
================================================================
* Summary: 
+-----------------+---------+-----+--------+-------+-----+
|       Name      | BRAM_18K| DSP |   FF   |  LUT  | URAM|
+-----------------+---------+-----+--------+-------+-----+
|DSP              |        -|    1|       -|      -|    -|
|Expression       |        -|    -|       0|    594|    -|
|FIFO             |        -|    -|       -|      -|    -|
|Instance         |        -|    -|       0|     14|    -|
|Memory           |      364|    -|       0|      0|    -|
|Multiplexer      |        -|    -|       0|     54|    -|
|Register         |        -|    -|     159|     32|    -|
+-----------------+---------+-----+--------+-------+-----+
|Total            |      364|    1|     159|    694|    0|
+-----------------+---------+-----+--------+-------+-----+
|Available        |      432|  360|  141120|  70560|    0|
+-----------------+---------+-----+--------+-------+-----+
|Utilization (%)  |       84|   ~0|      ~0|     ~0|    0|
+-----------------+---------+-----+--------+-------+-----+

+ Detail: 
    * Instance: 
    +---------------------------+----------------------+---------+----+---+----+-----+
    |          Instance         |        Module        | BRAM_18K| DSP| FF| LUT| URAM|
    +---------------------------+----------------------+---------+----+---+----+-----+
    |sparsemux_9_3_16_1_1_U390  |sparsemux_9_3_16_1_1  |        0|   0|  0|  14|    0|
    +---------------------------+----------------------+---------+----+---+----+-----+
    |Total                      |                      |        0|   0|  0|  14|    0|
    +---------------------------+----------------------+---------+----+---+----+-----+

    * DSP: 
    +------------------------------------+-------------------------------+--------------+
    |              Instance              |             Module            |  Expression  |
    +------------------------------------+-------------------------------+--------------+
    |mac_muladd_16s_16s_32s_32_4_1_U391  |mac_muladd_16s_16s_32s_32_4_1  |  i0 * i1 + i2|
    +------------------------------------+-------------------------------+--------------+

    * Memory: 
    +-----------------+---------------------------------------------------------------------+---------+---+----+-----+--------+-----+------+-------------+
    |      Memory     |                                Module                               | BRAM_18K| FF| LUT| URAM|  Words | Bits| Banks| W*Bits*Banks|
    +-----------------+---------------------------------------------------------------------+---------+---+----+-----+--------+-----+------+-------------+
    |dense_param_0_U  |cnn_gesture_top_Pipeline_VITIS_LOOP_160_2_dense_param_0_ROM_AUTO_1R  |      364|  0|   0|    0|  204800|   32|     1|      6553600|
    +-----------------+---------------------------------------------------------------------+---------+---+----+-----+--------+-----+------+-------------+
    |Total            |                                                                     |      364|  0|   0|    0|  204800|   32|     1|      6553600|
    +-----------------+---------------------------------------------------------------------+---------+---+----+-----+--------+-----+------+-------------+

    * FIFO: 
    N/A

    * Expression: 
    +--------------------------+----------+----+---+-----+------------+------------+
    |       Variable Name      | Operation| DSP| FF| LUT | Bitwidth P0| Bitwidth P1|
    +--------------------------+----------+----+---+-----+------------+------------+
    |add_ln160_fu_176_p2       |         +|   0|  0|   18|          11|           1|
    |add_ln162_fu_284_p2       |         +|   0|  0|   18|          11|           5|
    |sub_ln162_1_fu_268_p2     |         -|   0|  0|   19|          11|          12|
    |sub_ln162_2_fu_290_p2     |         -|   0|  0|   18|           4|          11|
    |sub_ln162_fu_248_p2       |         -|   0|  0|   61|           1|          54|
    |and_ln162_1_fu_408_p2     |       and|   0|  0|    2|           1|           1|
    |and_ln162_fu_390_p2       |       and|   0|  0|    2|           1|           1|
    |ashr_ln162_fu_332_p2      |      ashr|   0|  0|  159|          54|          54|
    |icmp_ln160_fu_170_p2      |      icmp|   0|  0|   18|          11|          10|
    |icmp_ln162_1_fu_278_p2    |      icmp|   0|  0|   19|          12|           4|
    |icmp_ln162_2_fu_304_p2    |      icmp|   0|  0|   19|          12|           4|
    |icmp_ln162_3_fu_314_p2    |      icmp|   0|  0|   18|          11|           6|
    |icmp_ln162_4_fu_360_p2    |      icmp|   0|  0|   14|           7|           1|
    |icmp_ln162_fu_262_p2      |      icmp|   0|  0|   70|          63|           1|
    |or_ln162_fu_396_p2        |        or|   0|  0|    2|           1|           1|
    |select_ln162_1_fu_296_p3  |    select|   0|  0|   10|           1|          11|
    |select_ln162_4_fu_320_p3  |    select|   0|  0|    2|           1|           2|
    |select_ln162_fu_254_p3    |    select|   0|  0|   52|           1|          54|
    |storemerge4_i8_fu_424_p6  |    select|   0|  0|   16|           1|          16|
    |storemerge4_i8_fu_424_p8  |    select|   0|  0|   16|           1|          16|
    |shl_ln162_fu_370_p2       |       shl|   0|  0|   35|          16|          16|
    |ap_enable_pp0             |       xor|   0|  0|    2|           1|           2|
    |xor_ln162_1_fu_402_p2     |       xor|   0|  0|    2|           1|           2|
    |xor_ln162_fu_384_p2       |       xor|   0|  0|    2|           1|           2|
    +--------------------------+----------+----+---+-----+------------+------------+
    |Total                     |          |   0|  0|  594|         235|         287|
    +--------------------------+----------+----+---+-----+------------+------------+

    * Multiplexer: 
    +-------------------------+----+-----------+-----+-----------+
    |           Name          | LUT| Input Size| Bits| Total Bits|
    +-------------------------+----+-----------+-----+-----------+
    |ap_done_int              |   9|          2|    1|          2|
    |ap_enable_reg_pp0_iter6  |   9|          2|    1|          2|
    |ap_sig_allocacmp_i       |   9|          2|   11|         22|
    |ap_sig_allocacmp_sum     |   9|          2|   32|         64|
    |i_2_fu_100               |   9|          2|   11|         22|
    |sum_9_fu_96              |   9|          2|   32|         64|
    +-------------------------+----+-----------+-----+-----------+
    |Total                    |  54|         12|   88|        176|
    +-------------------------+----+-----------+-----+-----------+

    * Register: 
    +----------------------------------+----+----+-----+-----------+
    |               Name               | FF | LUT| Bits| Const Bits|
    +----------------------------------+----+----+-----+-----------+
    |ap_CS_fsm                         |   1|   0|    1|          0|
    |ap_done_reg                       |   1|   0|    1|          0|
    |ap_enable_reg_pp0_iter1           |   1|   0|    1|          0|
    |ap_enable_reg_pp0_iter2           |   1|   0|    1|          0|
    |ap_enable_reg_pp0_iter3           |   1|   0|    1|          0|
    |ap_enable_reg_pp0_iter4           |   1|   0|    1|          0|
    |ap_enable_reg_pp0_iter5           |   1|   0|    1|          0|
    |ap_enable_reg_pp0_iter6           |   1|   0|    1|          0|
    |ap_loop_exit_ready_pp0_iter1_reg  |   1|   0|    1|          0|
    |ap_loop_exit_ready_pp0_iter2_reg  |   1|   0|    1|          0|
    |ap_loop_exit_ready_pp0_iter3_reg  |   1|   0|    1|          0|
    |ap_loop_exit_ready_pp0_iter4_reg  |   1|   0|    1|          0|
    |ap_loop_exit_ready_pp0_iter5_reg  |   1|   0|    1|          0|
    |i_2_fu_100                        |  11|   0|   11|          0|
    |i_reg_490                         |  11|   0|   11|          0|
    |i_reg_490_pp0_iter1_reg           |  11|   0|   11|          0|
    |icmp_ln160_reg_495                |   1|   0|    1|          0|
    |storemerge4_i8_reg_509            |  16|   0|   16|          0|
    |sum_9_fu_96                       |  32|   0|   32|          0|
    |icmp_ln160_reg_495                |  64|  32|    1|          0|
    +----------------------------------+----+----+-----+-----------+
    |Total                             | 159|  32|   96|          0|
    +----------------------------------+----+----+-----+-----------+



================================================================
== Interface
================================================================
* Summary: 
+--------------------+-----+-----+------------+-------------------------------------------+--------------+
|      RTL Ports     | Dir | Bits|  Protocol  |               Source Object               |    C Type    |
+--------------------+-----+-----+------------+-------------------------------------------+--------------+
|ap_clk              |   in|    1|  ap_ctrl_hs|  cnn_gesture_top_Pipeline_VITIS_LOOP_160_2|  return value|
|ap_rst              |   in|    1|  ap_ctrl_hs|  cnn_gesture_top_Pipeline_VITIS_LOOP_160_2|  return value|
|ap_start            |   in|    1|  ap_ctrl_hs|  cnn_gesture_top_Pipeline_VITIS_LOOP_160_2|  return value|
|ap_done             |  out|    1|  ap_ctrl_hs|  cnn_gesture_top_Pipeline_VITIS_LOOP_160_2|  return value|
|ap_idle             |  out|    1|  ap_ctrl_hs|  cnn_gesture_top_Pipeline_VITIS_LOOP_160_2|  return value|
|ap_ready            |  out|    1|  ap_ctrl_hs|  cnn_gesture_top_Pipeline_VITIS_LOOP_160_2|  return value|
|grp_fu_724_p_din0   |  out|   32|  ap_ctrl_hs|  cnn_gesture_top_Pipeline_VITIS_LOOP_160_2|  return value|
|grp_fu_724_p_dout0  |   in|   64|  ap_ctrl_hs|  cnn_gesture_top_Pipeline_VITIS_LOOP_160_2|  return value|
|grp_fu_724_p_ce     |  out|    1|  ap_ctrl_hs|  cnn_gesture_top_Pipeline_VITIS_LOOP_160_2|  return value|
|sext_ln158_2        |   in|   26|     ap_none|                               sext_ln158_2|        scalar|
|empty               |   in|    7|     ap_none|                                      empty|        scalar|
|flat_address0       |  out|   11|   ap_memory|                                       flat|         array|
|flat_ce0            |  out|    1|   ap_memory|                                       flat|         array|
|flat_q0             |   in|   16|   ap_memory|                                       flat|         array|
|sum_9_out           |  out|   26|      ap_vld|                                  sum_9_out|       pointer|
|sum_9_out_ap_vld    |  out|    1|      ap_vld|                                  sum_9_out|       pointer|
+--------------------+-----+-----+------------+-------------------------------------------+--------------+

============================================================
+ Verbose Summary: Synthesis Manager
============================================================
InlineROM: 1
ExposeGlobal: 0
============================================================
+ Verbose Summary: CDFG Model
============================================================
IsTopModel: 0
ResetActiveHigh: 1
IsCombinational: 2
IsDatapathOnly: 2
HasWiredReturn: 1
HasMFsm: 2
HasVarLatency: 1
IsPipeline: 0
IsRtlPipelined: 0
IsInstanceOverlapped: 0
IsDontTouch: 0
HasImplIP: 0
IsGatedGlobalClock: 0

+ Individual pipeline summary: 
  * Pipeline-0: initiation interval (II) = 1, depth = 7


============================================================
+ Verbose Summary: Schedule
============================================================
* Number of FSM states : 7
* Pipeline : 1
  Pipeline-0 : II = 1, D = 7, States = { 1 2 3 4 5 6 7 }
* Dataflow Pipeline: 0

* FSM state transitions: 
1 --> 2 
2 --> 3 
3 --> 4 
4 --> 5 
5 --> 6 
6 --> 7 
7 --> 

* FSM state operations: 

State 1 <SV = 0> <Delay = 1.66>
ST_1 : Operation 10 [1/1] (0.00ns)   --->   "%sum_9 = alloca i32 1" [../cnn_gesture_hls.cpp:158->../cnn_gesture_hls.cpp:234]   --->   Operation 10 'alloca' 'sum_9' <Predicate = true> <Delay = 0.00>
ST_1 : Operation 11 [1/1] (0.00ns)   --->   "%i_2 = alloca i32 1" [../cnn_gesture_hls.cpp:29->../cnn_gesture_hls.cpp:161->../cnn_gesture_hls.cpp:234]   --->   Operation 11 'alloca' 'i_2' <Predicate = true> <Delay = 0.00>
ST_1 : Operation 12 [1/1] (0.00ns)   --->   "%tmp = read i7 @_ssdm_op_Read.ap_auto.i7, i7 %empty"   --->   Operation 12 'read' 'tmp' <Predicate = true> <Delay = 0.00>
ST_1 : Operation 13 [1/1] (0.00ns)   --->   "%sext_ln158_2_read = read i26 @_ssdm_op_Read.ap_auto.i26, i26 %sext_ln158_2"   --->   Operation 13 'read' 'sext_ln158_2_read' <Predicate = true> <Delay = 0.00>
ST_1 : Operation 14 [1/1] (0.00ns)   --->   "%sext_ln158_2_cast = sext i26 %sext_ln158_2_read"   --->   Operation 14 'sext' 'sext_ln158_2_cast' <Predicate = true> <Delay = 0.00>
ST_1 : Operation 15 [1/1] (0.42ns)   --->   "%store_ln29 = store i11 0, i11 %i_2" [../cnn_gesture_hls.cpp:29->../cnn_gesture_hls.cpp:161->../cnn_gesture_hls.cpp:234]   --->   Operation 15 'store' 'store_ln29' <Predicate = true> <Delay = 0.42>
ST_1 : Operation 16 [1/1] (0.42ns)   --->   "%store_ln158 = store i32 %sext_ln158_2_cast, i32 %sum_9" [../cnn_gesture_hls.cpp:158->../cnn_gesture_hls.cpp:234]   --->   Operation 16 'store' 'store_ln158' <Predicate = true> <Delay = 0.42>
ST_1 : Operation 17 [1/1] (0.00ns)   --->   "%br_ln0 = br void %for.body4.i681"   --->   Operation 17 'br' 'br_ln0' <Predicate = true> <Delay = 0.00>
ST_1 : Operation 18 [1/1] (0.00ns)   --->   "%i = load i11 %i_2" [../cnn_gesture_hls.cpp:160->../cnn_gesture_hls.cpp:234]   --->   Operation 18 'load' 'i' <Predicate = true> <Delay = 0.00>
ST_1 : Operation 19 [1/1] (0.79ns)   --->   "%icmp_ln160 = icmp_eq  i11 %i, i11 1600" [../cnn_gesture_hls.cpp:160->../cnn_gesture_hls.cpp:234]   --->   Operation 19 'icmp' 'icmp_ln160' <Predicate = true> <Delay = 0.79> <CoreInst = "Cmp">   --->   Core 9 'Cmp' <Latency = 0> <II = 1> <Delay = 0.79> <FuncUnit> <Opcode : 'seteq' 'setne' 'setle' 'setge' 'setlt' 'setgt'> <InPorts = 2> <OutPorts = 1>
ST_1 : Operation 20 [1/1] (0.79ns)   --->   "%add_ln160 = add i11 %i, i11 1" [../cnn_gesture_hls.cpp:160->../cnn_gesture_hls.cpp:234]   --->   Operation 20 'add' 'add_ln160' <Predicate = true> <Delay = 0.79> <CoreInst = "Adder">   --->   Core 1 'Adder' <Latency = 0> <II = 1> <Delay = 0.79> <FuncUnit> <Opcode : 'add' 'sub'> <InPorts = 2> <OutPorts = 1>
ST_1 : Operation 21 [1/1] (0.00ns)   --->   "%br_ln160 = br i1 %icmp_ln160, void %for.body4.i681.split_ifconv, void %for.cond.cleanup3.i679.exitStub" [../cnn_gesture_hls.cpp:160->../cnn_gesture_hls.cpp:234]   --->   Operation 21 'br' 'br_ln160' <Predicate = true> <Delay = 0.00>
ST_1 : Operation 22 [1/1] (0.00ns)   --->   "%wi_6 = bitconcatenate i18 @_ssdm_op_BitConcatenate.i18.i11.i7, i11 %i, i7 %tmp" [../cnn_gesture_hls.cpp:30->../cnn_gesture_hls.cpp:161->../cnn_gesture_hls.cpp:234]   --->   Operation 22 'bitconcatenate' 'wi_6' <Predicate = (!icmp_ln160)> <Delay = 0.00>
ST_1 : Operation 23 [1/1] (0.00ns)   --->   "%zext_ln162_1 = zext i18 %wi_6" [../cnn_gesture_hls.cpp:162->../cnn_gesture_hls.cpp:234]   --->   Operation 23 'zext' 'zext_ln162_1' <Predicate = (!icmp_ln160)> <Delay = 0.00>
ST_1 : Operation 24 [1/1] (0.00ns)   --->   "%dense_param_0_addr = getelementptr i32 %dense_param_0, i64 0, i64 %zext_ln162_1" [../cnn_gesture_hls.cpp:162->../cnn_gesture_hls.cpp:234]   --->   Operation 24 'getelementptr' 'dense_param_0_addr' <Predicate = (!icmp_ln160)> <Delay = 0.00>
ST_1 : Operation 25 [2/2] (1.23ns)   --->   "%dense_param_0_load = load i18 %dense_param_0_addr" [../cnn_gesture_hls.cpp:162->../cnn_gesture_hls.cpp:234]   --->   Operation 25 'load' 'dense_param_0_load' <Predicate = (!icmp_ln160)> <Delay = 1.23> <CoreInst = "ROM">   --->   Core 100 'ROM' <Latency = 1> <II = 1> <Delay = 1.23> <Storage> <Opcode : 'load'> <Ports = 0> <Width = 32> <Depth = 204800> <ROM>
ST_1 : Operation 26 [1/1] (0.42ns)   --->   "%store_ln29 = store i11 %add_ln160, i11 %i_2" [../cnn_gesture_hls.cpp:29->../cnn_gesture_hls.cpp:161->../cnn_gesture_hls.cpp:234]   --->   Operation 26 'store' 'store_ln29' <Predicate = (!icmp_ln160)> <Delay = 0.42>

State 2 <SV = 1> <Delay = 3.54>
ST_2 : Operation 27 [1/2] ( I:1.23ns O:1.23ns )   --->   "%dense_param_0_load = load i18 %dense_param_0_addr" [../cnn_gesture_hls.cpp:162->../cnn_gesture_hls.cpp:234]   --->   Operation 27 'load' 'dense_param_0_load' <Predicate = (!icmp_ln160)> <Delay = 1.23> <CoreInst = "ROM">   --->   Core 100 'ROM' <Latency = 1> <II = 1> <Delay = 1.23> <Storage> <Opcode : 'load'> <Ports = 0> <Width = 32> <Depth = 204800> <ROM>
ST_2 : Operation 28 [2/2] (2.30ns)   --->   "%pf = fpext i32 %dense_param_0_load" [../cnn_gesture_hls.cpp:162->../cnn_gesture_hls.cpp:234]   --->   Operation 28 'fpext' 'pf' <Predicate = (!icmp_ln160)> <Delay = 2.30> <CoreInst = "Float2Double">   --->   Core 64 'Float2Double' <Latency = 1> <II = 1> <Delay = 2.30> <FuncUnit> <Opcode : 'fpext'> <InPorts = 1> <OutPorts = 1>

State 3 <SV = 2> <Delay = 6.65>
ST_3 : Operation 29 [1/1] (0.00ns)   --->   "%zext_ln160 = zext i11 %i" [../cnn_gesture_hls.cpp:160->../cnn_gesture_hls.cpp:234]   --->   Operation 29 'zext' 'zext_ln160' <Predicate = (!icmp_ln160)> <Delay = 0.00>
ST_3 : Operation 30 [1/2] (2.30ns)   --->   "%pf = fpext i32 %dense_param_0_load" [../cnn_gesture_hls.cpp:162->../cnn_gesture_hls.cpp:234]   --->   Operation 30 'fpext' 'pf' <Predicate = (!icmp_ln160)> <Delay = 2.30> <CoreInst = "Float2Double">   --->   Core 64 'Float2Double' <Latency = 1> <II = 1> <Delay = 2.30> <FuncUnit> <Opcode : 'fpext'> <InPorts = 1> <OutPorts = 1>
ST_3 : Operation 31 [1/1] (0.00ns)   --->   "%bitcast_ln726_10 = bitcast i64 %pf" [../cnn_gesture_hls.cpp:162->../cnn_gesture_hls.cpp:234]   --->   Operation 31 'bitcast' 'bitcast_ln726_10' <Predicate = (!icmp_ln160)> <Delay = 0.00>
ST_3 : Operation 32 [1/1] (0.00ns)   --->   "%trunc_ln162 = trunc i64 %bitcast_ln726_10" [../cnn_gesture_hls.cpp:162->../cnn_gesture_hls.cpp:234]   --->   Operation 32 'trunc' 'trunc_ln162' <Predicate = (!icmp_ln160)> <Delay = 0.00>
ST_3 : Operation 33 [1/1] (0.00ns)   --->   "%tmp_238 = bitselect i1 @_ssdm_op_BitSelect.i1.i64.i32, i64 %bitcast_ln726_10, i32 63" [../cnn_gesture_hls.cpp:162->../cnn_gesture_hls.cpp:234]   --->   Operation 33 'bitselect' 'tmp_238' <Predicate = (!icmp_ln160)> <Delay = 0.00>
ST_3 : Operation 34 [1/1] (0.00ns)   --->   "%tmp_42 = partselect i11 @_ssdm_op_PartSelect.i11.i64.i32, i64 %bitcast_ln726_10, i32 52" [../cnn_gesture_hls.cpp:162->../cnn_gesture_hls.cpp:234]   --->   Operation 34 'partselect' 'tmp_42' <Predicate = (!icmp_ln160)> <Delay = 0.00>
ST_3 : Operation 35 [1/1] (0.00ns)   --->   "%zext_ln162 = zext i11 %tmp_42" [../cnn_gesture_hls.cpp:162->../cnn_gesture_hls.cpp:234]   --->   Operation 35 'zext' 'zext_ln162' <Predicate = (!icmp_ln160)> <Delay = 0.00>
ST_3 : Operation 36 [1/1] (0.00ns)   --->   "%trunc_ln162_1 = trunc i64 %bitcast_ln726_10" [../cnn_gesture_hls.cpp:162->../cnn_gesture_hls.cpp:234]   --->   Operation 36 'trunc' 'trunc_ln162_1' <Predicate = (!icmp_ln160)> <Delay = 0.00>
ST_3 : Operation 37 [1/1] (0.00ns)   --->   "%zext_ln162_3_cast = bitconcatenate i53 @_ssdm_op_BitConcatenate.i53.i1.i52, i1 1, i52 %trunc_ln162_1" [../cnn_gesture_hls.cpp:162->../cnn_gesture_hls.cpp:234]   --->   Operation 37 'bitconcatenate' 'zext_ln162_3_cast' <Predicate = (!icmp_ln160)> <Delay = 0.00>
ST_3 : Operation 38 [1/1] (0.00ns)   --->   "%zext_ln162_3 = zext i53 %zext_ln162_3_cast" [../cnn_gesture_hls.cpp:162->../cnn_gesture_hls.cpp:234]   --->   Operation 38 'zext' 'zext_ln162_3' <Predicate = (!icmp_ln160)> <Delay = 0.00>
ST_3 : Operation 39 [1/1] (1.10ns)   --->   "%sub_ln162 = sub i54 0, i54 %zext_ln162_3" [../cnn_gesture_hls.cpp:162->../cnn_gesture_hls.cpp:234]   --->   Operation 39 'sub' 'sub_ln162' <Predicate = (!icmp_ln160)> <Delay = 1.10> <CoreInst = "Adder">   --->   Core 1 'Adder' <Latency = 0> <II = 1> <Delay = 1.09> <FuncUnit> <Opcode : 'add' 'sub'> <InPorts = 2> <OutPorts = 1>
ST_3 : Operation 40 [1/1] (0.40ns)   --->   "%select_ln162 = select i1 %tmp_238, i54 %sub_ln162, i54 %zext_ln162_3" [../cnn_gesture_hls.cpp:162->../cnn_gesture_hls.cpp:234]   --->   Operation 40 'select' 'select_ln162' <Predicate = (!icmp_ln160)> <Delay = 0.40> <CoreInst = "Sel">   --->   Core 73 'Sel' <Latency = 0> <II = 1> <Delay = 0.40> <FuncUnit> <Opcode : 'select'> <InPorts = 3> <OutPorts = 1>
ST_3 : Operation 41 [1/1] (1.08ns)   --->   "%icmp_ln162 = icmp_eq  i63 %trunc_ln162, i63 0" [../cnn_gesture_hls.cpp:162->../cnn_gesture_hls.cpp:234]   --->   Operation 41 'icmp' 'icmp_ln162' <Predicate = (!icmp_ln160)> <Delay = 1.08> <CoreInst = "Cmp">   --->   Core 9 'Cmp' <Latency = 0> <II = 1> <Delay = 1.08> <FuncUnit> <Opcode : 'seteq' 'setne' 'setle' 'setge' 'setlt' 'setgt'> <InPorts = 2> <OutPorts = 1>
ST_3 : Operation 42 [1/1] (0.80ns)   --->   "%sub_ln162_1 = sub i12 1075, i12 %zext_ln162" [../cnn_gesture_hls.cpp:162->../cnn_gesture_hls.cpp:234]   --->   Operation 42 'sub' 'sub_ln162_1' <Predicate = (!icmp_ln160)> <Delay = 0.80> <CoreInst = "Adder">   --->   Core 1 'Adder' <Latency = 0> <II = 1> <Delay = 0.80> <FuncUnit> <Opcode : 'add' 'sub'> <InPorts = 2> <OutPorts = 1>
ST_3 : Operation 43 [1/1] (0.00ns)   --->   "%trunc_ln162_2 = trunc i12 %sub_ln162_1" [../cnn_gesture_hls.cpp:162->../cnn_gesture_hls.cpp:234]   --->   Operation 43 'trunc' 'trunc_ln162_2' <Predicate = (!icmp_ln160)> <Delay = 0.00>
ST_3 : Operation 44 [1/1] (0.80ns)   --->   "%icmp_ln162_1 = icmp_sgt  i12 %sub_ln162_1, i12 10" [../cnn_gesture_hls.cpp:162->../cnn_gesture_hls.cpp:234]   --->   Operation 44 'icmp' 'icmp_ln162_1' <Predicate = (!icmp_ln160)> <Delay = 0.80> <CoreInst = "Cmp">   --->   Core 9 'Cmp' <Latency = 0> <II = 1> <Delay = 0.80> <FuncUnit> <Opcode : 'seteq' 'setne' 'setle' 'setge' 'setlt' 'setgt'> <InPorts = 2> <OutPorts = 1>
ST_3 : Operation 45 [1/1] (0.79ns)   --->   "%add_ln162 = add i11 %trunc_ln162_2, i11 2038" [../cnn_gesture_hls.cpp:162->../cnn_gesture_hls.cpp:234]   --->   Operation 45 'add' 'add_ln162' <Predicate = (!icmp_ln160)> <Delay = 0.79> <CoreInst = "Adder">   --->   Core 1 'Adder' <Latency = 0> <II = 1> <Delay = 0.79> <FuncUnit> <Opcode : 'add' 'sub'> <InPorts = 2> <OutPorts = 1>
ST_3 : Operation 46 [1/1] (0.79ns)   --->   "%sub_ln162_2 = sub i11 10, i11 %trunc_ln162_2" [../cnn_gesture_hls.cpp:162->../cnn_gesture_hls.cpp:234]   --->   Operation 46 'sub' 'sub_ln162_2' <Predicate = (!icmp_ln160)> <Delay = 0.79> <CoreInst = "Adder">   --->   Core 1 'Adder' <Latency = 0> <II = 1> <Delay = 0.79> <FuncUnit> <Opcode : 'add' 'sub'> <InPorts = 2> <OutPorts = 1>
ST_3 : Operation 47 [1/1] (0.38ns)   --->   "%select_ln162_1 = select i1 %icmp_ln162_1, i11 %add_ln162, i11 %sub_ln162_2" [../cnn_gesture_hls.cpp:162->../cnn_gesture_hls.cpp:234]   --->   Operation 47 'select' 'select_ln162_1' <Predicate = (!icmp_ln160)> <Delay = 0.38> <CoreInst = "Sel">   --->   Core 73 'Sel' <Latency = 0> <II = 1> <Delay = 0.38> <FuncUnit> <Opcode : 'select'> <InPorts = 3> <OutPorts = 1>
ST_3 : Operation 48 [1/1] (0.80ns)   --->   "%icmp_ln162_2 = icmp_eq  i12 %sub_ln162_1, i12 10" [../cnn_gesture_hls.cpp:162->../cnn_gesture_hls.cpp:234]   --->   Operation 48 'icmp' 'icmp_ln162_2' <Predicate = (!icmp_ln160)> <Delay = 0.80> <CoreInst = "Cmp">   --->   Core 9 'Cmp' <Latency = 0> <II = 1> <Delay = 0.80> <FuncUnit> <Opcode : 'seteq' 'setne' 'setle' 'setge' 'setlt' 'setgt'> <InPorts = 2> <OutPorts = 1>
ST_3 : Operation 49 [1/1] (0.00ns)   --->   "%trunc_ln162_3 = trunc i54 %select_ln162" [../cnn_gesture_hls.cpp:162->../cnn_gesture_hls.cpp:234]   --->   Operation 49 'trunc' 'trunc_ln162_3' <Predicate = (!icmp_ln160)> <Delay = 0.00>
ST_3 : Operation 50 [1/1] (0.79ns)   --->   "%icmp_ln162_3 = icmp_ult  i11 %select_ln162_1, i11 54" [../cnn_gesture_hls.cpp:162->../cnn_gesture_hls.cpp:234]   --->   Operation 50 'icmp' 'icmp_ln162_3' <Predicate = (!icmp_ln160)> <Delay = 0.79> <CoreInst = "Cmp">   --->   Core 9 'Cmp' <Latency = 0> <II = 1> <Delay = 0.79> <FuncUnit> <Opcode : 'seteq' 'setne' 'setle' 'setge' 'setlt' 'setgt'> <InPorts = 2> <OutPorts = 1>
ST_3 : Operation 51 [1/1] (0.00ns) (grouped into LUT with out node select_ln162_2)   --->   "%select_ln162_4 = select i1 %tmp_238, i16 65535, i16 0" [../cnn_gesture_hls.cpp:162->../cnn_gesture_hls.cpp:234]   --->   Operation 51 'select' 'select_ln162_4' <Predicate = (!icmp_ln160)> <Delay = 0.00> <CoreInst = "Sel">   --->   Core 73 'Sel' <Latency = 0> <II = 1> <Delay = 0.17> <FuncUnit> <Opcode : 'select'> <InPorts = 3> <OutPorts = 1>
ST_3 : Operation 52 [1/1] (0.00ns)   --->   "%zext_ln162_2 = zext i11 %select_ln162_1" [../cnn_gesture_hls.cpp:162->../cnn_gesture_hls.cpp:234]   --->   Operation 52 'zext' 'zext_ln162_2' <Predicate = (!icmp_ln160)> <Delay = 0.00>
ST_3 : Operation 53 [1/1] (1.50ns)   --->   "%ashr_ln162 = ashr i54 %select_ln162, i54 %zext_ln162_2" [../cnn_gesture_hls.cpp:162->../cnn_gesture_hls.cpp:234]   --->   Operation 53 'ashr' 'ashr_ln162' <Predicate = (!icmp_ln160)> <Delay = 1.50> <CoreInst = "Shifter">   --->   Core 75 'Shifter' <Latency = 0> <II = 1> <Delay = 1.50> <FuncUnit> <Opcode : 'shl' 'lshr' 'ashr'> <InPorts = 2> <OutPorts = 1>
ST_3 : Operation 54 [1/1] (0.00ns) (grouped into LUT with out node select_ln162_2)   --->   "%trunc_ln162_4 = trunc i54 %ashr_ln162" [../cnn_gesture_hls.cpp:162->../cnn_gesture_hls.cpp:234]   --->   Operation 54 'trunc' 'trunc_ln162_4' <Predicate = (!icmp_ln160)> <Delay = 0.00>
ST_3 : Operation 55 [1/1] (0.35ns) (out node of the LUT)   --->   "%select_ln162_2 = select i1 %icmp_ln162_3, i16 %trunc_ln162_4, i16 %select_ln162_4" [../cnn_gesture_hls.cpp:162->../cnn_gesture_hls.cpp:234]   --->   Operation 55 'select' 'select_ln162_2' <Predicate = (!icmp_ln160)> <Delay = 0.35> <CoreInst = "Sel">   --->   Core 73 'Sel' <Latency = 0> <II = 1> <Delay = 0.35> <FuncUnit> <Opcode : 'select'> <InPorts = 3> <OutPorts = 1>
ST_3 : Operation 56 [1/1] (0.00ns)   --->   "%tmp_239 = partselect i7 @_ssdm_op_PartSelect.i7.i11.i32.i32, i11 %select_ln162_1, i32 4, i32 10" [../cnn_gesture_hls.cpp:162->../cnn_gesture_hls.cpp:234]   --->   Operation 56 'partselect' 'tmp_239' <Predicate = (!icmp_ln160)> <Delay = 0.00>
ST_3 : Operation 57 [1/1] (0.77ns)   --->   "%icmp_ln162_4 = icmp_eq  i7 %tmp_239, i7 0" [../cnn_gesture_hls.cpp:162->../cnn_gesture_hls.cpp:234]   --->   Operation 57 'icmp' 'icmp_ln162_4' <Predicate = (!icmp_ln160)> <Delay = 0.77> <CoreInst = "Cmp">   --->   Core 9 'Cmp' <Latency = 0> <II = 1> <Delay = 0.77> <FuncUnit> <Opcode : 'seteq' 'setne' 'setle' 'setge' 'setlt' 'setgt'> <InPorts = 2> <OutPorts = 1>
ST_3 : Operation 58 [1/1] (0.00ns)   --->   "%select_ln162_1cast = zext i11 %select_ln162_1" [../cnn_gesture_hls.cpp:162->../cnn_gesture_hls.cpp:234]   --->   Operation 58 'zext' 'select_ln162_1cast' <Predicate = (!icmp_ln160)> <Delay = 0.00>
ST_3 : Operation 59 [1/1] (0.90ns)   --->   "%shl_ln162 = shl i16 %trunc_ln162_3, i16 %select_ln162_1cast" [../cnn_gesture_hls.cpp:162->../cnn_gesture_hls.cpp:234]   --->   Operation 59 'shl' 'shl_ln162' <Predicate = (!icmp_ln160)> <Delay = 0.90> <CoreInst = "Shifter">   --->   Core 75 'Shifter' <Latency = 0> <II = 1> <Delay = 0.90> <FuncUnit> <Opcode : 'shl' 'lshr' 'ashr'> <InPorts = 2> <OutPorts = 1>
ST_3 : Operation 60 [1/1] (0.35ns)   --->   "%select_ln162_3 = select i1 %icmp_ln162_4, i16 %shl_ln162, i16 0" [../cnn_gesture_hls.cpp:162->../cnn_gesture_hls.cpp:234]   --->   Operation 60 'select' 'select_ln162_3' <Predicate = (!icmp_ln160)> <Delay = 0.35> <CoreInst = "Sel">   --->   Core 73 'Sel' <Latency = 0> <II = 1> <Delay = 0.35> <FuncUnit> <Opcode : 'select'> <InPorts = 3> <OutPorts = 1>
ST_3 : Operation 61 [1/1] (0.00ns) (grouped into LUT with out node and_ln162)   --->   "%xor_ln162 = xor i1 %icmp_ln162, i1 1" [../cnn_gesture_hls.cpp:162->../cnn_gesture_hls.cpp:234]   --->   Operation 61 'xor' 'xor_ln162' <Predicate = (!icmp_ln160)> <Delay = 0.00> <CoreInst = "LogicGate">   --->   Core 74 'LogicGate' <Latency = 0> <II = 1> <Delay = 0.28> <FuncUnit> <Opcode : 'and' 'or' 'xor'> <InPorts = 2> <OutPorts = 1>
ST_3 : Operation 62 [1/1] (0.28ns) (out node of the LUT)   --->   "%and_ln162 = and i1 %icmp_ln162_2, i1 %xor_ln162" [../cnn_gesture_hls.cpp:162->../cnn_gesture_hls.cpp:234]   --->   Operation 62 'and' 'and_ln162' <Predicate = (!icmp_ln160)> <Delay = 0.28> <CoreInst = "LogicGate">   --->   Core 74 'LogicGate' <Latency = 0> <II = 1> <Delay = 0.28> <FuncUnit> <Opcode : 'and' 'or' 'xor'> <InPorts = 2> <OutPorts = 1>
ST_3 : Operation 63 [1/1] (0.00ns) (grouped into LUT with out node and_ln162_1)   --->   "%or_ln162 = or i1 %icmp_ln162, i1 %icmp_ln162_2" [../cnn_gesture_hls.cpp:162->../cnn_gesture_hls.cpp:234]   --->   Operation 63 'or' 'or_ln162' <Predicate = (!icmp_ln160)> <Delay = 0.00> <CoreInst = "LogicGate">   --->   Core 74 'LogicGate' <Latency = 0> <II = 1> <Delay = 0.28> <FuncUnit> <Opcode : 'and' 'or' 'xor'> <InPorts = 2> <OutPorts = 1>
ST_3 : Operation 64 [1/1] (0.00ns) (grouped into LUT with out node and_ln162_1)   --->   "%xor_ln162_1 = xor i1 %or_ln162, i1 1" [../cnn_gesture_hls.cpp:162->../cnn_gesture_hls.cpp:234]   --->   Operation 64 'xor' 'xor_ln162_1' <Predicate = (!icmp_ln160)> <Delay = 0.00> <CoreInst = "LogicGate">   --->   Core 74 'LogicGate' <Latency = 0> <II = 1> <Delay = 0.28> <FuncUnit> <Opcode : 'and' 'or' 'xor'> <InPorts = 2> <OutPorts = 1>
ST_3 : Operation 65 [1/1] (0.28ns) (out node of the LUT)   --->   "%and_ln162_1 = and i1 %icmp_ln162_1, i1 %xor_ln162_1" [../cnn_gesture_hls.cpp:162->../cnn_gesture_hls.cpp:234]   --->   Operation 65 'and' 'and_ln162_1' <Predicate = (!icmp_ln160)> <Delay = 0.28> <CoreInst = "LogicGate">   --->   Core 74 'LogicGate' <Latency = 0> <II = 1> <Delay = 0.28> <FuncUnit> <Opcode : 'and' 'or' 'xor'> <InPorts = 2> <OutPorts = 1>
ST_3 : Operation 66 [1/1] (0.00ns)   --->   "%sel_tmp = bitconcatenate i3 @_ssdm_op_BitConcatenate.i3.i1.i1.i1, i1 %icmp_ln162, i1 %and_ln162, i1 %and_ln162_1" [../cnn_gesture_hls.cpp:162->../cnn_gesture_hls.cpp:234]   --->   Operation 66 'bitconcatenate' 'sel_tmp' <Predicate = (!icmp_ln160)> <Delay = 0.00>
ST_3 : Operation 67 [1/1] (0.47ns)   --->   "%storemerge4_i8 = sparsemux i16 @_ssdm_op_SparseMux.ap_auto.4i16.i16.i3, i3 4, i16 0, i3 2, i16 %trunc_ln162_3, i3 1, i16 %select_ln162_2, i3 0, i16 %select_ln162_3, i16 0, i3 %sel_tmp" [../cnn_gesture_hls.cpp:162->../cnn_gesture_hls.cpp:234]   --->   Operation 67 'sparsemux' 'storemerge4_i8' <Predicate = (!icmp_ln160)> <Delay = 0.47> <CoreInst = "OneHotSparseMux_HasDef">   --->   Core 152 'OneHotSparseMux_HasDef' <Latency = 0> <II = 1> <Delay = 0.47> <FuncUnit> <Opcode : 'sparsemux'> <InPorts = 2> <OutPorts = 1>
ST_3 : Operation 68 [1/1] (0.00ns)   --->   "%flat_addr = getelementptr i16 %flat, i64 0, i64 %zext_ln160" [../cnn_gesture_hls.cpp:162->../cnn_gesture_hls.cpp:234]   --->   Operation 68 'getelementptr' 'flat_addr' <Predicate = (!icmp_ln160)> <Delay = 0.00>
ST_3 : Operation 69 [2/2] (1.23ns)   --->   "%flat_load = load i11 %flat_addr" [../cnn_gesture_hls.cpp:162->../cnn_gesture_hls.cpp:234]   --->   Operation 69 'load' 'flat_load' <Predicate = (!icmp_ln160)> <Delay = 1.23> <CoreInst = "RAM">   --->   Core 82 'RAM' <Latency = 1> <II = 1> <Delay = 1.23> <Storage> <Opcode : 'load' 'store'> <Ports = 2> <Width = 16> <Depth = 1600> <RAM>

State 4 <SV = 3> <Delay = 2.23>
ST_4 : Operation 70 [1/2] ( I:1.23ns O:1.23ns )   --->   "%flat_load = load i11 %flat_addr" [../cnn_gesture_hls.cpp:162->../cnn_gesture_hls.cpp:234]   --->   Operation 70 'load' 'flat_load' <Predicate = (!icmp_ln160)> <Delay = 1.23> <CoreInst = "RAM">   --->   Core 82 'RAM' <Latency = 1> <II = 1> <Delay = 1.23> <Storage> <Opcode : 'load' 'store'> <Ports = 2> <Width = 16> <Depth = 1600> <RAM>
ST_4 : Operation 71 [1/1] (0.00ns)   --->   "%sext_ln162_1 = sext i16 %flat_load" [../cnn_gesture_hls.cpp:162->../cnn_gesture_hls.cpp:234]   --->   Operation 71 'sext' 'sext_ln162_1' <Predicate = (!icmp_ln160)> <Delay = 0.00>
ST_4 : Operation 72 [1/1] (0.00ns)   --->   "%sext_ln162_2 = sext i16 %storemerge4_i8" [../cnn_gesture_hls.cpp:162->../cnn_gesture_hls.cpp:234]   --->   Operation 72 'sext' 'sext_ln162_2' <Predicate = (!icmp_ln160)> <Delay = 0.00>
ST_4 : Operation 73 [3/3] (0.99ns) (grouped into DSP with root node sum_12)   --->   "%mul_ln162 = mul i32 %sext_ln162_1, i32 %sext_ln162_2" [../cnn_gesture_hls.cpp:162->../cnn_gesture_hls.cpp:234]   --->   Operation 73 'mul' 'mul_ln162' <Predicate = (!icmp_ln160)> <Delay = 0.99> <CoreInst = "DSP48">   --->   Core 124 'DSP48' <Latency = 3> <II = 1> <Delay = 0.53> <IPBlock> <Opcode : 'add' 'sub' 'mul' 'select'> <InPorts = 0> <OutPorts = 1> <Sync> <CReg>

State 5 <SV = 4> <Delay = 0.99>
ST_5 : Operation 74 [2/3] (0.99ns) (grouped into DSP with root node sum_12)   --->   "%mul_ln162 = mul i32 %sext_ln162_1, i32 %sext_ln162_2" [../cnn_gesture_hls.cpp:162->../cnn_gesture_hls.cpp:234]   --->   Operation 74 'mul' 'mul_ln162' <Predicate = (!icmp_ln160)> <Delay = 0.99> <CoreInst = "DSP48">   --->   Core 124 'DSP48' <Latency = 3> <II = 1> <Delay = 0.53> <IPBlock> <Opcode : 'add' 'sub' 'mul' 'select'> <InPorts = 0> <OutPorts = 1> <Sync> <CReg>

State 6 <SV = 5> <Delay = 0.64>
ST_6 : Operation 75 [1/1] (0.00ns)   --->   "%sum = load i32 %sum_9" [../cnn_gesture_hls.cpp:162->../cnn_gesture_hls.cpp:234]   --->   Operation 75 'load' 'sum' <Predicate = true> <Delay = 0.00>
ST_6 : Operation 76 [1/1] (0.00ns)   --->   "%trunc_ln160 = trunc i32 %sum" [../cnn_gesture_hls.cpp:160->../cnn_gesture_hls.cpp:234]   --->   Operation 76 'trunc' 'trunc_ln160' <Predicate = true> <Delay = 0.00>
ST_6 : Operation 77 [1/3] (0.00ns) (grouped into DSP with root node sum_12)   --->   "%mul_ln162 = mul i32 %sext_ln162_1, i32 %sext_ln162_2" [../cnn_gesture_hls.cpp:162->../cnn_gesture_hls.cpp:234]   --->   Operation 77 'mul' 'mul_ln162' <Predicate = (!icmp_ln160)> <Delay = 0.00> <CoreInst = "DSP48">   --->   Core 124 'DSP48' <Latency = 3> <II = 1> <Delay = 0.53> <IPBlock> <Opcode : 'add' 'sub' 'mul' 'select'> <InPorts = 0> <OutPorts = 1> <Sync> <CReg>
ST_6 : Operation 78 [2/2] (0.64ns) (root node of the DSP)   --->   "%sum_12 = add i32 %mul_ln162, i32 %sum" [../cnn_gesture_hls.cpp:162->../cnn_gesture_hls.cpp:234]   --->   Operation 78 'add' 'sum_12' <Predicate = (!icmp_ln160)> <Delay = 0.64> <CoreInst = "DSP48">   --->   Core 124 'DSP48' <Latency = 3> <II = 1> <Delay = 0.53> <IPBlock> <Opcode : 'add' 'sub' 'mul' 'select'> <InPorts = 0> <OutPorts = 1> <Sync> <CReg>
ST_6 : Operation 85 [1/1] (0.00ns)   --->   "%write_ln160 = write void @_ssdm_op_Write.ap_auto.i26P0A, i26 %sum_9_out, i26 %trunc_ln160" [../cnn_gesture_hls.cpp:160->../cnn_gesture_hls.cpp:234]   --->   Operation 85 'write' 'write_ln160' <Predicate = (icmp_ln160)> <Delay = 0.00>
ST_6 : Operation 86 [1/1] (0.42ns)   --->   "%ret_ln0 = ret"   --->   Operation 86 'ret' 'ret_ln0' <Predicate = (icmp_ln160)> <Delay = 0.42>

State 7 <SV = 6> <Delay = 1.71>
ST_7 : Operation 79 [1/1] (0.00ns)   --->   "%specpipeline_ln158 = specpipeline void @_ssdm_op_SpecPipeline, i32 4294967295, i32 0, i32 0, i32 0, i32 4294967295, void @empty_10" [../cnn_gesture_hls.cpp:158->../cnn_gesture_hls.cpp:234]   --->   Operation 79 'specpipeline' 'specpipeline_ln158' <Predicate = true> <Delay = 0.00>
ST_7 : Operation 80 [1/1] (0.00ns)   --->   "%speclooptripcount_ln158 = speclooptripcount void @_ssdm_op_SpecLoopTripCount, i64 1600, i64 1600, i64 1600" [../cnn_gesture_hls.cpp:158->../cnn_gesture_hls.cpp:234]   --->   Operation 80 'speclooptripcount' 'speclooptripcount_ln158' <Predicate = true> <Delay = 0.00>
ST_7 : Operation 81 [1/1] (0.00ns)   --->   "%specloopname_ln160 = specloopname void @_ssdm_op_SpecLoopName, void @empty_4" [../cnn_gesture_hls.cpp:160->../cnn_gesture_hls.cpp:234]   --->   Operation 81 'specloopname' 'specloopname_ln160' <Predicate = true> <Delay = 0.00>
ST_7 : Operation 82 [1/2] (0.64ns) (root node of the DSP)   --->   "%sum_12 = add i32 %mul_ln162, i32 %sum" [../cnn_gesture_hls.cpp:162->../cnn_gesture_hls.cpp:234]   --->   Operation 82 'add' 'sum_12' <Predicate = true> <Delay = 0.64> <CoreInst = "DSP48">   --->   Core 124 'DSP48' <Latency = 3> <II = 1> <Delay = 0.53> <IPBlock> <Opcode : 'add' 'sub' 'mul' 'select'> <InPorts = 0> <OutPorts = 1> <Sync> <CReg>
ST_7 : Operation 83 [1/1] (0.42ns)   --->   "%store_ln158 = store i32 %sum_12, i32 %sum_9" [../cnn_gesture_hls.cpp:158->../cnn_gesture_hls.cpp:234]   --->   Operation 83 'store' 'store_ln158' <Predicate = true> <Delay = 0.42>
ST_7 : Operation 84 [1/1] (0.00ns)   --->   "%br_ln160 = br void %for.body4.i681" [../cnn_gesture_hls.cpp:160->../cnn_gesture_hls.cpp:234]   --->   Operation 84 'br' 'br_ln160' <Predicate = true> <Delay = 0.00>


============================================================
+ Verbose Summary: Binding
============================================================
STG Binding: 
---------------- STG Properties BEGIN ----------------
- Is combinational: 0
- Is one-state seq: 0
- Is datapath-only: 0
- Is pipelined: 0
- Is top level: 0
Port [ Return ] is wired: 1; IO mode=ap_ctrl_hs:ce=0
Port [ sext_ln158_2]:  wired=1; compound=0; hidden=0; nouse=0; global=0; static=0; extern=0; dir=0; type=0; pingpong=0; private_global=0; IO mode=ap_none:ce=0
Port [ empty]:  wired=1; compound=0; hidden=0; nouse=0; global=0; static=0; extern=0; dir=0; type=0; pingpong=0; private_global=0; IO mode=ap_none:ce=0
Port [ flat]:  wired=1; compound=1; hidden=0; nouse=0; global=0; static=0; extern=0; dir=0; type=1; pingpong=0; private_global=0; MemPort=[13]; IO mode=ap_memory:ce=0
Port [ sum_9_out]:  wired=1; compound=0; hidden=0; nouse=0; global=0; static=0; extern=0; dir=1; type=0; pingpong=0; private_global=0; IO mode=ap_vld:ce=0
Port [ dense_param_0]:  wired=0; compound=1; hidden=1; nouse=0; global=1; static=1; extern=0; dir=0; type=1; pingpong=0; private_global=1; MemPort=[1]; IO mode=ap_memory:ce=0
---------------- STG Properties END ------------------

---------------- Datapath Model BEGIN ----------------

<LifeTime>
<method=bitvector/>
sum_9                   (alloca           ) [ 01111111]
i_2                     (alloca           ) [ 01000000]
tmp                     (read             ) [ 00000000]
sext_ln158_2_read       (read             ) [ 00000000]
sext_ln158_2_cast       (sext             ) [ 00000000]
store_ln29              (store            ) [ 00000000]
store_ln158             (store            ) [ 00000000]
br_ln0                  (br               ) [ 00000000]
i                       (load             ) [ 01110000]
icmp_ln160              (icmp             ) [ 01111110]
add_ln160               (add              ) [ 00000000]
br_ln160                (br               ) [ 00000000]
wi_6                    (bitconcatenate   ) [ 00000000]
zext_ln162_1            (zext             ) [ 00000000]
dense_param_0_addr      (getelementptr    ) [ 01100000]
store_ln29              (store            ) [ 00000000]
dense_param_0_load      (load             ) [ 01010000]
zext_ln160              (zext             ) [ 00000000]
pf                      (fpext            ) [ 00000000]
bitcast_ln726_10        (bitcast          ) [ 00000000]
trunc_ln162             (trunc            ) [ 00000000]
tmp_238                 (bitselect        ) [ 00000000]
tmp_42                  (partselect       ) [ 00000000]
zext_ln162              (zext             ) [ 00000000]
trunc_ln162_1           (trunc            ) [ 00000000]
zext_ln162_3_cast       (bitconcatenate   ) [ 00000000]
zext_ln162_3            (zext             ) [ 00000000]
sub_ln162               (sub              ) [ 00000000]
select_ln162            (select           ) [ 00000000]
icmp_ln162              (icmp             ) [ 00000000]
sub_ln162_1             (sub              ) [ 00000000]
trunc_ln162_2           (trunc            ) [ 00000000]
icmp_ln162_1            (icmp             ) [ 00000000]
add_ln162               (add              ) [ 00000000]
sub_ln162_2             (sub              ) [ 00000000]
select_ln162_1          (select           ) [ 00000000]
icmp_ln162_2            (icmp             ) [ 00000000]
trunc_ln162_3           (trunc            ) [ 00000000]
icmp_ln162_3            (icmp             ) [ 00000000]
select_ln162_4          (select           ) [ 00000000]
zext_ln162_2            (zext             ) [ 00000000]
ashr_ln162              (ashr             ) [ 00000000]
trunc_ln162_4           (trunc            ) [ 00000000]
select_ln162_2          (select           ) [ 00000000]
tmp_239                 (partselect       ) [ 00000000]
icmp_ln162_4            (icmp             ) [ 00000000]
select_ln162_1cast      (zext             ) [ 00000000]
shl_ln162               (shl              ) [ 00000000]
select_ln162_3          (select           ) [ 00000000]
xor_ln162               (xor              ) [ 00000000]
and_ln162               (and              ) [ 00000000]
or_ln162                (or               ) [ 00000000]
xor_ln162_1             (xor              ) [ 00000000]
and_ln162_1             (and              ) [ 00000000]
sel_tmp                 (bitconcatenate   ) [ 00000000]
storemerge4_i8          (sparsemux        ) [ 01001000]
flat_addr               (getelementptr    ) [ 01001000]
flat_load               (load             ) [ 00000000]
sext_ln162_1            (sext             ) [ 01000110]
sext_ln162_2            (sext             ) [ 01000110]
sum                     (load             ) [ 01000001]
trunc_ln160             (trunc            ) [ 00000000]
mul_ln162               (mul              ) [ 01000001]
specpipeline_ln158      (specpipeline     ) [ 00000000]
speclooptripcount_ln158 (speclooptripcount) [ 00000000]
specloopname_ln160      (specloopname     ) [ 00000000]
sum_12                  (add              ) [ 00000000]
store_ln158             (store            ) [ 00000000]
br_ln160                (br               ) [ 00000000]
write_ln160             (write            ) [ 00000000]
ret_ln0                 (ret              ) [ 00000000]
</LifeTime>

<model>

<comp_list>
<comp id="0" class="1000" name="sext_ln158_2">
<pin_list>
<pin id="1" dir="1" index="0" bw="1" slack="0"/>
</pin_list>
<bind>
<StgValue><ssdm name="sext_ln158_2"/></StgValue>
</bind>
</comp>

<comp id="2" class="1000" name="empty">
<pin_list>
<pin id="3" dir="1" index="0" bw="1" slack="0"/>
</pin_list>
<bind>
<StgValue><ssdm name="empty"/></StgValue>
</bind>
</comp>

<comp id="4" class="1000" name="flat">
<pin_list>
<pin id="5" dir="1" index="0" bw="1" slack="0"/>
</pin_list>
<bind>
<StgValue><ssdm name="flat"/><MemPortTyVec>1 3 </MemPortTyVec>
</StgValue>
</bind>
</comp>

<comp id="6" class="1000" name="sum_9_out">
<pin_list>
<pin id="7" dir="1" index="0" bw="1" slack="0"/>
</pin_list>
<bind>
<StgValue><ssdm name="sum_9_out"/></StgValue>
</bind>
</comp>

<comp id="8" class="1000" name="dense_param_0">
<pin_list>
<pin id="9" dir="1" index="0" bw="1" slack="0"/>
</pin_list>
<bind>
<StgValue><ssdm name="dense_param_0"/><MemPortTyVec>1 </MemPortTyVec>
</StgValue>
</bind>
</comp>

<comp id="10" class="1001" name="const_10">
<pin_list>
<pin id="11" dir="1" index="0" bw="1" slack="0"/>
</pin_list>
<bind>
<StgValue><ssdm name=""/></StgValue>
</bind>
</comp>

<comp id="12" class="1001" name="const_12">
<pin_list>
<pin id="13" dir="1" index="0" bw="1" slack="0"/>
</pin_list>
<bind>
<StgValue><ssdm name="_ssdm_op_Read.ap_auto.i7"/></StgValue>
</bind>
</comp>

<comp id="14" class="1001" name="const_14">
<pin_list>
<pin id="15" dir="1" index="0" bw="1" slack="0"/>
</pin_list>
<bind>
<StgValue><ssdm name="_ssdm_op_Read.ap_auto.i26"/></StgValue>
</bind>
</comp>

<comp id="16" class="1001" name="const_16">
<pin_list>
<pin id="17" dir="1" index="0" bw="1" slack="0"/>
</pin_list>
<bind>
<StgValue><ssdm name=""/></StgValue>
</bind>
</comp>

<comp id="18" class="1001" name="const_18">
<pin_list>
<pin id="19" dir="1" index="0" bw="1" slack="0"/>
</pin_list>
<bind>
<StgValue><ssdm name=""/></StgValue>
</bind>
</comp>

<comp id="20" class="1001" name="const_20">
<pin_list>
<pin id="21" dir="1" index="0" bw="1" slack="0"/>
</pin_list>
<bind>
<StgValue><ssdm name=""/></StgValue>
</bind>
</comp>

<comp id="22" class="1001" name="const_22">
<pin_list>
<pin id="23" dir="1" index="0" bw="1" slack="0"/>
</pin_list>
<bind>
<StgValue><ssdm name="_ssdm_op_BitConcatenate.i18.i11.i7"/></StgValue>
</bind>
</comp>

<comp id="24" class="1001" name="const_24">
<pin_list>
<pin id="25" dir="1" index="0" bw="1" slack="0"/>
</pin_list>
<bind>
<StgValue><ssdm name=""/></StgValue>
</bind>
</comp>

<comp id="26" class="1001" name="const_26">
<pin_list>
<pin id="27" dir="1" index="0" bw="1" slack="0"/>
</pin_list>
<bind>
<StgValue><ssdm name="_ssdm_op_BitSelect.i1.i64.i32"/></StgValue>
</bind>
</comp>

<comp id="28" class="1001" name="const_28">
<pin_list>
<pin id="29" dir="1" index="0" bw="1" slack="0"/>
</pin_list>
<bind>
<StgValue><ssdm name=""/></StgValue>
</bind>
</comp>

<comp id="30" class="1001" name="const_30">
<pin_list>
<pin id="31" dir="1" index="0" bw="1" slack="0"/>
</pin_list>
<bind>
<StgValue><ssdm name="_ssdm_op_PartSelect.i11.i64.i32"/></StgValue>
</bind>
</comp>

<comp id="32" class="1001" name="const_32">
<pin_list>
<pin id="33" dir="1" index="0" bw="1" slack="0"/>
</pin_list>
<bind>
<StgValue><ssdm name=""/></StgValue>
</bind>
</comp>

<comp id="34" class="1001" name="const_34">
<pin_list>
<pin id="35" dir="1" index="0" bw="1" slack="0"/>
</pin_list>
<bind>
<StgValue><ssdm name="_ssdm_op_BitConcatenate.i53.i1.i52"/></StgValue>
</bind>
</comp>

<comp id="36" class="1001" name="const_36">
<pin_list>
<pin id="37" dir="1" index="0" bw="1" slack="0"/>
</pin_list>
<bind>
<StgValue><ssdm name=""/></StgValue>
</bind>
</comp>

<comp id="38" class="1001" name="const_38">
<pin_list>
<pin id="39" dir="1" index="0" bw="1" slack="0"/>
</pin_list>
<bind>
<StgValue><ssdm name=""/></StgValue>
</bind>
</comp>

<comp id="40" class="1001" name="const_40">
<pin_list>
<pin id="41" dir="1" index="0" bw="1" slack="0"/>
</pin_list>
<bind>
<StgValue><ssdm name=""/></StgValue>
</bind>
</comp>

<comp id="42" class="1001" name="const_42">
<pin_list>
<pin id="43" dir="1" index="0" bw="1" slack="0"/>
</pin_list>
<bind>
<StgValue><ssdm name=""/></StgValue>
</bind>
</comp>

<comp id="44" class="1001" name="const_44">
<pin_list>
<pin id="45" dir="1" index="0" bw="1" slack="0"/>
</pin_list>
<bind>
<StgValue><ssdm name=""/></StgValue>
</bind>
</comp>

<comp id="46" class="1001" name="const_46">
<pin_list>
<pin id="47" dir="1" index="0" bw="1" slack="0"/>
</pin_list>
<bind>
<StgValue><ssdm name=""/></StgValue>
</bind>
</comp>

<comp id="48" class="1001" name="const_48">
<pin_list>
<pin id="49" dir="1" index="0" bw="1" slack="0"/>
</pin_list>
<bind>
<StgValue><ssdm name=""/></StgValue>
</bind>
</comp>

<comp id="50" class="1001" name="const_50">
<pin_list>
<pin id="51" dir="1" index="0" bw="1" slack="0"/>
</pin_list>
<bind>
<StgValue><ssdm name=""/></StgValue>
</bind>
</comp>

<comp id="52" class="1001" name="const_52">
<pin_list>
<pin id="53" dir="1" index="0" bw="1" slack="0"/>
</pin_list>
<bind>
<StgValue><ssdm name=""/></StgValue>
</bind>
</comp>

<comp id="54" class="1001" name="const_54">
<pin_list>
<pin id="55" dir="1" index="0" bw="1" slack="0"/>
</pin_list>
<bind>
<StgValue><ssdm name=""/></StgValue>
</bind>
</comp>

<comp id="56" class="1001" name="const_56">
<pin_list>
<pin id="57" dir="1" index="0" bw="1" slack="0"/>
</pin_list>
<bind>
<StgValue><ssdm name="_ssdm_op_PartSelect.i7.i11.i32.i32"/></StgValue>
</bind>
</comp>

<comp id="58" class="1001" name="const_58">
<pin_list>
<pin id="59" dir="1" index="0" bw="1" slack="0"/>
</pin_list>
<bind>
<StgValue><ssdm name=""/></StgValue>
</bind>
</comp>

<comp id="60" class="1001" name="const_60">
<pin_list>
<pin id="61" dir="1" index="0" bw="1" slack="0"/>
</pin_list>
<bind>
<StgValue><ssdm name=""/></StgValue>
</bind>
</comp>

<comp id="62" class="1001" name="const_62">
<pin_list>
<pin id="63" dir="1" index="0" bw="1" slack="0"/>
</pin_list>
<bind>
<StgValue><ssdm name=""/></StgValue>
</bind>
</comp>

<comp id="64" class="1001" name="const_64">
<pin_list>
<pin id="65" dir="1" index="0" bw="1" slack="0"/>
</pin_list>
<bind>
<StgValue><ssdm name="_ssdm_op_BitConcatenate.i3.i1.i1.i1"/></StgValue>
</bind>
</comp>

<comp id="66" class="1001" name="const_66">
<pin_list>
<pin id="67" dir="1" index="0" bw="1" slack="0"/>
</pin_list>
<bind>
<StgValue><ssdm name="_ssdm_op_SparseMux.ap_auto.4i16.i16.i3"/></StgValue>
</bind>
</comp>

<comp id="68" class="1001" name="const_68">
<pin_list>
<pin id="69" dir="1" index="0" bw="1" slack="0"/>
</pin_list>
<bind>
<StgValue><ssdm name=""/></StgValue>
</bind>
</comp>

<comp id="70" class="1001" name="const_70">
<pin_list>
<pin id="71" dir="1" index="0" bw="1" slack="0"/>
</pin_list>
<bind>
<StgValue><ssdm name=""/></StgValue>
</bind>
</comp>

<comp id="72" class="1001" name="const_72">
<pin_list>
<pin id="73" dir="1" index="0" bw="1" slack="0"/>
</pin_list>
<bind>
<StgValue><ssdm name=""/></StgValue>
</bind>
</comp>

<comp id="74" class="1001" name="const_74">
<pin_list>
<pin id="75" dir="1" index="0" bw="1" slack="0"/>
</pin_list>
<bind>
<StgValue><ssdm name=""/></StgValue>
</bind>
</comp>

<comp id="76" class="1001" name="const_76">
<pin_list>
<pin id="77" dir="1" index="0" bw="1" slack="0"/>
</pin_list>
<bind>
<StgValue><ssdm name=""/></StgValue>
</bind>
</comp>

<comp id="78" class="1001" name="const_78">
<pin_list>
<pin id="79" dir="1" index="0" bw="1" slack="2147483647"/>
</pin_list>
<bind>
<StgValue><ssdm name="_ssdm_op_SpecPipeline"/></StgValue>
</bind>
</comp>

<comp id="80" class="1001" name="const_80">
<pin_list>
<pin id="81" dir="1" index="0" bw="1" slack="2147483647"/>
</pin_list>
<bind>
<StgValue><ssdm name=""/></StgValue>
</bind>
</comp>

<comp id="82" class="1001" name="const_82">
<pin_list>
<pin id="83" dir="1" index="0" bw="1" slack="2147483647"/>
</pin_list>
<bind>
<StgValue><ssdm name=""/></StgValue>
</bind>
</comp>

<comp id="84" class="1001" name="const_84">
<pin_list>
<pin id="85" dir="1" index="0" bw="1" slack="2147483647"/>
</pin_list>
<bind>
<StgValue><ssdm name="empty_10"/></StgValue>
</bind>
</comp>

<comp id="86" class="1001" name="const_86">
<pin_list>
<pin id="87" dir="1" index="0" bw="1" slack="2147483647"/>
</pin_list>
<bind>
<StgValue><ssdm name="_ssdm_op_SpecLoopTripCount"/></StgValue>
</bind>
</comp>

<comp id="88" class="1001" name="const_88">
<pin_list>
<pin id="89" dir="1" index="0" bw="1" slack="2147483647"/>
</pin_list>
<bind>
<StgValue><ssdm name=""/></StgValue>
</bind>
</comp>

<comp id="90" class="1001" name="const_90">
<pin_list>
<pin id="91" dir="1" index="0" bw="1" slack="2147483647"/>
</pin_list>
<bind>
<StgValue><ssdm name="_ssdm_op_SpecLoopName"/></StgValue>
</bind>
</comp>

<comp id="92" class="1001" name="const_92">
<pin_list>
<pin id="93" dir="1" index="0" bw="1" slack="2147483647"/>
</pin_list>
<bind>
<StgValue><ssdm name="empty_4"/></StgValue>
</bind>
</comp>

<comp id="94" class="1001" name="const_94">
<pin_list>
<pin id="95" dir="1" index="0" bw="1" slack="0"/>
</pin_list>
<bind>
<StgValue><ssdm name="_ssdm_op_Write.ap_auto.i26P0A"/></StgValue>
</bind>
</comp>

<comp id="96" class="1004" name="sum_9_fu_96">
<pin_list>
<pin id="97" dir="0" index="0" bw="1" slack="0"/>
<pin id="98" dir="1" index="1" bw="32" slack="0"/>
</pin_list>
<bind>
<opcode="alloca(26) " fcode="alloca"/>
<opset="sum_9/1 "/>
</bind>
</comp>

<comp id="100" class="1004" name="i_2_fu_100">
<pin_list>
<pin id="101" dir="0" index="0" bw="1" slack="0"/>
<pin id="102" dir="1" index="1" bw="11" slack="0"/>
</pin_list>
<bind>
<opcode="alloca(26) " fcode="alloca"/>
<opset="i_2/1 "/>
</bind>
</comp>

<comp id="104" class="1004" name="tmp_read_fu_104">
<pin_list>
<pin id="105" dir="0" index="0" bw="7" slack="0"/>
<pin id="106" dir="0" index="1" bw="7" slack="0"/>
<pin id="107" dir="1" index="2" bw="7" slack="0"/>
</pin_list>
<bind>
<opcode="read(1150) " fcode="read"/>
<opset="tmp/1 "/>
</bind>
</comp>

<comp id="110" class="1004" name="sext_ln158_2_read_read_fu_110">
<pin_list>
<pin id="111" dir="0" index="0" bw="26" slack="0"/>
<pin id="112" dir="0" index="1" bw="26" slack="0"/>
<pin id="113" dir="1" index="2" bw="26" slack="0"/>
</pin_list>
<bind>
<opcode="read(1150) " fcode="read"/>
<opset="sext_ln158_2_read/1 "/>
</bind>
</comp>

<comp id="116" class="1004" name="write_ln160_write_fu_116">
<pin_list>
<pin id="117" dir="0" index="0" bw="0" slack="0"/>
<pin id="118" dir="0" index="1" bw="26" slack="0"/>
<pin id="119" dir="0" index="2" bw="26" slack="0"/>
<pin id="120" dir="1" index="3" bw="0" slack="2147483647"/>
</pin_list>
<bind>
<opcode="write(1151) " fcode="write"/>
<opset="write_ln160/6 "/>
</bind>
</comp>

<comp id="123" class="1004" name="dense_param_0_addr_gep_fu_123">
<pin_list>
<pin id="124" dir="0" index="0" bw="32" slack="0"/>
<pin id="125" dir="0" index="1" bw="1" slack="0"/>
<pin id="126" dir="0" index="2" bw="18" slack="0"/>
<pin id="127" dir="1" index="3" bw="18" slack="0"/>
</pin_list>
<bind>
<opcode="getelementptr(29) " fcode="getelementptr"/>
<opset="dense_param_0_addr/1 "/>
</bind>
</comp>

<comp id="130" class="1004" name="grp_access_fu_130">
<pin_list>
<pin id="131" dir="0" index="0" bw="18" slack="0"/>
<pin id="132" dir="0" index="1" bw="32" slack="2147483647"/>
<pin id="133" dir="0" index="2" bw="0" slack="2147483647"/>
<pin id="134" dir="1" index="3" bw="32" slack="0"/>
</pin_list>
<bind>
<opcode="load(27) " fcode="load"/>
<opset="dense_param_0_load/1 "/>
</bind>
</comp>

<comp id="136" class="1004" name="flat_addr_gep_fu_136">
<pin_list>
<pin id="137" dir="0" index="0" bw="16" slack="0"/>
<pin id="138" dir="0" index="1" bw="1" slack="0"/>
<pin id="139" dir="0" index="2" bw="11" slack="0"/>
<pin id="140" dir="1" index="3" bw="11" slack="0"/>
</pin_list>
<bind>
<opcode="getelementptr(29) " fcode="getelementptr"/>
<opset="flat_addr/3 "/>
</bind>
</comp>

<comp id="143" class="1004" name="grp_access_fu_143">
<pin_list>
<pin id="144" dir="0" index="0" bw="11" slack="0"/>
<pin id="145" dir="0" index="1" bw="16" slack="2147483647"/>
<pin id="146" dir="0" index="2" bw="0" slack="2147483647"/>
<pin id="147" dir="1" index="3" bw="16" slack="0"/>
</pin_list>
<bind>
<opcode="load(27) " fcode="load"/>
<opset="flat_load/3 "/>
</bind>
</comp>

<comp id="149" class="1004" name="grp_fu_149">
<pin_list>
<pin id="150" dir="0" index="0" bw="32" slack="0"/>
<pin id="151" dir="1" index="1" bw="64" slack="0"/>
</pin_list>
<bind>
<opcode="fpext(41) " fcode="fpext"/>
<opset="pf/2 "/>
</bind>
</comp>

<comp id="153" class="1004" name="sext_ln158_2_cast_fu_153">
<pin_list>
<pin id="154" dir="0" index="0" bw="26" slack="0"/>
<pin id="155" dir="1" index="1" bw="32" slack="0"/>
</pin_list>
<bind>
<opcode="sext(35) " fcode="sext"/>
<opset="sext_ln158_2_cast/1 "/>
</bind>
</comp>

<comp id="157" class="1004" name="store_ln29_store_fu_157">
<pin_list>
<pin id="158" dir="0" index="0" bw="1" slack="0"/>
<pin id="159" dir="0" index="1" bw="11" slack="0"/>
<pin id="160" dir="1" index="2" bw="0" slack="2147483647"/>
</pin_list>
<bind>
<opcode="store(28) " fcode="store"/>
<opset="store_ln29/1 "/>
</bind>
</comp>

<comp id="162" class="1004" name="store_ln158_store_fu_162">
<pin_list>
<pin id="163" dir="0" index="0" bw="26" slack="0"/>
<pin id="164" dir="0" index="1" bw="32" slack="0"/>
<pin id="165" dir="1" index="2" bw="0" slack="2147483647"/>
</pin_list>
<bind>
<opcode="store(28) " fcode="store"/>
<opset="store_ln158/1 "/>
</bind>
</comp>

<comp id="167" class="1004" name="i_load_fu_167">
<pin_list>
<pin id="168" dir="0" index="0" bw="11" slack="0"/>
<pin id="169" dir="1" index="1" bw="11" slack="0"/>
</pin_list>
<bind>
<opcode="load(27) " fcode="load"/>
<opset="i/1 "/>
</bind>
</comp>

<comp id="170" class="1004" name="icmp_ln160_fu_170">
<pin_list>
<pin id="171" dir="0" index="0" bw="11" slack="0"/>
<pin id="172" dir="0" index="1" bw="11" slack="0"/>
<pin id="173" dir="1" index="2" bw="1" slack="1"/>
</pin_list>
<bind>
<opcode="icmp(45) " fcode="icmp"/>
<opset="icmp_ln160/1 "/>
</bind>
</comp>

<comp id="176" class="1004" name="add_ln160_fu_176">
<pin_list>
<pin id="177" dir="0" index="0" bw="11" slack="0"/>
<pin id="178" dir="0" index="1" bw="1" slack="0"/>
<pin id="179" dir="1" index="2" bw="11" slack="0"/>
</pin_list>
<bind>
<opcode="add(8) " fcode="add"/>
<opset="add_ln160/1 "/>
</bind>
</comp>

<comp id="182" class="1004" name="wi_6_fu_182">
<pin_list>
<pin id="183" dir="0" index="0" bw="18" slack="0"/>
<pin id="184" dir="0" index="1" bw="11" slack="0"/>
<pin id="185" dir="0" index="2" bw="7" slack="0"/>
<pin id="186" dir="1" index="3" bw="18" slack="0"/>
</pin_list>
<bind>
<opcode="bitconcatenate(1004) " fcode="bitconcatenate"/>
<opset="wi_6/1 "/>
</bind>
</comp>

<comp id="190" class="1004" name="zext_ln162_1_fu_190">
<pin_list>
<pin id="191" dir="0" index="0" bw="18" slack="0"/>
<pin id="192" dir="1" index="1" bw="64" slack="0"/>
</pin_list>
<bind>
<opcode="zext(34) " fcode="zext"/>
<opset="zext_ln162_1/1 "/>
</bind>
</comp>

<comp id="195" class="1004" name="store_ln29_store_fu_195">
<pin_list>
<pin id="196" dir="0" index="0" bw="11" slack="0"/>
<pin id="197" dir="0" index="1" bw="11" slack="0"/>
<pin id="198" dir="1" index="2" bw="0" slack="2147483647"/>
</pin_list>
<bind>
<opcode="store(28) " fcode="store"/>
<opset="store_ln29/1 "/>
</bind>
</comp>

<comp id="200" class="1004" name="zext_ln160_fu_200">
<pin_list>
<pin id="201" dir="0" index="0" bw="11" slack="2"/>
<pin id="202" dir="1" index="1" bw="64" slack="0"/>
</pin_list>
<bind>
<opcode="zext(34) " fcode="zext"/>
<opset="zext_ln160/3 "/>
</bind>
</comp>

<comp id="204" class="1004" name="bitcast_ln726_10_fu_204">
<pin_list>
<pin id="205" dir="0" index="0" bw="64" slack="0"/>
<pin id="206" dir="1" index="1" bw="64" slack="0"/>
</pin_list>
<bind>
<opcode="bitcast(44) " fcode="bitcast"/>
<opset="bitcast_ln726_10/3 "/>
</bind>
</comp>

<comp id="208" class="1004" name="trunc_ln162_fu_208">
<pin_list>
<pin id="209" dir="0" index="0" bw="64" slack="0"/>
<pin id="210" dir="1" index="1" bw="63" slack="0"/>
</pin_list>
<bind>
<opcode="trunc(33) " fcode="trunc"/>
<opset="trunc_ln162/3 "/>
</bind>
</comp>

<comp id="212" class="1004" name="tmp_238_fu_212">
<pin_list>
<pin id="213" dir="0" index="0" bw="1" slack="0"/>
<pin id="214" dir="0" index="1" bw="64" slack="0"/>
<pin id="215" dir="0" index="2" bw="7" slack="0"/>
<pin id="216" dir="1" index="3" bw="1" slack="0"/>
</pin_list>
<bind>
<opcode="bitselect(1000) " fcode="bitselect"/>
<opset="tmp_238/3 "/>
</bind>
</comp>

<comp id="220" class="1004" name="tmp_42_fu_220">
<pin_list>
<pin id="221" dir="0" index="0" bw="11" slack="0"/>
<pin id="222" dir="0" index="1" bw="64" slack="0"/>
<pin id="223" dir="0" index="2" bw="7" slack="0"/>
<pin id="224" dir="1" index="3" bw="11" slack="0"/>
</pin_list>
<bind>
<opcode="partselect(1002) " fcode="partselect"/>
<opset="tmp_42/3 "/>
</bind>
</comp>

<comp id="228" class="1004" name="zext_ln162_fu_228">
<pin_list>
<pin id="229" dir="0" index="0" bw="11" slack="0"/>
<pin id="230" dir="1" index="1" bw="12" slack="0"/>
</pin_list>
<bind>
<opcode="zext(34) " fcode="zext"/>
<opset="zext_ln162/3 "/>
</bind>
</comp>

<comp id="232" class="1004" name="trunc_ln162_1_fu_232">
<pin_list>
<pin id="233" dir="0" index="0" bw="64" slack="0"/>
<pin id="234" dir="1" index="1" bw="52" slack="0"/>
</pin_list>
<bind>
<opcode="trunc(33) " fcode="trunc"/>
<opset="trunc_ln162_1/3 "/>
</bind>
</comp>

<comp id="236" class="1004" name="zext_ln162_3_cast_fu_236">
<pin_list>
<pin id="237" dir="0" index="0" bw="53" slack="0"/>
<pin id="238" dir="0" index="1" bw="1" slack="0"/>
<pin id="239" dir="0" index="2" bw="52" slack="0"/>
<pin id="240" dir="1" index="3" bw="53" slack="0"/>
</pin_list>
<bind>
<opcode="bitconcatenate(1004) " fcode="bitconcatenate"/>
<opset="zext_ln162_3_cast/3 "/>
</bind>
</comp>

<comp id="244" class="1004" name="zext_ln162_3_fu_244">
<pin_list>
<pin id="245" dir="0" index="0" bw="53" slack="0"/>
<pin id="246" dir="1" index="1" bw="54" slack="0"/>
</pin_list>
<bind>
<opcode="zext(34) " fcode="zext"/>
<opset="zext_ln162_3/3 "/>
</bind>
</comp>

<comp id="248" class="1004" name="sub_ln162_fu_248">
<pin_list>
<pin id="249" dir="0" index="0" bw="1" slack="0"/>
<pin id="250" dir="0" index="1" bw="53" slack="0"/>
<pin id="251" dir="1" index="2" bw="54" slack="0"/>
</pin_list>
<bind>
<opcode="sub(10) " fcode="sub"/>
<opset="sub_ln162/3 "/>
</bind>
</comp>

<comp id="254" class="1004" name="select_ln162_fu_254">
<pin_list>
<pin id="255" dir="0" index="0" bw="1" slack="0"/>
<pin id="256" dir="0" index="1" bw="54" slack="0"/>
<pin id="257" dir="0" index="2" bw="54" slack="0"/>
<pin id="258" dir="1" index="3" bw="54" slack="0"/>
</pin_list>
<bind>
<opcode="select(49) " fcode="select"/>
<opset="select_ln162/3 "/>
</bind>
</comp>

<comp id="262" class="1004" name="icmp_ln162_fu_262">
<pin_list>
<pin id="263" dir="0" index="0" bw="63" slack="0"/>
<pin id="264" dir="0" index="1" bw="63" slack="0"/>
<pin id="265" dir="1" index="2" bw="1" slack="0"/>
</pin_list>
<bind>
<opcode="icmp(45) " fcode="icmp"/>
<opset="icmp_ln162/3 "/>
</bind>
</comp>

<comp id="268" class="1004" name="sub_ln162_1_fu_268">
<pin_list>
<pin id="269" dir="0" index="0" bw="12" slack="0"/>
<pin id="270" dir="0" index="1" bw="11" slack="0"/>
<pin id="271" dir="1" index="2" bw="12" slack="0"/>
</pin_list>
<bind>
<opcode="sub(10) " fcode="sub"/>
<opset="sub_ln162_1/3 "/>
</bind>
</comp>

<comp id="274" class="1004" name="trunc_ln162_2_fu_274">
<pin_list>
<pin id="275" dir="0" index="0" bw="12" slack="0"/>
<pin id="276" dir="1" index="1" bw="11" slack="0"/>
</pin_list>
<bind>
<opcode="trunc(33) " fcode="trunc"/>
<opset="trunc_ln162_2/3 "/>
</bind>
</comp>

<comp id="278" class="1004" name="icmp_ln162_1_fu_278">
<pin_list>
<pin id="279" dir="0" index="0" bw="12" slack="0"/>
<pin id="280" dir="0" index="1" bw="12" slack="0"/>
<pin id="281" dir="1" index="2" bw="1" slack="0"/>
</pin_list>
<bind>
<opcode="icmp(45) " fcode="icmp"/>
<opset="icmp_ln162_1/3 "/>
</bind>
</comp>

<comp id="284" class="1004" name="add_ln162_fu_284">
<pin_list>
<pin id="285" dir="0" index="0" bw="11" slack="0"/>
<pin id="286" dir="0" index="1" bw="5" slack="0"/>
<pin id="287" dir="1" index="2" bw="11" slack="0"/>
</pin_list>
<bind>
<opcode="add(8) " fcode="add"/>
<opset="add_ln162/3 "/>
</bind>
</comp>

<comp id="290" class="1004" name="sub_ln162_2_fu_290">
<pin_list>
<pin id="291" dir="0" index="0" bw="5" slack="0"/>
<pin id="292" dir="0" index="1" bw="11" slack="0"/>
<pin id="293" dir="1" index="2" bw="11" slack="0"/>
</pin_list>
<bind>
<opcode="sub(10) " fcode="sub"/>
<opset="sub_ln162_2/3 "/>
</bind>
</comp>

<comp id="296" class="1004" name="select_ln162_1_fu_296">
<pin_list>
<pin id="297" dir="0" index="0" bw="1" slack="0"/>
<pin id="298" dir="0" index="1" bw="11" slack="0"/>
<pin id="299" dir="0" index="2" bw="11" slack="0"/>
<pin id="300" dir="1" index="3" bw="11" slack="0"/>
</pin_list>
<bind>
<opcode="select(49) " fcode="select"/>
<opset="select_ln162_1/3 "/>
</bind>
</comp>

<comp id="304" class="1004" name="icmp_ln162_2_fu_304">
<pin_list>
<pin id="305" dir="0" index="0" bw="12" slack="0"/>
<pin id="306" dir="0" index="1" bw="12" slack="0"/>
<pin id="307" dir="1" index="2" bw="1" slack="0"/>
</pin_list>
<bind>
<opcode="icmp(45) " fcode="icmp"/>
<opset="icmp_ln162_2/3 "/>
</bind>
</comp>

<comp id="310" class="1004" name="trunc_ln162_3_fu_310">
<pin_list>
<pin id="311" dir="0" index="0" bw="54" slack="0"/>
<pin id="312" dir="1" index="1" bw="16" slack="0"/>
</pin_list>
<bind>
<opcode="trunc(33) " fcode="trunc"/>
<opset="trunc_ln162_3/3 "/>
</bind>
</comp>

<comp id="314" class="1004" name="icmp_ln162_3_fu_314">
<pin_list>
<pin id="315" dir="0" index="0" bw="11" slack="0"/>
<pin id="316" dir="0" index="1" bw="11" slack="0"/>
<pin id="317" dir="1" index="2" bw="1" slack="0"/>
</pin_list>
<bind>
<opcode="icmp(45) " fcode="icmp"/>
<opset="icmp_ln162_3/3 "/>
</bind>
</comp>

<comp id="320" class="1004" name="select_ln162_4_fu_320">
<pin_list>
<pin id="321" dir="0" index="0" bw="1" slack="0"/>
<pin id="322" dir="0" index="1" bw="16" slack="0"/>
<pin id="323" dir="0" index="2" bw="16" slack="0"/>
<pin id="324" dir="1" index="3" bw="16" slack="0"/>
</pin_list>
<bind>
<opcode="select(49) " fcode="select"/>
<opset="select_ln162_4/3 "/>
</bind>
</comp>

<comp id="328" class="1004" name="zext_ln162_2_fu_328">
<pin_list>
<pin id="329" dir="0" index="0" bw="11" slack="0"/>
<pin id="330" dir="1" index="1" bw="54" slack="0"/>
</pin_list>
<bind>
<opcode="zext(34) " fcode="zext"/>
<opset="zext_ln162_2/3 "/>
</bind>
</comp>

<comp id="332" class="1004" name="ashr_ln162_fu_332">
<pin_list>
<pin id="333" dir="0" index="0" bw="54" slack="0"/>
<pin id="334" dir="0" index="1" bw="11" slack="0"/>
<pin id="335" dir="1" index="2" bw="54" slack="0"/>
</pin_list>
<bind>
<opcode="ashr(22) " fcode="ashr"/>
<opset="ashr_ln162/3 "/>
</bind>
</comp>

<comp id="338" class="1004" name="trunc_ln162_4_fu_338">
<pin_list>
<pin id="339" dir="0" index="0" bw="54" slack="0"/>
<pin id="340" dir="1" index="1" bw="16" slack="0"/>
</pin_list>
<bind>
<opcode="trunc(33) " fcode="trunc"/>
<opset="trunc_ln162_4/3 "/>
</bind>
</comp>

<comp id="342" class="1004" name="select_ln162_2_fu_342">
<pin_list>
<pin id="343" dir="0" index="0" bw="1" slack="0"/>
<pin id="344" dir="0" index="1" bw="16" slack="0"/>
<pin id="345" dir="0" index="2" bw="16" slack="0"/>
<pin id="346" dir="1" index="3" bw="16" slack="0"/>
</pin_list>
<bind>
<opcode="select(49) " fcode="select"/>
<opset="select_ln162_2/3 "/>
</bind>
</comp>

<comp id="350" class="1004" name="tmp_239_fu_350">
<pin_list>
<pin id="351" dir="0" index="0" bw="7" slack="0"/>
<pin id="352" dir="0" index="1" bw="11" slack="0"/>
<pin id="353" dir="0" index="2" bw="4" slack="0"/>
<pin id="354" dir="0" index="3" bw="5" slack="0"/>
<pin id="355" dir="1" index="4" bw="7" slack="0"/>
</pin_list>
<bind>
<opcode="partselect(1002) " fcode="partselect"/>
<opset="tmp_239/3 "/>
</bind>
</comp>

<comp id="360" class="1004" name="icmp_ln162_4_fu_360">
<pin_list>
<pin id="361" dir="0" index="0" bw="7" slack="0"/>
<pin id="362" dir="0" index="1" bw="7" slack="0"/>
<pin id="363" dir="1" index="2" bw="1" slack="0"/>
</pin_list>
<bind>
<opcode="icmp(45) " fcode="icmp"/>
<opset="icmp_ln162_4/3 "/>
</bind>
</comp>

<comp id="366" class="1004" name="select_ln162_1cast_fu_366">
<pin_list>
<pin id="367" dir="0" index="0" bw="11" slack="0"/>
<pin id="368" dir="1" index="1" bw="16" slack="0"/>
</pin_list>
<bind>
<opcode="zext(34) " fcode="zext"/>
<opset="select_ln162_1cast/3 "/>
</bind>
</comp>

<comp id="370" class="1004" name="shl_ln162_fu_370">
<pin_list>
<pin id="371" dir="0" index="0" bw="16" slack="0"/>
<pin id="372" dir="0" index="1" bw="11" slack="0"/>
<pin id="373" dir="1" index="2" bw="16" slack="0"/>
</pin_list>
<bind>
<opcode="shl(20) " fcode="shl"/>
<opset="shl_ln162/3 "/>
</bind>
</comp>

<comp id="376" class="1004" name="select_ln162_3_fu_376">
<pin_list>
<pin id="377" dir="0" index="0" bw="1" slack="0"/>
<pin id="378" dir="0" index="1" bw="16" slack="0"/>
<pin id="379" dir="0" index="2" bw="16" slack="0"/>
<pin id="380" dir="1" index="3" bw="16" slack="0"/>
</pin_list>
<bind>
<opcode="select(49) " fcode="select"/>
<opset="select_ln162_3/3 "/>
</bind>
</comp>

<comp id="384" class="1004" name="xor_ln162_fu_384">
<pin_list>
<pin id="385" dir="0" index="0" bw="1" slack="0"/>
<pin id="386" dir="0" index="1" bw="1" slack="0"/>
<pin id="387" dir="1" index="2" bw="1" slack="0"/>
</pin_list>
<bind>
<opcode="xor(25) " fcode="xor"/>
<opset="xor_ln162/3 "/>
</bind>
</comp>

<comp id="390" class="1004" name="and_ln162_fu_390">
<pin_list>
<pin id="391" dir="0" index="0" bw="1" slack="0"/>
<pin id="392" dir="0" index="1" bw="1" slack="0"/>
<pin id="393" dir="1" index="2" bw="1" slack="0"/>
</pin_list>
<bind>
<opcode="and(23) " fcode="and"/>
<opset="and_ln162/3 "/>
</bind>
</comp>

<comp id="396" class="1004" name="or_ln162_fu_396">
<pin_list>
<pin id="397" dir="0" index="0" bw="1" slack="0"/>
<pin id="398" dir="0" index="1" bw="1" slack="0"/>
<pin id="399" dir="1" index="2" bw="1" slack="0"/>
</pin_list>
<bind>
<opcode="or(24) " fcode="or"/>
<opset="or_ln162/3 "/>
</bind>
</comp>

<comp id="402" class="1004" name="xor_ln162_1_fu_402">
<pin_list>
<pin id="403" dir="0" index="0" bw="1" slack="0"/>
<pin id="404" dir="0" index="1" bw="1" slack="0"/>
<pin id="405" dir="1" index="2" bw="1" slack="0"/>
</pin_list>
<bind>
<opcode="xor(25) " fcode="xor"/>
<opset="xor_ln162_1/3 "/>
</bind>
</comp>

<comp id="408" class="1004" name="and_ln162_1_fu_408">
<pin_list>
<pin id="409" dir="0" index="0" bw="1" slack="0"/>
<pin id="410" dir="0" index="1" bw="1" slack="0"/>
<pin id="411" dir="1" index="2" bw="1" slack="0"/>
</pin_list>
<bind>
<opcode="and(23) " fcode="and"/>
<opset="and_ln162_1/3 "/>
</bind>
</comp>

<comp id="414" class="1004" name="sel_tmp_fu_414">
<pin_list>
<pin id="415" dir="0" index="0" bw="3" slack="0"/>
<pin id="416" dir="0" index="1" bw="1" slack="0"/>
<pin id="417" dir="0" index="2" bw="1" slack="0"/>
<pin id="418" dir="0" index="3" bw="1" slack="0"/>
<pin id="419" dir="1" index="4" bw="3" slack="0"/>
</pin_list>
<bind>
<opcode="bitconcatenate(1004) " fcode="bitconcatenate"/>
<opset="sel_tmp/3 "/>
</bind>
</comp>

<comp id="424" class="1004" name="storemerge4_i8_fu_424">
<pin_list>
<pin id="425" dir="0" index="0" bw="16" slack="0"/>
<pin id="426" dir="0" index="1" bw="3" slack="0"/>
<pin id="427" dir="0" index="2" bw="16" slack="0"/>
<pin id="428" dir="0" index="3" bw="3" slack="0"/>
<pin id="429" dir="0" index="4" bw="16" slack="0"/>
<pin id="430" dir="0" index="5" bw="3" slack="0"/>
<pin id="431" dir="0" index="6" bw="16" slack="0"/>
<pin id="432" dir="0" index="7" bw="3" slack="0"/>
<pin id="433" dir="0" index="8" bw="16" slack="0"/>
<pin id="434" dir="0" index="9" bw="16" slack="0"/>
<pin id="435" dir="0" index="10" bw="3" slack="0"/>
<pin id="436" dir="1" index="11" bw="16" slack="1"/>
</pin_list>
<bind>
<opcode="sparsemux(1197) " fcode="sparsemux"/>
<opset="storemerge4_i8/3 "/>
</bind>
</comp>

<comp id="448" class="1004" name="sext_ln162_1_fu_448">
<pin_list>
<pin id="449" dir="0" index="0" bw="16" slack="0"/>
<pin id="450" dir="1" index="1" bw="32" slack="0"/>
</pin_list>
<bind>
<opcode="sext(35) " fcode="sext"/>
<opset="sext_ln162_1/4 "/>
</bind>
</comp>

<comp id="452" class="1004" name="sext_ln162_2_fu_452">
<pin_list>
<pin id="453" dir="0" index="0" bw="16" slack="1"/>
<pin id="454" dir="1" index="1" bw="32" slack="0"/>
</pin_list>
<bind>
<opcode="sext(35) " fcode="sext"/>
<opset="sext_ln162_2/4 "/>
</bind>
</comp>

<comp id="455" class="1004" name="sum_load_fu_455">
<pin_list>
<pin id="456" dir="0" index="0" bw="32" slack="5"/>
<pin id="457" dir="1" index="1" bw="32" slack="0"/>
</pin_list>
<bind>
<opcode="load(27) " fcode="load"/>
<opset="sum/6 "/>
</bind>
</comp>

<comp id="458" class="1004" name="trunc_ln160_fu_458">
<pin_list>
<pin id="459" dir="0" index="0" bw="32" slack="0"/>
<pin id="460" dir="1" index="1" bw="26" slack="0"/>
</pin_list>
<bind>
<opcode="trunc(33) " fcode="trunc"/>
<opset="trunc_ln160/6 "/>
</bind>
</comp>

<comp id="463" class="1004" name="store_ln158_store_fu_463">
<pin_list>
<pin id="464" dir="0" index="0" bw="32" slack="0"/>
<pin id="465" dir="0" index="1" bw="32" slack="6"/>
<pin id="466" dir="1" index="2" bw="0" slack="2147483647"/>
</pin_list>
<bind>
<opcode="store(28) " fcode="store"/>
<opset="store_ln158/7 "/>
</bind>
</comp>

<comp id="467" class="1007" name="grp_fu_467">
<pin_list>
<pin id="468" dir="0" index="0" bw="16" slack="0"/>
<pin id="469" dir="0" index="1" bw="16" slack="0"/>
<pin id="470" dir="0" index="2" bw="32" slack="0"/>
<pin id="471" dir="1" index="3" bw="32" slack="0"/>
</pin_list>
<bind>
<opcode="muladd(1172) " fcode="muladd"/>
<opset="mul_ln162/4 sum_12/6 "/>
</bind>
</comp>

<comp id="476" class="1005" name="sum_9_reg_476">
<pin_list>
<pin id="477" dir="0" index="0" bw="32" slack="0"/>
<pin id="478" dir="1" index="1" bw="32" slack="0"/>
</pin_list>
<bind>
<opset="sum_9 "/>
</bind>
</comp>

<comp id="483" class="1005" name="i_2_reg_483">
<pin_list>
<pin id="484" dir="0" index="0" bw="11" slack="0"/>
<pin id="485" dir="1" index="1" bw="11" slack="0"/>
</pin_list>
<bind>
<opset="i_2 "/>
</bind>
</comp>

<comp id="490" class="1005" name="i_reg_490">
<pin_list>
<pin id="491" dir="0" index="0" bw="11" slack="2"/>
<pin id="492" dir="1" index="1" bw="11" slack="2"/>
</pin_list>
<bind>
<opset="i "/>
</bind>
</comp>

<comp id="495" class="1005" name="icmp_ln160_reg_495">
<pin_list>
<pin id="496" dir="0" index="0" bw="1" slack="1"/>
<pin id="497" dir="1" index="1" bw="1" slack="2147483647"/>
</pin_list>
<bind>
<opset="icmp_ln160 "/>
</bind>
</comp>

<comp id="499" class="1005" name="dense_param_0_addr_reg_499">
<pin_list>
<pin id="500" dir="0" index="0" bw="18" slack="1"/>
<pin id="501" dir="1" index="1" bw="18" slack="1"/>
</pin_list>
<bind>
<opset="dense_param_0_addr "/>
</bind>
</comp>

<comp id="504" class="1005" name="dense_param_0_load_reg_504">
<pin_list>
<pin id="505" dir="0" index="0" bw="32" slack="1"/>
<pin id="506" dir="1" index="1" bw="32" slack="1"/>
</pin_list>
<bind>
<opset="dense_param_0_load "/>
</bind>
</comp>

<comp id="509" class="1005" name="storemerge4_i8_reg_509">
<pin_list>
<pin id="510" dir="0" index="0" bw="16" slack="1"/>
<pin id="511" dir="1" index="1" bw="16" slack="1"/>
</pin_list>
<bind>
<opset="storemerge4_i8 "/>
</bind>
</comp>

<comp id="514" class="1005" name="flat_addr_reg_514">
<pin_list>
<pin id="515" dir="0" index="0" bw="11" slack="1"/>
<pin id="516" dir="1" index="1" bw="11" slack="1"/>
</pin_list>
<bind>
<opset="flat_addr "/>
</bind>
</comp>

<comp id="519" class="1005" name="sext_ln162_1_reg_519">
<pin_list>
<pin id="520" dir="0" index="0" bw="32" slack="1"/>
<pin id="521" dir="1" index="1" bw="32" slack="1"/>
</pin_list>
<bind>
<opset="sext_ln162_1 "/>
</bind>
</comp>

<comp id="524" class="1005" name="sext_ln162_2_reg_524">
<pin_list>
<pin id="525" dir="0" index="0" bw="32" slack="1"/>
<pin id="526" dir="1" index="1" bw="32" slack="1"/>
</pin_list>
<bind>
<opset="sext_ln162_2 "/>
</bind>
</comp>

<comp id="529" class="1005" name="sum_reg_529">
<pin_list>
<pin id="530" dir="0" index="0" bw="32" slack="1"/>
<pin id="531" dir="1" index="1" bw="32" slack="1"/>
</pin_list>
<bind>
<opset="sum "/>
</bind>
</comp>

</comp_list>

<net_list>
<net id="99"><net_src comp="10" pin="0"/><net_sink comp="96" pin=0"/></net>

<net id="103"><net_src comp="10" pin="0"/><net_sink comp="100" pin=0"/></net>

<net id="108"><net_src comp="12" pin="0"/><net_sink comp="104" pin=0"/></net>

<net id="109"><net_src comp="2" pin="0"/><net_sink comp="104" pin=1"/></net>

<net id="114"><net_src comp="14" pin="0"/><net_sink comp="110" pin=0"/></net>

<net id="115"><net_src comp="0" pin="0"/><net_sink comp="110" pin=1"/></net>

<net id="121"><net_src comp="94" pin="0"/><net_sink comp="116" pin=0"/></net>

<net id="122"><net_src comp="6" pin="0"/><net_sink comp="116" pin=1"/></net>

<net id="128"><net_src comp="8" pin="0"/><net_sink comp="123" pin=0"/></net>

<net id="129"><net_src comp="24" pin="0"/><net_sink comp="123" pin=1"/></net>

<net id="135"><net_src comp="123" pin="3"/><net_sink comp="130" pin=0"/></net>

<net id="141"><net_src comp="4" pin="0"/><net_sink comp="136" pin=0"/></net>

<net id="142"><net_src comp="24" pin="0"/><net_sink comp="136" pin=1"/></net>

<net id="148"><net_src comp="136" pin="3"/><net_sink comp="143" pin=0"/></net>

<net id="152"><net_src comp="130" pin="3"/><net_sink comp="149" pin=0"/></net>

<net id="156"><net_src comp="110" pin="2"/><net_sink comp="153" pin=0"/></net>

<net id="161"><net_src comp="16" pin="0"/><net_sink comp="157" pin=0"/></net>

<net id="166"><net_src comp="153" pin="1"/><net_sink comp="162" pin=0"/></net>

<net id="174"><net_src comp="167" pin="1"/><net_sink comp="170" pin=0"/></net>

<net id="175"><net_src comp="18" pin="0"/><net_sink comp="170" pin=1"/></net>

<net id="180"><net_src comp="167" pin="1"/><net_sink comp="176" pin=0"/></net>

<net id="181"><net_src comp="20" pin="0"/><net_sink comp="176" pin=1"/></net>

<net id="187"><net_src comp="22" pin="0"/><net_sink comp="182" pin=0"/></net>

<net id="188"><net_src comp="167" pin="1"/><net_sink comp="182" pin=1"/></net>

<net id="189"><net_src comp="104" pin="2"/><net_sink comp="182" pin=2"/></net>

<net id="193"><net_src comp="182" pin="3"/><net_sink comp="190" pin=0"/></net>

<net id="194"><net_src comp="190" pin="1"/><net_sink comp="123" pin=2"/></net>

<net id="199"><net_src comp="176" pin="2"/><net_sink comp="195" pin=0"/></net>

<net id="203"><net_src comp="200" pin="1"/><net_sink comp="136" pin=2"/></net>

<net id="207"><net_src comp="149" pin="1"/><net_sink comp="204" pin=0"/></net>

<net id="211"><net_src comp="204" pin="1"/><net_sink comp="208" pin=0"/></net>

<net id="217"><net_src comp="26" pin="0"/><net_sink comp="212" pin=0"/></net>

<net id="218"><net_src comp="204" pin="1"/><net_sink comp="212" pin=1"/></net>

<net id="219"><net_src comp="28" pin="0"/><net_sink comp="212" pin=2"/></net>

<net id="225"><net_src comp="30" pin="0"/><net_sink comp="220" pin=0"/></net>

<net id="226"><net_src comp="204" pin="1"/><net_sink comp="220" pin=1"/></net>

<net id="227"><net_src comp="32" pin="0"/><net_sink comp="220" pin=2"/></net>

<net id="231"><net_src comp="220" pin="3"/><net_sink comp="228" pin=0"/></net>

<net id="235"><net_src comp="204" pin="1"/><net_sink comp="232" pin=0"/></net>

<net id="241"><net_src comp="34" pin="0"/><net_sink comp="236" pin=0"/></net>

<net id="242"><net_src comp="36" pin="0"/><net_sink comp="236" pin=1"/></net>

<net id="243"><net_src comp="232" pin="1"/><net_sink comp="236" pin=2"/></net>

<net id="247"><net_src comp="236" pin="3"/><net_sink comp="244" pin=0"/></net>

<net id="252"><net_src comp="38" pin="0"/><net_sink comp="248" pin=0"/></net>

<net id="253"><net_src comp="244" pin="1"/><net_sink comp="248" pin=1"/></net>

<net id="259"><net_src comp="212" pin="3"/><net_sink comp="254" pin=0"/></net>

<net id="260"><net_src comp="248" pin="2"/><net_sink comp="254" pin=1"/></net>

<net id="261"><net_src comp="244" pin="1"/><net_sink comp="254" pin=2"/></net>

<net id="266"><net_src comp="208" pin="1"/><net_sink comp="262" pin=0"/></net>

<net id="267"><net_src comp="40" pin="0"/><net_sink comp="262" pin=1"/></net>

<net id="272"><net_src comp="42" pin="0"/><net_sink comp="268" pin=0"/></net>

<net id="273"><net_src comp="228" pin="1"/><net_sink comp="268" pin=1"/></net>

<net id="277"><net_src comp="268" pin="2"/><net_sink comp="274" pin=0"/></net>

<net id="282"><net_src comp="268" pin="2"/><net_sink comp="278" pin=0"/></net>

<net id="283"><net_src comp="44" pin="0"/><net_sink comp="278" pin=1"/></net>

<net id="288"><net_src comp="274" pin="1"/><net_sink comp="284" pin=0"/></net>

<net id="289"><net_src comp="46" pin="0"/><net_sink comp="284" pin=1"/></net>

<net id="294"><net_src comp="48" pin="0"/><net_sink comp="290" pin=0"/></net>

<net id="295"><net_src comp="274" pin="1"/><net_sink comp="290" pin=1"/></net>

<net id="301"><net_src comp="278" pin="2"/><net_sink comp="296" pin=0"/></net>

<net id="302"><net_src comp="284" pin="2"/><net_sink comp="296" pin=1"/></net>

<net id="303"><net_src comp="290" pin="2"/><net_sink comp="296" pin=2"/></net>

<net id="308"><net_src comp="268" pin="2"/><net_sink comp="304" pin=0"/></net>

<net id="309"><net_src comp="44" pin="0"/><net_sink comp="304" pin=1"/></net>

<net id="313"><net_src comp="254" pin="3"/><net_sink comp="310" pin=0"/></net>

<net id="318"><net_src comp="296" pin="3"/><net_sink comp="314" pin=0"/></net>

<net id="319"><net_src comp="50" pin="0"/><net_sink comp="314" pin=1"/></net>

<net id="325"><net_src comp="212" pin="3"/><net_sink comp="320" pin=0"/></net>

<net id="326"><net_src comp="52" pin="0"/><net_sink comp="320" pin=1"/></net>

<net id="327"><net_src comp="54" pin="0"/><net_sink comp="320" pin=2"/></net>

<net id="331"><net_src comp="296" pin="3"/><net_sink comp="328" pin=0"/></net>

<net id="336"><net_src comp="254" pin="3"/><net_sink comp="332" pin=0"/></net>

<net id="337"><net_src comp="328" pin="1"/><net_sink comp="332" pin=1"/></net>

<net id="341"><net_src comp="332" pin="2"/><net_sink comp="338" pin=0"/></net>

<net id="347"><net_src comp="314" pin="2"/><net_sink comp="342" pin=0"/></net>

<net id="348"><net_src comp="338" pin="1"/><net_sink comp="342" pin=1"/></net>

<net id="349"><net_src comp="320" pin="3"/><net_sink comp="342" pin=2"/></net>

<net id="356"><net_src comp="56" pin="0"/><net_sink comp="350" pin=0"/></net>

<net id="357"><net_src comp="296" pin="3"/><net_sink comp="350" pin=1"/></net>

<net id="358"><net_src comp="58" pin="0"/><net_sink comp="350" pin=2"/></net>

<net id="359"><net_src comp="60" pin="0"/><net_sink comp="350" pin=3"/></net>

<net id="364"><net_src comp="350" pin="4"/><net_sink comp="360" pin=0"/></net>

<net id="365"><net_src comp="62" pin="0"/><net_sink comp="360" pin=1"/></net>

<net id="369"><net_src comp="296" pin="3"/><net_sink comp="366" pin=0"/></net>

<net id="374"><net_src comp="310" pin="1"/><net_sink comp="370" pin=0"/></net>

<net id="375"><net_src comp="366" pin="1"/><net_sink comp="370" pin=1"/></net>

<net id="381"><net_src comp="360" pin="2"/><net_sink comp="376" pin=0"/></net>

<net id="382"><net_src comp="370" pin="2"/><net_sink comp="376" pin=1"/></net>

<net id="383"><net_src comp="54" pin="0"/><net_sink comp="376" pin=2"/></net>

<net id="388"><net_src comp="262" pin="2"/><net_sink comp="384" pin=0"/></net>

<net id="389"><net_src comp="36" pin="0"/><net_sink comp="384" pin=1"/></net>

<net id="394"><net_src comp="304" pin="2"/><net_sink comp="390" pin=0"/></net>

<net id="395"><net_src comp="384" pin="2"/><net_sink comp="390" pin=1"/></net>

<net id="400"><net_src comp="262" pin="2"/><net_sink comp="396" pin=0"/></net>

<net id="401"><net_src comp="304" pin="2"/><net_sink comp="396" pin=1"/></net>

<net id="406"><net_src comp="396" pin="2"/><net_sink comp="402" pin=0"/></net>

<net id="407"><net_src comp="36" pin="0"/><net_sink comp="402" pin=1"/></net>

<net id="412"><net_src comp="278" pin="2"/><net_sink comp="408" pin=0"/></net>

<net id="413"><net_src comp="402" pin="2"/><net_sink comp="408" pin=1"/></net>

<net id="420"><net_src comp="64" pin="0"/><net_sink comp="414" pin=0"/></net>

<net id="421"><net_src comp="262" pin="2"/><net_sink comp="414" pin=1"/></net>

<net id="422"><net_src comp="390" pin="2"/><net_sink comp="414" pin=2"/></net>

<net id="423"><net_src comp="408" pin="2"/><net_sink comp="414" pin=3"/></net>

<net id="437"><net_src comp="66" pin="0"/><net_sink comp="424" pin=0"/></net>

<net id="438"><net_src comp="68" pin="0"/><net_sink comp="424" pin=1"/></net>

<net id="439"><net_src comp="54" pin="0"/><net_sink comp="424" pin=2"/></net>

<net id="440"><net_src comp="70" pin="0"/><net_sink comp="424" pin=3"/></net>

<net id="441"><net_src comp="310" pin="1"/><net_sink comp="424" pin=4"/></net>

<net id="442"><net_src comp="72" pin="0"/><net_sink comp="424" pin=5"/></net>

<net id="443"><net_src comp="342" pin="3"/><net_sink comp="424" pin=6"/></net>

<net id="444"><net_src comp="74" pin="0"/><net_sink comp="424" pin=7"/></net>

<net id="445"><net_src comp="376" pin="3"/><net_sink comp="424" pin=8"/></net>

<net id="446"><net_src comp="76" pin="0"/><net_sink comp="424" pin=9"/></net>

<net id="447"><net_src comp="414" pin="4"/><net_sink comp="424" pin=10"/></net>

<net id="451"><net_src comp="143" pin="3"/><net_sink comp="448" pin=0"/></net>

<net id="461"><net_src comp="455" pin="1"/><net_sink comp="458" pin=0"/></net>

<net id="462"><net_src comp="458" pin="1"/><net_sink comp="116" pin=2"/></net>

<net id="472"><net_src comp="448" pin="1"/><net_sink comp="467" pin=0"/></net>

<net id="473"><net_src comp="452" pin="1"/><net_sink comp="467" pin=1"/></net>

<net id="474"><net_src comp="455" pin="1"/><net_sink comp="467" pin=2"/></net>

<net id="475"><net_src comp="467" pin="3"/><net_sink comp="463" pin=0"/></net>

<net id="479"><net_src comp="96" pin="1"/><net_sink comp="476" pin=0"/></net>

<net id="480"><net_src comp="476" pin="1"/><net_sink comp="162" pin=1"/></net>

<net id="481"><net_src comp="476" pin="1"/><net_sink comp="455" pin=0"/></net>

<net id="482"><net_src comp="476" pin="1"/><net_sink comp="463" pin=1"/></net>

<net id="486"><net_src comp="100" pin="1"/><net_sink comp="483" pin=0"/></net>

<net id="487"><net_src comp="483" pin="1"/><net_sink comp="157" pin=1"/></net>

<net id="488"><net_src comp="483" pin="1"/><net_sink comp="167" pin=0"/></net>

<net id="489"><net_src comp="483" pin="1"/><net_sink comp="195" pin=1"/></net>

<net id="493"><net_src comp="167" pin="1"/><net_sink comp="490" pin=0"/></net>

<net id="494"><net_src comp="490" pin="1"/><net_sink comp="200" pin=0"/></net>

<net id="498"><net_src comp="170" pin="2"/><net_sink comp="495" pin=0"/></net>

<net id="502"><net_src comp="123" pin="3"/><net_sink comp="499" pin=0"/></net>

<net id="503"><net_src comp="499" pin="1"/><net_sink comp="130" pin=0"/></net>

<net id="507"><net_src comp="130" pin="3"/><net_sink comp="504" pin=0"/></net>

<net id="508"><net_src comp="504" pin="1"/><net_sink comp="149" pin=0"/></net>

<net id="512"><net_src comp="424" pin="11"/><net_sink comp="509" pin=0"/></net>

<net id="513"><net_src comp="509" pin="1"/><net_sink comp="452" pin=0"/></net>

<net id="517"><net_src comp="136" pin="3"/><net_sink comp="514" pin=0"/></net>

<net id="518"><net_src comp="514" pin="1"/><net_sink comp="143" pin=0"/></net>

<net id="522"><net_src comp="448" pin="1"/><net_sink comp="519" pin=0"/></net>

<net id="523"><net_src comp="519" pin="1"/><net_sink comp="467" pin=0"/></net>

<net id="527"><net_src comp="452" pin="1"/><net_sink comp="524" pin=0"/></net>

<net id="528"><net_src comp="524" pin="1"/><net_sink comp="467" pin=1"/></net>

<net id="532"><net_src comp="455" pin="1"/><net_sink comp="529" pin=0"/></net>

<net id="533"><net_src comp="529" pin="1"/><net_sink comp="467" pin=1"/></net>

</net_list>

</model> 
---------------- Datapath Model END ------------------

* FSMD analyzer results:
  - Output states:
	Port: sum_9_out | {6 }
	Port: dense_param_0 | {}
 - Input state : 
	Port: cnn_gesture_top_Pipeline_VITIS_LOOP_160_2 : sext_ln158_2 | {1 }
	Port: cnn_gesture_top_Pipeline_VITIS_LOOP_160_2 : empty | {1 }
	Port: cnn_gesture_top_Pipeline_VITIS_LOOP_160_2 : flat | {3 4 }
	Port: cnn_gesture_top_Pipeline_VITIS_LOOP_160_2 : dense_param_0 | {1 2 }
  - Chain level:
	State 1
		store_ln29 : 1
		store_ln158 : 1
		i : 1
		icmp_ln160 : 2
		add_ln160 : 2
		br_ln160 : 3
		wi_6 : 2
		zext_ln162_1 : 3
		dense_param_0_addr : 4
		dense_param_0_load : 5
		store_ln29 : 3
	State 2
		pf : 1
	State 3
		bitcast_ln726_10 : 1
		trunc_ln162 : 2
		tmp_238 : 2
		tmp_42 : 2
		zext_ln162 : 3
		trunc_ln162_1 : 2
		zext_ln162_3_cast : 3
		zext_ln162_3 : 4
		sub_ln162 : 5
		select_ln162 : 6
		icmp_ln162 : 3
		sub_ln162_1 : 4
		trunc_ln162_2 : 5
		icmp_ln162_1 : 5
		add_ln162 : 6
		sub_ln162_2 : 6
		select_ln162_1 : 7
		icmp_ln162_2 : 5
		trunc_ln162_3 : 7
		icmp_ln162_3 : 8
		select_ln162_4 : 3
		zext_ln162_2 : 8
		ashr_ln162 : 9
		trunc_ln162_4 : 10
		select_ln162_2 : 11
		tmp_239 : 8
		icmp_ln162_4 : 9
		select_ln162_1cast : 8
		shl_ln162 : 9
		select_ln162_3 : 10
		xor_ln162 : 4
		and_ln162 : 6
		or_ln162 : 6
		xor_ln162_1 : 6
		and_ln162_1 : 6
		sel_tmp : 6
		storemerge4_i8 : 12
		flat_addr : 1
		flat_load : 2
	State 4
		sext_ln162_1 : 1
		mul_ln162 : 2
	State 5
	State 6
		trunc_ln160 : 1
		sum_12 : 1
		write_ln160 : 2
	State 7
		store_ln158 : 1


============================================================
+ Verbose Summary: Datapath Resource usage 
============================================================

* Functional unit list:
|----------|-------------------------------|---------|---------|---------|
| Operation|        Functional Unit        |   DSP   |    FF   |   LUT   |
|----------|-------------------------------|---------|---------|---------|
|   ashr   |       ashr_ln162_fu_332       |    0    |    0    |   159   |
|----------|-------------------------------|---------|---------|---------|
|          |       icmp_ln160_fu_170       |    0    |    0    |    18   |
|          |       icmp_ln162_fu_262       |    0    |    0    |    70   |
|   icmp   |      icmp_ln162_1_fu_278      |    0    |    0    |    19   |
|          |      icmp_ln162_2_fu_304      |    0    |    0    |    19   |
|          |      icmp_ln162_3_fu_314      |    0    |    0    |    18   |
|          |      icmp_ln162_4_fu_360      |    0    |    0    |    14   |
|----------|-------------------------------|---------|---------|---------|
|          |      select_ln162_fu_254      |    0    |    0    |    52   |
|          |     select_ln162_1_fu_296     |    0    |    0    |    10   |
|  select  |     select_ln162_4_fu_320     |    0    |    0    |    16   |
|          |     select_ln162_2_fu_342     |    0    |    0    |    16   |
|          |     select_ln162_3_fu_376     |    0    |    0    |    16   |
|----------|-------------------------------|---------|---------|---------|
|          |        sub_ln162_fu_248       |    0    |    0    |    60   |
|    sub   |       sub_ln162_1_fu_268      |    0    |    0    |    19   |
|          |       sub_ln162_2_fu_290      |    0    |    0    |    18   |
|----------|-------------------------------|---------|---------|---------|
|    add   |        add_ln160_fu_176       |    0    |    0    |    18   |
|          |        add_ln162_fu_284       |    0    |    0    |    18   |
|----------|-------------------------------|---------|---------|---------|
|    shl   |        shl_ln162_fu_370       |    0    |    0    |    35   |
|----------|-------------------------------|---------|---------|---------|
| sparsemux|     storemerge4_i8_fu_424     |    0    |    0    |    14   |
|----------|-------------------------------|---------|---------|---------|
|    xor   |        xor_ln162_fu_384       |    0    |    0    |    2    |
|          |       xor_ln162_1_fu_402      |    0    |    0    |    2    |
|----------|-------------------------------|---------|---------|---------|
|    and   |        and_ln162_fu_390       |    0    |    0    |    2    |
|          |       and_ln162_1_fu_408      |    0    |    0    |    2    |
|----------|-------------------------------|---------|---------|---------|
|    or    |        or_ln162_fu_396        |    0    |    0    |    2    |
|----------|-------------------------------|---------|---------|---------|
|  muladd  |           grp_fu_467          |    1    |    0    |    0    |
|----------|-------------------------------|---------|---------|---------|
|   read   |        tmp_read_fu_104        |    0    |    0    |    0    |
|          | sext_ln158_2_read_read_fu_110 |    0    |    0    |    0    |
|----------|-------------------------------|---------|---------|---------|
|   write  |    write_ln160_write_fu_116   |    0    |    0    |    0    |
|----------|-------------------------------|---------|---------|---------|
|   fpext  |           grp_fu_149          |    0    |    0    |    0    |
|----------|-------------------------------|---------|---------|---------|
|          |    sext_ln158_2_cast_fu_153   |    0    |    0    |    0    |
|   sext   |      sext_ln162_1_fu_448      |    0    |    0    |    0    |
|          |      sext_ln162_2_fu_452      |    0    |    0    |    0    |
|----------|-------------------------------|---------|---------|---------|
|          |          wi_6_fu_182          |    0    |    0    |    0    |
|bitconcatenate|    zext_ln162_3_cast_fu_236   |    0    |    0    |    0    |
|          |         sel_tmp_fu_414        |    0    |    0    |    0    |
|----------|-------------------------------|---------|---------|---------|
|          |      zext_ln162_1_fu_190      |    0    |    0    |    0    |
|          |       zext_ln160_fu_200       |    0    |    0    |    0    |
|   zext   |       zext_ln162_fu_228       |    0    |    0    |    0    |
|          |      zext_ln162_3_fu_244      |    0    |    0    |    0    |
|          |      zext_ln162_2_fu_328      |    0    |    0    |    0    |
|          |   select_ln162_1cast_fu_366   |    0    |    0    |    0    |
|----------|-------------------------------|---------|---------|---------|
|          |       trunc_ln162_fu_208      |    0    |    0    |    0    |
|          |      trunc_ln162_1_fu_232     |    0    |    0    |    0    |
|   trunc  |      trunc_ln162_2_fu_274     |    0    |    0    |    0    |
|          |      trunc_ln162_3_fu_310     |    0    |    0    |    0    |
|          |      trunc_ln162_4_fu_338     |    0    |    0    |    0    |
|          |       trunc_ln160_fu_458      |    0    |    0    |    0    |
|----------|-------------------------------|---------|---------|---------|
| bitselect|         tmp_238_fu_212        |    0    |    0    |    0    |
|----------|-------------------------------|---------|---------|---------|
|partselect|         tmp_42_fu_220         |    0    |    0    |    0    |
|          |         tmp_239_fu_350        |    0    |    0    |    0    |
|----------|-------------------------------|---------|---------|---------|
|   Total  |                               |    1    |    0    |   619   |
|----------|-------------------------------|---------|---------|---------|

Memories:
N/A

* Register list:
+--------------------------+--------+
|                          |   FF   |
+--------------------------+--------+
|dense_param_0_addr_reg_499|   18   |
|dense_param_0_load_reg_504|   32   |
|     flat_addr_reg_514    |   11   |
|        i_2_reg_483       |   11   |
|         i_reg_490        |   11   |
|    icmp_ln160_reg_495    |    1   |
|   sext_ln162_1_reg_519   |   32   |
|   sext_ln162_2_reg_524   |   32   |
|  storemerge4_i8_reg_509  |   16   |
|       sum_9_reg_476      |   32   |
|        sum_reg_529       |   32   |
+--------------------------+--------+
|           Total          |   228  |
+--------------------------+--------+

* Multiplexer (MUX) list: 
|-------------------|------|------|------|--------||---------||---------||---------|
|        Comp       |  Pin | Size |  BW  | S x BW ||  Delay  ||    FF   ||   LUT   |
|-------------------|------|------|------|--------||---------||---------||---------|
| grp_access_fu_130 |  p0  |   2  |  18  |   36   ||    0    ||    9    |
| grp_access_fu_143 |  p0  |   2  |  11  |   22   ||    0    ||    9    |
|     grp_fu_149    |  p0  |   2  |  32  |   64   ||    0    ||    9    |
|     grp_fu_467    |  p0  |   2  |  16  |   32   ||    0    ||    9    |
|     grp_fu_467    |  p1  |   3  |  16  |   48   ||    0    ||    14   |
|-------------------|------|------|------|--------||---------||---------||---------|
|       Total       |      |      |      |   202  ||  2.184  ||    0    ||    50   |
|-------------------|------|------|------|--------||---------||---------||---------|



* Summary:
+-----------+--------+--------+--------+--------+
|           |   DSP  |  Delay |   FF   |   LUT  |
+-----------+--------+--------+--------+--------+
|  Function |    1   |    -   |    0   |   619  |
|   Memory  |    -   |    -   |    -   |    -   |
|Multiplexer|    -   |    2   |    0   |   50   |
|  Register |    -   |    -   |   228  |    -   |
+-----------+--------+--------+--------+--------+
|   Total   |    1   |    2   |   228  |   669  |
+-----------+--------+--------+--------+--------+
