

================================================================
== Vitis HLS Report for 'cnn_gesture_top_Pipeline_VITIS_LOOP_160_2'
================================================================
* Date:           Mon Feb 23 23:23:27 2026

* Version:        2025.2 (Build 6295257 on Nov 12 2025)
* Project:        cnn_gesture_top
* Solution:       hls (Vivado IP Flow Target)
* Product family: zynquplus
* Target device:  xczu3eg-sbva484-2-i


================================================================
== Performance Estimates
================================================================
+ Timing: 
    * Summary: 
    +--------+----------+----------+------------+
    |  Clock |  Target  | Estimated| Uncertainty|
    +--------+----------+----------+------------+
    |ap_clk  |  10.00 ns|  6.652 ns|     2.70 ns|
    +--------+----------+----------+------------+

+ Latency: 
    * Summary: 
    +---------+---------+-----------+-----------+-----+-----+-------------------+
    |  Latency (cycles) |   Latency (absolute)  |  Interval |      Pipeline     |
    |   min   |   max   |    min    |    max    | min | max |        Type       |
    +---------+---------+-----------+-----------+-----+-----+-------------------+
    |     1607|     1607|  16.070 us|  16.070 us|    0|    0|  loop pipeline stp|
    +---------+---------+-----------+-----------+-----+-----+-------------------+

    + Detail: 
        * Instance: 
        N/A

        * Loop: 
        +--------------------+---------+---------+----------+-----------+-----------+------+----------+
        |                    |  Latency (cycles) | Iteration|  Initiation Interval  | Trip |          |
        |      Loop Name     |   min   |   max   |  Latency |  achieved |   target  | Count| Pipelined|
        +--------------------+---------+---------+----------+-----------+-----------+------+----------+
        |- VITIS_LOOP_160_2  |     1605|     1605|         7|          1|          1|  1600|       yes|
        +--------------------+---------+---------+----------+-----------+-----------+------+----------+

============================================================
+ Verbose Summary: Synthesis Manager
============================================================
InlineROM: 1
ExposeGlobal: 0
============================================================
+ Verbose Summary: CDFG Model
============================================================
IsTopModel: 0
ResetActiveHigh: 1
IsCombinational: 0
IsDatapathOnly: 0
HasWiredReturn: 1
HasMFsm: 2
HasVarLatency: 1
IsPipeline: 0
IsRtlPipelined: 0
IsInstanceOverlapped: 0
IsDontTouch: 0
HasImplIP: 0
IsGatedGlobalClock: 0

+ Individual pipeline summary: 
  * Pipeline-0: initiation interval (II) = 1, depth = 7


============================================================
+ Verbose Summary: Schedule
============================================================
* Number of FSM states : 7
* Pipeline : 1
  Pipeline-0 : II = 1, D = 7, States = { 1 2 3 4 5 6 7 }
* Dataflow Pipeline: 0

* FSM state transitions: 
1 --> 2 
2 --> 3 
3 --> 4 
4 --> 5 
5 --> 6 
6 --> 7 
7 --> 

* FSM state operations: 

State 1 <SV = 0> <Delay = 1.66>
ST_1 : Operation 10 [1/1] (0.00ns)   --->   "%sum_9 = alloca i32 1" [../cnn_gesture_hls.cpp:158->../cnn_gesture_hls.cpp:234]   --->   Operation 10 'alloca' 'sum_9' <Predicate = true> <Delay = 0.00>
ST_1 : Operation 11 [1/1] (0.00ns)   --->   "%i_2 = alloca i32 1" [../cnn_gesture_hls.cpp:29->../cnn_gesture_hls.cpp:161->../cnn_gesture_hls.cpp:234]   --->   Operation 11 'alloca' 'i_2' <Predicate = true> <Delay = 0.00>
ST_1 : Operation 12 [1/1] (0.00ns)   --->   "%tmp = read i7 @_ssdm_op_Read.ap_auto.i7, i7 %empty"   --->   Operation 12 'read' 'tmp' <Predicate = true> <Delay = 0.00>
ST_1 : Operation 13 [1/1] (0.00ns)   --->   "%sext_ln158_2_read = read i26 @_ssdm_op_Read.ap_auto.i26, i26 %sext_ln158_2"   --->   Operation 13 'read' 'sext_ln158_2_read' <Predicate = true> <Delay = 0.00>
ST_1 : Operation 14 [1/1] (0.00ns)   --->   "%sext_ln158_2_cast = sext i26 %sext_ln158_2_read"   --->   Operation 14 'sext' 'sext_ln158_2_cast' <Predicate = true> <Delay = 0.00>
ST_1 : Operation 15 [1/1] (0.42ns)   --->   "%store_ln29 = store i11 0, i11 %i_2" [../cnn_gesture_hls.cpp:29->../cnn_gesture_hls.cpp:161->../cnn_gesture_hls.cpp:234]   --->   Operation 15 'store' 'store_ln29' <Predicate = true> <Delay = 0.42>
ST_1 : Operation 16 [1/1] (0.42ns)   --->   "%store_ln158 = store i32 %sext_ln158_2_cast, i32 %sum_9" [../cnn_gesture_hls.cpp:158->../cnn_gesture_hls.cpp:234]   --->   Operation 16 'store' 'store_ln158' <Predicate = true> <Delay = 0.42>
ST_1 : Operation 17 [1/1] (0.00ns)   --->   "%br_ln0 = br void %for.body4.i681"   --->   Operation 17 'br' 'br_ln0' <Predicate = true> <Delay = 0.00>
ST_1 : Operation 18 [1/1] (0.00ns)   --->   "%i = load i11 %i_2" [../cnn_gesture_hls.cpp:160->../cnn_gesture_hls.cpp:234]   --->   Operation 18 'load' 'i' <Predicate = true> <Delay = 0.00>
ST_1 : Operation 19 [1/1] (0.79ns)   --->   "%icmp_ln160 = icmp_eq  i11 %i, i11 1600" [../cnn_gesture_hls.cpp:160->../cnn_gesture_hls.cpp:234]   --->   Operation 19 'icmp' 'icmp_ln160' <Predicate = true> <Delay = 0.79> <CoreInst = "Cmp">   --->   Core 9 'Cmp' <Latency = 0> <II = 1> <Delay = 0.79> <FuncUnit> <Opcode : 'seteq' 'setne' 'setle' 'setge' 'setlt' 'setgt'> <InPorts = 2> <OutPorts = 1>
ST_1 : Operation 20 [1/1] (0.79ns)   --->   "%add_ln160 = add i11 %i, i11 1" [../cnn_gesture_hls.cpp:160->../cnn_gesture_hls.cpp:234]   --->   Operation 20 'add' 'add_ln160' <Predicate = true> <Delay = 0.79> <CoreInst = "Adder">   --->   Core 1 'Adder' <Latency = 0> <II = 1> <Delay = 0.79> <FuncUnit> <Opcode : 'add' 'sub'> <InPorts = 2> <OutPorts = 1>
ST_1 : Operation 21 [1/1] (0.00ns)   --->   "%br_ln160 = br i1 %icmp_ln160, void %for.body4.i681.split_ifconv, void %for.cond.cleanup3.i679.exitStub" [../cnn_gesture_hls.cpp:160->../cnn_gesture_hls.cpp:234]   --->   Operation 21 'br' 'br_ln160' <Predicate = true> <Delay = 0.00>
ST_1 : Operation 22 [1/1] (0.00ns)   --->   "%wi_6 = bitconcatenate i18 @_ssdm_op_BitConcatenate.i18.i11.i7, i11 %i, i7 %tmp" [../cnn_gesture_hls.cpp:30->../cnn_gesture_hls.cpp:161->../cnn_gesture_hls.cpp:234]   --->   Operation 22 'bitconcatenate' 'wi_6' <Predicate = (!icmp_ln160)> <Delay = 0.00>
ST_1 : Operation 23 [1/1] (0.00ns)   --->   "%zext_ln162_1 = zext i18 %wi_6" [../cnn_gesture_hls.cpp:162->../cnn_gesture_hls.cpp:234]   --->   Operation 23 'zext' 'zext_ln162_1' <Predicate = (!icmp_ln160)> <Delay = 0.00>
ST_1 : Operation 24 [1/1] (0.00ns)   --->   "%dense_param_0_addr = getelementptr i32 %dense_param_0, i64 0, i64 %zext_ln162_1" [../cnn_gesture_hls.cpp:162->../cnn_gesture_hls.cpp:234]   --->   Operation 24 'getelementptr' 'dense_param_0_addr' <Predicate = (!icmp_ln160)> <Delay = 0.00>
ST_1 : Operation 25 [2/2] (1.23ns)   --->   "%dense_param_0_load = load i18 %dense_param_0_addr" [../cnn_gesture_hls.cpp:162->../cnn_gesture_hls.cpp:234]   --->   Operation 25 'load' 'dense_param_0_load' <Predicate = (!icmp_ln160)> <Delay = 1.23> <CoreInst = "ROM">   --->   Core 100 'ROM' <Latency = 1> <II = 1> <Delay = 1.23> <Storage> <Opcode : 'load'> <Ports = 0> <Width = 32> <Depth = 204800> <ROM>
ST_1 : Operation 26 [1/1] (0.42ns)   --->   "%store_ln29 = store i11 %add_ln160, i11 %i_2" [../cnn_gesture_hls.cpp:29->../cnn_gesture_hls.cpp:161->../cnn_gesture_hls.cpp:234]   --->   Operation 26 'store' 'store_ln29' <Predicate = (!icmp_ln160)> <Delay = 0.42>

State 2 <SV = 1> <Delay = 3.54>
ST_2 : Operation 27 [1/2] ( I:1.23ns O:1.23ns )   --->   "%dense_param_0_load = load i18 %dense_param_0_addr" [../cnn_gesture_hls.cpp:162->../cnn_gesture_hls.cpp:234]   --->   Operation 27 'load' 'dense_param_0_load' <Predicate = (!icmp_ln160)> <Delay = 1.23> <CoreInst = "ROM">   --->   Core 100 'ROM' <Latency = 1> <II = 1> <Delay = 1.23> <Storage> <Opcode : 'load'> <Ports = 0> <Width = 32> <Depth = 204800> <ROM>
ST_2 : Operation 28 [2/2] (2.30ns)   --->   "%pf = fpext i32 %dense_param_0_load" [../cnn_gesture_hls.cpp:162->../cnn_gesture_hls.cpp:234]   --->   Operation 28 'fpext' 'pf' <Predicate = (!icmp_ln160)> <Delay = 2.30> <CoreInst = "Float2Double">   --->   Core 64 'Float2Double' <Latency = 1> <II = 1> <Delay = 2.30> <FuncUnit> <Opcode : 'fpext'> <InPorts = 1> <OutPorts = 1>

State 3 <SV = 2> <Delay = 6.65>
ST_3 : Operation 29 [1/1] (0.00ns)   --->   "%zext_ln160 = zext i11 %i" [../cnn_gesture_hls.cpp:160->../cnn_gesture_hls.cpp:234]   --->   Operation 29 'zext' 'zext_ln160' <Predicate = (!icmp_ln160)> <Delay = 0.00>
ST_3 : Operation 30 [1/2] (2.30ns)   --->   "%pf = fpext i32 %dense_param_0_load" [../cnn_gesture_hls.cpp:162->../cnn_gesture_hls.cpp:234]   --->   Operation 30 'fpext' 'pf' <Predicate = (!icmp_ln160)> <Delay = 2.30> <CoreInst = "Float2Double">   --->   Core 64 'Float2Double' <Latency = 1> <II = 1> <Delay = 2.30> <FuncUnit> <Opcode : 'fpext'> <InPorts = 1> <OutPorts = 1>
ST_3 : Operation 31 [1/1] (0.00ns)   --->   "%bitcast_ln726_10 = bitcast i64 %pf" [../cnn_gesture_hls.cpp:162->../cnn_gesture_hls.cpp:234]   --->   Operation 31 'bitcast' 'bitcast_ln726_10' <Predicate = (!icmp_ln160)> <Delay = 0.00>
ST_3 : Operation 32 [1/1] (0.00ns)   --->   "%trunc_ln162 = trunc i64 %bitcast_ln726_10" [../cnn_gesture_hls.cpp:162->../cnn_gesture_hls.cpp:234]   --->   Operation 32 'trunc' 'trunc_ln162' <Predicate = (!icmp_ln160)> <Delay = 0.00>
ST_3 : Operation 33 [1/1] (0.00ns)   --->   "%tmp_238 = bitselect i1 @_ssdm_op_BitSelect.i1.i64.i32, i64 %bitcast_ln726_10, i32 63" [../cnn_gesture_hls.cpp:162->../cnn_gesture_hls.cpp:234]   --->   Operation 33 'bitselect' 'tmp_238' <Predicate = (!icmp_ln160)> <Delay = 0.00>
ST_3 : Operation 34 [1/1] (0.00ns)   --->   "%tmp_42 = partselect i11 @_ssdm_op_PartSelect.i11.i64.i32, i64 %bitcast_ln726_10, i32 52" [../cnn_gesture_hls.cpp:162->../cnn_gesture_hls.cpp:234]   --->   Operation 34 'partselect' 'tmp_42' <Predicate = (!icmp_ln160)> <Delay = 0.00>
ST_3 : Operation 35 [1/1] (0.00ns)   --->   "%zext_ln162 = zext i11 %tmp_42" [../cnn_gesture_hls.cpp:162->../cnn_gesture_hls.cpp:234]   --->   Operation 35 'zext' 'zext_ln162' <Predicate = (!icmp_ln160)> <Delay = 0.00>
ST_3 : Operation 36 [1/1] (0.00ns)   --->   "%trunc_ln162_1 = trunc i64 %bitcast_ln726_10" [../cnn_gesture_hls.cpp:162->../cnn_gesture_hls.cpp:234]   --->   Operation 36 'trunc' 'trunc_ln162_1' <Predicate = (!icmp_ln160)> <Delay = 0.00>
ST_3 : Operation 37 [1/1] (0.00ns)   --->   "%zext_ln162_3_cast = bitconcatenate i53 @_ssdm_op_BitConcatenate.i53.i1.i52, i1 1, i52 %trunc_ln162_1" [../cnn_gesture_hls.cpp:162->../cnn_gesture_hls.cpp:234]   --->   Operation 37 'bitconcatenate' 'zext_ln162_3_cast' <Predicate = (!icmp_ln160)> <Delay = 0.00>
ST_3 : Operation 38 [1/1] (0.00ns)   --->   "%zext_ln162_3 = zext i53 %zext_ln162_3_cast" [../cnn_gesture_hls.cpp:162->../cnn_gesture_hls.cpp:234]   --->   Operation 38 'zext' 'zext_ln162_3' <Predicate = (!icmp_ln160)> <Delay = 0.00>
ST_3 : Operation 39 [1/1] (1.10ns)   --->   "%sub_ln162 = sub i54 0, i54 %zext_ln162_3" [../cnn_gesture_hls.cpp:162->../cnn_gesture_hls.cpp:234]   --->   Operation 39 'sub' 'sub_ln162' <Predicate = (!icmp_ln160)> <Delay = 1.10> <CoreInst = "Adder">   --->   Core 1 'Adder' <Latency = 0> <II = 1> <Delay = 1.10> <FuncUnit> <Opcode : 'add' 'sub'> <InPorts = 2> <OutPorts = 1>
ST_3 : Operation 40 [1/1] (0.40ns)   --->   "%select_ln162 = select i1 %tmp_238, i54 %sub_ln162, i54 %zext_ln162_3" [../cnn_gesture_hls.cpp:162->../cnn_gesture_hls.cpp:234]   --->   Operation 40 'select' 'select_ln162' <Predicate = (!icmp_ln160)> <Delay = 0.40> <CoreInst = "Sel">   --->   Core 73 'Sel' <Latency = 0> <II = 1> <Delay = 0.40> <FuncUnit> <Opcode : 'select'> <InPorts = 3> <OutPorts = 1>
ST_3 : Operation 41 [1/1] (1.08ns)   --->   "%icmp_ln162 = icmp_eq  i63 %trunc_ln162, i63 0" [../cnn_gesture_hls.cpp:162->../cnn_gesture_hls.cpp:234]   --->   Operation 41 'icmp' 'icmp_ln162' <Predicate = (!icmp_ln160)> <Delay = 1.08> <CoreInst = "Cmp">   --->   Core 9 'Cmp' <Latency = 0> <II = 1> <Delay = 1.08> <FuncUnit> <Opcode : 'seteq' 'setne' 'setle' 'setge' 'setlt' 'setgt'> <InPorts = 2> <OutPorts = 1>
ST_3 : Operation 42 [1/1] (0.80ns)   --->   "%sub_ln162_1 = sub i12 1075, i12 %zext_ln162" [../cnn_gesture_hls.cpp:162->../cnn_gesture_hls.cpp:234]   --->   Operation 42 'sub' 'sub_ln162_1' <Predicate = (!icmp_ln160)> <Delay = 0.80> <CoreInst = "Adder">   --->   Core 1 'Adder' <Latency = 0> <II = 1> <Delay = 0.80> <FuncUnit> <Opcode : 'add' 'sub'> <InPorts = 2> <OutPorts = 1>
ST_3 : Operation 43 [1/1] (0.00ns)   --->   "%trunc_ln162_2 = trunc i12 %sub_ln162_1" [../cnn_gesture_hls.cpp:162->../cnn_gesture_hls.cpp:234]   --->   Operation 43 'trunc' 'trunc_ln162_2' <Predicate = (!icmp_ln160)> <Delay = 0.00>
ST_3 : Operation 44 [1/1] (0.80ns)   --->   "%icmp_ln162_1 = icmp_sgt  i12 %sub_ln162_1, i12 10" [../cnn_gesture_hls.cpp:162->../cnn_gesture_hls.cpp:234]   --->   Operation 44 'icmp' 'icmp_ln162_1' <Predicate = (!icmp_ln160)> <Delay = 0.80> <CoreInst = "Cmp">   --->   Core 9 'Cmp' <Latency = 0> <II = 1> <Delay = 0.80> <FuncUnit> <Opcode : 'seteq' 'setne' 'setle' 'setge' 'setlt' 'setgt'> <InPorts = 2> <OutPorts = 1>
ST_3 : Operation 45 [1/1] (0.79ns)   --->   "%add_ln162 = add i11 %trunc_ln162_2, i11 2038" [../cnn_gesture_hls.cpp:162->../cnn_gesture_hls.cpp:234]   --->   Operation 45 'add' 'add_ln162' <Predicate = (!icmp_ln160)> <Delay = 0.79> <CoreInst = "Adder">   --->   Core 1 'Adder' <Latency = 0> <II = 1> <Delay = 0.79> <FuncUnit> <Opcode : 'add' 'sub'> <InPorts = 2> <OutPorts = 1>
ST_3 : Operation 46 [1/1] (0.79ns)   --->   "%sub_ln162_2 = sub i11 10, i11 %trunc_ln162_2" [../cnn_gesture_hls.cpp:162->../cnn_gesture_hls.cpp:234]   --->   Operation 46 'sub' 'sub_ln162_2' <Predicate = (!icmp_ln160)> <Delay = 0.79> <CoreInst = "Adder">   --->   Core 1 'Adder' <Latency = 0> <II = 1> <Delay = 0.79> <FuncUnit> <Opcode : 'add' 'sub'> <InPorts = 2> <OutPorts = 1>
ST_3 : Operation 47 [1/1] (0.38ns)   --->   "%select_ln162_1 = select i1 %icmp_ln162_1, i11 %add_ln162, i11 %sub_ln162_2" [../cnn_gesture_hls.cpp:162->../cnn_gesture_hls.cpp:234]   --->   Operation 47 'select' 'select_ln162_1' <Predicate = (!icmp_ln160)> <Delay = 0.38> <CoreInst = "Sel">   --->   Core 73 'Sel' <Latency = 0> <II = 1> <Delay = 0.38> <FuncUnit> <Opcode : 'select'> <InPorts = 3> <OutPorts = 1>
ST_3 : Operation 48 [1/1] (0.80ns)   --->   "%icmp_ln162_2 = icmp_eq  i12 %sub_ln162_1, i12 10" [../cnn_gesture_hls.cpp:162->../cnn_gesture_hls.cpp:234]   --->   Operation 48 'icmp' 'icmp_ln162_2' <Predicate = (!icmp_ln160)> <Delay = 0.80> <CoreInst = "Cmp">   --->   Core 9 'Cmp' <Latency = 0> <II = 1> <Delay = 0.80> <FuncUnit> <Opcode : 'seteq' 'setne' 'setle' 'setge' 'setlt' 'setgt'> <InPorts = 2> <OutPorts = 1>
ST_3 : Operation 49 [1/1] (0.00ns)   --->   "%trunc_ln162_3 = trunc i54 %select_ln162" [../cnn_gesture_hls.cpp:162->../cnn_gesture_hls.cpp:234]   --->   Operation 49 'trunc' 'trunc_ln162_3' <Predicate = (!icmp_ln160)> <Delay = 0.00>
ST_3 : Operation 50 [1/1] (0.79ns)   --->   "%icmp_ln162_3 = icmp_ult  i11 %select_ln162_1, i11 54" [../cnn_gesture_hls.cpp:162->../cnn_gesture_hls.cpp:234]   --->   Operation 50 'icmp' 'icmp_ln162_3' <Predicate = (!icmp_ln160)> <Delay = 0.79> <CoreInst = "Cmp">   --->   Core 9 'Cmp' <Latency = 0> <II = 1> <Delay = 0.79> <FuncUnit> <Opcode : 'seteq' 'setne' 'setle' 'setge' 'setlt' 'setgt'> <InPorts = 2> <OutPorts = 1>
ST_3 : Operation 51 [1/1] (0.00ns) (grouped into LUT with out node select_ln162_2)   --->   "%select_ln162_4 = select i1 %tmp_238, i16 65535, i16 0" [../cnn_gesture_hls.cpp:162->../cnn_gesture_hls.cpp:234]   --->   Operation 51 'select' 'select_ln162_4' <Predicate = (!icmp_ln160)> <Delay = 0.00> <CoreInst = "Sel">   --->   Core 73 'Sel' <Latency = 0> <II = 1> <Delay = 0.17> <FuncUnit> <Opcode : 'select'> <InPorts = 3> <OutPorts = 1>
ST_3 : Operation 52 [1/1] (0.00ns)   --->   "%zext_ln162_2 = zext i11 %select_ln162_1" [../cnn_gesture_hls.cpp:162->../cnn_gesture_hls.cpp:234]   --->   Operation 52 'zext' 'zext_ln162_2' <Predicate = (!icmp_ln160)> <Delay = 0.00>
ST_3 : Operation 53 [1/1] (1.50ns)   --->   "%ashr_ln162 = ashr i54 %select_ln162, i54 %zext_ln162_2" [../cnn_gesture_hls.cpp:162->../cnn_gesture_hls.cpp:234]   --->   Operation 53 'ashr' 'ashr_ln162' <Predicate = (!icmp_ln160)> <Delay = 1.50> <CoreInst = "Shifter">   --->   Core 75 'Shifter' <Latency = 0> <II = 1> <Delay = 1.50> <FuncUnit> <Opcode : 'shl' 'lshr' 'ashr'> <InPorts = 2> <OutPorts = 1>
ST_3 : Operation 54 [1/1] (0.00ns) (grouped into LUT with out node select_ln162_2)   --->   "%trunc_ln162_4 = trunc i54 %ashr_ln162" [../cnn_gesture_hls.cpp:162->../cnn_gesture_hls.cpp:234]   --->   Operation 54 'trunc' 'trunc_ln162_4' <Predicate = (!icmp_ln160)> <Delay = 0.00>
ST_3 : Operation 55 [1/1] (0.35ns) (out node of the LUT)   --->   "%select_ln162_2 = select i1 %icmp_ln162_3, i16 %trunc_ln162_4, i16 %select_ln162_4" [../cnn_gesture_hls.cpp:162->../cnn_gesture_hls.cpp:234]   --->   Operation 55 'select' 'select_ln162_2' <Predicate = (!icmp_ln160)> <Delay = 0.35> <CoreInst = "Sel">   --->   Core 73 'Sel' <Latency = 0> <II = 1> <Delay = 0.35> <FuncUnit> <Opcode : 'select'> <InPorts = 3> <OutPorts = 1>
ST_3 : Operation 56 [1/1] (0.00ns)   --->   "%tmp_239 = partselect i7 @_ssdm_op_PartSelect.i7.i11.i32.i32, i11 %select_ln162_1, i32 4, i32 10" [../cnn_gesture_hls.cpp:162->../cnn_gesture_hls.cpp:234]   --->   Operation 56 'partselect' 'tmp_239' <Predicate = (!icmp_ln160)> <Delay = 0.00>
ST_3 : Operation 57 [1/1] (0.77ns)   --->   "%icmp_ln162_4 = icmp_eq  i7 %tmp_239, i7 0" [../cnn_gesture_hls.cpp:162->../cnn_gesture_hls.cpp:234]   --->   Operation 57 'icmp' 'icmp_ln162_4' <Predicate = (!icmp_ln160)> <Delay = 0.77> <CoreInst = "Cmp">   --->   Core 9 'Cmp' <Latency = 0> <II = 1> <Delay = 0.77> <FuncUnit> <Opcode : 'seteq' 'setne' 'setle' 'setge' 'setlt' 'setgt'> <InPorts = 2> <OutPorts = 1>
ST_3 : Operation 58 [1/1] (0.00ns)   --->   "%select_ln162_1cast = zext i11 %select_ln162_1" [../cnn_gesture_hls.cpp:162->../cnn_gesture_hls.cpp:234]   --->   Operation 58 'zext' 'select_ln162_1cast' <Predicate = (!icmp_ln160)> <Delay = 0.00>
ST_3 : Operation 59 [1/1] (0.90ns)   --->   "%shl_ln162 = shl i16 %trunc_ln162_3, i16 %select_ln162_1cast" [../cnn_gesture_hls.cpp:162->../cnn_gesture_hls.cpp:234]   --->   Operation 59 'shl' 'shl_ln162' <Predicate = (!icmp_ln160)> <Delay = 0.90> <CoreInst = "Shifter">   --->   Core 75 'Shifter' <Latency = 0> <II = 1> <Delay = 0.90> <FuncUnit> <Opcode : 'shl' 'lshr' 'ashr'> <InPorts = 2> <OutPorts = 1>
ST_3 : Operation 60 [1/1] (0.35ns)   --->   "%select_ln162_3 = select i1 %icmp_ln162_4, i16 %shl_ln162, i16 0" [../cnn_gesture_hls.cpp:162->../cnn_gesture_hls.cpp:234]   --->   Operation 60 'select' 'select_ln162_3' <Predicate = (!icmp_ln160)> <Delay = 0.35> <CoreInst = "Sel">   --->   Core 73 'Sel' <Latency = 0> <II = 1> <Delay = 0.35> <FuncUnit> <Opcode : 'select'> <InPorts = 3> <OutPorts = 1>
ST_3 : Operation 61 [1/1] (0.00ns) (grouped into LUT with out node and_ln162)   --->   "%xor_ln162 = xor i1 %icmp_ln162, i1 1" [../cnn_gesture_hls.cpp:162->../cnn_gesture_hls.cpp:234]   --->   Operation 61 'xor' 'xor_ln162' <Predicate = (!icmp_ln160)> <Delay = 0.00> <CoreInst = "LogicGate">   --->   Core 74 'LogicGate' <Latency = 0> <II = 1> <Delay = 0.28> <FuncUnit> <Opcode : 'and' 'or' 'xor'> <InPorts = 2> <OutPorts = 1>
ST_3 : Operation 62 [1/1] (0.28ns) (out node of the LUT)   --->   "%and_ln162 = and i1 %icmp_ln162_2, i1 %xor_ln162" [../cnn_gesture_hls.cpp:162->../cnn_gesture_hls.cpp:234]   --->   Operation 62 'and' 'and_ln162' <Predicate = (!icmp_ln160)> <Delay = 0.28> <CoreInst = "LogicGate">   --->   Core 74 'LogicGate' <Latency = 0> <II = 1> <Delay = 0.28> <FuncUnit> <Opcode : 'and' 'or' 'xor'> <InPorts = 2> <OutPorts = 1>
ST_3 : Operation 63 [1/1] (0.00ns) (grouped into LUT with out node and_ln162_1)   --->   "%or_ln162 = or i1 %icmp_ln162, i1 %icmp_ln162_2" [../cnn_gesture_hls.cpp:162->../cnn_gesture_hls.cpp:234]   --->   Operation 63 'or' 'or_ln162' <Predicate = (!icmp_ln160)> <Delay = 0.00> <CoreInst = "LogicGate">   --->   Core 74 'LogicGate' <Latency = 0> <II = 1> <Delay = 0.28> <FuncUnit> <Opcode : 'and' 'or' 'xor'> <InPorts = 2> <OutPorts = 1>
ST_3 : Operation 64 [1/1] (0.00ns) (grouped into LUT with out node and_ln162_1)   --->   "%xor_ln162_1 = xor i1 %or_ln162, i1 1" [../cnn_gesture_hls.cpp:162->../cnn_gesture_hls.cpp:234]   --->   Operation 64 'xor' 'xor_ln162_1' <Predicate = (!icmp_ln160)> <Delay = 0.00> <CoreInst = "LogicGate">   --->   Core 74 'LogicGate' <Latency = 0> <II = 1> <Delay = 0.28> <FuncUnit> <Opcode : 'and' 'or' 'xor'> <InPorts = 2> <OutPorts = 1>
ST_3 : Operation 65 [1/1] (0.28ns) (out node of the LUT)   --->   "%and_ln162_1 = and i1 %icmp_ln162_1, i1 %xor_ln162_1" [../cnn_gesture_hls.cpp:162->../cnn_gesture_hls.cpp:234]   --->   Operation 65 'and' 'and_ln162_1' <Predicate = (!icmp_ln160)> <Delay = 0.28> <CoreInst = "LogicGate">   --->   Core 74 'LogicGate' <Latency = 0> <II = 1> <Delay = 0.28> <FuncUnit> <Opcode : 'and' 'or' 'xor'> <InPorts = 2> <OutPorts = 1>
ST_3 : Operation 66 [1/1] (0.00ns)   --->   "%sel_tmp = bitconcatenate i3 @_ssdm_op_BitConcatenate.i3.i1.i1.i1, i1 %icmp_ln162, i1 %and_ln162, i1 %and_ln162_1" [../cnn_gesture_hls.cpp:162->../cnn_gesture_hls.cpp:234]   --->   Operation 66 'bitconcatenate' 'sel_tmp' <Predicate = (!icmp_ln160)> <Delay = 0.00>
ST_3 : Operation 67 [1/1] (0.47ns)   --->   "%storemerge4_i8 = sparsemux i16 @_ssdm_op_SparseMux.ap_auto.4i16.i16.i3, i3 4, i16 0, i3 2, i16 %trunc_ln162_3, i3 1, i16 %select_ln162_2, i3 0, i16 %select_ln162_3, i16 0, i3 %sel_tmp" [../cnn_gesture_hls.cpp:162->../cnn_gesture_hls.cpp:234]   --->   Operation 67 'sparsemux' 'storemerge4_i8' <Predicate = (!icmp_ln160)> <Delay = 0.47> <CoreInst = "OneHotSparseMux_HasDef">   --->   Core 152 'OneHotSparseMux_HasDef' <Latency = 0> <II = 1> <Delay = 0.47> <FuncUnit> <Opcode : 'sparsemux'> <InPorts = 2> <OutPorts = 1>
ST_3 : Operation 68 [1/1] (0.00ns)   --->   "%flat_addr = getelementptr i16 %flat, i64 0, i64 %zext_ln160" [../cnn_gesture_hls.cpp:162->../cnn_gesture_hls.cpp:234]   --->   Operation 68 'getelementptr' 'flat_addr' <Predicate = (!icmp_ln160)> <Delay = 0.00>
ST_3 : Operation 69 [2/2] (1.23ns)   --->   "%flat_load = load i11 %flat_addr" [../cnn_gesture_hls.cpp:162->../cnn_gesture_hls.cpp:234]   --->   Operation 69 'load' 'flat_load' <Predicate = (!icmp_ln160)> <Delay = 1.23> <CoreInst = "RAM">   --->   Core 82 'RAM' <Latency = 1> <II = 1> <Delay = 1.23> <Storage> <Opcode : 'load' 'store'> <Ports = 2> <Width = 16> <Depth = 1600> <RAM>

State 4 <SV = 3> <Delay = 2.23>
ST_4 : Operation 70 [1/2] ( I:1.23ns O:1.23ns )   --->   "%flat_load = load i11 %flat_addr" [../cnn_gesture_hls.cpp:162->../cnn_gesture_hls.cpp:234]   --->   Operation 70 'load' 'flat_load' <Predicate = (!icmp_ln160)> <Delay = 1.23> <CoreInst = "RAM">   --->   Core 82 'RAM' <Latency = 1> <II = 1> <Delay = 1.23> <Storage> <Opcode : 'load' 'store'> <Ports = 2> <Width = 16> <Depth = 1600> <RAM>
ST_4 : Operation 71 [1/1] (0.00ns)   --->   "%sext_ln162_1 = sext i16 %flat_load" [../cnn_gesture_hls.cpp:162->../cnn_gesture_hls.cpp:234]   --->   Operation 71 'sext' 'sext_ln162_1' <Predicate = (!icmp_ln160)> <Delay = 0.00>
ST_4 : Operation 72 [1/1] (0.00ns)   --->   "%sext_ln162_2 = sext i16 %storemerge4_i8" [../cnn_gesture_hls.cpp:162->../cnn_gesture_hls.cpp:234]   --->   Operation 72 'sext' 'sext_ln162_2' <Predicate = (!icmp_ln160)> <Delay = 0.00>
ST_4 : Operation 73 [3/3] (0.99ns) (grouped into DSP with root node sum_12)   --->   "%mul_ln162 = mul i32 %sext_ln162_1, i32 %sext_ln162_2" [../cnn_gesture_hls.cpp:162->../cnn_gesture_hls.cpp:234]   --->   Operation 73 'mul' 'mul_ln162' <Predicate = (!icmp_ln160)> <Delay = 0.99> <CoreInst = "DSP48">   --->   Core 124 'DSP48' <Latency = 3> <II = 1> <Delay = 0.53> <IPBlock> <Opcode : 'add' 'sub' 'mul' 'select'> <InPorts = 0> <OutPorts = 1> <Sync> <CReg>

State 5 <SV = 4> <Delay = 0.99>
ST_5 : Operation 74 [2/3] (0.99ns) (grouped into DSP with root node sum_12)   --->   "%mul_ln162 = mul i32 %sext_ln162_1, i32 %sext_ln162_2" [../cnn_gesture_hls.cpp:162->../cnn_gesture_hls.cpp:234]   --->   Operation 74 'mul' 'mul_ln162' <Predicate = (!icmp_ln160)> <Delay = 0.99> <CoreInst = "DSP48">   --->   Core 124 'DSP48' <Latency = 3> <II = 1> <Delay = 0.53> <IPBlock> <Opcode : 'add' 'sub' 'mul' 'select'> <InPorts = 0> <OutPorts = 1> <Sync> <CReg>

State 6 <SV = 5> <Delay = 0.64>
ST_6 : Operation 75 [1/1] (0.00ns)   --->   "%sum = load i32 %sum_9" [../cnn_gesture_hls.cpp:162->../cnn_gesture_hls.cpp:234]   --->   Operation 75 'load' 'sum' <Predicate = true> <Delay = 0.00>
ST_6 : Operation 76 [1/1] (0.00ns)   --->   "%trunc_ln160 = trunc i32 %sum" [../cnn_gesture_hls.cpp:160->../cnn_gesture_hls.cpp:234]   --->   Operation 76 'trunc' 'trunc_ln160' <Predicate = true> <Delay = 0.00>
ST_6 : Operation 77 [1/3] (0.00ns) (grouped into DSP with root node sum_12)   --->   "%mul_ln162 = mul i32 %sext_ln162_1, i32 %sext_ln162_2" [../cnn_gesture_hls.cpp:162->../cnn_gesture_hls.cpp:234]   --->   Operation 77 'mul' 'mul_ln162' <Predicate = (!icmp_ln160)> <Delay = 0.00> <CoreInst = "DSP48">   --->   Core 124 'DSP48' <Latency = 3> <II = 1> <Delay = 0.53> <IPBlock> <Opcode : 'add' 'sub' 'mul' 'select'> <InPorts = 0> <OutPorts = 1> <Sync> <CReg>
ST_6 : Operation 78 [2/2] (0.64ns) (root node of the DSP)   --->   "%sum_12 = add i32 %mul_ln162, i32 %sum" [../cnn_gesture_hls.cpp:162->../cnn_gesture_hls.cpp:234]   --->   Operation 78 'add' 'sum_12' <Predicate = (!icmp_ln160)> <Delay = 0.64> <CoreInst = "DSP48">   --->   Core 124 'DSP48' <Latency = 3> <II = 1> <Delay = 0.53> <IPBlock> <Opcode : 'add' 'sub' 'mul' 'select'> <InPorts = 0> <OutPorts = 1> <Sync> <CReg>
ST_6 : Operation 85 [1/1] (0.00ns)   --->   "%write_ln160 = write void @_ssdm_op_Write.ap_auto.i26P0A, i26 %sum_9_out, i26 %trunc_ln160" [../cnn_gesture_hls.cpp:160->../cnn_gesture_hls.cpp:234]   --->   Operation 85 'write' 'write_ln160' <Predicate = (icmp_ln160)> <Delay = 0.00>
ST_6 : Operation 86 [1/1] (0.42ns)   --->   "%ret_ln0 = ret"   --->   Operation 86 'ret' 'ret_ln0' <Predicate = (icmp_ln160)> <Delay = 0.42>

State 7 <SV = 6> <Delay = 1.71>
ST_7 : Operation 79 [1/1] (0.00ns)   --->   "%specpipeline_ln158 = specpipeline void @_ssdm_op_SpecPipeline, i32 4294967295, i32 0, i32 0, i32 0, i32 4294967295, void @empty_10" [../cnn_gesture_hls.cpp:158->../cnn_gesture_hls.cpp:234]   --->   Operation 79 'specpipeline' 'specpipeline_ln158' <Predicate = true> <Delay = 0.00>
ST_7 : Operation 80 [1/1] (0.00ns)   --->   "%speclooptripcount_ln158 = speclooptripcount void @_ssdm_op_SpecLoopTripCount, i64 1600, i64 1600, i64 1600" [../cnn_gesture_hls.cpp:158->../cnn_gesture_hls.cpp:234]   --->   Operation 80 'speclooptripcount' 'speclooptripcount_ln158' <Predicate = true> <Delay = 0.00>
ST_7 : Operation 81 [1/1] (0.00ns)   --->   "%specloopname_ln160 = specloopname void @_ssdm_op_SpecLoopName, void @empty_4" [../cnn_gesture_hls.cpp:160->../cnn_gesture_hls.cpp:234]   --->   Operation 81 'specloopname' 'specloopname_ln160' <Predicate = true> <Delay = 0.00>
ST_7 : Operation 82 [1/2] (0.64ns) (root node of the DSP)   --->   "%sum_12 = add i32 %mul_ln162, i32 %sum" [../cnn_gesture_hls.cpp:162->../cnn_gesture_hls.cpp:234]   --->   Operation 82 'add' 'sum_12' <Predicate = true> <Delay = 0.64> <CoreInst = "DSP48">   --->   Core 124 'DSP48' <Latency = 3> <II = 1> <Delay = 0.53> <IPBlock> <Opcode : 'add' 'sub' 'mul' 'select'> <InPorts = 0> <OutPorts = 1> <Sync> <CReg>
ST_7 : Operation 83 [1/1] (0.42ns)   --->   "%store_ln158 = store i32 %sum_12, i32 %sum_9" [../cnn_gesture_hls.cpp:158->../cnn_gesture_hls.cpp:234]   --->   Operation 83 'store' 'store_ln158' <Predicate = true> <Delay = 0.42>
ST_7 : Operation 84 [1/1] (0.00ns)   --->   "%br_ln160 = br void %for.body4.i681" [../cnn_gesture_hls.cpp:160->../cnn_gesture_hls.cpp:234]   --->   Operation 84 'br' 'br_ln160' <Predicate = true> <Delay = 0.00>


============================================================
+ Verbose Summary: Timing violations
============================================================
Target clock period: 10.000ns, clock uncertainty: 2.700ns.

 <State 1>: 1.664ns
The critical path consists of the following:
	'store' operation ('store_ln29', ../cnn_gesture_hls.cpp:29->../cnn_gesture_hls.cpp:161->../cnn_gesture_hls.cpp:234) of constant 0 11 bit on local variable 'i', ../cnn_gesture_hls.cpp:29->../cnn_gesture_hls.cpp:161->../cnn_gesture_hls.cpp:234 [11]  (0.427 ns)
	'load' operation 11 bit ('i', ../cnn_gesture_hls.cpp:160->../cnn_gesture_hls.cpp:234) on local variable 'i', ../cnn_gesture_hls.cpp:29->../cnn_gesture_hls.cpp:161->../cnn_gesture_hls.cpp:234 [16]  (0.000 ns)
	'getelementptr' operation 18 bit ('dense_param_0_addr', ../cnn_gesture_hls.cpp:162->../cnn_gesture_hls.cpp:234) [28]  (0.000 ns)
	'load' operation 32 bit ('dense_param_0_load', ../cnn_gesture_hls.cpp:162->../cnn_gesture_hls.cpp:234) on array 'dense_param_0' [29]  (1.237 ns)

 <State 2>: 3.543ns
The critical path consists of the following:
	'load' operation 32 bit ('dense_param_0_load', ../cnn_gesture_hls.cpp:162->../cnn_gesture_hls.cpp:234) on array 'dense_param_0' [29]  (1.237 ns)
	'fpext' operation 64 bit ('pf', ../cnn_gesture_hls.cpp:162->../cnn_gesture_hls.cpp:234) [30]  (2.306 ns)

 <State 3>: 6.652ns
The critical path consists of the following:
	'fpext' operation 64 bit ('pf', ../cnn_gesture_hls.cpp:162->../cnn_gesture_hls.cpp:234) [30]  (2.306 ns)
	'sub' operation 12 bit ('sub_ln162_1', ../cnn_gesture_hls.cpp:162->../cnn_gesture_hls.cpp:234) [42]  (0.809 ns)
	'icmp' operation 1 bit ('icmp_ln162_1', ../cnn_gesture_hls.cpp:162->../cnn_gesture_hls.cpp:234) [44]  (0.809 ns)
	'select' operation 11 bit ('select_ln162_1', ../cnn_gesture_hls.cpp:162->../cnn_gesture_hls.cpp:234) [47]  (0.389 ns)
	'ashr' operation 54 bit ('ashr_ln162', ../cnn_gesture_hls.cpp:162->../cnn_gesture_hls.cpp:234) [53]  (1.506 ns)
	'select' operation 16 bit ('select_ln162_2', ../cnn_gesture_hls.cpp:162->../cnn_gesture_hls.cpp:234) [55]  (0.357 ns)
	'sparsemux' operation 16 bit ('storemerge4_i8', ../cnn_gesture_hls.cpp:162->../cnn_gesture_hls.cpp:234) [67]  (0.476 ns)

 <State 4>: 2.233ns
The critical path consists of the following:
	'load' operation 16 bit ('flat_load', ../cnn_gesture_hls.cpp:162->../cnn_gesture_hls.cpp:234) on array 'flat' [69]  (1.237 ns)
	'mul' operation 32 bit of DSP[73] ('mul_ln162', ../cnn_gesture_hls.cpp:162->../cnn_gesture_hls.cpp:234) [72]  (0.996 ns)

 <State 5>: 0.996ns
The critical path consists of the following:
	'mul' operation 32 bit of DSP[73] ('mul_ln162', ../cnn_gesture_hls.cpp:162->../cnn_gesture_hls.cpp:234) [72]  (0.996 ns)

 <State 6>: 0.645ns
The critical path consists of the following:
	'load' operation 32 bit ('sum', ../cnn_gesture_hls.cpp:162->../cnn_gesture_hls.cpp:234) on local variable 'sum', ../cnn_gesture_hls.cpp:158->../cnn_gesture_hls.cpp:234 [15]  (0.000 ns)
	'add' operation 32 bit of DSP[73] ('sum', ../cnn_gesture_hls.cpp:162->../cnn_gesture_hls.cpp:234) [73]  (0.645 ns)

 <State 7>: 1.717ns
The critical path consists of the following:
	'add' operation 32 bit of DSP[73] ('sum', ../cnn_gesture_hls.cpp:162->../cnn_gesture_hls.cpp:234) [73]  (0.645 ns)
	'store' operation ('store_ln158', ../cnn_gesture_hls.cpp:158->../cnn_gesture_hls.cpp:234) of variable 'sum', ../cnn_gesture_hls.cpp:162->../cnn_gesture_hls.cpp:234 32 bit on local variable 'sum', ../cnn_gesture_hls.cpp:158->../cnn_gesture_hls.cpp:234 [75]  (0.427 ns)
	'load' operation 32 bit ('sum', ../cnn_gesture_hls.cpp:162->../cnn_gesture_hls.cpp:234) on local variable 'sum', ../cnn_gesture_hls.cpp:158->../cnn_gesture_hls.cpp:234 [15]  (0.000 ns)
	'add' operation 32 bit of DSP[73] ('sum', ../cnn_gesture_hls.cpp:162->../cnn_gesture_hls.cpp:234) [73]  (0.645 ns)


============================================================
+ Verbose Summary: Binding
============================================================
N/A
* FSMD analyzer results:
  - Output states:
 - Input state : 
  - Chain level:
	State 1
	State 2
	State 3
	State 4
	State 5
	State 6
	State 7


============================================================
+ Verbose Summary: Datapath Resource usage 
============================================================
N/A
