

================================================================
== Vitis HLS Report for 'cnn_gesture_top_Pipeline_VITIS_LOOP_77_1_VITIS_LOOP_78_2'
================================================================
* Date:           Mon Feb 23 23:23:21 2026

* Version:        2025.2 (Build 6295257 on Nov 12 2025)
* Project:        cnn_gesture_top
* Solution:       hls (Vivado IP Flow Target)
* Product family: zynquplus
* Target device:  xczu3eg-sbva484-2-i


================================================================
== Performance Estimates
================================================================
+ Timing: 
    * Summary: 
    +--------+----------+----------+------------+
    |  Clock |  Target  | Estimated| Uncertainty|
    +--------+----------+----------+------------+
    |ap_clk  |  10.00 ns|  3.638 ns|     2.70 ns|
    +--------+----------+----------+------------+

+ Latency: 
    * Summary: 
    +---------+---------+-----------+-----------+-----+-----+-------------------+
    |  Latency (cycles) |   Latency (absolute)  |  Interval |      Pipeline     |
    |   min   |   max   |    min    |    max    | min | max |        Type       |
    +---------+---------+-----------+-----------+-----+-----+-------------------+
    |     1602|     1602|  16.020 us|  16.020 us|    0|    0|  loop pipeline stp|
    +---------+---------+-----------+-----------+-----+-----+-------------------+

    + Detail: 
        * Instance: 
        N/A

        * Loop: 
        +-----------------------------------+---------+---------+----------+-----------+-----------+------+----------+
        |                                   |  Latency (cycles) | Iteration|  Initiation Interval  | Trip |          |
        |             Loop Name             |   min   |   max   |  Latency |  achieved |   target  | Count| Pipelined|
        +-----------------------------------+---------+---------+----------+-----------+-----------+------+----------+
        |- VITIS_LOOP_77_1_VITIS_LOOP_78_2  |     1600|     1600|         2|          1|          1|  1600|       yes|
        +-----------------------------------+---------+---------+----------+-----------+-----------+------+----------+

============================================================
+ Verbose Summary: Synthesis Manager
============================================================
InlineROM: 1
ExposeGlobal: 0
============================================================
+ Verbose Summary: CDFG Model
============================================================
IsTopModel: 0
ResetActiveHigh: 1
IsCombinational: 0
IsDatapathOnly: 0
HasWiredReturn: 1
HasMFsm: 2
HasVarLatency: 1
IsPipeline: 0
IsRtlPipelined: 0
IsInstanceOverlapped: 0
IsDontTouch: 0
HasImplIP: 0
IsGatedGlobalClock: 0

+ Individual pipeline summary: 
  * Pipeline-0: initiation interval (II) = 1, depth = 2


============================================================
+ Verbose Summary: Schedule
============================================================
* Number of FSM states : 2
* Pipeline : 1
  Pipeline-0 : II = 1, D = 2, States = { 1 2 }
* Dataflow Pipeline: 0

* FSM state transitions: 
1 --> 2 
2 --> 

* FSM state operations: 

State 1 <SV = 0> <Delay = 3.63>
ST_1 : Operation 5 [1/1] (0.00ns)   --->   "%f = alloca i32 1" [../cnn_gesture_hls.cpp:78->../cnn_gesture_hls.cpp:228]   --->   Operation 5 'alloca' 'f' <Predicate = true> <Delay = 0.00>
ST_1 : Operation 6 [1/1] (0.00ns)   --->   "%t = alloca i32 1" [../cnn_gesture_hls.cpp:77->../cnn_gesture_hls.cpp:228]   --->   Operation 6 'alloca' 't' <Predicate = true> <Delay = 0.00>
ST_1 : Operation 7 [1/1] (0.00ns)   --->   "%indvar_flatten7 = alloca i32 1"   --->   Operation 7 'alloca' 'indvar_flatten7' <Predicate = true> <Delay = 0.00>
ST_1 : Operation 8 [1/1] (0.42ns)   --->   "%store_ln0 = store i11 0, i11 %indvar_flatten7"   --->   Operation 8 'store' 'store_ln0' <Predicate = true> <Delay = 0.42>
ST_1 : Operation 9 [1/1] (0.42ns)   --->   "%store_ln77 = store i6 0, i6 %t" [../cnn_gesture_hls.cpp:77->../cnn_gesture_hls.cpp:228]   --->   Operation 9 'store' 'store_ln77' <Predicate = true> <Delay = 0.42>
ST_1 : Operation 10 [1/1] (0.42ns)   --->   "%store_ln78 = store i6 0, i6 %f" [../cnn_gesture_hls.cpp:78->../cnn_gesture_hls.cpp:228]   --->   Operation 10 'store' 'store_ln78' <Predicate = true> <Delay = 0.42>
ST_1 : Operation 11 [1/1] (0.00ns)   --->   "%br_ln0 = br void %for.body4.i13"   --->   Operation 11 'br' 'br_ln0' <Predicate = true> <Delay = 0.00>
ST_1 : Operation 12 [1/1] (0.00ns)   --->   "%indvar_flatten7_load = load i11 %indvar_flatten7" [../cnn_gesture_hls.cpp:77->../cnn_gesture_hls.cpp:228]   --->   Operation 12 'load' 'indvar_flatten7_load' <Predicate = true> <Delay = 0.00>
ST_1 : Operation 13 [1/1] (0.79ns)   --->   "%icmp_ln77 = icmp_eq  i11 %indvar_flatten7_load, i11 1600" [../cnn_gesture_hls.cpp:77->../cnn_gesture_hls.cpp:228]   --->   Operation 13 'icmp' 'icmp_ln77' <Predicate = true> <Delay = 0.79> <CoreInst = "Cmp">   --->   Core 9 'Cmp' <Latency = 0> <II = 1> <Delay = 0.79> <FuncUnit> <Opcode : 'seteq' 'setne' 'setle' 'setge' 'setlt' 'setgt'> <InPorts = 2> <OutPorts = 1>
ST_1 : Operation 14 [1/1] (0.79ns)   --->   "%add_ln77_1 = add i11 %indvar_flatten7_load, i11 1" [../cnn_gesture_hls.cpp:77->../cnn_gesture_hls.cpp:228]   --->   Operation 14 'add' 'add_ln77_1' <Predicate = true> <Delay = 0.79> <CoreInst = "Adder">   --->   Core 1 'Adder' <Latency = 0> <II = 1> <Delay = 0.79> <FuncUnit> <Opcode : 'add' 'sub'> <InPorts = 2> <OutPorts = 1>
ST_1 : Operation 15 [1/1] (0.00ns)   --->   "%br_ln77 = br i1 %icmp_ln77, void %for.cond.cleanup3.i8, void %for.body8.i105.preheader.exitStub" [../cnn_gesture_hls.cpp:77->../cnn_gesture_hls.cpp:228]   --->   Operation 15 'br' 'br_ln77' <Predicate = true> <Delay = 0.00>
ST_1 : Operation 16 [1/1] (0.00ns)   --->   "%f_load = load i6 %f" [../cnn_gesture_hls.cpp:78->../cnn_gesture_hls.cpp:228]   --->   Operation 16 'load' 'f_load' <Predicate = (!icmp_ln77)> <Delay = 0.00>
ST_1 : Operation 17 [1/1] (0.00ns)   --->   "%t_load = load i6 %t" [../cnn_gesture_hls.cpp:77->../cnn_gesture_hls.cpp:228]   --->   Operation 17 'load' 't_load' <Predicate = (!icmp_ln77)> <Delay = 0.00>
ST_1 : Operation 18 [1/1] (0.78ns)   --->   "%add_ln77 = add i6 %t_load, i6 1" [../cnn_gesture_hls.cpp:77->../cnn_gesture_hls.cpp:228]   --->   Operation 18 'add' 'add_ln77' <Predicate = (!icmp_ln77)> <Delay = 0.78> <CoreInst = "Adder">   --->   Core 1 'Adder' <Latency = 0> <II = 1> <Delay = 0.78> <FuncUnit> <Opcode : 'add' 'sub'> <InPorts = 2> <OutPorts = 1>
ST_1 : Operation 19 [1/1] (0.78ns)   --->   "%icmp_ln78 = icmp_eq  i6 %f_load, i6 32" [../cnn_gesture_hls.cpp:78->../cnn_gesture_hls.cpp:228]   --->   Operation 19 'icmp' 'icmp_ln78' <Predicate = (!icmp_ln77)> <Delay = 0.78> <CoreInst = "Cmp">   --->   Core 9 'Cmp' <Latency = 0> <II = 1> <Delay = 0.78> <FuncUnit> <Opcode : 'seteq' 'setne' 'setle' 'setge' 'setlt' 'setgt'> <InPorts = 2> <OutPorts = 1>
ST_1 : Operation 20 [1/1] (0.38ns)   --->   "%select_ln77 = select i1 %icmp_ln78, i6 0, i6 %f_load" [../cnn_gesture_hls.cpp:77->../cnn_gesture_hls.cpp:228]   --->   Operation 20 'select' 'select_ln77' <Predicate = (!icmp_ln77)> <Delay = 0.38> <CoreInst = "Sel">   --->   Core 73 'Sel' <Latency = 0> <II = 1> <Delay = 0.38> <FuncUnit> <Opcode : 'select'> <InPorts = 3> <OutPorts = 1>
ST_1 : Operation 21 [1/1] (0.38ns)   --->   "%select_ln77_1 = select i1 %icmp_ln78, i6 %add_ln77, i6 %t_load" [../cnn_gesture_hls.cpp:77->../cnn_gesture_hls.cpp:228]   --->   Operation 21 'select' 'select_ln77_1' <Predicate = (!icmp_ln77)> <Delay = 0.38> <CoreInst = "Sel">   --->   Core 73 'Sel' <Latency = 0> <II = 1> <Delay = 0.38> <FuncUnit> <Opcode : 'select'> <InPorts = 3> <OutPorts = 1>
ST_1 : Operation 22 [1/1] (0.00ns)   --->   "%tmp_s = bitconcatenate i12 @_ssdm_op_BitConcatenate.i12.i6.i6, i6 %select_ln77_1, i6 32" [../cnn_gesture_hls.cpp:80->../cnn_gesture_hls.cpp:228]   --->   Operation 22 'bitconcatenate' 'tmp_s' <Predicate = (!icmp_ln77)> <Delay = 0.00>
ST_1 : Operation 23 [1/1] (0.00ns)   --->   "%zext_ln79_1 = zext i6 %select_ln77" [../cnn_gesture_hls.cpp:79->../cnn_gesture_hls.cpp:228]   --->   Operation 23 'zext' 'zext_ln79_1' <Predicate = (!icmp_ln77)> <Delay = 0.00>
ST_1 : Operation 24 [1/1] (0.00ns)   --->   "%tmp_169 = bitconcatenate i12 @_ssdm_op_BitConcatenate.i12.i6.i6, i6 %select_ln77_1, i6 %select_ln77" [../cnn_gesture_hls.cpp:79->../cnn_gesture_hls.cpp:228]   --->   Operation 24 'bitconcatenate' 'tmp_169' <Predicate = (!icmp_ln77)> <Delay = 0.00>
ST_1 : Operation 25 [1/1] (0.00ns)   --->   "%zext_ln79 = zext i12 %tmp_169" [../cnn_gesture_hls.cpp:79->../cnn_gesture_hls.cpp:228]   --->   Operation 25 'zext' 'zext_ln79' <Predicate = (!icmp_ln77)> <Delay = 0.00>
ST_1 : Operation 26 [1/1] (0.00ns)   --->   "%conv1_out_addr = getelementptr i16 %conv1_out, i64 0, i64 %zext_ln79" [../cnn_gesture_hls.cpp:79->../cnn_gesture_hls.cpp:228]   --->   Operation 26 'getelementptr' 'conv1_out_addr' <Predicate = (!icmp_ln77)> <Delay = 0.00>
ST_1 : Operation 27 [1/1] (0.80ns)   --->   "%add_ln80 = add i12 %tmp_s, i12 %zext_ln79_1" [../cnn_gesture_hls.cpp:80->../cnn_gesture_hls.cpp:228]   --->   Operation 27 'add' 'add_ln80' <Predicate = (!icmp_ln77)> <Delay = 0.80> <CoreInst = "Adder">   --->   Core 1 'Adder' <Latency = 0> <II = 1> <Delay = 0.80> <FuncUnit> <Opcode : 'add' 'sub'> <InPorts = 2> <OutPorts = 1>
ST_1 : Operation 28 [1/1] (0.00ns)   --->   "%zext_ln80 = zext i12 %add_ln80" [../cnn_gesture_hls.cpp:80->../cnn_gesture_hls.cpp:228]   --->   Operation 28 'zext' 'zext_ln80' <Predicate = (!icmp_ln77)> <Delay = 0.00>
ST_1 : Operation 29 [1/1] (0.00ns)   --->   "%conv1_out_addr_1 = getelementptr i16 %conv1_out, i64 0, i64 %zext_ln80" [../cnn_gesture_hls.cpp:80->../cnn_gesture_hls.cpp:228]   --->   Operation 29 'getelementptr' 'conv1_out_addr_1' <Predicate = (!icmp_ln77)> <Delay = 0.00>
ST_1 : Operation 30 [1/1] (0.00ns)   --->   "%trunc_ln78 = trunc i6 %select_ln77" [../cnn_gesture_hls.cpp:78->../cnn_gesture_hls.cpp:228]   --->   Operation 30 'trunc' 'trunc_ln78' <Predicate = (!icmp_ln77)> <Delay = 0.00>
ST_1 : Operation 31 [2/2] (1.23ns)   --->   "%a = load i12 %conv1_out_addr" [../cnn_gesture_hls.cpp:79->../cnn_gesture_hls.cpp:228]   --->   Operation 31 'load' 'a' <Predicate = (!icmp_ln77)> <Delay = 1.23> <CoreInst = "RAM">   --->   Core 82 'RAM' <Latency = 1> <II = 1> <Delay = 1.23> <Storage> <Opcode : 'load' 'store'> <Ports = 2> <Width = 16> <Depth = 3200> <RAM>
ST_1 : Operation 32 [2/2] (1.23ns)   --->   "%b = load i12 %conv1_out_addr_1" [../cnn_gesture_hls.cpp:80->../cnn_gesture_hls.cpp:228]   --->   Operation 32 'load' 'b' <Predicate = (!icmp_ln77)> <Delay = 1.23> <CoreInst = "RAM">   --->   Core 82 'RAM' <Latency = 1> <II = 1> <Delay = 1.23> <Storage> <Opcode : 'load' 'store'> <Ports = 2> <Width = 16> <Depth = 3200> <RAM>
ST_1 : Operation 33 [1/1] (0.78ns)   --->   "%switch_ln81 = switch i5 %trunc_ln78, void %arrayidx153.i1304.case.31, i5 0, void %arrayidx153.i1304.case.0, i5 1, void %arrayidx153.i1304.case.1, i5 2, void %arrayidx153.i1304.case.2, i5 3, void %arrayidx153.i1304.case.3, i5 4, void %arrayidx153.i1304.case.4, i5 5, void %arrayidx153.i1304.case.5, i5 6, void %arrayidx153.i1304.case.6, i5 7, void %arrayidx153.i1304.case.7, i5 8, void %arrayidx153.i1304.case.8, i5 9, void %arrayidx153.i1304.case.9, i5 10, void %arrayidx153.i1304.case.10, i5 11, void %arrayidx153.i1304.case.11, i5 12, void %arrayidx153.i1304.case.12, i5 13, void %arrayidx153.i1304.case.13, i5 14, void %arrayidx153.i1304.case.14, i5 15, void %arrayidx153.i1304.case.15, i5 16, void %arrayidx153.i1304.case.16, i5 17, void %arrayidx153.i1304.case.17, i5 18, void %arrayidx153.i1304.case.18, i5 19, void %arrayidx153.i1304.case.19, i5 20, void %arrayidx153.i1304.case.20, i5 21, void %arrayidx153.i1304.case.21, i5 22, void %arrayidx153.i1304.case.22, i5 23, void %arrayidx153.i1304.case.23, i5 24, void %arrayidx153.i1304.case.24, i5 25, void %arrayidx153.i1304.case.25, i5 26, void %arrayidx153.i1304.case.26, i5 27, void %arrayidx153.i1304.case.27, i5 28, void %arrayidx153.i1304.case.28, i5 29, void %arrayidx153.i1304.case.29, i5 30, void %arrayidx153.i1304.case.30" [../cnn_gesture_hls.cpp:81->../cnn_gesture_hls.cpp:228]   --->   Operation 33 'switch' 'switch_ln81' <Predicate = (!icmp_ln77)> <Delay = 0.78>
ST_1 : Operation 34 [1/1] (0.78ns)   --->   "%add_ln78 = add i6 %select_ln77, i6 1" [../cnn_gesture_hls.cpp:78->../cnn_gesture_hls.cpp:228]   --->   Operation 34 'add' 'add_ln78' <Predicate = (!icmp_ln77)> <Delay = 0.78> <CoreInst = "Adder">   --->   Core 1 'Adder' <Latency = 0> <II = 1> <Delay = 0.78> <FuncUnit> <Opcode : 'add' 'sub'> <InPorts = 2> <OutPorts = 1>
ST_1 : Operation 35 [1/1] (0.42ns)   --->   "%store_ln77 = store i11 %add_ln77_1, i11 %indvar_flatten7" [../cnn_gesture_hls.cpp:77->../cnn_gesture_hls.cpp:228]   --->   Operation 35 'store' 'store_ln77' <Predicate = (!icmp_ln77)> <Delay = 0.42>
ST_1 : Operation 36 [1/1] (0.42ns)   --->   "%store_ln77 = store i6 %select_ln77_1, i6 %t" [../cnn_gesture_hls.cpp:77->../cnn_gesture_hls.cpp:228]   --->   Operation 36 'store' 'store_ln77' <Predicate = (!icmp_ln77)> <Delay = 0.42>
ST_1 : Operation 37 [1/1] (0.42ns)   --->   "%store_ln78 = store i6 %add_ln78, i6 %f" [../cnn_gesture_hls.cpp:78->../cnn_gesture_hls.cpp:228]   --->   Operation 37 'store' 'store_ln78' <Predicate = (!icmp_ln77)> <Delay = 0.42>
ST_1 : Operation 38 [1/1] (0.00ns)   --->   "%br_ln78 = br void %for.body4.i13" [../cnn_gesture_hls.cpp:78->../cnn_gesture_hls.cpp:228]   --->   Operation 38 'br' 'br_ln78' <Predicate = (!icmp_ln77)> <Delay = 0.00>
ST_1 : Operation 143 [1/1] (0.42ns)   --->   "%ret_ln0 = ret"   --->   Operation 143 'ret' 'ret_ln0' <Predicate = (icmp_ln77)> <Delay = 0.42>

State 2 <SV = 1> <Delay = 3.12>
ST_2 : Operation 39 [1/1] (0.00ns)   --->   "%specloopname_ln0 = specloopname void @_ssdm_op_SpecLoopName, void @VITIS_LOOP_77_1_VITIS_LOOP_78_2_str"   --->   Operation 39 'specloopname' 'specloopname_ln0' <Predicate = true> <Delay = 0.00>
ST_2 : Operation 40 [1/1] (0.00ns)   --->   "%speclooptripcount_ln0 = speclooptripcount void @_ssdm_op_SpecLoopTripCount, i64 1600, i64 1600, i64 1600"   --->   Operation 40 'speclooptripcount' 'speclooptripcount_ln0' <Predicate = true> <Delay = 0.00>
ST_2 : Operation 41 [1/1] (0.00ns)   --->   "%zext_ln77 = zext i6 %select_ln77_1" [../cnn_gesture_hls.cpp:77->../cnn_gesture_hls.cpp:228]   --->   Operation 41 'zext' 'zext_ln77' <Predicate = true> <Delay = 0.00>
ST_2 : Operation 42 [1/1] (0.00ns)   --->   "%pool1_out_addr = getelementptr i16 %pool1_out, i64 0, i64 %zext_ln77" [../cnn_gesture_hls.cpp:81->../cnn_gesture_hls.cpp:228]   --->   Operation 42 'getelementptr' 'pool1_out_addr' <Predicate = true> <Delay = 0.00>
ST_2 : Operation 43 [1/1] (0.00ns)   --->   "%pool1_out_1_addr = getelementptr i16 %pool1_out_1, i64 0, i64 %zext_ln77" [../cnn_gesture_hls.cpp:81->../cnn_gesture_hls.cpp:228]   --->   Operation 43 'getelementptr' 'pool1_out_1_addr' <Predicate = true> <Delay = 0.00>
ST_2 : Operation 44 [1/1] (0.00ns)   --->   "%pool1_out_2_addr = getelementptr i16 %pool1_out_2, i64 0, i64 %zext_ln77" [../cnn_gesture_hls.cpp:81->../cnn_gesture_hls.cpp:228]   --->   Operation 44 'getelementptr' 'pool1_out_2_addr' <Predicate = true> <Delay = 0.00>
ST_2 : Operation 45 [1/1] (0.00ns)   --->   "%pool1_out_3_addr = getelementptr i16 %pool1_out_3, i64 0, i64 %zext_ln77" [../cnn_gesture_hls.cpp:81->../cnn_gesture_hls.cpp:228]   --->   Operation 45 'getelementptr' 'pool1_out_3_addr' <Predicate = true> <Delay = 0.00>
ST_2 : Operation 46 [1/1] (0.00ns)   --->   "%pool1_out_4_addr = getelementptr i16 %pool1_out_4, i64 0, i64 %zext_ln77" [../cnn_gesture_hls.cpp:81->../cnn_gesture_hls.cpp:228]   --->   Operation 46 'getelementptr' 'pool1_out_4_addr' <Predicate = true> <Delay = 0.00>
ST_2 : Operation 47 [1/1] (0.00ns)   --->   "%pool1_out_5_addr = getelementptr i16 %pool1_out_5, i64 0, i64 %zext_ln77" [../cnn_gesture_hls.cpp:81->../cnn_gesture_hls.cpp:228]   --->   Operation 47 'getelementptr' 'pool1_out_5_addr' <Predicate = true> <Delay = 0.00>
ST_2 : Operation 48 [1/1] (0.00ns)   --->   "%pool1_out_6_addr = getelementptr i16 %pool1_out_6, i64 0, i64 %zext_ln77" [../cnn_gesture_hls.cpp:81->../cnn_gesture_hls.cpp:228]   --->   Operation 48 'getelementptr' 'pool1_out_6_addr' <Predicate = true> <Delay = 0.00>
ST_2 : Operation 49 [1/1] (0.00ns)   --->   "%pool1_out_7_addr = getelementptr i16 %pool1_out_7, i64 0, i64 %zext_ln77" [../cnn_gesture_hls.cpp:81->../cnn_gesture_hls.cpp:228]   --->   Operation 49 'getelementptr' 'pool1_out_7_addr' <Predicate = true> <Delay = 0.00>
ST_2 : Operation 50 [1/1] (0.00ns)   --->   "%pool1_out_8_addr = getelementptr i16 %pool1_out_8, i64 0, i64 %zext_ln77" [../cnn_gesture_hls.cpp:81->../cnn_gesture_hls.cpp:228]   --->   Operation 50 'getelementptr' 'pool1_out_8_addr' <Predicate = true> <Delay = 0.00>
ST_2 : Operation 51 [1/1] (0.00ns)   --->   "%pool1_out_9_addr = getelementptr i16 %pool1_out_9, i64 0, i64 %zext_ln77" [../cnn_gesture_hls.cpp:81->../cnn_gesture_hls.cpp:228]   --->   Operation 51 'getelementptr' 'pool1_out_9_addr' <Predicate = true> <Delay = 0.00>
ST_2 : Operation 52 [1/1] (0.00ns)   --->   "%pool1_out_10_addr = getelementptr i16 %pool1_out_10, i64 0, i64 %zext_ln77" [../cnn_gesture_hls.cpp:81->../cnn_gesture_hls.cpp:228]   --->   Operation 52 'getelementptr' 'pool1_out_10_addr' <Predicate = true> <Delay = 0.00>
ST_2 : Operation 53 [1/1] (0.00ns)   --->   "%pool1_out_11_addr = getelementptr i16 %pool1_out_11, i64 0, i64 %zext_ln77" [../cnn_gesture_hls.cpp:81->../cnn_gesture_hls.cpp:228]   --->   Operation 53 'getelementptr' 'pool1_out_11_addr' <Predicate = true> <Delay = 0.00>
ST_2 : Operation 54 [1/1] (0.00ns)   --->   "%pool1_out_12_addr = getelementptr i16 %pool1_out_12, i64 0, i64 %zext_ln77" [../cnn_gesture_hls.cpp:81->../cnn_gesture_hls.cpp:228]   --->   Operation 54 'getelementptr' 'pool1_out_12_addr' <Predicate = true> <Delay = 0.00>
ST_2 : Operation 55 [1/1] (0.00ns)   --->   "%pool1_out_13_addr = getelementptr i16 %pool1_out_13, i64 0, i64 %zext_ln77" [../cnn_gesture_hls.cpp:81->../cnn_gesture_hls.cpp:228]   --->   Operation 55 'getelementptr' 'pool1_out_13_addr' <Predicate = true> <Delay = 0.00>
ST_2 : Operation 56 [1/1] (0.00ns)   --->   "%pool1_out_14_addr = getelementptr i16 %pool1_out_14, i64 0, i64 %zext_ln77" [../cnn_gesture_hls.cpp:81->../cnn_gesture_hls.cpp:228]   --->   Operation 56 'getelementptr' 'pool1_out_14_addr' <Predicate = true> <Delay = 0.00>
ST_2 : Operation 57 [1/1] (0.00ns)   --->   "%pool1_out_15_addr = getelementptr i16 %pool1_out_15, i64 0, i64 %zext_ln77" [../cnn_gesture_hls.cpp:81->../cnn_gesture_hls.cpp:228]   --->   Operation 57 'getelementptr' 'pool1_out_15_addr' <Predicate = true> <Delay = 0.00>
ST_2 : Operation 58 [1/1] (0.00ns)   --->   "%pool1_out_16_addr = getelementptr i16 %pool1_out_16, i64 0, i64 %zext_ln77" [../cnn_gesture_hls.cpp:81->../cnn_gesture_hls.cpp:228]   --->   Operation 58 'getelementptr' 'pool1_out_16_addr' <Predicate = true> <Delay = 0.00>
ST_2 : Operation 59 [1/1] (0.00ns)   --->   "%pool1_out_17_addr = getelementptr i16 %pool1_out_17, i64 0, i64 %zext_ln77" [../cnn_gesture_hls.cpp:81->../cnn_gesture_hls.cpp:228]   --->   Operation 59 'getelementptr' 'pool1_out_17_addr' <Predicate = true> <Delay = 0.00>
ST_2 : Operation 60 [1/1] (0.00ns)   --->   "%pool1_out_18_addr = getelementptr i16 %pool1_out_18, i64 0, i64 %zext_ln77" [../cnn_gesture_hls.cpp:81->../cnn_gesture_hls.cpp:228]   --->   Operation 60 'getelementptr' 'pool1_out_18_addr' <Predicate = true> <Delay = 0.00>
ST_2 : Operation 61 [1/1] (0.00ns)   --->   "%pool1_out_19_addr = getelementptr i16 %pool1_out_19, i64 0, i64 %zext_ln77" [../cnn_gesture_hls.cpp:81->../cnn_gesture_hls.cpp:228]   --->   Operation 61 'getelementptr' 'pool1_out_19_addr' <Predicate = true> <Delay = 0.00>
ST_2 : Operation 62 [1/1] (0.00ns)   --->   "%pool1_out_20_addr = getelementptr i16 %pool1_out_20, i64 0, i64 %zext_ln77" [../cnn_gesture_hls.cpp:81->../cnn_gesture_hls.cpp:228]   --->   Operation 62 'getelementptr' 'pool1_out_20_addr' <Predicate = true> <Delay = 0.00>
ST_2 : Operation 63 [1/1] (0.00ns)   --->   "%pool1_out_21_addr = getelementptr i16 %pool1_out_21, i64 0, i64 %zext_ln77" [../cnn_gesture_hls.cpp:81->../cnn_gesture_hls.cpp:228]   --->   Operation 63 'getelementptr' 'pool1_out_21_addr' <Predicate = true> <Delay = 0.00>
ST_2 : Operation 64 [1/1] (0.00ns)   --->   "%pool1_out_22_addr = getelementptr i16 %pool1_out_22, i64 0, i64 %zext_ln77" [../cnn_gesture_hls.cpp:81->../cnn_gesture_hls.cpp:228]   --->   Operation 64 'getelementptr' 'pool1_out_22_addr' <Predicate = true> <Delay = 0.00>
ST_2 : Operation 65 [1/1] (0.00ns)   --->   "%pool1_out_23_addr = getelementptr i16 %pool1_out_23, i64 0, i64 %zext_ln77" [../cnn_gesture_hls.cpp:81->../cnn_gesture_hls.cpp:228]   --->   Operation 65 'getelementptr' 'pool1_out_23_addr' <Predicate = true> <Delay = 0.00>
ST_2 : Operation 66 [1/1] (0.00ns)   --->   "%pool1_out_24_addr = getelementptr i16 %pool1_out_24, i64 0, i64 %zext_ln77" [../cnn_gesture_hls.cpp:81->../cnn_gesture_hls.cpp:228]   --->   Operation 66 'getelementptr' 'pool1_out_24_addr' <Predicate = true> <Delay = 0.00>
ST_2 : Operation 67 [1/1] (0.00ns)   --->   "%pool1_out_25_addr = getelementptr i16 %pool1_out_25, i64 0, i64 %zext_ln77" [../cnn_gesture_hls.cpp:81->../cnn_gesture_hls.cpp:228]   --->   Operation 67 'getelementptr' 'pool1_out_25_addr' <Predicate = true> <Delay = 0.00>
ST_2 : Operation 68 [1/1] (0.00ns)   --->   "%pool1_out_26_addr = getelementptr i16 %pool1_out_26, i64 0, i64 %zext_ln77" [../cnn_gesture_hls.cpp:81->../cnn_gesture_hls.cpp:228]   --->   Operation 68 'getelementptr' 'pool1_out_26_addr' <Predicate = true> <Delay = 0.00>
ST_2 : Operation 69 [1/1] (0.00ns)   --->   "%pool1_out_27_addr = getelementptr i16 %pool1_out_27, i64 0, i64 %zext_ln77" [../cnn_gesture_hls.cpp:81->../cnn_gesture_hls.cpp:228]   --->   Operation 69 'getelementptr' 'pool1_out_27_addr' <Predicate = true> <Delay = 0.00>
ST_2 : Operation 70 [1/1] (0.00ns)   --->   "%pool1_out_28_addr = getelementptr i16 %pool1_out_28, i64 0, i64 %zext_ln77" [../cnn_gesture_hls.cpp:81->../cnn_gesture_hls.cpp:228]   --->   Operation 70 'getelementptr' 'pool1_out_28_addr' <Predicate = true> <Delay = 0.00>
ST_2 : Operation 71 [1/1] (0.00ns)   --->   "%pool1_out_29_addr = getelementptr i16 %pool1_out_29, i64 0, i64 %zext_ln77" [../cnn_gesture_hls.cpp:81->../cnn_gesture_hls.cpp:228]   --->   Operation 71 'getelementptr' 'pool1_out_29_addr' <Predicate = true> <Delay = 0.00>
ST_2 : Operation 72 [1/1] (0.00ns)   --->   "%pool1_out_30_addr = getelementptr i16 %pool1_out_30, i64 0, i64 %zext_ln77" [../cnn_gesture_hls.cpp:81->../cnn_gesture_hls.cpp:228]   --->   Operation 72 'getelementptr' 'pool1_out_30_addr' <Predicate = true> <Delay = 0.00>
ST_2 : Operation 73 [1/1] (0.00ns)   --->   "%pool1_out_31_addr = getelementptr i16 %pool1_out_31, i64 0, i64 %zext_ln77" [../cnn_gesture_hls.cpp:81->../cnn_gesture_hls.cpp:228]   --->   Operation 73 'getelementptr' 'pool1_out_31_addr' <Predicate = true> <Delay = 0.00>
ST_2 : Operation 74 [1/1] (0.00ns)   --->   "%specpipeline_ln78 = specpipeline void @_ssdm_op_SpecPipeline, i32 4294967295, i32 0, i32 0, i32 0, i32 4294967295, void @empty_10" [../cnn_gesture_hls.cpp:78->../cnn_gesture_hls.cpp:228]   --->   Operation 74 'specpipeline' 'specpipeline_ln78' <Predicate = true> <Delay = 0.00>
ST_2 : Operation 75 [1/2] ( I:1.23ns O:1.23ns )   --->   "%a = load i12 %conv1_out_addr" [../cnn_gesture_hls.cpp:79->../cnn_gesture_hls.cpp:228]   --->   Operation 75 'load' 'a' <Predicate = true> <Delay = 1.23> <CoreInst = "RAM">   --->   Core 82 'RAM' <Latency = 1> <II = 1> <Delay = 1.23> <Storage> <Opcode : 'load' 'store'> <Ports = 2> <Width = 16> <Depth = 3200> <RAM>
ST_2 : Operation 76 [1/2] ( I:1.23ns O:1.23ns )   --->   "%b = load i12 %conv1_out_addr_1" [../cnn_gesture_hls.cpp:80->../cnn_gesture_hls.cpp:228]   --->   Operation 76 'load' 'b' <Predicate = true> <Delay = 1.23> <CoreInst = "RAM">   --->   Core 82 'RAM' <Latency = 1> <II = 1> <Delay = 1.23> <Storage> <Opcode : 'load' 'store'> <Ports = 2> <Width = 16> <Depth = 3200> <RAM>
ST_2 : Operation 77 [1/1] (0.85ns)   --->   "%icmp_ln81 = icmp_sgt  i16 %a, i16 %b" [../cnn_gesture_hls.cpp:81->../cnn_gesture_hls.cpp:228]   --->   Operation 77 'icmp' 'icmp_ln81' <Predicate = true> <Delay = 0.85> <CoreInst = "Cmp">   --->   Core 9 'Cmp' <Latency = 0> <II = 1> <Delay = 0.85> <FuncUnit> <Opcode : 'seteq' 'setne' 'setle' 'setge' 'setlt' 'setgt'> <InPorts = 2> <OutPorts = 1>
ST_2 : Operation 78 [1/1] (0.35ns)   --->   "%select_ln81 = select i1 %icmp_ln81, i16 %a, i16 %b" [../cnn_gesture_hls.cpp:81->../cnn_gesture_hls.cpp:228]   --->   Operation 78 'select' 'select_ln81' <Predicate = true> <Delay = 0.35> <CoreInst = "Sel">   --->   Core 73 'Sel' <Latency = 0> <II = 1> <Delay = 0.35> <FuncUnit> <Opcode : 'select'> <InPorts = 3> <OutPorts = 1>
ST_2 : Operation 79 [1/1] ( I:0.67ns O:0.67ns )   --->   "%store_ln81 = store i16 %select_ln81, i6 %pool1_out_30_addr" [../cnn_gesture_hls.cpp:81->../cnn_gesture_hls.cpp:228]   --->   Operation 79 'store' 'store_ln81' <Predicate = (trunc_ln78 == 30)> <Delay = 0.67> <CoreInst = "RAM">   --->   Core 82 'RAM' <Latency = 1> <II = 1> <Delay = 0.67> <Storage> <Opcode : 'load' 'store'> <Ports = 2> <Width = 16> <Depth = 50> <RAM>
ST_2 : Operation 80 [1/1] (0.00ns)   --->   "%br_ln81 = br void %arrayidx153.i1304.exit" [../cnn_gesture_hls.cpp:81->../cnn_gesture_hls.cpp:228]   --->   Operation 80 'br' 'br_ln81' <Predicate = (trunc_ln78 == 30)> <Delay = 0.00>
ST_2 : Operation 81 [1/1] ( I:0.67ns O:0.67ns )   --->   "%store_ln81 = store i16 %select_ln81, i6 %pool1_out_29_addr" [../cnn_gesture_hls.cpp:81->../cnn_gesture_hls.cpp:228]   --->   Operation 81 'store' 'store_ln81' <Predicate = (trunc_ln78 == 29)> <Delay = 0.67> <CoreInst = "RAM">   --->   Core 82 'RAM' <Latency = 1> <II = 1> <Delay = 0.67> <Storage> <Opcode : 'load' 'store'> <Ports = 2> <Width = 16> <Depth = 50> <RAM>
ST_2 : Operation 82 [1/1] (0.00ns)   --->   "%br_ln81 = br void %arrayidx153.i1304.exit" [../cnn_gesture_hls.cpp:81->../cnn_gesture_hls.cpp:228]   --->   Operation 82 'br' 'br_ln81' <Predicate = (trunc_ln78 == 29)> <Delay = 0.00>
ST_2 : Operation 83 [1/1] ( I:0.67ns O:0.67ns )   --->   "%store_ln81 = store i16 %select_ln81, i6 %pool1_out_28_addr" [../cnn_gesture_hls.cpp:81->../cnn_gesture_hls.cpp:228]   --->   Operation 83 'store' 'store_ln81' <Predicate = (trunc_ln78 == 28)> <Delay = 0.67> <CoreInst = "RAM">   --->   Core 82 'RAM' <Latency = 1> <II = 1> <Delay = 0.67> <Storage> <Opcode : 'load' 'store'> <Ports = 2> <Width = 16> <Depth = 50> <RAM>
ST_2 : Operation 84 [1/1] (0.00ns)   --->   "%br_ln81 = br void %arrayidx153.i1304.exit" [../cnn_gesture_hls.cpp:81->../cnn_gesture_hls.cpp:228]   --->   Operation 84 'br' 'br_ln81' <Predicate = (trunc_ln78 == 28)> <Delay = 0.00>
ST_2 : Operation 85 [1/1] ( I:0.67ns O:0.67ns )   --->   "%store_ln81 = store i16 %select_ln81, i6 %pool1_out_27_addr" [../cnn_gesture_hls.cpp:81->../cnn_gesture_hls.cpp:228]   --->   Operation 85 'store' 'store_ln81' <Predicate = (trunc_ln78 == 27)> <Delay = 0.67> <CoreInst = "RAM">   --->   Core 82 'RAM' <Latency = 1> <II = 1> <Delay = 0.67> <Storage> <Opcode : 'load' 'store'> <Ports = 2> <Width = 16> <Depth = 50> <RAM>
ST_2 : Operation 86 [1/1] (0.00ns)   --->   "%br_ln81 = br void %arrayidx153.i1304.exit" [../cnn_gesture_hls.cpp:81->../cnn_gesture_hls.cpp:228]   --->   Operation 86 'br' 'br_ln81' <Predicate = (trunc_ln78 == 27)> <Delay = 0.00>
ST_2 : Operation 87 [1/1] ( I:0.67ns O:0.67ns )   --->   "%store_ln81 = store i16 %select_ln81, i6 %pool1_out_26_addr" [../cnn_gesture_hls.cpp:81->../cnn_gesture_hls.cpp:228]   --->   Operation 87 'store' 'store_ln81' <Predicate = (trunc_ln78 == 26)> <Delay = 0.67> <CoreInst = "RAM">   --->   Core 82 'RAM' <Latency = 1> <II = 1> <Delay = 0.67> <Storage> <Opcode : 'load' 'store'> <Ports = 2> <Width = 16> <Depth = 50> <RAM>
ST_2 : Operation 88 [1/1] (0.00ns)   --->   "%br_ln81 = br void %arrayidx153.i1304.exit" [../cnn_gesture_hls.cpp:81->../cnn_gesture_hls.cpp:228]   --->   Operation 88 'br' 'br_ln81' <Predicate = (trunc_ln78 == 26)> <Delay = 0.00>
ST_2 : Operation 89 [1/1] ( I:0.67ns O:0.67ns )   --->   "%store_ln81 = store i16 %select_ln81, i6 %pool1_out_25_addr" [../cnn_gesture_hls.cpp:81->../cnn_gesture_hls.cpp:228]   --->   Operation 89 'store' 'store_ln81' <Predicate = (trunc_ln78 == 25)> <Delay = 0.67> <CoreInst = "RAM">   --->   Core 82 'RAM' <Latency = 1> <II = 1> <Delay = 0.67> <Storage> <Opcode : 'load' 'store'> <Ports = 2> <Width = 16> <Depth = 50> <RAM>
ST_2 : Operation 90 [1/1] (0.00ns)   --->   "%br_ln81 = br void %arrayidx153.i1304.exit" [../cnn_gesture_hls.cpp:81->../cnn_gesture_hls.cpp:228]   --->   Operation 90 'br' 'br_ln81' <Predicate = (trunc_ln78 == 25)> <Delay = 0.00>
ST_2 : Operation 91 [1/1] ( I:0.67ns O:0.67ns )   --->   "%store_ln81 = store i16 %select_ln81, i6 %pool1_out_24_addr" [../cnn_gesture_hls.cpp:81->../cnn_gesture_hls.cpp:228]   --->   Operation 91 'store' 'store_ln81' <Predicate = (trunc_ln78 == 24)> <Delay = 0.67> <CoreInst = "RAM">   --->   Core 82 'RAM' <Latency = 1> <II = 1> <Delay = 0.67> <Storage> <Opcode : 'load' 'store'> <Ports = 2> <Width = 16> <Depth = 50> <RAM>
ST_2 : Operation 92 [1/1] (0.00ns)   --->   "%br_ln81 = br void %arrayidx153.i1304.exit" [../cnn_gesture_hls.cpp:81->../cnn_gesture_hls.cpp:228]   --->   Operation 92 'br' 'br_ln81' <Predicate = (trunc_ln78 == 24)> <Delay = 0.00>
ST_2 : Operation 93 [1/1] ( I:0.67ns O:0.67ns )   --->   "%store_ln81 = store i16 %select_ln81, i6 %pool1_out_23_addr" [../cnn_gesture_hls.cpp:81->../cnn_gesture_hls.cpp:228]   --->   Operation 93 'store' 'store_ln81' <Predicate = (trunc_ln78 == 23)> <Delay = 0.67> <CoreInst = "RAM">   --->   Core 82 'RAM' <Latency = 1> <II = 1> <Delay = 0.67> <Storage> <Opcode : 'load' 'store'> <Ports = 2> <Width = 16> <Depth = 50> <RAM>
ST_2 : Operation 94 [1/1] (0.00ns)   --->   "%br_ln81 = br void %arrayidx153.i1304.exit" [../cnn_gesture_hls.cpp:81->../cnn_gesture_hls.cpp:228]   --->   Operation 94 'br' 'br_ln81' <Predicate = (trunc_ln78 == 23)> <Delay = 0.00>
ST_2 : Operation 95 [1/1] ( I:0.67ns O:0.67ns )   --->   "%store_ln81 = store i16 %select_ln81, i6 %pool1_out_22_addr" [../cnn_gesture_hls.cpp:81->../cnn_gesture_hls.cpp:228]   --->   Operation 95 'store' 'store_ln81' <Predicate = (trunc_ln78 == 22)> <Delay = 0.67> <CoreInst = "RAM">   --->   Core 82 'RAM' <Latency = 1> <II = 1> <Delay = 0.67> <Storage> <Opcode : 'load' 'store'> <Ports = 2> <Width = 16> <Depth = 50> <RAM>
ST_2 : Operation 96 [1/1] (0.00ns)   --->   "%br_ln81 = br void %arrayidx153.i1304.exit" [../cnn_gesture_hls.cpp:81->../cnn_gesture_hls.cpp:228]   --->   Operation 96 'br' 'br_ln81' <Predicate = (trunc_ln78 == 22)> <Delay = 0.00>
ST_2 : Operation 97 [1/1] ( I:0.67ns O:0.67ns )   --->   "%store_ln81 = store i16 %select_ln81, i6 %pool1_out_21_addr" [../cnn_gesture_hls.cpp:81->../cnn_gesture_hls.cpp:228]   --->   Operation 97 'store' 'store_ln81' <Predicate = (trunc_ln78 == 21)> <Delay = 0.67> <CoreInst = "RAM">   --->   Core 82 'RAM' <Latency = 1> <II = 1> <Delay = 0.67> <Storage> <Opcode : 'load' 'store'> <Ports = 2> <Width = 16> <Depth = 50> <RAM>
ST_2 : Operation 98 [1/1] (0.00ns)   --->   "%br_ln81 = br void %arrayidx153.i1304.exit" [../cnn_gesture_hls.cpp:81->../cnn_gesture_hls.cpp:228]   --->   Operation 98 'br' 'br_ln81' <Predicate = (trunc_ln78 == 21)> <Delay = 0.00>
ST_2 : Operation 99 [1/1] ( I:0.67ns O:0.67ns )   --->   "%store_ln81 = store i16 %select_ln81, i6 %pool1_out_20_addr" [../cnn_gesture_hls.cpp:81->../cnn_gesture_hls.cpp:228]   --->   Operation 99 'store' 'store_ln81' <Predicate = (trunc_ln78 == 20)> <Delay = 0.67> <CoreInst = "RAM">   --->   Core 82 'RAM' <Latency = 1> <II = 1> <Delay = 0.67> <Storage> <Opcode : 'load' 'store'> <Ports = 2> <Width = 16> <Depth = 50> <RAM>
ST_2 : Operation 100 [1/1] (0.00ns)   --->   "%br_ln81 = br void %arrayidx153.i1304.exit" [../cnn_gesture_hls.cpp:81->../cnn_gesture_hls.cpp:228]   --->   Operation 100 'br' 'br_ln81' <Predicate = (trunc_ln78 == 20)> <Delay = 0.00>
ST_2 : Operation 101 [1/1] ( I:0.67ns O:0.67ns )   --->   "%store_ln81 = store i16 %select_ln81, i6 %pool1_out_19_addr" [../cnn_gesture_hls.cpp:81->../cnn_gesture_hls.cpp:228]   --->   Operation 101 'store' 'store_ln81' <Predicate = (trunc_ln78 == 19)> <Delay = 0.67> <CoreInst = "RAM">   --->   Core 82 'RAM' <Latency = 1> <II = 1> <Delay = 0.67> <Storage> <Opcode : 'load' 'store'> <Ports = 2> <Width = 16> <Depth = 50> <RAM>
ST_2 : Operation 102 [1/1] (0.00ns)   --->   "%br_ln81 = br void %arrayidx153.i1304.exit" [../cnn_gesture_hls.cpp:81->../cnn_gesture_hls.cpp:228]   --->   Operation 102 'br' 'br_ln81' <Predicate = (trunc_ln78 == 19)> <Delay = 0.00>
ST_2 : Operation 103 [1/1] ( I:0.67ns O:0.67ns )   --->   "%store_ln81 = store i16 %select_ln81, i6 %pool1_out_18_addr" [../cnn_gesture_hls.cpp:81->../cnn_gesture_hls.cpp:228]   --->   Operation 103 'store' 'store_ln81' <Predicate = (trunc_ln78 == 18)> <Delay = 0.67> <CoreInst = "RAM">   --->   Core 82 'RAM' <Latency = 1> <II = 1> <Delay = 0.67> <Storage> <Opcode : 'load' 'store'> <Ports = 2> <Width = 16> <Depth = 50> <RAM>
ST_2 : Operation 104 [1/1] (0.00ns)   --->   "%br_ln81 = br void %arrayidx153.i1304.exit" [../cnn_gesture_hls.cpp:81->../cnn_gesture_hls.cpp:228]   --->   Operation 104 'br' 'br_ln81' <Predicate = (trunc_ln78 == 18)> <Delay = 0.00>
ST_2 : Operation 105 [1/1] ( I:0.67ns O:0.67ns )   --->   "%store_ln81 = store i16 %select_ln81, i6 %pool1_out_17_addr" [../cnn_gesture_hls.cpp:81->../cnn_gesture_hls.cpp:228]   --->   Operation 105 'store' 'store_ln81' <Predicate = (trunc_ln78 == 17)> <Delay = 0.67> <CoreInst = "RAM">   --->   Core 82 'RAM' <Latency = 1> <II = 1> <Delay = 0.67> <Storage> <Opcode : 'load' 'store'> <Ports = 2> <Width = 16> <Depth = 50> <RAM>
ST_2 : Operation 106 [1/1] (0.00ns)   --->   "%br_ln81 = br void %arrayidx153.i1304.exit" [../cnn_gesture_hls.cpp:81->../cnn_gesture_hls.cpp:228]   --->   Operation 106 'br' 'br_ln81' <Predicate = (trunc_ln78 == 17)> <Delay = 0.00>
ST_2 : Operation 107 [1/1] ( I:0.67ns O:0.67ns )   --->   "%store_ln81 = store i16 %select_ln81, i6 %pool1_out_16_addr" [../cnn_gesture_hls.cpp:81->../cnn_gesture_hls.cpp:228]   --->   Operation 107 'store' 'store_ln81' <Predicate = (trunc_ln78 == 16)> <Delay = 0.67> <CoreInst = "RAM">   --->   Core 82 'RAM' <Latency = 1> <II = 1> <Delay = 0.67> <Storage> <Opcode : 'load' 'store'> <Ports = 2> <Width = 16> <Depth = 50> <RAM>
ST_2 : Operation 108 [1/1] (0.00ns)   --->   "%br_ln81 = br void %arrayidx153.i1304.exit" [../cnn_gesture_hls.cpp:81->../cnn_gesture_hls.cpp:228]   --->   Operation 108 'br' 'br_ln81' <Predicate = (trunc_ln78 == 16)> <Delay = 0.00>
ST_2 : Operation 109 [1/1] ( I:0.67ns O:0.67ns )   --->   "%store_ln81 = store i16 %select_ln81, i6 %pool1_out_15_addr" [../cnn_gesture_hls.cpp:81->../cnn_gesture_hls.cpp:228]   --->   Operation 109 'store' 'store_ln81' <Predicate = (trunc_ln78 == 15)> <Delay = 0.67> <CoreInst = "RAM">   --->   Core 82 'RAM' <Latency = 1> <II = 1> <Delay = 0.67> <Storage> <Opcode : 'load' 'store'> <Ports = 2> <Width = 16> <Depth = 50> <RAM>
ST_2 : Operation 110 [1/1] (0.00ns)   --->   "%br_ln81 = br void %arrayidx153.i1304.exit" [../cnn_gesture_hls.cpp:81->../cnn_gesture_hls.cpp:228]   --->   Operation 110 'br' 'br_ln81' <Predicate = (trunc_ln78 == 15)> <Delay = 0.00>
ST_2 : Operation 111 [1/1] ( I:0.67ns O:0.67ns )   --->   "%store_ln81 = store i16 %select_ln81, i6 %pool1_out_14_addr" [../cnn_gesture_hls.cpp:81->../cnn_gesture_hls.cpp:228]   --->   Operation 111 'store' 'store_ln81' <Predicate = (trunc_ln78 == 14)> <Delay = 0.67> <CoreInst = "RAM">   --->   Core 82 'RAM' <Latency = 1> <II = 1> <Delay = 0.67> <Storage> <Opcode : 'load' 'store'> <Ports = 2> <Width = 16> <Depth = 50> <RAM>
ST_2 : Operation 112 [1/1] (0.00ns)   --->   "%br_ln81 = br void %arrayidx153.i1304.exit" [../cnn_gesture_hls.cpp:81->../cnn_gesture_hls.cpp:228]   --->   Operation 112 'br' 'br_ln81' <Predicate = (trunc_ln78 == 14)> <Delay = 0.00>
ST_2 : Operation 113 [1/1] ( I:0.67ns O:0.67ns )   --->   "%store_ln81 = store i16 %select_ln81, i6 %pool1_out_13_addr" [../cnn_gesture_hls.cpp:81->../cnn_gesture_hls.cpp:228]   --->   Operation 113 'store' 'store_ln81' <Predicate = (trunc_ln78 == 13)> <Delay = 0.67> <CoreInst = "RAM">   --->   Core 82 'RAM' <Latency = 1> <II = 1> <Delay = 0.67> <Storage> <Opcode : 'load' 'store'> <Ports = 2> <Width = 16> <Depth = 50> <RAM>
ST_2 : Operation 114 [1/1] (0.00ns)   --->   "%br_ln81 = br void %arrayidx153.i1304.exit" [../cnn_gesture_hls.cpp:81->../cnn_gesture_hls.cpp:228]   --->   Operation 114 'br' 'br_ln81' <Predicate = (trunc_ln78 == 13)> <Delay = 0.00>
ST_2 : Operation 115 [1/1] ( I:0.67ns O:0.67ns )   --->   "%store_ln81 = store i16 %select_ln81, i6 %pool1_out_12_addr" [../cnn_gesture_hls.cpp:81->../cnn_gesture_hls.cpp:228]   --->   Operation 115 'store' 'store_ln81' <Predicate = (trunc_ln78 == 12)> <Delay = 0.67> <CoreInst = "RAM">   --->   Core 82 'RAM' <Latency = 1> <II = 1> <Delay = 0.67> <Storage> <Opcode : 'load' 'store'> <Ports = 2> <Width = 16> <Depth = 50> <RAM>
ST_2 : Operation 116 [1/1] (0.00ns)   --->   "%br_ln81 = br void %arrayidx153.i1304.exit" [../cnn_gesture_hls.cpp:81->../cnn_gesture_hls.cpp:228]   --->   Operation 116 'br' 'br_ln81' <Predicate = (trunc_ln78 == 12)> <Delay = 0.00>
ST_2 : Operation 117 [1/1] ( I:0.67ns O:0.67ns )   --->   "%store_ln81 = store i16 %select_ln81, i6 %pool1_out_11_addr" [../cnn_gesture_hls.cpp:81->../cnn_gesture_hls.cpp:228]   --->   Operation 117 'store' 'store_ln81' <Predicate = (trunc_ln78 == 11)> <Delay = 0.67> <CoreInst = "RAM">   --->   Core 82 'RAM' <Latency = 1> <II = 1> <Delay = 0.67> <Storage> <Opcode : 'load' 'store'> <Ports = 2> <Width = 16> <Depth = 50> <RAM>
ST_2 : Operation 118 [1/1] (0.00ns)   --->   "%br_ln81 = br void %arrayidx153.i1304.exit" [../cnn_gesture_hls.cpp:81->../cnn_gesture_hls.cpp:228]   --->   Operation 118 'br' 'br_ln81' <Predicate = (trunc_ln78 == 11)> <Delay = 0.00>
ST_2 : Operation 119 [1/1] ( I:0.67ns O:0.67ns )   --->   "%store_ln81 = store i16 %select_ln81, i6 %pool1_out_10_addr" [../cnn_gesture_hls.cpp:81->../cnn_gesture_hls.cpp:228]   --->   Operation 119 'store' 'store_ln81' <Predicate = (trunc_ln78 == 10)> <Delay = 0.67> <CoreInst = "RAM">   --->   Core 82 'RAM' <Latency = 1> <II = 1> <Delay = 0.67> <Storage> <Opcode : 'load' 'store'> <Ports = 2> <Width = 16> <Depth = 50> <RAM>
ST_2 : Operation 120 [1/1] (0.00ns)   --->   "%br_ln81 = br void %arrayidx153.i1304.exit" [../cnn_gesture_hls.cpp:81->../cnn_gesture_hls.cpp:228]   --->   Operation 120 'br' 'br_ln81' <Predicate = (trunc_ln78 == 10)> <Delay = 0.00>
ST_2 : Operation 121 [1/1] ( I:0.67ns O:0.67ns )   --->   "%store_ln81 = store i16 %select_ln81, i6 %pool1_out_9_addr" [../cnn_gesture_hls.cpp:81->../cnn_gesture_hls.cpp:228]   --->   Operation 121 'store' 'store_ln81' <Predicate = (trunc_ln78 == 9)> <Delay = 0.67> <CoreInst = "RAM">   --->   Core 82 'RAM' <Latency = 1> <II = 1> <Delay = 0.67> <Storage> <Opcode : 'load' 'store'> <Ports = 2> <Width = 16> <Depth = 50> <RAM>
ST_2 : Operation 122 [1/1] (0.00ns)   --->   "%br_ln81 = br void %arrayidx153.i1304.exit" [../cnn_gesture_hls.cpp:81->../cnn_gesture_hls.cpp:228]   --->   Operation 122 'br' 'br_ln81' <Predicate = (trunc_ln78 == 9)> <Delay = 0.00>
ST_2 : Operation 123 [1/1] ( I:0.67ns O:0.67ns )   --->   "%store_ln81 = store i16 %select_ln81, i6 %pool1_out_8_addr" [../cnn_gesture_hls.cpp:81->../cnn_gesture_hls.cpp:228]   --->   Operation 123 'store' 'store_ln81' <Predicate = (trunc_ln78 == 8)> <Delay = 0.67> <CoreInst = "RAM">   --->   Core 82 'RAM' <Latency = 1> <II = 1> <Delay = 0.67> <Storage> <Opcode : 'load' 'store'> <Ports = 2> <Width = 16> <Depth = 50> <RAM>
ST_2 : Operation 124 [1/1] (0.00ns)   --->   "%br_ln81 = br void %arrayidx153.i1304.exit" [../cnn_gesture_hls.cpp:81->../cnn_gesture_hls.cpp:228]   --->   Operation 124 'br' 'br_ln81' <Predicate = (trunc_ln78 == 8)> <Delay = 0.00>
ST_2 : Operation 125 [1/1] ( I:0.67ns O:0.67ns )   --->   "%store_ln81 = store i16 %select_ln81, i6 %pool1_out_7_addr" [../cnn_gesture_hls.cpp:81->../cnn_gesture_hls.cpp:228]   --->   Operation 125 'store' 'store_ln81' <Predicate = (trunc_ln78 == 7)> <Delay = 0.67> <CoreInst = "RAM">   --->   Core 82 'RAM' <Latency = 1> <II = 1> <Delay = 0.67> <Storage> <Opcode : 'load' 'store'> <Ports = 2> <Width = 16> <Depth = 50> <RAM>
ST_2 : Operation 126 [1/1] (0.00ns)   --->   "%br_ln81 = br void %arrayidx153.i1304.exit" [../cnn_gesture_hls.cpp:81->../cnn_gesture_hls.cpp:228]   --->   Operation 126 'br' 'br_ln81' <Predicate = (trunc_ln78 == 7)> <Delay = 0.00>
ST_2 : Operation 127 [1/1] ( I:0.67ns O:0.67ns )   --->   "%store_ln81 = store i16 %select_ln81, i6 %pool1_out_6_addr" [../cnn_gesture_hls.cpp:81->../cnn_gesture_hls.cpp:228]   --->   Operation 127 'store' 'store_ln81' <Predicate = (trunc_ln78 == 6)> <Delay = 0.67> <CoreInst = "RAM">   --->   Core 82 'RAM' <Latency = 1> <II = 1> <Delay = 0.67> <Storage> <Opcode : 'load' 'store'> <Ports = 2> <Width = 16> <Depth = 50> <RAM>
ST_2 : Operation 128 [1/1] (0.00ns)   --->   "%br_ln81 = br void %arrayidx153.i1304.exit" [../cnn_gesture_hls.cpp:81->../cnn_gesture_hls.cpp:228]   --->   Operation 128 'br' 'br_ln81' <Predicate = (trunc_ln78 == 6)> <Delay = 0.00>
ST_2 : Operation 129 [1/1] ( I:0.67ns O:0.67ns )   --->   "%store_ln81 = store i16 %select_ln81, i6 %pool1_out_5_addr" [../cnn_gesture_hls.cpp:81->../cnn_gesture_hls.cpp:228]   --->   Operation 129 'store' 'store_ln81' <Predicate = (trunc_ln78 == 5)> <Delay = 0.67> <CoreInst = "RAM">   --->   Core 82 'RAM' <Latency = 1> <II = 1> <Delay = 0.67> <Storage> <Opcode : 'load' 'store'> <Ports = 2> <Width = 16> <Depth = 50> <RAM>
ST_2 : Operation 130 [1/1] (0.00ns)   --->   "%br_ln81 = br void %arrayidx153.i1304.exit" [../cnn_gesture_hls.cpp:81->../cnn_gesture_hls.cpp:228]   --->   Operation 130 'br' 'br_ln81' <Predicate = (trunc_ln78 == 5)> <Delay = 0.00>
ST_2 : Operation 131 [1/1] ( I:0.67ns O:0.67ns )   --->   "%store_ln81 = store i16 %select_ln81, i6 %pool1_out_4_addr" [../cnn_gesture_hls.cpp:81->../cnn_gesture_hls.cpp:228]   --->   Operation 131 'store' 'store_ln81' <Predicate = (trunc_ln78 == 4)> <Delay = 0.67> <CoreInst = "RAM">   --->   Core 82 'RAM' <Latency = 1> <II = 1> <Delay = 0.67> <Storage> <Opcode : 'load' 'store'> <Ports = 2> <Width = 16> <Depth = 50> <RAM>
ST_2 : Operation 132 [1/1] (0.00ns)   --->   "%br_ln81 = br void %arrayidx153.i1304.exit" [../cnn_gesture_hls.cpp:81->../cnn_gesture_hls.cpp:228]   --->   Operation 132 'br' 'br_ln81' <Predicate = (trunc_ln78 == 4)> <Delay = 0.00>
ST_2 : Operation 133 [1/1] ( I:0.67ns O:0.67ns )   --->   "%store_ln81 = store i16 %select_ln81, i6 %pool1_out_3_addr" [../cnn_gesture_hls.cpp:81->../cnn_gesture_hls.cpp:228]   --->   Operation 133 'store' 'store_ln81' <Predicate = (trunc_ln78 == 3)> <Delay = 0.67> <CoreInst = "RAM">   --->   Core 82 'RAM' <Latency = 1> <II = 1> <Delay = 0.67> <Storage> <Opcode : 'load' 'store'> <Ports = 2> <Width = 16> <Depth = 50> <RAM>
ST_2 : Operation 134 [1/1] (0.00ns)   --->   "%br_ln81 = br void %arrayidx153.i1304.exit" [../cnn_gesture_hls.cpp:81->../cnn_gesture_hls.cpp:228]   --->   Operation 134 'br' 'br_ln81' <Predicate = (trunc_ln78 == 3)> <Delay = 0.00>
ST_2 : Operation 135 [1/1] ( I:0.67ns O:0.67ns )   --->   "%store_ln81 = store i16 %select_ln81, i6 %pool1_out_2_addr" [../cnn_gesture_hls.cpp:81->../cnn_gesture_hls.cpp:228]   --->   Operation 135 'store' 'store_ln81' <Predicate = (trunc_ln78 == 2)> <Delay = 0.67> <CoreInst = "RAM">   --->   Core 82 'RAM' <Latency = 1> <II = 1> <Delay = 0.67> <Storage> <Opcode : 'load' 'store'> <Ports = 2> <Width = 16> <Depth = 50> <RAM>
ST_2 : Operation 136 [1/1] (0.00ns)   --->   "%br_ln81 = br void %arrayidx153.i1304.exit" [../cnn_gesture_hls.cpp:81->../cnn_gesture_hls.cpp:228]   --->   Operation 136 'br' 'br_ln81' <Predicate = (trunc_ln78 == 2)> <Delay = 0.00>
ST_2 : Operation 137 [1/1] ( I:0.67ns O:0.67ns )   --->   "%store_ln81 = store i16 %select_ln81, i6 %pool1_out_1_addr" [../cnn_gesture_hls.cpp:81->../cnn_gesture_hls.cpp:228]   --->   Operation 137 'store' 'store_ln81' <Predicate = (trunc_ln78 == 1)> <Delay = 0.67> <CoreInst = "RAM">   --->   Core 82 'RAM' <Latency = 1> <II = 1> <Delay = 0.67> <Storage> <Opcode : 'load' 'store'> <Ports = 2> <Width = 16> <Depth = 50> <RAM>
ST_2 : Operation 138 [1/1] (0.00ns)   --->   "%br_ln81 = br void %arrayidx153.i1304.exit" [../cnn_gesture_hls.cpp:81->../cnn_gesture_hls.cpp:228]   --->   Operation 138 'br' 'br_ln81' <Predicate = (trunc_ln78 == 1)> <Delay = 0.00>
ST_2 : Operation 139 [1/1] ( I:0.67ns O:0.67ns )   --->   "%store_ln81 = store i16 %select_ln81, i6 %pool1_out_addr" [../cnn_gesture_hls.cpp:81->../cnn_gesture_hls.cpp:228]   --->   Operation 139 'store' 'store_ln81' <Predicate = (trunc_ln78 == 0)> <Delay = 0.67> <CoreInst = "RAM">   --->   Core 82 'RAM' <Latency = 1> <II = 1> <Delay = 0.67> <Storage> <Opcode : 'load' 'store'> <Ports = 2> <Width = 16> <Depth = 50> <RAM>
ST_2 : Operation 140 [1/1] (0.00ns)   --->   "%br_ln81 = br void %arrayidx153.i1304.exit" [../cnn_gesture_hls.cpp:81->../cnn_gesture_hls.cpp:228]   --->   Operation 140 'br' 'br_ln81' <Predicate = (trunc_ln78 == 0)> <Delay = 0.00>
ST_2 : Operation 141 [1/1] ( I:0.67ns O:0.67ns )   --->   "%store_ln81 = store i16 %select_ln81, i6 %pool1_out_31_addr" [../cnn_gesture_hls.cpp:81->../cnn_gesture_hls.cpp:228]   --->   Operation 141 'store' 'store_ln81' <Predicate = (trunc_ln78 == 31)> <Delay = 0.67> <CoreInst = "RAM">   --->   Core 82 'RAM' <Latency = 1> <II = 1> <Delay = 0.67> <Storage> <Opcode : 'load' 'store'> <Ports = 2> <Width = 16> <Depth = 50> <RAM>
ST_2 : Operation 142 [1/1] (0.00ns)   --->   "%br_ln81 = br void %arrayidx153.i1304.exit" [../cnn_gesture_hls.cpp:81->../cnn_gesture_hls.cpp:228]   --->   Operation 142 'br' 'br_ln81' <Predicate = (trunc_ln78 == 31)> <Delay = 0.00>


============================================================
+ Verbose Summary: Timing violations
============================================================
Target clock period: 10.000ns, clock uncertainty: 2.700ns.

 <State 1>: 3.638ns
The critical path consists of the following:
	'store' operation ('store_ln77', ../cnn_gesture_hls.cpp:77->../cnn_gesture_hls.cpp:228) of constant 0 6 bit on local variable 't', ../cnn_gesture_hls.cpp:77->../cnn_gesture_hls.cpp:228 [38]  (0.427 ns)
	'load' operation 6 bit ('t_load', ../cnn_gesture_hls.cpp:77->../cnn_gesture_hls.cpp:228) on local variable 't', ../cnn_gesture_hls.cpp:77->../cnn_gesture_hls.cpp:228 [48]  (0.000 ns)
	'add' operation 6 bit ('add_ln77', ../cnn_gesture_hls.cpp:77->../cnn_gesture_hls.cpp:228) [49]  (0.781 ns)
	'select' operation 6 bit ('select_ln77_1', ../cnn_gesture_hls.cpp:77->../cnn_gesture_hls.cpp:228) [54]  (0.384 ns)
	'add' operation 12 bit ('add_ln80', ../cnn_gesture_hls.cpp:80->../cnn_gesture_hls.cpp:228) [93]  (0.809 ns)
	'getelementptr' operation 12 bit ('conv1_out_addr_1', ../cnn_gesture_hls.cpp:80->../cnn_gesture_hls.cpp:228) [95]  (0.000 ns)
	'load' operation 16 bit ('b', ../cnn_gesture_hls.cpp:80->../cnn_gesture_hls.cpp:228) on array 'conv1_out' [99]  (1.237 ns)

 <State 2>: 3.124ns
The critical path consists of the following:
	'load' operation 16 bit ('a', ../cnn_gesture_hls.cpp:79->../cnn_gesture_hls.cpp:228) on array 'conv1_out' [98]  (1.237 ns)
	'icmp' operation 1 bit ('icmp_ln81', ../cnn_gesture_hls.cpp:81->../cnn_gesture_hls.cpp:228) [100]  (0.853 ns)
	'select' operation 16 bit ('select_ln81', ../cnn_gesture_hls.cpp:81->../cnn_gesture_hls.cpp:228) [101]  (0.357 ns)
	'store' operation ('store_ln81', ../cnn_gesture_hls.cpp:81->../cnn_gesture_hls.cpp:228) of variable 'select_ln81', ../cnn_gesture_hls.cpp:81->../cnn_gesture_hls.cpp:228 16 bit on array 'pool1_out_25' [119]  (0.677 ns)


============================================================
+ Verbose Summary: Binding
============================================================
N/A
* FSMD analyzer results:
  - Output states:
 - Input state : 
  - Chain level:
	State 1
	State 2


============================================================
+ Verbose Summary: Datapath Resource usage 
============================================================
N/A
