

================================================================
== Vitis HLS Report for 'cnn_gesture_top_Pipeline_VITIS_LOOP_202_3'
================================================================
* Date:           Mon Feb 23 23:23:28 2026

* Version:        2025.2 (Build 6295257 on Nov 12 2025)
* Project:        cnn_gesture_top
* Solution:       hls (Vivado IP Flow Target)
* Product family: zynquplus
* Target device:  xczu3eg-sbva484-2-i


================================================================
== Performance Estimates
================================================================
+ Timing: 
    * Summary: 
    +--------+----------+----------+------------+
    |  Clock |  Target  | Estimated| Uncertainty|
    +--------+----------+----------+------------+
    |ap_clk  |  10.00 ns|  2.163 ns|     2.70 ns|
    +--------+----------+----------+------------+

+ Latency: 
    * Summary: 
    +---------+---------+----------+----------+-----+-----+-------------------+
    |  Latency (cycles) |  Latency (absolute) |  Interval |      Pipeline     |
    |   min   |   max   |    min   |    max   | min | max |        Type       |
    +---------+---------+----------+----------+-----+-----+-------------------+
    |       37|       37|  0.370 us|  0.370 us|    0|    0|  loop pipeline stp|
    +---------+---------+----------+----------+-----+-----+-------------------+

    + Detail: 
        * Instance: 
        N/A

        * Loop: 
        +--------------------+---------+---------+----------+-----------+-----------+------+----------+
        |                    |  Latency (cycles) | Iteration|  Initiation Interval  | Trip |          |
        |      Loop Name     |   min   |   max   |  Latency |  achieved |   target  | Count| Pipelined|
        +--------------------+---------+---------+----------+-----------+-----------+------+----------+
        |- VITIS_LOOP_202_3  |       35|       35|        31|          1|          1|     6|       yes|
        +--------------------+---------+---------+----------+-----------+-----------+------+----------+

============================================================
+ Verbose Summary: Synthesis Manager
============================================================
InlineROM: 1
ExposeGlobal: 0
============================================================
+ Verbose Summary: CDFG Model
============================================================
IsTopModel: 0
ResetActiveHigh: 1
IsCombinational: 0
IsDatapathOnly: 0
HasWiredReturn: 1
HasMFsm: 2
HasVarLatency: 1
IsPipeline: 0
IsRtlPipelined: 0
IsInstanceOverlapped: 0
IsDontTouch: 0
HasImplIP: 0
IsGatedGlobalClock: 0

+ Individual pipeline summary: 
  * Pipeline-0: initiation interval (II) = 1, depth = 31


============================================================
+ Verbose Summary: Schedule
============================================================
* Number of FSM states : 31
* Pipeline : 1
  Pipeline-0 : II = 1, D = 31, States = { 1 2 3 4 5 6 7 8 9 10 11 12 13 14 15 16 17 18 19 20 21 22 23 24 25 26 27 28 29 30 31 }
* Dataflow Pipeline: 0

* FSM state transitions: 
1 --> 2 
2 --> 3 
3 --> 4 
4 --> 5 
5 --> 6 
6 --> 7 
7 --> 8 
8 --> 9 
9 --> 10 
10 --> 11 
11 --> 12 
12 --> 13 
13 --> 14 
14 --> 15 
15 --> 16 
16 --> 17 
17 --> 18 
18 --> 19 
19 --> 20 
20 --> 21 
21 --> 22 
22 --> 23 
23 --> 24 
24 --> 25 
25 --> 26 
26 --> 27 
27 --> 28 
28 --> 29 
29 --> 30 
30 --> 31 
31 --> 

* FSM state operations: 

State 1 <SV = 0> <Delay = 1.52>
ST_1 : Operation 34 [1/1] (0.00ns)   --->   "%i = alloca i32 1" [../cnn_gesture_hls.cpp:202->../cnn_gesture_hls.cpp:236]   --->   Operation 34 'alloca' 'i' <Predicate = true> <Delay = 0.00>
ST_1 : Operation 35 [1/1] (0.00ns)   --->   "%sext_ln202_read = read i16 @_ssdm_op_Read.ap_auto.i16, i16 %sext_ln202"   --->   Operation 35 'read' 'sext_ln202_read' <Predicate = true> <Delay = 0.00>
ST_1 : Operation 36 [1/1] (0.00ns)   --->   "%sext_ln202_cast = sext i16 %sext_ln202_read"   --->   Operation 36 'sext' 'sext_ln202_cast' <Predicate = true> <Delay = 0.00>
ST_1 : Operation 37 [1/1] (0.42ns)   --->   "%store_ln202 = store i3 0, i3 %i" [../cnn_gesture_hls.cpp:202->../cnn_gesture_hls.cpp:236]   --->   Operation 37 'store' 'store_ln202' <Predicate = true> <Delay = 0.42>
ST_1 : Operation 38 [1/1] (0.00ns)   --->   "%br_ln0 = br void %for.body26.i"   --->   Operation 38 'br' 'br_ln0' <Predicate = true> <Delay = 0.00>
ST_1 : Operation 39 [1/1] (0.00ns)   --->   "%i_1 = load i3 %i" [../cnn_gesture_hls.cpp:202->../cnn_gesture_hls.cpp:236]   --->   Operation 39 'load' 'i_1' <Predicate = true> <Delay = 0.00>
ST_1 : Operation 40 [1/1] (0.67ns)   --->   "%icmp_ln202 = icmp_eq  i3 %i_1, i3 6" [../cnn_gesture_hls.cpp:202->../cnn_gesture_hls.cpp:236]   --->   Operation 40 'icmp' 'icmp_ln202' <Predicate = true> <Delay = 0.67> <CoreInst = "Cmp">   --->   Core 9 'Cmp' <Latency = 0> <II = 1> <Delay = 0.67> <FuncUnit> <Opcode : 'seteq' 'setne' 'setle' 'setge' 'setlt' 'setgt'> <InPorts = 2> <OutPorts = 1>
ST_1 : Operation 41 [1/1] (0.67ns)   --->   "%add_ln202 = add i3 %i_1, i3 1" [../cnn_gesture_hls.cpp:202->../cnn_gesture_hls.cpp:236]   --->   Operation 41 'add' 'add_ln202' <Predicate = true> <Delay = 0.67> <CoreInst = "Adder">   --->   Core 1 'Adder' <Latency = 0> <II = 1> <Delay = 0.67> <FuncUnit> <Opcode : 'add' 'sub'> <InPorts = 2> <OutPorts = 1>
ST_1 : Operation 42 [1/1] (0.00ns)   --->   "%br_ln202 = br i1 %icmp_ln202, void %for.body26.i.split, void %_ZL7softmaxP8ap_fixedILi16ELi6EL9ap_q_mode5EL9ap_o_mode3ELi0EES3_.exit.exitStub" [../cnn_gesture_hls.cpp:202->../cnn_gesture_hls.cpp:236]   --->   Operation 42 'br' 'br_ln202' <Predicate = true> <Delay = 0.00>
ST_1 : Operation 43 [1/1] (0.00ns)   --->   "%zext_ln202 = zext i3 %i_1" [../cnn_gesture_hls.cpp:202->../cnn_gesture_hls.cpp:236]   --->   Operation 43 'zext' 'zext_ln202' <Predicate = (!icmp_ln202)> <Delay = 0.00>
ST_1 : Operation 44 [1/1] (0.00ns)   --->   "%exps_addr = getelementptr i16 %exps, i64 0, i64 %zext_ln202" [../cnn_gesture_hls.cpp:203->../cnn_gesture_hls.cpp:236]   --->   Operation 44 'getelementptr' 'exps_addr' <Predicate = (!icmp_ln202)> <Delay = 0.00>
ST_1 : Operation 45 [2/2] (0.67ns)   --->   "%exps_load = load i3 %exps_addr" [../cnn_gesture_hls.cpp:203->../cnn_gesture_hls.cpp:236]   --->   Operation 45 'load' 'exps_load' <Predicate = (!icmp_ln202)> <Delay = 0.67> <CoreInst = "RAM">   --->   Core 82 'RAM' <Latency = 1> <II = 1> <Delay = 0.67> <Storage> <Opcode : 'load' 'store'> <Ports = 2> <Width = 16> <Depth = 6> <RAM>
ST_1 : Operation 46 [1/1] (0.67ns)   --->   "%switch_ln203 = switch i3 %i_1, void %arrayidx32.i1.case.5, i3 0, void %arrayidx32.i1.case.0, i3 1, void %arrayidx32.i1.case.1, i3 2, void %arrayidx32.i1.case.2, i3 3, void %arrayidx32.i1.case.3, i3 4, void %arrayidx32.i1.case.4" [../cnn_gesture_hls.cpp:203->../cnn_gesture_hls.cpp:236]   --->   Operation 46 'switch' 'switch_ln203' <Predicate = (!icmp_ln202)> <Delay = 0.67>
ST_1 : Operation 47 [1/1] (0.42ns)   --->   "%store_ln202 = store i3 %add_ln202, i3 %i" [../cnn_gesture_hls.cpp:202->../cnn_gesture_hls.cpp:236]   --->   Operation 47 'store' 'store_ln202' <Predicate = (!icmp_ln202)> <Delay = 0.42>
ST_1 : Operation 48 [1/1] (0.00ns)   --->   "%br_ln202 = br void %for.body26.i" [../cnn_gesture_hls.cpp:202->../cnn_gesture_hls.cpp:236]   --->   Operation 48 'br' 'br_ln202' <Predicate = (!icmp_ln202)> <Delay = 0.00>

State 2 <SV = 1> <Delay = 2.16>
ST_2 : Operation 49 [1/2] ( I:0.67ns O:0.67ns )   --->   "%exps_load = load i3 %exps_addr" [../cnn_gesture_hls.cpp:203->../cnn_gesture_hls.cpp:236]   --->   Operation 49 'load' 'exps_load' <Predicate = true> <Delay = 0.67> <CoreInst = "RAM">   --->   Core 82 'RAM' <Latency = 1> <II = 1> <Delay = 0.67> <Storage> <Opcode : 'load' 'store'> <Ports = 2> <Width = 16> <Depth = 6> <RAM>
ST_2 : Operation 50 [1/1] (0.00ns)   --->   "%shl_ln2 = bitconcatenate i26 @_ssdm_op_BitConcatenate.i26.i16.i10, i16 %exps_load, i10 0" [../cnn_gesture_hls.cpp:203->../cnn_gesture_hls.cpp:236]   --->   Operation 50 'bitconcatenate' 'shl_ln2' <Predicate = true> <Delay = 0.00>
ST_2 : Operation 51 [30/30] (1.48ns)   --->   "%sdiv_ln203 = sdiv i26 %shl_ln2, i26 %sext_ln202_cast" [../cnn_gesture_hls.cpp:203->../cnn_gesture_hls.cpp:236]   --->   Operation 51 'sdiv' 'sdiv_ln203' <Predicate = true> <Delay = 1.48> <CoreInst = "Divider">   --->   Core 6 'Divider' <Latency = 29> <II = 1> <Delay = 1.48> <FuncUnit> <Opcode : 'udiv' 'sdiv' 'urem' 'srem'> <InPorts = 2> <OutPorts = 1>

State 3 <SV = 2> <Delay = 1.48>
ST_3 : Operation 52 [29/30] (1.48ns)   --->   "%sdiv_ln203 = sdiv i26 %shl_ln2, i26 %sext_ln202_cast" [../cnn_gesture_hls.cpp:203->../cnn_gesture_hls.cpp:236]   --->   Operation 52 'sdiv' 'sdiv_ln203' <Predicate = true> <Delay = 1.48> <CoreInst = "Divider">   --->   Core 6 'Divider' <Latency = 29> <II = 1> <Delay = 1.48> <FuncUnit> <Opcode : 'udiv' 'sdiv' 'urem' 'srem'> <InPorts = 2> <OutPorts = 1>

State 4 <SV = 3> <Delay = 1.48>
ST_4 : Operation 53 [28/30] (1.48ns)   --->   "%sdiv_ln203 = sdiv i26 %shl_ln2, i26 %sext_ln202_cast" [../cnn_gesture_hls.cpp:203->../cnn_gesture_hls.cpp:236]   --->   Operation 53 'sdiv' 'sdiv_ln203' <Predicate = true> <Delay = 1.48> <CoreInst = "Divider">   --->   Core 6 'Divider' <Latency = 29> <II = 1> <Delay = 1.48> <FuncUnit> <Opcode : 'udiv' 'sdiv' 'urem' 'srem'> <InPorts = 2> <OutPorts = 1>

State 5 <SV = 4> <Delay = 1.48>
ST_5 : Operation 54 [27/30] (1.48ns)   --->   "%sdiv_ln203 = sdiv i26 %shl_ln2, i26 %sext_ln202_cast" [../cnn_gesture_hls.cpp:203->../cnn_gesture_hls.cpp:236]   --->   Operation 54 'sdiv' 'sdiv_ln203' <Predicate = true> <Delay = 1.48> <CoreInst = "Divider">   --->   Core 6 'Divider' <Latency = 29> <II = 1> <Delay = 1.48> <FuncUnit> <Opcode : 'udiv' 'sdiv' 'urem' 'srem'> <InPorts = 2> <OutPorts = 1>

State 6 <SV = 5> <Delay = 1.48>
ST_6 : Operation 55 [26/30] (1.48ns)   --->   "%sdiv_ln203 = sdiv i26 %shl_ln2, i26 %sext_ln202_cast" [../cnn_gesture_hls.cpp:203->../cnn_gesture_hls.cpp:236]   --->   Operation 55 'sdiv' 'sdiv_ln203' <Predicate = true> <Delay = 1.48> <CoreInst = "Divider">   --->   Core 6 'Divider' <Latency = 29> <II = 1> <Delay = 1.48> <FuncUnit> <Opcode : 'udiv' 'sdiv' 'urem' 'srem'> <InPorts = 2> <OutPorts = 1>

State 7 <SV = 6> <Delay = 1.48>
ST_7 : Operation 56 [25/30] (1.48ns)   --->   "%sdiv_ln203 = sdiv i26 %shl_ln2, i26 %sext_ln202_cast" [../cnn_gesture_hls.cpp:203->../cnn_gesture_hls.cpp:236]   --->   Operation 56 'sdiv' 'sdiv_ln203' <Predicate = true> <Delay = 1.48> <CoreInst = "Divider">   --->   Core 6 'Divider' <Latency = 29> <II = 1> <Delay = 1.48> <FuncUnit> <Opcode : 'udiv' 'sdiv' 'urem' 'srem'> <InPorts = 2> <OutPorts = 1>

State 8 <SV = 7> <Delay = 1.48>
ST_8 : Operation 57 [24/30] (1.48ns)   --->   "%sdiv_ln203 = sdiv i26 %shl_ln2, i26 %sext_ln202_cast" [../cnn_gesture_hls.cpp:203->../cnn_gesture_hls.cpp:236]   --->   Operation 57 'sdiv' 'sdiv_ln203' <Predicate = true> <Delay = 1.48> <CoreInst = "Divider">   --->   Core 6 'Divider' <Latency = 29> <II = 1> <Delay = 1.48> <FuncUnit> <Opcode : 'udiv' 'sdiv' 'urem' 'srem'> <InPorts = 2> <OutPorts = 1>

State 9 <SV = 8> <Delay = 1.48>
ST_9 : Operation 58 [23/30] (1.48ns)   --->   "%sdiv_ln203 = sdiv i26 %shl_ln2, i26 %sext_ln202_cast" [../cnn_gesture_hls.cpp:203->../cnn_gesture_hls.cpp:236]   --->   Operation 58 'sdiv' 'sdiv_ln203' <Predicate = true> <Delay = 1.48> <CoreInst = "Divider">   --->   Core 6 'Divider' <Latency = 29> <II = 1> <Delay = 1.48> <FuncUnit> <Opcode : 'udiv' 'sdiv' 'urem' 'srem'> <InPorts = 2> <OutPorts = 1>

State 10 <SV = 9> <Delay = 1.48>
ST_10 : Operation 59 [22/30] (1.48ns)   --->   "%sdiv_ln203 = sdiv i26 %shl_ln2, i26 %sext_ln202_cast" [../cnn_gesture_hls.cpp:203->../cnn_gesture_hls.cpp:236]   --->   Operation 59 'sdiv' 'sdiv_ln203' <Predicate = true> <Delay = 1.48> <CoreInst = "Divider">   --->   Core 6 'Divider' <Latency = 29> <II = 1> <Delay = 1.48> <FuncUnit> <Opcode : 'udiv' 'sdiv' 'urem' 'srem'> <InPorts = 2> <OutPorts = 1>

State 11 <SV = 10> <Delay = 1.48>
ST_11 : Operation 60 [21/30] (1.48ns)   --->   "%sdiv_ln203 = sdiv i26 %shl_ln2, i26 %sext_ln202_cast" [../cnn_gesture_hls.cpp:203->../cnn_gesture_hls.cpp:236]   --->   Operation 60 'sdiv' 'sdiv_ln203' <Predicate = true> <Delay = 1.48> <CoreInst = "Divider">   --->   Core 6 'Divider' <Latency = 29> <II = 1> <Delay = 1.48> <FuncUnit> <Opcode : 'udiv' 'sdiv' 'urem' 'srem'> <InPorts = 2> <OutPorts = 1>

State 12 <SV = 11> <Delay = 1.48>
ST_12 : Operation 61 [20/30] (1.48ns)   --->   "%sdiv_ln203 = sdiv i26 %shl_ln2, i26 %sext_ln202_cast" [../cnn_gesture_hls.cpp:203->../cnn_gesture_hls.cpp:236]   --->   Operation 61 'sdiv' 'sdiv_ln203' <Predicate = true> <Delay = 1.48> <CoreInst = "Divider">   --->   Core 6 'Divider' <Latency = 29> <II = 1> <Delay = 1.48> <FuncUnit> <Opcode : 'udiv' 'sdiv' 'urem' 'srem'> <InPorts = 2> <OutPorts = 1>

State 13 <SV = 12> <Delay = 1.48>
ST_13 : Operation 62 [19/30] (1.48ns)   --->   "%sdiv_ln203 = sdiv i26 %shl_ln2, i26 %sext_ln202_cast" [../cnn_gesture_hls.cpp:203->../cnn_gesture_hls.cpp:236]   --->   Operation 62 'sdiv' 'sdiv_ln203' <Predicate = true> <Delay = 1.48> <CoreInst = "Divider">   --->   Core 6 'Divider' <Latency = 29> <II = 1> <Delay = 1.48> <FuncUnit> <Opcode : 'udiv' 'sdiv' 'urem' 'srem'> <InPorts = 2> <OutPorts = 1>

State 14 <SV = 13> <Delay = 1.48>
ST_14 : Operation 63 [18/30] (1.48ns)   --->   "%sdiv_ln203 = sdiv i26 %shl_ln2, i26 %sext_ln202_cast" [../cnn_gesture_hls.cpp:203->../cnn_gesture_hls.cpp:236]   --->   Operation 63 'sdiv' 'sdiv_ln203' <Predicate = true> <Delay = 1.48> <CoreInst = "Divider">   --->   Core 6 'Divider' <Latency = 29> <II = 1> <Delay = 1.48> <FuncUnit> <Opcode : 'udiv' 'sdiv' 'urem' 'srem'> <InPorts = 2> <OutPorts = 1>

State 15 <SV = 14> <Delay = 1.48>
ST_15 : Operation 64 [17/30] (1.48ns)   --->   "%sdiv_ln203 = sdiv i26 %shl_ln2, i26 %sext_ln202_cast" [../cnn_gesture_hls.cpp:203->../cnn_gesture_hls.cpp:236]   --->   Operation 64 'sdiv' 'sdiv_ln203' <Predicate = true> <Delay = 1.48> <CoreInst = "Divider">   --->   Core 6 'Divider' <Latency = 29> <II = 1> <Delay = 1.48> <FuncUnit> <Opcode : 'udiv' 'sdiv' 'urem' 'srem'> <InPorts = 2> <OutPorts = 1>

State 16 <SV = 15> <Delay = 1.48>
ST_16 : Operation 65 [16/30] (1.48ns)   --->   "%sdiv_ln203 = sdiv i26 %shl_ln2, i26 %sext_ln202_cast" [../cnn_gesture_hls.cpp:203->../cnn_gesture_hls.cpp:236]   --->   Operation 65 'sdiv' 'sdiv_ln203' <Predicate = true> <Delay = 1.48> <CoreInst = "Divider">   --->   Core 6 'Divider' <Latency = 29> <II = 1> <Delay = 1.48> <FuncUnit> <Opcode : 'udiv' 'sdiv' 'urem' 'srem'> <InPorts = 2> <OutPorts = 1>

State 17 <SV = 16> <Delay = 1.48>
ST_17 : Operation 66 [15/30] (1.48ns)   --->   "%sdiv_ln203 = sdiv i26 %shl_ln2, i26 %sext_ln202_cast" [../cnn_gesture_hls.cpp:203->../cnn_gesture_hls.cpp:236]   --->   Operation 66 'sdiv' 'sdiv_ln203' <Predicate = true> <Delay = 1.48> <CoreInst = "Divider">   --->   Core 6 'Divider' <Latency = 29> <II = 1> <Delay = 1.48> <FuncUnit> <Opcode : 'udiv' 'sdiv' 'urem' 'srem'> <InPorts = 2> <OutPorts = 1>

State 18 <SV = 17> <Delay = 1.48>
ST_18 : Operation 67 [14/30] (1.48ns)   --->   "%sdiv_ln203 = sdiv i26 %shl_ln2, i26 %sext_ln202_cast" [../cnn_gesture_hls.cpp:203->../cnn_gesture_hls.cpp:236]   --->   Operation 67 'sdiv' 'sdiv_ln203' <Predicate = true> <Delay = 1.48> <CoreInst = "Divider">   --->   Core 6 'Divider' <Latency = 29> <II = 1> <Delay = 1.48> <FuncUnit> <Opcode : 'udiv' 'sdiv' 'urem' 'srem'> <InPorts = 2> <OutPorts = 1>

State 19 <SV = 18> <Delay = 1.48>
ST_19 : Operation 68 [13/30] (1.48ns)   --->   "%sdiv_ln203 = sdiv i26 %shl_ln2, i26 %sext_ln202_cast" [../cnn_gesture_hls.cpp:203->../cnn_gesture_hls.cpp:236]   --->   Operation 68 'sdiv' 'sdiv_ln203' <Predicate = true> <Delay = 1.48> <CoreInst = "Divider">   --->   Core 6 'Divider' <Latency = 29> <II = 1> <Delay = 1.48> <FuncUnit> <Opcode : 'udiv' 'sdiv' 'urem' 'srem'> <InPorts = 2> <OutPorts = 1>

State 20 <SV = 19> <Delay = 1.48>
ST_20 : Operation 69 [12/30] (1.48ns)   --->   "%sdiv_ln203 = sdiv i26 %shl_ln2, i26 %sext_ln202_cast" [../cnn_gesture_hls.cpp:203->../cnn_gesture_hls.cpp:236]   --->   Operation 69 'sdiv' 'sdiv_ln203' <Predicate = true> <Delay = 1.48> <CoreInst = "Divider">   --->   Core 6 'Divider' <Latency = 29> <II = 1> <Delay = 1.48> <FuncUnit> <Opcode : 'udiv' 'sdiv' 'urem' 'srem'> <InPorts = 2> <OutPorts = 1>

State 21 <SV = 20> <Delay = 1.48>
ST_21 : Operation 70 [11/30] (1.48ns)   --->   "%sdiv_ln203 = sdiv i26 %shl_ln2, i26 %sext_ln202_cast" [../cnn_gesture_hls.cpp:203->../cnn_gesture_hls.cpp:236]   --->   Operation 70 'sdiv' 'sdiv_ln203' <Predicate = true> <Delay = 1.48> <CoreInst = "Divider">   --->   Core 6 'Divider' <Latency = 29> <II = 1> <Delay = 1.48> <FuncUnit> <Opcode : 'udiv' 'sdiv' 'urem' 'srem'> <InPorts = 2> <OutPorts = 1>

State 22 <SV = 21> <Delay = 1.48>
ST_22 : Operation 71 [10/30] (1.48ns)   --->   "%sdiv_ln203 = sdiv i26 %shl_ln2, i26 %sext_ln202_cast" [../cnn_gesture_hls.cpp:203->../cnn_gesture_hls.cpp:236]   --->   Operation 71 'sdiv' 'sdiv_ln203' <Predicate = true> <Delay = 1.48> <CoreInst = "Divider">   --->   Core 6 'Divider' <Latency = 29> <II = 1> <Delay = 1.48> <FuncUnit> <Opcode : 'udiv' 'sdiv' 'urem' 'srem'> <InPorts = 2> <OutPorts = 1>

State 23 <SV = 22> <Delay = 1.48>
ST_23 : Operation 72 [9/30] (1.48ns)   --->   "%sdiv_ln203 = sdiv i26 %shl_ln2, i26 %sext_ln202_cast" [../cnn_gesture_hls.cpp:203->../cnn_gesture_hls.cpp:236]   --->   Operation 72 'sdiv' 'sdiv_ln203' <Predicate = true> <Delay = 1.48> <CoreInst = "Divider">   --->   Core 6 'Divider' <Latency = 29> <II = 1> <Delay = 1.48> <FuncUnit> <Opcode : 'udiv' 'sdiv' 'urem' 'srem'> <InPorts = 2> <OutPorts = 1>

State 24 <SV = 23> <Delay = 1.48>
ST_24 : Operation 73 [8/30] (1.48ns)   --->   "%sdiv_ln203 = sdiv i26 %shl_ln2, i26 %sext_ln202_cast" [../cnn_gesture_hls.cpp:203->../cnn_gesture_hls.cpp:236]   --->   Operation 73 'sdiv' 'sdiv_ln203' <Predicate = true> <Delay = 1.48> <CoreInst = "Divider">   --->   Core 6 'Divider' <Latency = 29> <II = 1> <Delay = 1.48> <FuncUnit> <Opcode : 'udiv' 'sdiv' 'urem' 'srem'> <InPorts = 2> <OutPorts = 1>

State 25 <SV = 24> <Delay = 1.48>
ST_25 : Operation 74 [7/30] (1.48ns)   --->   "%sdiv_ln203 = sdiv i26 %shl_ln2, i26 %sext_ln202_cast" [../cnn_gesture_hls.cpp:203->../cnn_gesture_hls.cpp:236]   --->   Operation 74 'sdiv' 'sdiv_ln203' <Predicate = true> <Delay = 1.48> <CoreInst = "Divider">   --->   Core 6 'Divider' <Latency = 29> <II = 1> <Delay = 1.48> <FuncUnit> <Opcode : 'udiv' 'sdiv' 'urem' 'srem'> <InPorts = 2> <OutPorts = 1>

State 26 <SV = 25> <Delay = 1.48>
ST_26 : Operation 75 [6/30] (1.48ns)   --->   "%sdiv_ln203 = sdiv i26 %shl_ln2, i26 %sext_ln202_cast" [../cnn_gesture_hls.cpp:203->../cnn_gesture_hls.cpp:236]   --->   Operation 75 'sdiv' 'sdiv_ln203' <Predicate = true> <Delay = 1.48> <CoreInst = "Divider">   --->   Core 6 'Divider' <Latency = 29> <II = 1> <Delay = 1.48> <FuncUnit> <Opcode : 'udiv' 'sdiv' 'urem' 'srem'> <InPorts = 2> <OutPorts = 1>

State 27 <SV = 26> <Delay = 1.48>
ST_27 : Operation 76 [5/30] (1.48ns)   --->   "%sdiv_ln203 = sdiv i26 %shl_ln2, i26 %sext_ln202_cast" [../cnn_gesture_hls.cpp:203->../cnn_gesture_hls.cpp:236]   --->   Operation 76 'sdiv' 'sdiv_ln203' <Predicate = true> <Delay = 1.48> <CoreInst = "Divider">   --->   Core 6 'Divider' <Latency = 29> <II = 1> <Delay = 1.48> <FuncUnit> <Opcode : 'udiv' 'sdiv' 'urem' 'srem'> <InPorts = 2> <OutPorts = 1>

State 28 <SV = 27> <Delay = 1.48>
ST_28 : Operation 77 [4/30] (1.48ns)   --->   "%sdiv_ln203 = sdiv i26 %shl_ln2, i26 %sext_ln202_cast" [../cnn_gesture_hls.cpp:203->../cnn_gesture_hls.cpp:236]   --->   Operation 77 'sdiv' 'sdiv_ln203' <Predicate = true> <Delay = 1.48> <CoreInst = "Divider">   --->   Core 6 'Divider' <Latency = 29> <II = 1> <Delay = 1.48> <FuncUnit> <Opcode : 'udiv' 'sdiv' 'urem' 'srem'> <InPorts = 2> <OutPorts = 1>

State 29 <SV = 28> <Delay = 1.48>
ST_29 : Operation 78 [3/30] (1.48ns)   --->   "%sdiv_ln203 = sdiv i26 %shl_ln2, i26 %sext_ln202_cast" [../cnn_gesture_hls.cpp:203->../cnn_gesture_hls.cpp:236]   --->   Operation 78 'sdiv' 'sdiv_ln203' <Predicate = true> <Delay = 1.48> <CoreInst = "Divider">   --->   Core 6 'Divider' <Latency = 29> <II = 1> <Delay = 1.48> <FuncUnit> <Opcode : 'udiv' 'sdiv' 'urem' 'srem'> <InPorts = 2> <OutPorts = 1>

State 30 <SV = 29> <Delay = 1.48>
ST_30 : Operation 79 [2/30] (1.48ns)   --->   "%sdiv_ln203 = sdiv i26 %shl_ln2, i26 %sext_ln202_cast" [../cnn_gesture_hls.cpp:203->../cnn_gesture_hls.cpp:236]   --->   Operation 79 'sdiv' 'sdiv_ln203' <Predicate = true> <Delay = 1.48> <CoreInst = "Divider">   --->   Core 6 'Divider' <Latency = 29> <II = 1> <Delay = 1.48> <FuncUnit> <Opcode : 'udiv' 'sdiv' 'urem' 'srem'> <InPorts = 2> <OutPorts = 1>
ST_30 : Operation 97 [1/1] (0.42ns)   --->   "%ret_ln0 = ret"   --->   Operation 97 'ret' 'ret_ln0' <Predicate = (icmp_ln202)> <Delay = 0.42>

State 31 <SV = 30> <Delay = 1.48>
ST_31 : Operation 80 [1/1] (0.00ns)   --->   "%specpipeline_ln202 = specpipeline void @_ssdm_op_SpecPipeline, i32 4294967295, i32 0, i32 0, i32 0, i32 4294967295, void @empty_10" [../cnn_gesture_hls.cpp:202->../cnn_gesture_hls.cpp:236]   --->   Operation 80 'specpipeline' 'specpipeline_ln202' <Predicate = true> <Delay = 0.00>
ST_31 : Operation 81 [1/1] (0.00ns)   --->   "%speclooptripcount_ln202 = speclooptripcount void @_ssdm_op_SpecLoopTripCount, i64 6, i64 6, i64 6" [../cnn_gesture_hls.cpp:202->../cnn_gesture_hls.cpp:236]   --->   Operation 81 'speclooptripcount' 'speclooptripcount_ln202' <Predicate = true> <Delay = 0.00>
ST_31 : Operation 82 [1/1] (0.00ns)   --->   "%specloopname_ln202 = specloopname void @_ssdm_op_SpecLoopName, void @empty" [../cnn_gesture_hls.cpp:202->../cnn_gesture_hls.cpp:236]   --->   Operation 82 'specloopname' 'specloopname_ln202' <Predicate = true> <Delay = 0.00>
ST_31 : Operation 83 [1/30] (1.48ns)   --->   "%sdiv_ln203 = sdiv i26 %shl_ln2, i26 %sext_ln202_cast" [../cnn_gesture_hls.cpp:203->../cnn_gesture_hls.cpp:236]   --->   Operation 83 'sdiv' 'sdiv_ln203' <Predicate = true> <Delay = 1.48> <CoreInst = "Divider">   --->   Core 6 'Divider' <Latency = 29> <II = 1> <Delay = 1.48> <FuncUnit> <Opcode : 'udiv' 'sdiv' 'urem' 'srem'> <InPorts = 2> <OutPorts = 1>
ST_31 : Operation 84 [1/1] (0.00ns)   --->   "%trunc_ln203 = trunc i16 %sdiv_ln203" [../cnn_gesture_hls.cpp:203->../cnn_gesture_hls.cpp:236]   --->   Operation 84 'trunc' 'trunc_ln203' <Predicate = true> <Delay = 0.00>
ST_31 : Operation 85 [1/1] (0.00ns)   --->   "%write_ln203 = write void @_ssdm_op_Write.ap_auto.i16P0A, i16 %output_4, i16 %trunc_ln203" [../cnn_gesture_hls.cpp:203->../cnn_gesture_hls.cpp:236]   --->   Operation 85 'write' 'write_ln203' <Predicate = (i_1 == 4)> <Delay = 0.00>
ST_31 : Operation 86 [1/1] (0.00ns)   --->   "%br_ln203 = br void %arrayidx32.i1.exit" [../cnn_gesture_hls.cpp:203->../cnn_gesture_hls.cpp:236]   --->   Operation 86 'br' 'br_ln203' <Predicate = (i_1 == 4)> <Delay = 0.00>
ST_31 : Operation 87 [1/1] (0.00ns)   --->   "%write_ln203 = write void @_ssdm_op_Write.ap_auto.i16P0A, i16 %output_3, i16 %trunc_ln203" [../cnn_gesture_hls.cpp:203->../cnn_gesture_hls.cpp:236]   --->   Operation 87 'write' 'write_ln203' <Predicate = (i_1 == 3)> <Delay = 0.00>
ST_31 : Operation 88 [1/1] (0.00ns)   --->   "%br_ln203 = br void %arrayidx32.i1.exit" [../cnn_gesture_hls.cpp:203->../cnn_gesture_hls.cpp:236]   --->   Operation 88 'br' 'br_ln203' <Predicate = (i_1 == 3)> <Delay = 0.00>
ST_31 : Operation 89 [1/1] (0.00ns)   --->   "%write_ln203 = write void @_ssdm_op_Write.ap_auto.i16P0A, i16 %output_2, i16 %trunc_ln203" [../cnn_gesture_hls.cpp:203->../cnn_gesture_hls.cpp:236]   --->   Operation 89 'write' 'write_ln203' <Predicate = (i_1 == 2)> <Delay = 0.00>
ST_31 : Operation 90 [1/1] (0.00ns)   --->   "%br_ln203 = br void %arrayidx32.i1.exit" [../cnn_gesture_hls.cpp:203->../cnn_gesture_hls.cpp:236]   --->   Operation 90 'br' 'br_ln203' <Predicate = (i_1 == 2)> <Delay = 0.00>
ST_31 : Operation 91 [1/1] (0.00ns)   --->   "%write_ln203 = write void @_ssdm_op_Write.ap_auto.i16P0A, i16 %output_1, i16 %trunc_ln203" [../cnn_gesture_hls.cpp:203->../cnn_gesture_hls.cpp:236]   --->   Operation 91 'write' 'write_ln203' <Predicate = (i_1 == 1)> <Delay = 0.00>
ST_31 : Operation 92 [1/1] (0.00ns)   --->   "%br_ln203 = br void %arrayidx32.i1.exit" [../cnn_gesture_hls.cpp:203->../cnn_gesture_hls.cpp:236]   --->   Operation 92 'br' 'br_ln203' <Predicate = (i_1 == 1)> <Delay = 0.00>
ST_31 : Operation 93 [1/1] (0.00ns)   --->   "%write_ln203 = write void @_ssdm_op_Write.ap_auto.i16P0A, i16 %output_0, i16 %trunc_ln203" [../cnn_gesture_hls.cpp:203->../cnn_gesture_hls.cpp:236]   --->   Operation 93 'write' 'write_ln203' <Predicate = (i_1 == 0)> <Delay = 0.00>
ST_31 : Operation 94 [1/1] (0.00ns)   --->   "%br_ln203 = br void %arrayidx32.i1.exit" [../cnn_gesture_hls.cpp:203->../cnn_gesture_hls.cpp:236]   --->   Operation 94 'br' 'br_ln203' <Predicate = (i_1 == 0)> <Delay = 0.00>
ST_31 : Operation 95 [1/1] (0.00ns)   --->   "%write_ln203 = write void @_ssdm_op_Write.ap_auto.i16P0A, i16 %output_5, i16 %trunc_ln203" [../cnn_gesture_hls.cpp:203->../cnn_gesture_hls.cpp:236]   --->   Operation 95 'write' 'write_ln203' <Predicate = (i_1 != 0 & i_1 != 1 & i_1 != 2 & i_1 != 3 & i_1 != 4)> <Delay = 0.00>
ST_31 : Operation 96 [1/1] (0.00ns)   --->   "%br_ln203 = br void %arrayidx32.i1.exit" [../cnn_gesture_hls.cpp:203->../cnn_gesture_hls.cpp:236]   --->   Operation 96 'br' 'br_ln203' <Predicate = (i_1 != 0 & i_1 != 1 & i_1 != 2 & i_1 != 3 & i_1 != 4)> <Delay = 0.00>


============================================================
+ Verbose Summary: Timing violations
============================================================
Target clock period: 10.000ns, clock uncertainty: 2.700ns.

 <State 1>: 1.527ns
The critical path consists of the following:
	'store' operation ('store_ln202', ../cnn_gesture_hls.cpp:202->../cnn_gesture_hls.cpp:236) of constant 0 3 bit on local variable 'i', ../cnn_gesture_hls.cpp:202->../cnn_gesture_hls.cpp:236 [12]  (0.427 ns)
	'load' operation 3 bit ('i', ../cnn_gesture_hls.cpp:202->../cnn_gesture_hls.cpp:236) on local variable 'i', ../cnn_gesture_hls.cpp:202->../cnn_gesture_hls.cpp:236 [15]  (0.000 ns)
	'icmp' operation 1 bit ('icmp_ln202', ../cnn_gesture_hls.cpp:202->../cnn_gesture_hls.cpp:236) [16]  (0.673 ns)
	'store' operation ('store_ln202', ../cnn_gesture_hls.cpp:202->../cnn_gesture_hls.cpp:236) of variable 'add_ln202', ../cnn_gesture_hls.cpp:202->../cnn_gesture_hls.cpp:236 3 bit on local variable 'i', ../cnn_gesture_hls.cpp:202->../cnn_gesture_hls.cpp:236 [49]  (0.427 ns)

 <State 2>: 2.163ns
The critical path consists of the following:
	'load' operation 16 bit ('exps_load', ../cnn_gesture_hls.cpp:203->../cnn_gesture_hls.cpp:236) on array 'exps' [25]  (0.677 ns)
	'sdiv' operation 16 bit ('sdiv_ln203', ../cnn_gesture_hls.cpp:203->../cnn_gesture_hls.cpp:236) [27]  (1.486 ns)

 <State 3>: 1.486ns
The critical path consists of the following:
	'sdiv' operation 16 bit ('sdiv_ln203', ../cnn_gesture_hls.cpp:203->../cnn_gesture_hls.cpp:236) [27]  (1.486 ns)

 <State 4>: 1.486ns
The critical path consists of the following:
	'sdiv' operation 16 bit ('sdiv_ln203', ../cnn_gesture_hls.cpp:203->../cnn_gesture_hls.cpp:236) [27]  (1.486 ns)

 <State 5>: 1.486ns
The critical path consists of the following:
	'sdiv' operation 16 bit ('sdiv_ln203', ../cnn_gesture_hls.cpp:203->../cnn_gesture_hls.cpp:236) [27]  (1.486 ns)

 <State 6>: 1.486ns
The critical path consists of the following:
	'sdiv' operation 16 bit ('sdiv_ln203', ../cnn_gesture_hls.cpp:203->../cnn_gesture_hls.cpp:236) [27]  (1.486 ns)

 <State 7>: 1.486ns
The critical path consists of the following:
	'sdiv' operation 16 bit ('sdiv_ln203', ../cnn_gesture_hls.cpp:203->../cnn_gesture_hls.cpp:236) [27]  (1.486 ns)

 <State 8>: 1.486ns
The critical path consists of the following:
	'sdiv' operation 16 bit ('sdiv_ln203', ../cnn_gesture_hls.cpp:203->../cnn_gesture_hls.cpp:236) [27]  (1.486 ns)

 <State 9>: 1.486ns
The critical path consists of the following:
	'sdiv' operation 16 bit ('sdiv_ln203', ../cnn_gesture_hls.cpp:203->../cnn_gesture_hls.cpp:236) [27]  (1.486 ns)

 <State 10>: 1.486ns
The critical path consists of the following:
	'sdiv' operation 16 bit ('sdiv_ln203', ../cnn_gesture_hls.cpp:203->../cnn_gesture_hls.cpp:236) [27]  (1.486 ns)

 <State 11>: 1.486ns
The critical path consists of the following:
	'sdiv' operation 16 bit ('sdiv_ln203', ../cnn_gesture_hls.cpp:203->../cnn_gesture_hls.cpp:236) [27]  (1.486 ns)

 <State 12>: 1.486ns
The critical path consists of the following:
	'sdiv' operation 16 bit ('sdiv_ln203', ../cnn_gesture_hls.cpp:203->../cnn_gesture_hls.cpp:236) [27]  (1.486 ns)

 <State 13>: 1.486ns
The critical path consists of the following:
	'sdiv' operation 16 bit ('sdiv_ln203', ../cnn_gesture_hls.cpp:203->../cnn_gesture_hls.cpp:236) [27]  (1.486 ns)

 <State 14>: 1.486ns
The critical path consists of the following:
	'sdiv' operation 16 bit ('sdiv_ln203', ../cnn_gesture_hls.cpp:203->../cnn_gesture_hls.cpp:236) [27]  (1.486 ns)

 <State 15>: 1.486ns
The critical path consists of the following:
	'sdiv' operation 16 bit ('sdiv_ln203', ../cnn_gesture_hls.cpp:203->../cnn_gesture_hls.cpp:236) [27]  (1.486 ns)

 <State 16>: 1.486ns
The critical path consists of the following:
	'sdiv' operation 16 bit ('sdiv_ln203', ../cnn_gesture_hls.cpp:203->../cnn_gesture_hls.cpp:236) [27]  (1.486 ns)

 <State 17>: 1.486ns
The critical path consists of the following:
	'sdiv' operation 16 bit ('sdiv_ln203', ../cnn_gesture_hls.cpp:203->../cnn_gesture_hls.cpp:236) [27]  (1.486 ns)

 <State 18>: 1.486ns
The critical path consists of the following:
	'sdiv' operation 16 bit ('sdiv_ln203', ../cnn_gesture_hls.cpp:203->../cnn_gesture_hls.cpp:236) [27]  (1.486 ns)

 <State 19>: 1.486ns
The critical path consists of the following:
	'sdiv' operation 16 bit ('sdiv_ln203', ../cnn_gesture_hls.cpp:203->../cnn_gesture_hls.cpp:236) [27]  (1.486 ns)

 <State 20>: 1.486ns
The critical path consists of the following:
	'sdiv' operation 16 bit ('sdiv_ln203', ../cnn_gesture_hls.cpp:203->../cnn_gesture_hls.cpp:236) [27]  (1.486 ns)

 <State 21>: 1.486ns
The critical path consists of the following:
	'sdiv' operation 16 bit ('sdiv_ln203', ../cnn_gesture_hls.cpp:203->../cnn_gesture_hls.cpp:236) [27]  (1.486 ns)

 <State 22>: 1.486ns
The critical path consists of the following:
	'sdiv' operation 16 bit ('sdiv_ln203', ../cnn_gesture_hls.cpp:203->../cnn_gesture_hls.cpp:236) [27]  (1.486 ns)

 <State 23>: 1.486ns
The critical path consists of the following:
	'sdiv' operation 16 bit ('sdiv_ln203', ../cnn_gesture_hls.cpp:203->../cnn_gesture_hls.cpp:236) [27]  (1.486 ns)

 <State 24>: 1.486ns
The critical path consists of the following:
	'sdiv' operation 16 bit ('sdiv_ln203', ../cnn_gesture_hls.cpp:203->../cnn_gesture_hls.cpp:236) [27]  (1.486 ns)

 <State 25>: 1.486ns
The critical path consists of the following:
	'sdiv' operation 16 bit ('sdiv_ln203', ../cnn_gesture_hls.cpp:203->../cnn_gesture_hls.cpp:236) [27]  (1.486 ns)

 <State 26>: 1.486ns
The critical path consists of the following:
	'sdiv' operation 16 bit ('sdiv_ln203', ../cnn_gesture_hls.cpp:203->../cnn_gesture_hls.cpp:236) [27]  (1.486 ns)

 <State 27>: 1.486ns
The critical path consists of the following:
	'sdiv' operation 16 bit ('sdiv_ln203', ../cnn_gesture_hls.cpp:203->../cnn_gesture_hls.cpp:236) [27]  (1.486 ns)

 <State 28>: 1.486ns
The critical path consists of the following:
	'sdiv' operation 16 bit ('sdiv_ln203', ../cnn_gesture_hls.cpp:203->../cnn_gesture_hls.cpp:236) [27]  (1.486 ns)

 <State 29>: 1.486ns
The critical path consists of the following:
	'sdiv' operation 16 bit ('sdiv_ln203', ../cnn_gesture_hls.cpp:203->../cnn_gesture_hls.cpp:236) [27]  (1.486 ns)

 <State 30>: 1.486ns
The critical path consists of the following:
	'sdiv' operation 16 bit ('sdiv_ln203', ../cnn_gesture_hls.cpp:203->../cnn_gesture_hls.cpp:236) [27]  (1.486 ns)

 <State 31>: 1.486ns
The critical path consists of the following:
	'sdiv' operation 16 bit ('sdiv_ln203', ../cnn_gesture_hls.cpp:203->../cnn_gesture_hls.cpp:236) [27]  (1.486 ns)
	wire write operation ('write_ln203', ../cnn_gesture_hls.cpp:203->../cnn_gesture_hls.cpp:236) on port 'output_2' (../cnn_gesture_hls.cpp:203->../cnn_gesture_hls.cpp:236) [37]  (0.000 ns)


============================================================
+ Verbose Summary: Binding
============================================================
N/A
* FSMD analyzer results:
  - Output states:
 - Input state : 
  - Chain level:
	State 1
	State 2
	State 3
	State 4
	State 5
	State 6
	State 7
	State 8
	State 9
	State 10
	State 11
	State 12
	State 13
	State 14
	State 15
	State 16
	State 17
	State 18
	State 19
	State 20
	State 21
	State 22
	State 23
	State 24
	State 25
	State 26
	State 27
	State 28
	State 29
	State 30
	State 31


============================================================
+ Verbose Summary: Datapath Resource usage 
============================================================
N/A
