

================================================================
== Vitis HLS Report for 'cnn_gesture_top_Pipeline_VITIS_LOOP_202_3'
================================================================
* Date:           Mon Feb 23 23:24:00 2026

* Version:        2025.2 (Build 6295257 on Nov 12 2025)
* Project:        cnn_gesture_top
* Solution:       hls (Vivado IP Flow Target)
* Product family: zynquplus
* Target device:  xczu3eg-sbva484-2-i


================================================================
== Performance Estimates
================================================================
+ Timing: 
    * Summary: 
    +--------+----------+----------+------------+
    |  Clock |  Target  | Estimated| Uncertainty|
    +--------+----------+----------+------------+
    |ap_clk  |  10.00 ns|  2.163 ns|     2.70 ns|
    +--------+----------+----------+------------+

+ Latency: 
    * Summary: 
    +---------+---------+----------+----------+-----+-----+-------------------+
    |  Latency (cycles) |  Latency (absolute) |  Interval |      Pipeline     |
    |   min   |   max   |    min   |    max   | min | max |        Type       |
    +---------+---------+----------+----------+-----+-----+-------------------+
    |       37|       37|  0.370 us|  0.370 us|    0|    0|  loop pipeline stp|
    +---------+---------+----------+----------+-----+-----+-------------------+

    + Detail: 
        * Instance: 
        N/A

        * Loop: 
        +--------------------+---------+---------+----------+-----------+-----------+------+----------+
        |                    |  Latency (cycles) | Iteration|  Initiation Interval  | Trip |          |
        |      Loop Name     |   min   |   max   |  Latency |  achieved |   target  | Count| Pipelined|
        +--------------------+---------+---------+----------+-----------+-----------+------+----------+
        |- VITIS_LOOP_202_3  |       35|       35|        31|          1|          1|     6|       yes|
        +--------------------+---------+---------+----------+-----------+-----------+------+----------+



================================================================
== Utilization Estimates
================================================================
* Summary: 
+-----------------+---------+-----+--------+-------+-----+
|       Name      | BRAM_18K| DSP |   FF   |  LUT  | URAM|
+-----------------+---------+-----+--------+-------+-----+
|DSP              |        -|    -|       -|      -|    -|
|Expression       |        -|    -|       0|     22|    -|
|FIFO             |        -|    -|       -|      -|    -|
|Instance         |        -|    -|    1665|   1257|    -|
|Memory           |        -|    -|       -|      -|    -|
|Multiplexer      |        -|    -|       0|     36|    -|
|Register         |        -|    -|     157|     32|    -|
+-----------------+---------+-----+--------+-------+-----+
|Total            |        0|    0|    1822|   1347|    0|
+-----------------+---------+-----+--------+-------+-----+
|Available        |      432|  360|  141120|  70560|    0|
+-----------------+---------+-----+--------+-------+-----+
|Utilization (%)  |        0|    0|       1|      1|    0|
+-----------------+---------+-----+--------+-------+-----+

+ Detail: 
    * Instance: 
    +----------------------------+-----------------------+---------+----+------+------+-----+
    |          Instance          |         Module        | BRAM_18K| DSP|  FF  |  LUT | URAM|
    +----------------------------+-----------------------+---------+----+------+------+-----+
    |sdiv_26ns_16s_16_30_1_U419  |sdiv_26ns_16s_16_30_1  |        0|   0|  1665|  1257|    0|
    +----------------------------+-----------------------+---------+----+------+------+-----+
    |Total                       |                       |        0|   0|  1665|  1257|    0|
    +----------------------------+-----------------------+---------+----+------+------+-----+

    * DSP: 
    N/A

    * Memory: 
    N/A

    * FIFO: 
    N/A

    * Expression: 
    +----------------------+----------+----+---+----+------------+------------+
    |     Variable Name    | Operation| DSP| FF| LUT| Bitwidth P0| Bitwidth P1|
    +----------------------+----------+----+---+----+------------+------------+
    |add_ln202_fu_139_p2   |         +|   0|  0|  10|           3|           1|
    |icmp_ln202_fu_133_p2  |      icmp|   0|  0|  10|           3|           3|
    |ap_enable_pp0         |       xor|   0|  0|   2|           1|           2|
    +----------------------+----------+----+---+----+------------+------------+
    |Total                 |          |   0|  0|  22|           7|           6|
    +----------------------+----------+----+---+----+------------+------------+

    * Multiplexer: 
    +-------------------------+----+-----------+-----+-----------+
    |           Name          | LUT| Input Size| Bits| Total Bits|
    +-------------------------+----+-----------+-----+-----------+
    |ap_done_int              |   9|          2|    1|          2|
    |ap_enable_reg_pp0_iter1  |   9|          2|    1|          2|
    |ap_sig_allocacmp_i_1     |   9|          2|    3|          6|
    |i_fu_56                  |   9|          2|    3|          6|
    +-------------------------+----+-----------+-----+-----------+
    |Total                    |  36|          8|    8|         16|
    +-------------------------+----+-----------+-----+-----------+

    * Register: 
    +-----------------------------------+----+----+-----+-----------+
    |                Name               | FF | LUT| Bits| Const Bits|
    +-----------------------------------+----+----+-----+-----------+
    |ap_CS_fsm                          |   1|   0|    1|          0|
    |ap_done_reg                        |   1|   0|    1|          0|
    |ap_enable_reg_pp0_iter1            |   1|   0|    1|          0|
    |ap_enable_reg_pp0_iter10           |   1|   0|    1|          0|
    |ap_enable_reg_pp0_iter11           |   1|   0|    1|          0|
    |ap_enable_reg_pp0_iter12           |   1|   0|    1|          0|
    |ap_enable_reg_pp0_iter13           |   1|   0|    1|          0|
    |ap_enable_reg_pp0_iter14           |   1|   0|    1|          0|
    |ap_enable_reg_pp0_iter15           |   1|   0|    1|          0|
    |ap_enable_reg_pp0_iter16           |   1|   0|    1|          0|
    |ap_enable_reg_pp0_iter17           |   1|   0|    1|          0|
    |ap_enable_reg_pp0_iter18           |   1|   0|    1|          0|
    |ap_enable_reg_pp0_iter19           |   1|   0|    1|          0|
    |ap_enable_reg_pp0_iter2            |   1|   0|    1|          0|
    |ap_enable_reg_pp0_iter20           |   1|   0|    1|          0|
    |ap_enable_reg_pp0_iter21           |   1|   0|    1|          0|
    |ap_enable_reg_pp0_iter22           |   1|   0|    1|          0|
    |ap_enable_reg_pp0_iter23           |   1|   0|    1|          0|
    |ap_enable_reg_pp0_iter24           |   1|   0|    1|          0|
    |ap_enable_reg_pp0_iter25           |   1|   0|    1|          0|
    |ap_enable_reg_pp0_iter26           |   1|   0|    1|          0|
    |ap_enable_reg_pp0_iter27           |   1|   0|    1|          0|
    |ap_enable_reg_pp0_iter28           |   1|   0|    1|          0|
    |ap_enable_reg_pp0_iter29           |   1|   0|    1|          0|
    |ap_enable_reg_pp0_iter3            |   1|   0|    1|          0|
    |ap_enable_reg_pp0_iter30           |   1|   0|    1|          0|
    |ap_enable_reg_pp0_iter4            |   1|   0|    1|          0|
    |ap_enable_reg_pp0_iter5            |   1|   0|    1|          0|
    |ap_enable_reg_pp0_iter6            |   1|   0|    1|          0|
    |ap_enable_reg_pp0_iter7            |   1|   0|    1|          0|
    |ap_enable_reg_pp0_iter8            |   1|   0|    1|          0|
    |ap_enable_reg_pp0_iter9            |   1|   0|    1|          0|
    |ap_loop_exit_ready_pp0_iter10_reg  |   1|   0|    1|          0|
    |ap_loop_exit_ready_pp0_iter11_reg  |   1|   0|    1|          0|
    |ap_loop_exit_ready_pp0_iter12_reg  |   1|   0|    1|          0|
    |ap_loop_exit_ready_pp0_iter13_reg  |   1|   0|    1|          0|
    |ap_loop_exit_ready_pp0_iter14_reg  |   1|   0|    1|          0|
    |ap_loop_exit_ready_pp0_iter15_reg  |   1|   0|    1|          0|
    |ap_loop_exit_ready_pp0_iter16_reg  |   1|   0|    1|          0|
    |ap_loop_exit_ready_pp0_iter17_reg  |   1|   0|    1|          0|
    |ap_loop_exit_ready_pp0_iter18_reg  |   1|   0|    1|          0|
    |ap_loop_exit_ready_pp0_iter19_reg  |   1|   0|    1|          0|
    |ap_loop_exit_ready_pp0_iter1_reg   |   1|   0|    1|          0|
    |ap_loop_exit_ready_pp0_iter20_reg  |   1|   0|    1|          0|
    |ap_loop_exit_ready_pp0_iter21_reg  |   1|   0|    1|          0|
    |ap_loop_exit_ready_pp0_iter22_reg  |   1|   0|    1|          0|
    |ap_loop_exit_ready_pp0_iter23_reg  |   1|   0|    1|          0|
    |ap_loop_exit_ready_pp0_iter24_reg  |   1|   0|    1|          0|
    |ap_loop_exit_ready_pp0_iter25_reg  |   1|   0|    1|          0|
    |ap_loop_exit_ready_pp0_iter26_reg  |   1|   0|    1|          0|
    |ap_loop_exit_ready_pp0_iter27_reg  |   1|   0|    1|          0|
    |ap_loop_exit_ready_pp0_iter28_reg  |   1|   0|    1|          0|
    |ap_loop_exit_ready_pp0_iter29_reg  |   1|   0|    1|          0|
    |ap_loop_exit_ready_pp0_iter2_reg   |   1|   0|    1|          0|
    |ap_loop_exit_ready_pp0_iter3_reg   |   1|   0|    1|          0|
    |ap_loop_exit_ready_pp0_iter4_reg   |   1|   0|    1|          0|
    |ap_loop_exit_ready_pp0_iter5_reg   |   1|   0|    1|          0|
    |ap_loop_exit_ready_pp0_iter6_reg   |   1|   0|    1|          0|
    |ap_loop_exit_ready_pp0_iter7_reg   |   1|   0|    1|          0|
    |ap_loop_exit_ready_pp0_iter8_reg   |   1|   0|    1|          0|
    |ap_loop_exit_ready_pp0_iter9_reg   |   1|   0|    1|          0|
    |i_1_reg_204                        |   3|   0|    3|          0|
    |i_fu_56                            |   3|   0|    3|          0|
    |sext_ln202_cast_reg_199            |  26|   0|   26|          0|
    |i_1_reg_204                        |  64|  32|    3|          0|
    +-----------------------------------+----+----+-----+-----------+
    |Total                              | 157|  32|   96|          0|
    +-----------------------------------+----+----+-----+-----------+



================================================================
== Interface
================================================================
* Summary: 
+-----------------+-----+-----+------------+-------------------------------------------+--------------+
|    RTL Ports    | Dir | Bits|  Protocol  |               Source Object               |    C Type    |
+-----------------+-----+-----+------------+-------------------------------------------+--------------+
|ap_clk           |   in|    1|  ap_ctrl_hs|  cnn_gesture_top_Pipeline_VITIS_LOOP_202_3|  return value|
|ap_rst           |   in|    1|  ap_ctrl_hs|  cnn_gesture_top_Pipeline_VITIS_LOOP_202_3|  return value|
|ap_start         |   in|    1|  ap_ctrl_hs|  cnn_gesture_top_Pipeline_VITIS_LOOP_202_3|  return value|
|ap_done          |  out|    1|  ap_ctrl_hs|  cnn_gesture_top_Pipeline_VITIS_LOOP_202_3|  return value|
|ap_idle          |  out|    1|  ap_ctrl_hs|  cnn_gesture_top_Pipeline_VITIS_LOOP_202_3|  return value|
|ap_ready         |  out|    1|  ap_ctrl_hs|  cnn_gesture_top_Pipeline_VITIS_LOOP_202_3|  return value|
|output_0         |  out|   16|      ap_vld|                                   output_0|       pointer|
|output_0_ap_vld  |  out|    1|      ap_vld|                                   output_0|       pointer|
|output_5         |  out|   16|      ap_vld|                                   output_5|       pointer|
|output_5_ap_vld  |  out|    1|      ap_vld|                                   output_5|       pointer|
|output_4         |  out|   16|      ap_vld|                                   output_4|       pointer|
|output_4_ap_vld  |  out|    1|      ap_vld|                                   output_4|       pointer|
|output_3         |  out|   16|      ap_vld|                                   output_3|       pointer|
|output_3_ap_vld  |  out|    1|      ap_vld|                                   output_3|       pointer|
|output_2         |  out|   16|      ap_vld|                                   output_2|       pointer|
|output_2_ap_vld  |  out|    1|      ap_vld|                                   output_2|       pointer|
|output_1         |  out|   16|      ap_vld|                                   output_1|       pointer|
|output_1_ap_vld  |  out|    1|      ap_vld|                                   output_1|       pointer|
|exps_address0    |  out|    3|   ap_memory|                                       exps|         array|
|exps_ce0         |  out|    1|   ap_memory|                                       exps|         array|
|exps_q0          |   in|   16|   ap_memory|                                       exps|         array|
|sext_ln202       |   in|   16|     ap_none|                                 sext_ln202|        scalar|
+-----------------+-----+-----+------------+-------------------------------------------+--------------+

============================================================
+ Verbose Summary: Synthesis Manager
============================================================
InlineROM: 1
ExposeGlobal: 0
============================================================
+ Verbose Summary: CDFG Model
============================================================
IsTopModel: 0
ResetActiveHigh: 1
IsCombinational: 2
IsDatapathOnly: 2
HasWiredReturn: 1
HasMFsm: 2
HasVarLatency: 1
IsPipeline: 0
IsRtlPipelined: 0
IsInstanceOverlapped: 0
IsDontTouch: 0
HasImplIP: 0
IsGatedGlobalClock: 0

+ Individual pipeline summary: 
  * Pipeline-0: initiation interval (II) = 1, depth = 31


============================================================
+ Verbose Summary: Schedule
============================================================
* Number of FSM states : 31
* Pipeline : 1
  Pipeline-0 : II = 1, D = 31, States = { 1 2 3 4 5 6 7 8 9 10 11 12 13 14 15 16 17 18 19 20 21 22 23 24 25 26 27 28 29 30 31 }
* Dataflow Pipeline: 0

* FSM state transitions: 
1 --> 2 
2 --> 3 
3 --> 4 
4 --> 5 
5 --> 6 
6 --> 7 
7 --> 8 
8 --> 9 
9 --> 10 
10 --> 11 
11 --> 12 
12 --> 13 
13 --> 14 
14 --> 15 
15 --> 16 
16 --> 17 
17 --> 18 
18 --> 19 
19 --> 20 
20 --> 21 
21 --> 22 
22 --> 23 
23 --> 24 
24 --> 25 
25 --> 26 
26 --> 27 
27 --> 28 
28 --> 29 
29 --> 30 
30 --> 31 
31 --> 

* FSM state operations: 

State 1 <SV = 0> <Delay = 1.52>
ST_1 : Operation 34 [1/1] (0.00ns)   --->   "%i = alloca i32 1" [../cnn_gesture_hls.cpp:202->../cnn_gesture_hls.cpp:236]   --->   Operation 34 'alloca' 'i' <Predicate = true> <Delay = 0.00>
ST_1 : Operation 35 [1/1] (0.00ns)   --->   "%sext_ln202_read = read i16 @_ssdm_op_Read.ap_auto.i16, i16 %sext_ln202"   --->   Operation 35 'read' 'sext_ln202_read' <Predicate = true> <Delay = 0.00>
ST_1 : Operation 36 [1/1] (0.00ns)   --->   "%sext_ln202_cast = sext i16 %sext_ln202_read"   --->   Operation 36 'sext' 'sext_ln202_cast' <Predicate = true> <Delay = 0.00>
ST_1 : Operation 37 [1/1] (0.42ns)   --->   "%store_ln202 = store i3 0, i3 %i" [../cnn_gesture_hls.cpp:202->../cnn_gesture_hls.cpp:236]   --->   Operation 37 'store' 'store_ln202' <Predicate = true> <Delay = 0.42>
ST_1 : Operation 38 [1/1] (0.00ns)   --->   "%br_ln0 = br void %for.body26.i"   --->   Operation 38 'br' 'br_ln0' <Predicate = true> <Delay = 0.00>
ST_1 : Operation 39 [1/1] (0.00ns)   --->   "%i_1 = load i3 %i" [../cnn_gesture_hls.cpp:202->../cnn_gesture_hls.cpp:236]   --->   Operation 39 'load' 'i_1' <Predicate = true> <Delay = 0.00>
ST_1 : Operation 40 [1/1] (0.67ns)   --->   "%icmp_ln202 = icmp_eq  i3 %i_1, i3 6" [../cnn_gesture_hls.cpp:202->../cnn_gesture_hls.cpp:236]   --->   Operation 40 'icmp' 'icmp_ln202' <Predicate = true> <Delay = 0.67> <CoreInst = "Cmp">   --->   Core 9 'Cmp' <Latency = 0> <II = 1> <Delay = 0.67> <FuncUnit> <Opcode : 'seteq' 'setne' 'setle' 'setge' 'setlt' 'setgt'> <InPorts = 2> <OutPorts = 1>
ST_1 : Operation 41 [1/1] (0.67ns)   --->   "%add_ln202 = add i3 %i_1, i3 1" [../cnn_gesture_hls.cpp:202->../cnn_gesture_hls.cpp:236]   --->   Operation 41 'add' 'add_ln202' <Predicate = true> <Delay = 0.67> <CoreInst = "Adder">   --->   Core 1 'Adder' <Latency = 0> <II = 1> <Delay = 0.67> <FuncUnit> <Opcode : 'add' 'sub'> <InPorts = 2> <OutPorts = 1>
ST_1 : Operation 42 [1/1] (0.00ns)   --->   "%br_ln202 = br i1 %icmp_ln202, void %for.body26.i.split, void %_ZL7softmaxP8ap_fixedILi16ELi6EL9ap_q_mode5EL9ap_o_mode3ELi0EES3_.exit.exitStub" [../cnn_gesture_hls.cpp:202->../cnn_gesture_hls.cpp:236]   --->   Operation 42 'br' 'br_ln202' <Predicate = true> <Delay = 0.00>
ST_1 : Operation 43 [1/1] (0.00ns)   --->   "%zext_ln202 = zext i3 %i_1" [../cnn_gesture_hls.cpp:202->../cnn_gesture_hls.cpp:236]   --->   Operation 43 'zext' 'zext_ln202' <Predicate = (!icmp_ln202)> <Delay = 0.00>
ST_1 : Operation 44 [1/1] (0.00ns)   --->   "%exps_addr = getelementptr i16 %exps, i64 0, i64 %zext_ln202" [../cnn_gesture_hls.cpp:203->../cnn_gesture_hls.cpp:236]   --->   Operation 44 'getelementptr' 'exps_addr' <Predicate = (!icmp_ln202)> <Delay = 0.00>
ST_1 : Operation 45 [2/2] (0.67ns)   --->   "%exps_load = load i3 %exps_addr" [../cnn_gesture_hls.cpp:203->../cnn_gesture_hls.cpp:236]   --->   Operation 45 'load' 'exps_load' <Predicate = (!icmp_ln202)> <Delay = 0.67> <CoreInst = "RAM">   --->   Core 82 'RAM' <Latency = 1> <II = 1> <Delay = 0.67> <Storage> <Opcode : 'load' 'store'> <Ports = 2> <Width = 16> <Depth = 6> <RAM>
ST_1 : Operation 46 [1/1] (0.67ns)   --->   "%switch_ln203 = switch i3 %i_1, void %arrayidx32.i1.case.5, i3 0, void %arrayidx32.i1.case.0, i3 1, void %arrayidx32.i1.case.1, i3 2, void %arrayidx32.i1.case.2, i3 3, void %arrayidx32.i1.case.3, i3 4, void %arrayidx32.i1.case.4" [../cnn_gesture_hls.cpp:203->../cnn_gesture_hls.cpp:236]   --->   Operation 46 'switch' 'switch_ln203' <Predicate = (!icmp_ln202)> <Delay = 0.67>
ST_1 : Operation 47 [1/1] (0.42ns)   --->   "%store_ln202 = store i3 %add_ln202, i3 %i" [../cnn_gesture_hls.cpp:202->../cnn_gesture_hls.cpp:236]   --->   Operation 47 'store' 'store_ln202' <Predicate = (!icmp_ln202)> <Delay = 0.42>
ST_1 : Operation 48 [1/1] (0.00ns)   --->   "%br_ln202 = br void %for.body26.i" [../cnn_gesture_hls.cpp:202->../cnn_gesture_hls.cpp:236]   --->   Operation 48 'br' 'br_ln202' <Predicate = (!icmp_ln202)> <Delay = 0.00>

State 2 <SV = 1> <Delay = 2.16>
ST_2 : Operation 49 [1/2] ( I:0.67ns O:0.67ns )   --->   "%exps_load = load i3 %exps_addr" [../cnn_gesture_hls.cpp:203->../cnn_gesture_hls.cpp:236]   --->   Operation 49 'load' 'exps_load' <Predicate = true> <Delay = 0.67> <CoreInst = "RAM">   --->   Core 82 'RAM' <Latency = 1> <II = 1> <Delay = 0.67> <Storage> <Opcode : 'load' 'store'> <Ports = 2> <Width = 16> <Depth = 6> <RAM>
ST_2 : Operation 50 [1/1] (0.00ns)   --->   "%shl_ln2 = bitconcatenate i26 @_ssdm_op_BitConcatenate.i26.i16.i10, i16 %exps_load, i10 0" [../cnn_gesture_hls.cpp:203->../cnn_gesture_hls.cpp:236]   --->   Operation 50 'bitconcatenate' 'shl_ln2' <Predicate = true> <Delay = 0.00>
ST_2 : Operation 51 [30/30] (1.48ns)   --->   "%sdiv_ln203 = sdiv i26 %shl_ln2, i26 %sext_ln202_cast" [../cnn_gesture_hls.cpp:203->../cnn_gesture_hls.cpp:236]   --->   Operation 51 'sdiv' 'sdiv_ln203' <Predicate = true> <Delay = 1.48> <CoreInst = "Divider">   --->   Core 6 'Divider' <Latency = 29> <II = 1> <Delay = 1.48> <FuncUnit> <Opcode : 'udiv' 'sdiv' 'urem' 'srem'> <InPorts = 2> <OutPorts = 1>

State 3 <SV = 2> <Delay = 1.48>
ST_3 : Operation 52 [29/30] (1.48ns)   --->   "%sdiv_ln203 = sdiv i26 %shl_ln2, i26 %sext_ln202_cast" [../cnn_gesture_hls.cpp:203->../cnn_gesture_hls.cpp:236]   --->   Operation 52 'sdiv' 'sdiv_ln203' <Predicate = true> <Delay = 1.48> <CoreInst = "Divider">   --->   Core 6 'Divider' <Latency = 29> <II = 1> <Delay = 1.48> <FuncUnit> <Opcode : 'udiv' 'sdiv' 'urem' 'srem'> <InPorts = 2> <OutPorts = 1>

State 4 <SV = 3> <Delay = 1.48>
ST_4 : Operation 53 [28/30] (1.48ns)   --->   "%sdiv_ln203 = sdiv i26 %shl_ln2, i26 %sext_ln202_cast" [../cnn_gesture_hls.cpp:203->../cnn_gesture_hls.cpp:236]   --->   Operation 53 'sdiv' 'sdiv_ln203' <Predicate = true> <Delay = 1.48> <CoreInst = "Divider">   --->   Core 6 'Divider' <Latency = 29> <II = 1> <Delay = 1.48> <FuncUnit> <Opcode : 'udiv' 'sdiv' 'urem' 'srem'> <InPorts = 2> <OutPorts = 1>

State 5 <SV = 4> <Delay = 1.48>
ST_5 : Operation 54 [27/30] (1.48ns)   --->   "%sdiv_ln203 = sdiv i26 %shl_ln2, i26 %sext_ln202_cast" [../cnn_gesture_hls.cpp:203->../cnn_gesture_hls.cpp:236]   --->   Operation 54 'sdiv' 'sdiv_ln203' <Predicate = true> <Delay = 1.48> <CoreInst = "Divider">   --->   Core 6 'Divider' <Latency = 29> <II = 1> <Delay = 1.48> <FuncUnit> <Opcode : 'udiv' 'sdiv' 'urem' 'srem'> <InPorts = 2> <OutPorts = 1>

State 6 <SV = 5> <Delay = 1.48>
ST_6 : Operation 55 [26/30] (1.48ns)   --->   "%sdiv_ln203 = sdiv i26 %shl_ln2, i26 %sext_ln202_cast" [../cnn_gesture_hls.cpp:203->../cnn_gesture_hls.cpp:236]   --->   Operation 55 'sdiv' 'sdiv_ln203' <Predicate = true> <Delay = 1.48> <CoreInst = "Divider">   --->   Core 6 'Divider' <Latency = 29> <II = 1> <Delay = 1.48> <FuncUnit> <Opcode : 'udiv' 'sdiv' 'urem' 'srem'> <InPorts = 2> <OutPorts = 1>

State 7 <SV = 6> <Delay = 1.48>
ST_7 : Operation 56 [25/30] (1.48ns)   --->   "%sdiv_ln203 = sdiv i26 %shl_ln2, i26 %sext_ln202_cast" [../cnn_gesture_hls.cpp:203->../cnn_gesture_hls.cpp:236]   --->   Operation 56 'sdiv' 'sdiv_ln203' <Predicate = true> <Delay = 1.48> <CoreInst = "Divider">   --->   Core 6 'Divider' <Latency = 29> <II = 1> <Delay = 1.48> <FuncUnit> <Opcode : 'udiv' 'sdiv' 'urem' 'srem'> <InPorts = 2> <OutPorts = 1>

State 8 <SV = 7> <Delay = 1.48>
ST_8 : Operation 57 [24/30] (1.48ns)   --->   "%sdiv_ln203 = sdiv i26 %shl_ln2, i26 %sext_ln202_cast" [../cnn_gesture_hls.cpp:203->../cnn_gesture_hls.cpp:236]   --->   Operation 57 'sdiv' 'sdiv_ln203' <Predicate = true> <Delay = 1.48> <CoreInst = "Divider">   --->   Core 6 'Divider' <Latency = 29> <II = 1> <Delay = 1.48> <FuncUnit> <Opcode : 'udiv' 'sdiv' 'urem' 'srem'> <InPorts = 2> <OutPorts = 1>

State 9 <SV = 8> <Delay = 1.48>
ST_9 : Operation 58 [23/30] (1.48ns)   --->   "%sdiv_ln203 = sdiv i26 %shl_ln2, i26 %sext_ln202_cast" [../cnn_gesture_hls.cpp:203->../cnn_gesture_hls.cpp:236]   --->   Operation 58 'sdiv' 'sdiv_ln203' <Predicate = true> <Delay = 1.48> <CoreInst = "Divider">   --->   Core 6 'Divider' <Latency = 29> <II = 1> <Delay = 1.48> <FuncUnit> <Opcode : 'udiv' 'sdiv' 'urem' 'srem'> <InPorts = 2> <OutPorts = 1>

State 10 <SV = 9> <Delay = 1.48>
ST_10 : Operation 59 [22/30] (1.48ns)   --->   "%sdiv_ln203 = sdiv i26 %shl_ln2, i26 %sext_ln202_cast" [../cnn_gesture_hls.cpp:203->../cnn_gesture_hls.cpp:236]   --->   Operation 59 'sdiv' 'sdiv_ln203' <Predicate = true> <Delay = 1.48> <CoreInst = "Divider">   --->   Core 6 'Divider' <Latency = 29> <II = 1> <Delay = 1.48> <FuncUnit> <Opcode : 'udiv' 'sdiv' 'urem' 'srem'> <InPorts = 2> <OutPorts = 1>

State 11 <SV = 10> <Delay = 1.48>
ST_11 : Operation 60 [21/30] (1.48ns)   --->   "%sdiv_ln203 = sdiv i26 %shl_ln2, i26 %sext_ln202_cast" [../cnn_gesture_hls.cpp:203->../cnn_gesture_hls.cpp:236]   --->   Operation 60 'sdiv' 'sdiv_ln203' <Predicate = true> <Delay = 1.48> <CoreInst = "Divider">   --->   Core 6 'Divider' <Latency = 29> <II = 1> <Delay = 1.48> <FuncUnit> <Opcode : 'udiv' 'sdiv' 'urem' 'srem'> <InPorts = 2> <OutPorts = 1>

State 12 <SV = 11> <Delay = 1.48>
ST_12 : Operation 61 [20/30] (1.48ns)   --->   "%sdiv_ln203 = sdiv i26 %shl_ln2, i26 %sext_ln202_cast" [../cnn_gesture_hls.cpp:203->../cnn_gesture_hls.cpp:236]   --->   Operation 61 'sdiv' 'sdiv_ln203' <Predicate = true> <Delay = 1.48> <CoreInst = "Divider">   --->   Core 6 'Divider' <Latency = 29> <II = 1> <Delay = 1.48> <FuncUnit> <Opcode : 'udiv' 'sdiv' 'urem' 'srem'> <InPorts = 2> <OutPorts = 1>

State 13 <SV = 12> <Delay = 1.48>
ST_13 : Operation 62 [19/30] (1.48ns)   --->   "%sdiv_ln203 = sdiv i26 %shl_ln2, i26 %sext_ln202_cast" [../cnn_gesture_hls.cpp:203->../cnn_gesture_hls.cpp:236]   --->   Operation 62 'sdiv' 'sdiv_ln203' <Predicate = true> <Delay = 1.48> <CoreInst = "Divider">   --->   Core 6 'Divider' <Latency = 29> <II = 1> <Delay = 1.48> <FuncUnit> <Opcode : 'udiv' 'sdiv' 'urem' 'srem'> <InPorts = 2> <OutPorts = 1>

State 14 <SV = 13> <Delay = 1.48>
ST_14 : Operation 63 [18/30] (1.48ns)   --->   "%sdiv_ln203 = sdiv i26 %shl_ln2, i26 %sext_ln202_cast" [../cnn_gesture_hls.cpp:203->../cnn_gesture_hls.cpp:236]   --->   Operation 63 'sdiv' 'sdiv_ln203' <Predicate = true> <Delay = 1.48> <CoreInst = "Divider">   --->   Core 6 'Divider' <Latency = 29> <II = 1> <Delay = 1.48> <FuncUnit> <Opcode : 'udiv' 'sdiv' 'urem' 'srem'> <InPorts = 2> <OutPorts = 1>

State 15 <SV = 14> <Delay = 1.48>
ST_15 : Operation 64 [17/30] (1.48ns)   --->   "%sdiv_ln203 = sdiv i26 %shl_ln2, i26 %sext_ln202_cast" [../cnn_gesture_hls.cpp:203->../cnn_gesture_hls.cpp:236]   --->   Operation 64 'sdiv' 'sdiv_ln203' <Predicate = true> <Delay = 1.48> <CoreInst = "Divider">   --->   Core 6 'Divider' <Latency = 29> <II = 1> <Delay = 1.48> <FuncUnit> <Opcode : 'udiv' 'sdiv' 'urem' 'srem'> <InPorts = 2> <OutPorts = 1>

State 16 <SV = 15> <Delay = 1.48>
ST_16 : Operation 65 [16/30] (1.48ns)   --->   "%sdiv_ln203 = sdiv i26 %shl_ln2, i26 %sext_ln202_cast" [../cnn_gesture_hls.cpp:203->../cnn_gesture_hls.cpp:236]   --->   Operation 65 'sdiv' 'sdiv_ln203' <Predicate = true> <Delay = 1.48> <CoreInst = "Divider">   --->   Core 6 'Divider' <Latency = 29> <II = 1> <Delay = 1.48> <FuncUnit> <Opcode : 'udiv' 'sdiv' 'urem' 'srem'> <InPorts = 2> <OutPorts = 1>

State 17 <SV = 16> <Delay = 1.48>
ST_17 : Operation 66 [15/30] (1.48ns)   --->   "%sdiv_ln203 = sdiv i26 %shl_ln2, i26 %sext_ln202_cast" [../cnn_gesture_hls.cpp:203->../cnn_gesture_hls.cpp:236]   --->   Operation 66 'sdiv' 'sdiv_ln203' <Predicate = true> <Delay = 1.48> <CoreInst = "Divider">   --->   Core 6 'Divider' <Latency = 29> <II = 1> <Delay = 1.48> <FuncUnit> <Opcode : 'udiv' 'sdiv' 'urem' 'srem'> <InPorts = 2> <OutPorts = 1>

State 18 <SV = 17> <Delay = 1.48>
ST_18 : Operation 67 [14/30] (1.48ns)   --->   "%sdiv_ln203 = sdiv i26 %shl_ln2, i26 %sext_ln202_cast" [../cnn_gesture_hls.cpp:203->../cnn_gesture_hls.cpp:236]   --->   Operation 67 'sdiv' 'sdiv_ln203' <Predicate = true> <Delay = 1.48> <CoreInst = "Divider">   --->   Core 6 'Divider' <Latency = 29> <II = 1> <Delay = 1.48> <FuncUnit> <Opcode : 'udiv' 'sdiv' 'urem' 'srem'> <InPorts = 2> <OutPorts = 1>

State 19 <SV = 18> <Delay = 1.48>
ST_19 : Operation 68 [13/30] (1.48ns)   --->   "%sdiv_ln203 = sdiv i26 %shl_ln2, i26 %sext_ln202_cast" [../cnn_gesture_hls.cpp:203->../cnn_gesture_hls.cpp:236]   --->   Operation 68 'sdiv' 'sdiv_ln203' <Predicate = true> <Delay = 1.48> <CoreInst = "Divider">   --->   Core 6 'Divider' <Latency = 29> <II = 1> <Delay = 1.48> <FuncUnit> <Opcode : 'udiv' 'sdiv' 'urem' 'srem'> <InPorts = 2> <OutPorts = 1>

State 20 <SV = 19> <Delay = 1.48>
ST_20 : Operation 69 [12/30] (1.48ns)   --->   "%sdiv_ln203 = sdiv i26 %shl_ln2, i26 %sext_ln202_cast" [../cnn_gesture_hls.cpp:203->../cnn_gesture_hls.cpp:236]   --->   Operation 69 'sdiv' 'sdiv_ln203' <Predicate = true> <Delay = 1.48> <CoreInst = "Divider">   --->   Core 6 'Divider' <Latency = 29> <II = 1> <Delay = 1.48> <FuncUnit> <Opcode : 'udiv' 'sdiv' 'urem' 'srem'> <InPorts = 2> <OutPorts = 1>

State 21 <SV = 20> <Delay = 1.48>
ST_21 : Operation 70 [11/30] (1.48ns)   --->   "%sdiv_ln203 = sdiv i26 %shl_ln2, i26 %sext_ln202_cast" [../cnn_gesture_hls.cpp:203->../cnn_gesture_hls.cpp:236]   --->   Operation 70 'sdiv' 'sdiv_ln203' <Predicate = true> <Delay = 1.48> <CoreInst = "Divider">   --->   Core 6 'Divider' <Latency = 29> <II = 1> <Delay = 1.48> <FuncUnit> <Opcode : 'udiv' 'sdiv' 'urem' 'srem'> <InPorts = 2> <OutPorts = 1>

State 22 <SV = 21> <Delay = 1.48>
ST_22 : Operation 71 [10/30] (1.48ns)   --->   "%sdiv_ln203 = sdiv i26 %shl_ln2, i26 %sext_ln202_cast" [../cnn_gesture_hls.cpp:203->../cnn_gesture_hls.cpp:236]   --->   Operation 71 'sdiv' 'sdiv_ln203' <Predicate = true> <Delay = 1.48> <CoreInst = "Divider">   --->   Core 6 'Divider' <Latency = 29> <II = 1> <Delay = 1.48> <FuncUnit> <Opcode : 'udiv' 'sdiv' 'urem' 'srem'> <InPorts = 2> <OutPorts = 1>

State 23 <SV = 22> <Delay = 1.48>
ST_23 : Operation 72 [9/30] (1.48ns)   --->   "%sdiv_ln203 = sdiv i26 %shl_ln2, i26 %sext_ln202_cast" [../cnn_gesture_hls.cpp:203->../cnn_gesture_hls.cpp:236]   --->   Operation 72 'sdiv' 'sdiv_ln203' <Predicate = true> <Delay = 1.48> <CoreInst = "Divider">   --->   Core 6 'Divider' <Latency = 29> <II = 1> <Delay = 1.48> <FuncUnit> <Opcode : 'udiv' 'sdiv' 'urem' 'srem'> <InPorts = 2> <OutPorts = 1>

State 24 <SV = 23> <Delay = 1.48>
ST_24 : Operation 73 [8/30] (1.48ns)   --->   "%sdiv_ln203 = sdiv i26 %shl_ln2, i26 %sext_ln202_cast" [../cnn_gesture_hls.cpp:203->../cnn_gesture_hls.cpp:236]   --->   Operation 73 'sdiv' 'sdiv_ln203' <Predicate = true> <Delay = 1.48> <CoreInst = "Divider">   --->   Core 6 'Divider' <Latency = 29> <II = 1> <Delay = 1.48> <FuncUnit> <Opcode : 'udiv' 'sdiv' 'urem' 'srem'> <InPorts = 2> <OutPorts = 1>

State 25 <SV = 24> <Delay = 1.48>
ST_25 : Operation 74 [7/30] (1.48ns)   --->   "%sdiv_ln203 = sdiv i26 %shl_ln2, i26 %sext_ln202_cast" [../cnn_gesture_hls.cpp:203->../cnn_gesture_hls.cpp:236]   --->   Operation 74 'sdiv' 'sdiv_ln203' <Predicate = true> <Delay = 1.48> <CoreInst = "Divider">   --->   Core 6 'Divider' <Latency = 29> <II = 1> <Delay = 1.48> <FuncUnit> <Opcode : 'udiv' 'sdiv' 'urem' 'srem'> <InPorts = 2> <OutPorts = 1>

State 26 <SV = 25> <Delay = 1.48>
ST_26 : Operation 75 [6/30] (1.48ns)   --->   "%sdiv_ln203 = sdiv i26 %shl_ln2, i26 %sext_ln202_cast" [../cnn_gesture_hls.cpp:203->../cnn_gesture_hls.cpp:236]   --->   Operation 75 'sdiv' 'sdiv_ln203' <Predicate = true> <Delay = 1.48> <CoreInst = "Divider">   --->   Core 6 'Divider' <Latency = 29> <II = 1> <Delay = 1.48> <FuncUnit> <Opcode : 'udiv' 'sdiv' 'urem' 'srem'> <InPorts = 2> <OutPorts = 1>

State 27 <SV = 26> <Delay = 1.48>
ST_27 : Operation 76 [5/30] (1.48ns)   --->   "%sdiv_ln203 = sdiv i26 %shl_ln2, i26 %sext_ln202_cast" [../cnn_gesture_hls.cpp:203->../cnn_gesture_hls.cpp:236]   --->   Operation 76 'sdiv' 'sdiv_ln203' <Predicate = true> <Delay = 1.48> <CoreInst = "Divider">   --->   Core 6 'Divider' <Latency = 29> <II = 1> <Delay = 1.48> <FuncUnit> <Opcode : 'udiv' 'sdiv' 'urem' 'srem'> <InPorts = 2> <OutPorts = 1>

State 28 <SV = 27> <Delay = 1.48>
ST_28 : Operation 77 [4/30] (1.48ns)   --->   "%sdiv_ln203 = sdiv i26 %shl_ln2, i26 %sext_ln202_cast" [../cnn_gesture_hls.cpp:203->../cnn_gesture_hls.cpp:236]   --->   Operation 77 'sdiv' 'sdiv_ln203' <Predicate = true> <Delay = 1.48> <CoreInst = "Divider">   --->   Core 6 'Divider' <Latency = 29> <II = 1> <Delay = 1.48> <FuncUnit> <Opcode : 'udiv' 'sdiv' 'urem' 'srem'> <InPorts = 2> <OutPorts = 1>

State 29 <SV = 28> <Delay = 1.48>
ST_29 : Operation 78 [3/30] (1.48ns)   --->   "%sdiv_ln203 = sdiv i26 %shl_ln2, i26 %sext_ln202_cast" [../cnn_gesture_hls.cpp:203->../cnn_gesture_hls.cpp:236]   --->   Operation 78 'sdiv' 'sdiv_ln203' <Predicate = true> <Delay = 1.48> <CoreInst = "Divider">   --->   Core 6 'Divider' <Latency = 29> <II = 1> <Delay = 1.48> <FuncUnit> <Opcode : 'udiv' 'sdiv' 'urem' 'srem'> <InPorts = 2> <OutPorts = 1>

State 30 <SV = 29> <Delay = 1.48>
ST_30 : Operation 79 [2/30] (1.48ns)   --->   "%sdiv_ln203 = sdiv i26 %shl_ln2, i26 %sext_ln202_cast" [../cnn_gesture_hls.cpp:203->../cnn_gesture_hls.cpp:236]   --->   Operation 79 'sdiv' 'sdiv_ln203' <Predicate = true> <Delay = 1.48> <CoreInst = "Divider">   --->   Core 6 'Divider' <Latency = 29> <II = 1> <Delay = 1.48> <FuncUnit> <Opcode : 'udiv' 'sdiv' 'urem' 'srem'> <InPorts = 2> <OutPorts = 1>
ST_30 : Operation 97 [1/1] (0.42ns)   --->   "%ret_ln0 = ret"   --->   Operation 97 'ret' 'ret_ln0' <Predicate = (icmp_ln202)> <Delay = 0.42>

State 31 <SV = 30> <Delay = 1.48>
ST_31 : Operation 80 [1/1] (0.00ns)   --->   "%specpipeline_ln202 = specpipeline void @_ssdm_op_SpecPipeline, i32 4294967295, i32 0, i32 0, i32 0, i32 4294967295, void @empty_10" [../cnn_gesture_hls.cpp:202->../cnn_gesture_hls.cpp:236]   --->   Operation 80 'specpipeline' 'specpipeline_ln202' <Predicate = true> <Delay = 0.00>
ST_31 : Operation 81 [1/1] (0.00ns)   --->   "%speclooptripcount_ln202 = speclooptripcount void @_ssdm_op_SpecLoopTripCount, i64 6, i64 6, i64 6" [../cnn_gesture_hls.cpp:202->../cnn_gesture_hls.cpp:236]   --->   Operation 81 'speclooptripcount' 'speclooptripcount_ln202' <Predicate = true> <Delay = 0.00>
ST_31 : Operation 82 [1/1] (0.00ns)   --->   "%specloopname_ln202 = specloopname void @_ssdm_op_SpecLoopName, void @empty" [../cnn_gesture_hls.cpp:202->../cnn_gesture_hls.cpp:236]   --->   Operation 82 'specloopname' 'specloopname_ln202' <Predicate = true> <Delay = 0.00>
ST_31 : Operation 83 [1/30] (1.48ns)   --->   "%sdiv_ln203 = sdiv i26 %shl_ln2, i26 %sext_ln202_cast" [../cnn_gesture_hls.cpp:203->../cnn_gesture_hls.cpp:236]   --->   Operation 83 'sdiv' 'sdiv_ln203' <Predicate = true> <Delay = 1.48> <CoreInst = "Divider">   --->   Core 6 'Divider' <Latency = 29> <II = 1> <Delay = 1.48> <FuncUnit> <Opcode : 'udiv' 'sdiv' 'urem' 'srem'> <InPorts = 2> <OutPorts = 1>
ST_31 : Operation 84 [1/1] (0.00ns)   --->   "%trunc_ln203 = trunc i16 %sdiv_ln203" [../cnn_gesture_hls.cpp:203->../cnn_gesture_hls.cpp:236]   --->   Operation 84 'trunc' 'trunc_ln203' <Predicate = true> <Delay = 0.00>
ST_31 : Operation 85 [1/1] (0.00ns)   --->   "%write_ln203 = write void @_ssdm_op_Write.ap_auto.i16P0A, i16 %output_4, i16 %trunc_ln203" [../cnn_gesture_hls.cpp:203->../cnn_gesture_hls.cpp:236]   --->   Operation 85 'write' 'write_ln203' <Predicate = (i_1 == 4)> <Delay = 0.00>
ST_31 : Operation 86 [1/1] (0.00ns)   --->   "%br_ln203 = br void %arrayidx32.i1.exit" [../cnn_gesture_hls.cpp:203->../cnn_gesture_hls.cpp:236]   --->   Operation 86 'br' 'br_ln203' <Predicate = (i_1 == 4)> <Delay = 0.00>
ST_31 : Operation 87 [1/1] (0.00ns)   --->   "%write_ln203 = write void @_ssdm_op_Write.ap_auto.i16P0A, i16 %output_3, i16 %trunc_ln203" [../cnn_gesture_hls.cpp:203->../cnn_gesture_hls.cpp:236]   --->   Operation 87 'write' 'write_ln203' <Predicate = (i_1 == 3)> <Delay = 0.00>
ST_31 : Operation 88 [1/1] (0.00ns)   --->   "%br_ln203 = br void %arrayidx32.i1.exit" [../cnn_gesture_hls.cpp:203->../cnn_gesture_hls.cpp:236]   --->   Operation 88 'br' 'br_ln203' <Predicate = (i_1 == 3)> <Delay = 0.00>
ST_31 : Operation 89 [1/1] (0.00ns)   --->   "%write_ln203 = write void @_ssdm_op_Write.ap_auto.i16P0A, i16 %output_2, i16 %trunc_ln203" [../cnn_gesture_hls.cpp:203->../cnn_gesture_hls.cpp:236]   --->   Operation 89 'write' 'write_ln203' <Predicate = (i_1 == 2)> <Delay = 0.00>
ST_31 : Operation 90 [1/1] (0.00ns)   --->   "%br_ln203 = br void %arrayidx32.i1.exit" [../cnn_gesture_hls.cpp:203->../cnn_gesture_hls.cpp:236]   --->   Operation 90 'br' 'br_ln203' <Predicate = (i_1 == 2)> <Delay = 0.00>
ST_31 : Operation 91 [1/1] (0.00ns)   --->   "%write_ln203 = write void @_ssdm_op_Write.ap_auto.i16P0A, i16 %output_1, i16 %trunc_ln203" [../cnn_gesture_hls.cpp:203->../cnn_gesture_hls.cpp:236]   --->   Operation 91 'write' 'write_ln203' <Predicate = (i_1 == 1)> <Delay = 0.00>
ST_31 : Operation 92 [1/1] (0.00ns)   --->   "%br_ln203 = br void %arrayidx32.i1.exit" [../cnn_gesture_hls.cpp:203->../cnn_gesture_hls.cpp:236]   --->   Operation 92 'br' 'br_ln203' <Predicate = (i_1 == 1)> <Delay = 0.00>
ST_31 : Operation 93 [1/1] (0.00ns)   --->   "%write_ln203 = write void @_ssdm_op_Write.ap_auto.i16P0A, i16 %output_0, i16 %trunc_ln203" [../cnn_gesture_hls.cpp:203->../cnn_gesture_hls.cpp:236]   --->   Operation 93 'write' 'write_ln203' <Predicate = (i_1 == 0)> <Delay = 0.00>
ST_31 : Operation 94 [1/1] (0.00ns)   --->   "%br_ln203 = br void %arrayidx32.i1.exit" [../cnn_gesture_hls.cpp:203->../cnn_gesture_hls.cpp:236]   --->   Operation 94 'br' 'br_ln203' <Predicate = (i_1 == 0)> <Delay = 0.00>
ST_31 : Operation 95 [1/1] (0.00ns)   --->   "%write_ln203 = write void @_ssdm_op_Write.ap_auto.i16P0A, i16 %output_5, i16 %trunc_ln203" [../cnn_gesture_hls.cpp:203->../cnn_gesture_hls.cpp:236]   --->   Operation 95 'write' 'write_ln203' <Predicate = (i_1 != 0 & i_1 != 1 & i_1 != 2 & i_1 != 3 & i_1 != 4)> <Delay = 0.00>
ST_31 : Operation 96 [1/1] (0.00ns)   --->   "%br_ln203 = br void %arrayidx32.i1.exit" [../cnn_gesture_hls.cpp:203->../cnn_gesture_hls.cpp:236]   --->   Operation 96 'br' 'br_ln203' <Predicate = (i_1 != 0 & i_1 != 1 & i_1 != 2 & i_1 != 3 & i_1 != 4)> <Delay = 0.00>


============================================================
+ Verbose Summary: Binding
============================================================
STG Binding: 
---------------- STG Properties BEGIN ----------------
- Is combinational: 0
- Is one-state seq: 0
- Is datapath-only: 0
- Is pipelined: 0
- Is top level: 0
Port [ Return ] is wired: 1; IO mode=ap_ctrl_hs:ce=0
Port [ output_0]:  wired=1; compound=0; hidden=0; nouse=0; global=0; static=0; extern=0; dir=1; type=0; pingpong=0; private_global=0; IO mode=ap_vld:ce=0
Port [ output_5]:  wired=1; compound=0; hidden=0; nouse=0; global=0; static=0; extern=0; dir=1; type=0; pingpong=0; private_global=0; IO mode=ap_vld:ce=0
Port [ output_4]:  wired=1; compound=0; hidden=0; nouse=0; global=0; static=0; extern=0; dir=1; type=0; pingpong=0; private_global=0; IO mode=ap_vld:ce=0
Port [ output_3]:  wired=1; compound=0; hidden=0; nouse=0; global=0; static=0; extern=0; dir=1; type=0; pingpong=0; private_global=0; IO mode=ap_vld:ce=0
Port [ output_2]:  wired=1; compound=0; hidden=0; nouse=0; global=0; static=0; extern=0; dir=1; type=0; pingpong=0; private_global=0; IO mode=ap_vld:ce=0
Port [ output_1]:  wired=1; compound=0; hidden=0; nouse=0; global=0; static=0; extern=0; dir=1; type=0; pingpong=0; private_global=0; IO mode=ap_vld:ce=0
Port [ exps]:  wired=1; compound=1; hidden=0; nouse=0; global=0; static=0; extern=0; dir=0; type=1; pingpong=0; private_global=0; MemPort=[13]; IO mode=ap_memory:ce=0
Port [ sext_ln202]:  wired=1; compound=0; hidden=0; nouse=0; global=0; static=0; extern=0; dir=0; type=0; pingpong=0; private_global=0; IO mode=ap_none:ce=0
---------------- STG Properties END ------------------

---------------- Datapath Model BEGIN ----------------

<LifeTime>
<method=bitvector/>
i                       (alloca           ) [ 01000000000000000000000000000000]
sext_ln202_read         (read             ) [ 00000000000000000000000000000000]
sext_ln202_cast         (sext             ) [ 01111111111111111111111111111111]
store_ln202             (store            ) [ 00000000000000000000000000000000]
br_ln0                  (br               ) [ 00000000000000000000000000000000]
i_1                     (load             ) [ 01111111111111111111111111111111]
icmp_ln202              (icmp             ) [ 01111111111111111111111111111110]
add_ln202               (add              ) [ 00000000000000000000000000000000]
br_ln202                (br               ) [ 00000000000000000000000000000000]
zext_ln202              (zext             ) [ 00000000000000000000000000000000]
exps_addr               (getelementptr    ) [ 01100000000000000000000000000000]
switch_ln203            (switch           ) [ 00000000000000000000000000000000]
store_ln202             (store            ) [ 00000000000000000000000000000000]
br_ln202                (br               ) [ 00000000000000000000000000000000]
exps_load               (load             ) [ 00000000000000000000000000000000]
shl_ln2                 (bitconcatenate   ) [ 01011111111111111111111111111111]
specpipeline_ln202      (specpipeline     ) [ 00000000000000000000000000000000]
speclooptripcount_ln202 (speclooptripcount) [ 00000000000000000000000000000000]
specloopname_ln202      (specloopname     ) [ 00000000000000000000000000000000]
sdiv_ln203              (sdiv             ) [ 00000000000000000000000000000000]
trunc_ln203             (trunc            ) [ 00000000000000000000000000000000]
write_ln203             (write            ) [ 00000000000000000000000000000000]
br_ln203                (br               ) [ 00000000000000000000000000000000]
write_ln203             (write            ) [ 00000000000000000000000000000000]
br_ln203                (br               ) [ 00000000000000000000000000000000]
write_ln203             (write            ) [ 00000000000000000000000000000000]
br_ln203                (br               ) [ 00000000000000000000000000000000]
write_ln203             (write            ) [ 00000000000000000000000000000000]
br_ln203                (br               ) [ 00000000000000000000000000000000]
write_ln203             (write            ) [ 00000000000000000000000000000000]
br_ln203                (br               ) [ 00000000000000000000000000000000]
write_ln203             (write            ) [ 00000000000000000000000000000000]
br_ln203                (br               ) [ 00000000000000000000000000000000]
ret_ln0                 (ret              ) [ 00000000000000000000000000000000]
</LifeTime>

<model>

<comp_list>
<comp id="0" class="1000" name="output_0">
<pin_list>
<pin id="1" dir="1" index="0" bw="1" slack="0"/>
</pin_list>
<bind>
<StgValue><ssdm name="output_0"/></StgValue>
</bind>
</comp>

<comp id="2" class="1000" name="output_5">
<pin_list>
<pin id="3" dir="1" index="0" bw="1" slack="0"/>
</pin_list>
<bind>
<StgValue><ssdm name="output_5"/></StgValue>
</bind>
</comp>

<comp id="4" class="1000" name="output_4">
<pin_list>
<pin id="5" dir="1" index="0" bw="1" slack="0"/>
</pin_list>
<bind>
<StgValue><ssdm name="output_4"/></StgValue>
</bind>
</comp>

<comp id="6" class="1000" name="output_3">
<pin_list>
<pin id="7" dir="1" index="0" bw="1" slack="0"/>
</pin_list>
<bind>
<StgValue><ssdm name="output_3"/></StgValue>
</bind>
</comp>

<comp id="8" class="1000" name="output_2">
<pin_list>
<pin id="9" dir="1" index="0" bw="1" slack="0"/>
</pin_list>
<bind>
<StgValue><ssdm name="output_2"/></StgValue>
</bind>
</comp>

<comp id="10" class="1000" name="output_1">
<pin_list>
<pin id="11" dir="1" index="0" bw="1" slack="0"/>
</pin_list>
<bind>
<StgValue><ssdm name="output_1"/></StgValue>
</bind>
</comp>

<comp id="12" class="1000" name="exps">
<pin_list>
<pin id="13" dir="1" index="0" bw="1" slack="0"/>
</pin_list>
<bind>
<StgValue><ssdm name="exps"/><MemPortTyVec>1 3 </MemPortTyVec>
</StgValue>
</bind>
</comp>

<comp id="14" class="1000" name="sext_ln202">
<pin_list>
<pin id="15" dir="1" index="0" bw="1" slack="0"/>
</pin_list>
<bind>
<StgValue><ssdm name="sext_ln202"/></StgValue>
</bind>
</comp>

<comp id="16" class="1001" name="const_16">
<pin_list>
<pin id="17" dir="1" index="0" bw="1" slack="0"/>
</pin_list>
<bind>
<StgValue><ssdm name=""/></StgValue>
</bind>
</comp>

<comp id="18" class="1001" name="const_18">
<pin_list>
<pin id="19" dir="1" index="0" bw="1" slack="0"/>
</pin_list>
<bind>
<StgValue><ssdm name="_ssdm_op_Read.ap_auto.i16"/></StgValue>
</bind>
</comp>

<comp id="20" class="1001" name="const_20">
<pin_list>
<pin id="21" dir="1" index="0" bw="1" slack="0"/>
</pin_list>
<bind>
<StgValue><ssdm name=""/></StgValue>
</bind>
</comp>

<comp id="22" class="1001" name="const_22">
<pin_list>
<pin id="23" dir="1" index="0" bw="1" slack="0"/>
</pin_list>
<bind>
<StgValue><ssdm name=""/></StgValue>
</bind>
</comp>

<comp id="24" class="1001" name="const_24">
<pin_list>
<pin id="25" dir="1" index="0" bw="1" slack="0"/>
</pin_list>
<bind>
<StgValue><ssdm name=""/></StgValue>
</bind>
</comp>

<comp id="26" class="1001" name="const_26">
<pin_list>
<pin id="27" dir="1" index="0" bw="1" slack="0"/>
</pin_list>
<bind>
<StgValue><ssdm name=""/></StgValue>
</bind>
</comp>

<comp id="28" class="1001" name="const_28">
<pin_list>
<pin id="29" dir="1" index="0" bw="1" slack="0"/>
</pin_list>
<bind>
<StgValue><ssdm name=""/></StgValue>
</bind>
</comp>

<comp id="30" class="1001" name="const_30">
<pin_list>
<pin id="31" dir="1" index="0" bw="1" slack="0"/>
</pin_list>
<bind>
<StgValue><ssdm name=""/></StgValue>
</bind>
</comp>

<comp id="32" class="1001" name="const_32">
<pin_list>
<pin id="33" dir="1" index="0" bw="1" slack="0"/>
</pin_list>
<bind>
<StgValue><ssdm name=""/></StgValue>
</bind>
</comp>

<comp id="34" class="1001" name="const_34">
<pin_list>
<pin id="35" dir="1" index="0" bw="1" slack="0"/>
</pin_list>
<bind>
<StgValue><ssdm name="_ssdm_op_BitConcatenate.i26.i16.i10"/></StgValue>
</bind>
</comp>

<comp id="36" class="1001" name="const_36">
<pin_list>
<pin id="37" dir="1" index="0" bw="1" slack="0"/>
</pin_list>
<bind>
<StgValue><ssdm name=""/></StgValue>
</bind>
</comp>

<comp id="38" class="1001" name="const_38">
<pin_list>
<pin id="39" dir="1" index="0" bw="1" slack="2147483647"/>
</pin_list>
<bind>
<StgValue><ssdm name="_ssdm_op_SpecPipeline"/></StgValue>
</bind>
</comp>

<comp id="40" class="1001" name="const_40">
<pin_list>
<pin id="41" dir="1" index="0" bw="1" slack="2147483647"/>
</pin_list>
<bind>
<StgValue><ssdm name=""/></StgValue>
</bind>
</comp>

<comp id="42" class="1001" name="const_42">
<pin_list>
<pin id="43" dir="1" index="0" bw="1" slack="2147483647"/>
</pin_list>
<bind>
<StgValue><ssdm name=""/></StgValue>
</bind>
</comp>

<comp id="44" class="1001" name="const_44">
<pin_list>
<pin id="45" dir="1" index="0" bw="1" slack="2147483647"/>
</pin_list>
<bind>
<StgValue><ssdm name="empty_10"/></StgValue>
</bind>
</comp>

<comp id="46" class="1001" name="const_46">
<pin_list>
<pin id="47" dir="1" index="0" bw="1" slack="2147483647"/>
</pin_list>
<bind>
<StgValue><ssdm name="_ssdm_op_SpecLoopTripCount"/></StgValue>
</bind>
</comp>

<comp id="48" class="1001" name="const_48">
<pin_list>
<pin id="49" dir="1" index="0" bw="1" slack="2147483647"/>
</pin_list>
<bind>
<StgValue><ssdm name=""/></StgValue>
</bind>
</comp>

<comp id="50" class="1001" name="const_50">
<pin_list>
<pin id="51" dir="1" index="0" bw="1" slack="2147483647"/>
</pin_list>
<bind>
<StgValue><ssdm name="_ssdm_op_SpecLoopName"/></StgValue>
</bind>
</comp>

<comp id="52" class="1001" name="const_52">
<pin_list>
<pin id="53" dir="1" index="0" bw="1" slack="2147483647"/>
</pin_list>
<bind>
<StgValue><ssdm name="empty"/></StgValue>
</bind>
</comp>

<comp id="54" class="1001" name="const_54">
<pin_list>
<pin id="55" dir="1" index="0" bw="1" slack="0"/>
</pin_list>
<bind>
<StgValue><ssdm name="_ssdm_op_Write.ap_auto.i16P0A"/></StgValue>
</bind>
</comp>

<comp id="56" class="1004" name="i_fu_56">
<pin_list>
<pin id="57" dir="0" index="0" bw="1" slack="0"/>
<pin id="58" dir="1" index="1" bw="3" slack="0"/>
</pin_list>
<bind>
<opcode="alloca(26) " fcode="alloca"/>
<opset="i/1 "/>
</bind>
</comp>

<comp id="60" class="1004" name="sext_ln202_read_read_fu_60">
<pin_list>
<pin id="61" dir="0" index="0" bw="16" slack="0"/>
<pin id="62" dir="0" index="1" bw="16" slack="0"/>
<pin id="63" dir="1" index="2" bw="16" slack="0"/>
</pin_list>
<bind>
<opcode="read(1150) " fcode="read"/>
<opset="sext_ln202_read/1 "/>
</bind>
</comp>

<comp id="66" class="1004" name="write_ln203_write_fu_66">
<pin_list>
<pin id="67" dir="0" index="0" bw="0" slack="0"/>
<pin id="68" dir="0" index="1" bw="16" slack="0"/>
<pin id="69" dir="0" index="2" bw="16" slack="0"/>
<pin id="70" dir="1" index="3" bw="0" slack="2147483647"/>
</pin_list>
<bind>
<opcode="write(1151) " fcode="write"/>
<opset="write_ln203/31 "/>
</bind>
</comp>

<comp id="73" class="1004" name="write_ln203_write_fu_73">
<pin_list>
<pin id="74" dir="0" index="0" bw="0" slack="0"/>
<pin id="75" dir="0" index="1" bw="16" slack="0"/>
<pin id="76" dir="0" index="2" bw="16" slack="0"/>
<pin id="77" dir="1" index="3" bw="0" slack="2147483647"/>
</pin_list>
<bind>
<opcode="write(1151) " fcode="write"/>
<opset="write_ln203/31 "/>
</bind>
</comp>

<comp id="80" class="1004" name="write_ln203_write_fu_80">
<pin_list>
<pin id="81" dir="0" index="0" bw="0" slack="0"/>
<pin id="82" dir="0" index="1" bw="16" slack="0"/>
<pin id="83" dir="0" index="2" bw="16" slack="0"/>
<pin id="84" dir="1" index="3" bw="0" slack="2147483647"/>
</pin_list>
<bind>
<opcode="write(1151) " fcode="write"/>
<opset="write_ln203/31 "/>
</bind>
</comp>

<comp id="87" class="1004" name="write_ln203_write_fu_87">
<pin_list>
<pin id="88" dir="0" index="0" bw="0" slack="0"/>
<pin id="89" dir="0" index="1" bw="16" slack="0"/>
<pin id="90" dir="0" index="2" bw="16" slack="0"/>
<pin id="91" dir="1" index="3" bw="0" slack="2147483647"/>
</pin_list>
<bind>
<opcode="write(1151) " fcode="write"/>
<opset="write_ln203/31 "/>
</bind>
</comp>

<comp id="94" class="1004" name="write_ln203_write_fu_94">
<pin_list>
<pin id="95" dir="0" index="0" bw="0" slack="0"/>
<pin id="96" dir="0" index="1" bw="16" slack="0"/>
<pin id="97" dir="0" index="2" bw="16" slack="0"/>
<pin id="98" dir="1" index="3" bw="0" slack="2147483647"/>
</pin_list>
<bind>
<opcode="write(1151) " fcode="write"/>
<opset="write_ln203/31 "/>
</bind>
</comp>

<comp id="101" class="1004" name="write_ln203_write_fu_101">
<pin_list>
<pin id="102" dir="0" index="0" bw="0" slack="0"/>
<pin id="103" dir="0" index="1" bw="16" slack="0"/>
<pin id="104" dir="0" index="2" bw="16" slack="0"/>
<pin id="105" dir="1" index="3" bw="0" slack="2147483647"/>
</pin_list>
<bind>
<opcode="write(1151) " fcode="write"/>
<opset="write_ln203/31 "/>
</bind>
</comp>

<comp id="108" class="1004" name="exps_addr_gep_fu_108">
<pin_list>
<pin id="109" dir="0" index="0" bw="16" slack="0"/>
<pin id="110" dir="0" index="1" bw="1" slack="0"/>
<pin id="111" dir="0" index="2" bw="3" slack="0"/>
<pin id="112" dir="1" index="3" bw="3" slack="0"/>
</pin_list>
<bind>
<opcode="getelementptr(29) " fcode="getelementptr"/>
<opset="exps_addr/1 "/>
</bind>
</comp>

<comp id="115" class="1004" name="grp_access_fu_115">
<pin_list>
<pin id="116" dir="0" index="0" bw="3" slack="0"/>
<pin id="117" dir="0" index="1" bw="16" slack="2147483647"/>
<pin id="118" dir="0" index="2" bw="0" slack="2147483647"/>
<pin id="119" dir="1" index="3" bw="16" slack="0"/>
</pin_list>
<bind>
<opcode="load(27) " fcode="load"/>
<opset="exps_load/1 "/>
</bind>
</comp>

<comp id="121" class="1004" name="sext_ln202_cast_fu_121">
<pin_list>
<pin id="122" dir="0" index="0" bw="16" slack="0"/>
<pin id="123" dir="1" index="1" bw="26" slack="1"/>
</pin_list>
<bind>
<opcode="sext(35) " fcode="sext"/>
<opset="sext_ln202_cast/1 "/>
</bind>
</comp>

<comp id="125" class="1004" name="store_ln202_store_fu_125">
<pin_list>
<pin id="126" dir="0" index="0" bw="1" slack="0"/>
<pin id="127" dir="0" index="1" bw="3" slack="0"/>
<pin id="128" dir="1" index="2" bw="0" slack="2147483647"/>
</pin_list>
<bind>
<opcode="store(28) " fcode="store"/>
<opset="store_ln202/1 "/>
</bind>
</comp>

<comp id="130" class="1004" name="i_1_load_fu_130">
<pin_list>
<pin id="131" dir="0" index="0" bw="3" slack="0"/>
<pin id="132" dir="1" index="1" bw="3" slack="0"/>
</pin_list>
<bind>
<opcode="load(27) " fcode="load"/>
<opset="i_1/1 "/>
</bind>
</comp>

<comp id="133" class="1004" name="icmp_ln202_fu_133">
<pin_list>
<pin id="134" dir="0" index="0" bw="3" slack="0"/>
<pin id="135" dir="0" index="1" bw="3" slack="0"/>
<pin id="136" dir="1" index="2" bw="1" slack="29"/>
</pin_list>
<bind>
<opcode="icmp(45) " fcode="icmp"/>
<opset="icmp_ln202/1 "/>
</bind>
</comp>

<comp id="139" class="1004" name="add_ln202_fu_139">
<pin_list>
<pin id="140" dir="0" index="0" bw="3" slack="0"/>
<pin id="141" dir="0" index="1" bw="1" slack="0"/>
<pin id="142" dir="1" index="2" bw="3" slack="0"/>
</pin_list>
<bind>
<opcode="add(8) " fcode="add"/>
<opset="add_ln202/1 "/>
</bind>
</comp>

<comp id="145" class="1004" name="zext_ln202_fu_145">
<pin_list>
<pin id="146" dir="0" index="0" bw="3" slack="0"/>
<pin id="147" dir="1" index="1" bw="64" slack="0"/>
</pin_list>
<bind>
<opcode="zext(34) " fcode="zext"/>
<opset="zext_ln202/1 "/>
</bind>
</comp>

<comp id="150" class="1004" name="switch_ln203_fu_150">
<pin_list>
<pin id="151" dir="0" index="0" bw="3" slack="0"/>
<pin id="152" dir="0" index="1" bw="1" slack="0"/>
<pin id="153" dir="0" index="2" bw="1" slack="0"/>
<pin id="154" dir="0" index="3" bw="3" slack="0"/>
<pin id="155" dir="0" index="4" bw="3" slack="0"/>
<pin id="156" dir="0" index="5" bw="3" slack="0"/>
<pin id="157" dir="1" index="6" bw="0" slack="2147483647"/>
</pin_list>
<bind>
<opcode="switch(3) " fcode="switch"/>
<opset="switch_ln203/1 "/>
</bind>
</comp>

<comp id="164" class="1004" name="store_ln202_store_fu_164">
<pin_list>
<pin id="165" dir="0" index="0" bw="3" slack="0"/>
<pin id="166" dir="0" index="1" bw="3" slack="0"/>
<pin id="167" dir="1" index="2" bw="0" slack="2147483647"/>
</pin_list>
<bind>
<opcode="store(28) " fcode="store"/>
<opset="store_ln202/1 "/>
</bind>
</comp>

<comp id="169" class="1004" name="shl_ln2_fu_169">
<pin_list>
<pin id="170" dir="0" index="0" bw="26" slack="0"/>
<pin id="171" dir="0" index="1" bw="16" slack="0"/>
<pin id="172" dir="0" index="2" bw="1" slack="0"/>
<pin id="173" dir="1" index="3" bw="26" slack="0"/>
</pin_list>
<bind>
<opcode="bitconcatenate(1004) " fcode="bitconcatenate"/>
<opset="shl_ln2/2 "/>
</bind>
</comp>

<comp id="177" class="1004" name="grp_fu_177">
<pin_list>
<pin id="178" dir="0" index="0" bw="26" slack="0"/>
<pin id="179" dir="0" index="1" bw="16" slack="1"/>
<pin id="180" dir="1" index="2" bw="16" slack="0"/>
</pin_list>
<bind>
<opcode="sdiv(15) " fcode="sdiv"/>
<opset="sdiv_ln203/2 "/>
</bind>
</comp>

<comp id="182" class="1004" name="trunc_ln203_fu_182">
<pin_list>
<pin id="183" dir="0" index="0" bw="16" slack="0"/>
<pin id="184" dir="1" index="1" bw="16" slack="0"/>
</pin_list>
<bind>
<opcode="trunc(33) " fcode="trunc"/>
<opset="trunc_ln203/31 "/>
</bind>
</comp>

<comp id="192" class="1005" name="i_reg_192">
<pin_list>
<pin id="193" dir="0" index="0" bw="3" slack="0"/>
<pin id="194" dir="1" index="1" bw="3" slack="0"/>
</pin_list>
<bind>
<opset="i "/>
</bind>
</comp>

<comp id="199" class="1005" name="sext_ln202_cast_reg_199">
<pin_list>
<pin id="200" dir="0" index="0" bw="26" slack="1"/>
<pin id="201" dir="1" index="1" bw="26" slack="1"/>
</pin_list>
<bind>
<opset="sext_ln202_cast "/>
</bind>
</comp>

<comp id="204" class="1005" name="i_1_reg_204">
<pin_list>
<pin id="205" dir="0" index="0" bw="3" slack="30"/>
<pin id="206" dir="1" index="1" bw="3" slack="2147483647"/>
</pin_list>
<bind>
<opset="i_1 "/>
</bind>
</comp>

<comp id="208" class="1005" name="icmp_ln202_reg_208">
<pin_list>
<pin id="209" dir="0" index="0" bw="1" slack="29"/>
<pin id="210" dir="1" index="1" bw="1" slack="2147483647"/>
</pin_list>
<bind>
<opset="icmp_ln202 "/>
</bind>
</comp>

<comp id="212" class="1005" name="exps_addr_reg_212">
<pin_list>
<pin id="213" dir="0" index="0" bw="3" slack="1"/>
<pin id="214" dir="1" index="1" bw="3" slack="1"/>
</pin_list>
<bind>
<opset="exps_addr "/>
</bind>
</comp>

<comp id="217" class="1005" name="shl_ln2_reg_217">
<pin_list>
<pin id="218" dir="0" index="0" bw="26" slack="1"/>
<pin id="219" dir="1" index="1" bw="26" slack="1"/>
</pin_list>
<bind>
<opset="shl_ln2 "/>
</bind>
</comp>

</comp_list>

<net_list>
<net id="59"><net_src comp="16" pin="0"/><net_sink comp="56" pin=0"/></net>

<net id="64"><net_src comp="18" pin="0"/><net_sink comp="60" pin=0"/></net>

<net id="65"><net_src comp="14" pin="0"/><net_sink comp="60" pin=1"/></net>

<net id="71"><net_src comp="54" pin="0"/><net_sink comp="66" pin=0"/></net>

<net id="72"><net_src comp="4" pin="0"/><net_sink comp="66" pin=1"/></net>

<net id="78"><net_src comp="54" pin="0"/><net_sink comp="73" pin=0"/></net>

<net id="79"><net_src comp="6" pin="0"/><net_sink comp="73" pin=1"/></net>

<net id="85"><net_src comp="54" pin="0"/><net_sink comp="80" pin=0"/></net>

<net id="86"><net_src comp="8" pin="0"/><net_sink comp="80" pin=1"/></net>

<net id="92"><net_src comp="54" pin="0"/><net_sink comp="87" pin=0"/></net>

<net id="93"><net_src comp="10" pin="0"/><net_sink comp="87" pin=1"/></net>

<net id="99"><net_src comp="54" pin="0"/><net_sink comp="94" pin=0"/></net>

<net id="100"><net_src comp="0" pin="0"/><net_sink comp="94" pin=1"/></net>

<net id="106"><net_src comp="54" pin="0"/><net_sink comp="101" pin=0"/></net>

<net id="107"><net_src comp="2" pin="0"/><net_sink comp="101" pin=1"/></net>

<net id="113"><net_src comp="12" pin="0"/><net_sink comp="108" pin=0"/></net>

<net id="114"><net_src comp="26" pin="0"/><net_sink comp="108" pin=1"/></net>

<net id="120"><net_src comp="108" pin="3"/><net_sink comp="115" pin=0"/></net>

<net id="124"><net_src comp="60" pin="2"/><net_sink comp="121" pin=0"/></net>

<net id="129"><net_src comp="20" pin="0"/><net_sink comp="125" pin=0"/></net>

<net id="137"><net_src comp="130" pin="1"/><net_sink comp="133" pin=0"/></net>

<net id="138"><net_src comp="22" pin="0"/><net_sink comp="133" pin=1"/></net>

<net id="143"><net_src comp="130" pin="1"/><net_sink comp="139" pin=0"/></net>

<net id="144"><net_src comp="24" pin="0"/><net_sink comp="139" pin=1"/></net>

<net id="148"><net_src comp="130" pin="1"/><net_sink comp="145" pin=0"/></net>

<net id="149"><net_src comp="145" pin="1"/><net_sink comp="108" pin=2"/></net>

<net id="158"><net_src comp="130" pin="1"/><net_sink comp="150" pin=0"/></net>

<net id="159"><net_src comp="20" pin="0"/><net_sink comp="150" pin=1"/></net>

<net id="160"><net_src comp="24" pin="0"/><net_sink comp="150" pin=2"/></net>

<net id="161"><net_src comp="28" pin="0"/><net_sink comp="150" pin=3"/></net>

<net id="162"><net_src comp="30" pin="0"/><net_sink comp="150" pin=4"/></net>

<net id="163"><net_src comp="32" pin="0"/><net_sink comp="150" pin=5"/></net>

<net id="168"><net_src comp="139" pin="2"/><net_sink comp="164" pin=0"/></net>

<net id="174"><net_src comp="34" pin="0"/><net_sink comp="169" pin=0"/></net>

<net id="175"><net_src comp="115" pin="3"/><net_sink comp="169" pin=1"/></net>

<net id="176"><net_src comp="36" pin="0"/><net_sink comp="169" pin=2"/></net>

<net id="181"><net_src comp="169" pin="3"/><net_sink comp="177" pin=0"/></net>

<net id="185"><net_src comp="177" pin="2"/><net_sink comp="182" pin=0"/></net>

<net id="186"><net_src comp="182" pin="1"/><net_sink comp="66" pin=2"/></net>

<net id="187"><net_src comp="182" pin="1"/><net_sink comp="73" pin=2"/></net>

<net id="188"><net_src comp="182" pin="1"/><net_sink comp="80" pin=2"/></net>

<net id="189"><net_src comp="182" pin="1"/><net_sink comp="87" pin=2"/></net>

<net id="190"><net_src comp="182" pin="1"/><net_sink comp="94" pin=2"/></net>

<net id="191"><net_src comp="182" pin="1"/><net_sink comp="101" pin=2"/></net>

<net id="195"><net_src comp="56" pin="1"/><net_sink comp="192" pin=0"/></net>

<net id="196"><net_src comp="192" pin="1"/><net_sink comp="125" pin=1"/></net>

<net id="197"><net_src comp="192" pin="1"/><net_sink comp="130" pin=0"/></net>

<net id="198"><net_src comp="192" pin="1"/><net_sink comp="164" pin=1"/></net>

<net id="202"><net_src comp="121" pin="1"/><net_sink comp="199" pin=0"/></net>

<net id="203"><net_src comp="199" pin="1"/><net_sink comp="177" pin=1"/></net>

<net id="207"><net_src comp="130" pin="1"/><net_sink comp="204" pin=0"/></net>

<net id="211"><net_src comp="133" pin="2"/><net_sink comp="208" pin=0"/></net>

<net id="215"><net_src comp="108" pin="3"/><net_sink comp="212" pin=0"/></net>

<net id="216"><net_src comp="212" pin="1"/><net_sink comp="115" pin=0"/></net>

<net id="220"><net_src comp="169" pin="3"/><net_sink comp="217" pin=0"/></net>

<net id="221"><net_src comp="217" pin="1"/><net_sink comp="177" pin=0"/></net>

</net_list>

</model> 
---------------- Datapath Model END ------------------

* FSMD analyzer results:
  - Output states:
	Port: output_0 | {31 }
	Port: output_5 | {31 }
	Port: output_4 | {31 }
	Port: output_3 | {31 }
	Port: output_2 | {31 }
	Port: output_1 | {31 }
 - Input state : 
	Port: cnn_gesture_top_Pipeline_VITIS_LOOP_202_3 : output_0 | {}
	Port: cnn_gesture_top_Pipeline_VITIS_LOOP_202_3 : output_5 | {}
	Port: cnn_gesture_top_Pipeline_VITIS_LOOP_202_3 : output_4 | {}
	Port: cnn_gesture_top_Pipeline_VITIS_LOOP_202_3 : output_3 | {}
	Port: cnn_gesture_top_Pipeline_VITIS_LOOP_202_3 : output_2 | {}
	Port: cnn_gesture_top_Pipeline_VITIS_LOOP_202_3 : output_1 | {}
	Port: cnn_gesture_top_Pipeline_VITIS_LOOP_202_3 : exps | {1 2 }
	Port: cnn_gesture_top_Pipeline_VITIS_LOOP_202_3 : sext_ln202 | {1 }
  - Chain level:
	State 1
		store_ln202 : 1
		i_1 : 1
		icmp_ln202 : 2
		add_ln202 : 2
		br_ln202 : 3
		zext_ln202 : 2
		exps_addr : 3
		exps_load : 4
		switch_ln203 : 2
		store_ln202 : 3
	State 2
		shl_ln2 : 1
		sdiv_ln203 : 2
	State 3
	State 4
	State 5
	State 6
	State 7
	State 8
	State 9
	State 10
	State 11
	State 12
	State 13
	State 14
	State 15
	State 16
	State 17
	State 18
	State 19
	State 20
	State 21
	State 22
	State 23
	State 24
	State 25
	State 26
	State 27
	State 28
	State 29
	State 30
	State 31
		trunc_ln203 : 1
		write_ln203 : 2
		write_ln203 : 2
		write_ln203 : 2
		write_ln203 : 2
		write_ln203 : 2
		write_ln203 : 2


============================================================
+ Verbose Summary: Datapath Resource usage 
============================================================

* Functional unit list:
|----------|----------------------------|---------|---------|
| Operation|       Functional Unit      |    FF   |   LUT   |
|----------|----------------------------|---------|---------|
|   sdiv   |         grp_fu_177         |   1665  |   1257  |
|----------|----------------------------|---------|---------|
|   icmp   |      icmp_ln202_fu_133     |    0    |    10   |
|----------|----------------------------|---------|---------|
|    add   |      add_ln202_fu_139      |    0    |    10   |
|----------|----------------------------|---------|---------|
|   read   | sext_ln202_read_read_fu_60 |    0    |    0    |
|----------|----------------------------|---------|---------|
|          |   write_ln203_write_fu_66  |    0    |    0    |
|          |   write_ln203_write_fu_73  |    0    |    0    |
|   write  |   write_ln203_write_fu_80  |    0    |    0    |
|          |   write_ln203_write_fu_87  |    0    |    0    |
|          |   write_ln203_write_fu_94  |    0    |    0    |
|          |  write_ln203_write_fu_101  |    0    |    0    |
|----------|----------------------------|---------|---------|
|   sext   |   sext_ln202_cast_fu_121   |    0    |    0    |
|----------|----------------------------|---------|---------|
|   zext   |      zext_ln202_fu_145     |    0    |    0    |
|----------|----------------------------|---------|---------|
|  switch  |     switch_ln203_fu_150    |    0    |    0    |
|----------|----------------------------|---------|---------|
|bitconcatenate|       shl_ln2_fu_169       |    0    |    0    |
|----------|----------------------------|---------|---------|
|   trunc  |     trunc_ln203_fu_182     |    0    |    0    |
|----------|----------------------------|---------|---------|
|   Total  |                            |   1665  |   1277  |
|----------|----------------------------|---------|---------|

Memories:
N/A

* Register list:
+-----------------------+--------+
|                       |   FF   |
+-----------------------+--------+
|   exps_addr_reg_212   |    3   |
|      i_1_reg_204      |    3   |
|       i_reg_192       |    3   |
|   icmp_ln202_reg_208  |    1   |
|sext_ln202_cast_reg_199|   26   |
|    shl_ln2_reg_217    |   26   |
+-----------------------+--------+
|         Total         |   62   |
+-----------------------+--------+

* Multiplexer (MUX) list: 
|-------------------|------|------|------|--------||---------||---------||---------|
|        Comp       |  Pin | Size |  BW  | S x BW ||  Delay  ||    FF   ||   LUT   |
|-------------------|------|------|------|--------||---------||---------||---------|
| grp_access_fu_115 |  p0  |   2  |   3  |    6   ||    0    ||    9    |
|     grp_fu_177    |  p0  |   2  |  26  |   52   ||    0    ||    9    |
|-------------------|------|------|------|--------||---------||---------||---------|
|       Total       |      |      |      |   58   ||  0.854  ||    0    ||    18   |
|-------------------|------|------|------|--------||---------||---------||---------|



* Summary:
+-----------+--------+--------+--------+
|           |  Delay |   FF   |   LUT  |
+-----------+--------+--------+--------+
|  Function |    -   |  1665  |  1277  |
|   Memory  |    -   |    -   |    -   |
|Multiplexer|    0   |    0   |   18   |
|  Register |    -   |   62   |    -   |
+-----------+--------+--------+--------+
|   Total   |    0   |  1727  |  1295  |
+-----------+--------+--------+--------+
