C:\Users\Jonathan\Desktop\capstone\ai\vitis_hls\hls_component\cnn_gesture_top\hls\.autopilot\db\cnn_gesture_hls.pp.0.cpp:2256:5: remark: Added loop label VITIS_LOOP_676_1:   [xilinx-label-all-loops]
    for (unsigned i = low; i != high+1; ++i) {
    ^
    VITIS_LOOP_676_1: 
C:\Users\Jonathan\Desktop\capstone\ai\vitis_hls\hls_component\cnn_gesture_top\hls\.autopilot\db\cnn_gesture_hls.pp.0.cpp:2256:5: note: FIX-IT applied suggested code changes
C:\Users\Jonathan\Desktop\capstone\ai\vitis_hls\hls_component\cnn_gesture_top\hls\.autopilot\db\cnn_gesture_hls.pp.0.cpp:2270:5: remark: Added loop label VITIS_LOOP_690_1:   [xilinx-label-all-loops]
    for (unsigned i = low; i != high+1; ++i) {
    ^
    VITIS_LOOP_690_1: 
C:\Users\Jonathan\Desktop\capstone\ai\vitis_hls\hls_component\cnn_gesture_top\hls\.autopilot\db\cnn_gesture_hls.pp.0.cpp:2270:5: note: FIX-IT applied suggested code changes
C:\Users\Jonathan\Desktop\capstone\ai\vitis_hls\hls_component\cnn_gesture_top\hls\.autopilot\db\cnn_gesture_hls.pp.0.cpp:2284:5: remark: Added loop label VITIS_LOOP_704_1:   [xilinx-label-all-loops]
    for (unsigned i = low; i != high+1; ++i) {
    ^
    VITIS_LOOP_704_1: 
C:\Users\Jonathan\Desktop\capstone\ai\vitis_hls\hls_component\cnn_gesture_top\hls\.autopilot\db\cnn_gesture_hls.pp.0.cpp:2284:5: note: FIX-IT applied suggested code changes
C:\Users\Jonathan\Desktop\capstone\ai\vitis_hls\hls_component\cnn_gesture_top\hls\.autopilot\db\cnn_gesture_hls.pp.0.cpp:5804:7: remark: Added loop label VITIS_LOOP_1251_1:   [xilinx-label-all-loops]
      for (i = 0; i < __N - 1; ++i) {
      ^
      VITIS_LOOP_1251_1: 
C:\Users\Jonathan\Desktop\capstone\ai\vitis_hls\hls_component\cnn_gesture_top\hls\.autopilot\db\cnn_gesture_hls.pp.0.cpp:5804:7: note: FIX-IT applied suggested code changes
C:\Users\Jonathan\Desktop\capstone\ai\vitis_hls\hls_component\cnn_gesture_top\hls\.autopilot\db\cnn_gesture_hls.pp.0.cpp:52367:5: remark: Added loop label VITIS_LOOP_61_1:   [xilinx-label-all-loops]
    for (int n=0; n<Nmax; n++){
    ^
    VITIS_LOOP_61_1: 
C:\Users\Jonathan\Desktop\capstone\ai\vitis_hls\hls_component\cnn_gesture_top\hls\.autopilot\db\cnn_gesture_hls.pp.0.cpp:52367:5: note: FIX-IT applied suggested code changes
C:\Users\Jonathan\Desktop\capstone\ai\vitis_hls\hls_component\cnn_gesture_top\hls\.autopilot\db\cnn_gesture_hls.pp.0.cpp:52413:5: remark: Added loop label VITIS_LOOP_117_1:   [xilinx-label-all-loops]
    for (int n=0; n<Nmax; n++){
    ^
    VITIS_LOOP_117_1: 
C:\Users\Jonathan\Desktop\capstone\ai\vitis_hls\hls_component\cnn_gesture_top\hls\.autopilot\db\cnn_gesture_hls.pp.0.cpp:52413:5: note: FIX-IT applied suggested code changes
C:\Users\Jonathan\Desktop\capstone\ai\vitis_hls\hls_component\cnn_gesture_top\hls\.autopilot\db\cnn_gesture_hls.pp.0.cpp:52576:9: remark: Added loop label VITIS_LOOP_289_1:   [xilinx-label-all-loops]
        for(int i=0;i<W-1;i++){
        ^
        VITIS_LOOP_289_1: 
C:\Users\Jonathan\Desktop\capstone\ai\vitis_hls\hls_component\cnn_gesture_top\hls\.autopilot\db\cnn_gesture_hls.pp.0.cpp:52576:9: note: FIX-IT applied suggested code changes
C:\Users\Jonathan\Desktop\capstone\ai\vitis_hls\hls_component\cnn_gesture_top\hls\.autopilot\db\cnn_gesture_hls.pp.0.cpp:52728:9: remark: Added loop label VITIS_LOOP_449_1:   [xilinx-label-all-loops]
        for(int i=0;i<W-1;i++){
        ^
        VITIS_LOOP_449_1: 
C:\Users\Jonathan\Desktop\capstone\ai\vitis_hls\hls_component\cnn_gesture_top\hls\.autopilot\db\cnn_gesture_hls.pp.0.cpp:52728:9: note: FIX-IT applied suggested code changes
C:\Users\Jonathan\Desktop\capstone\ai\vitis_hls\hls_component\cnn_gesture_top\hls\.autopilot\db\cnn_gesture_hls.pp.0.cpp:52908:5: remark: Added loop label VITIS_LOOP_629_1:   [xilinx-label-all-loops]
    for(int i=0;i<W+1;i++){
    ^
    VITIS_LOOP_629_1: 
C:\Users\Jonathan\Desktop\capstone\ai\vitis_hls\hls_component\cnn_gesture_top\hls\.autopilot\db\cnn_gesture_hls.pp.0.cpp:52908:5: note: FIX-IT applied suggested code changes
C:\Users\Jonathan\Desktop\capstone\ai\vitis_hls\hls_component\cnn_gesture_top\hls\.autopilot\db\cnn_gesture_hls.pp.0.cpp:52912:5: remark: Added loop label VITIS_LOOP_633_2:   [xilinx-label-all-loops]
    for(int i=0;i<W+1;i++){
    ^
    VITIS_LOOP_633_2: 
C:\Users\Jonathan\Desktop\capstone\ai\vitis_hls\hls_component\cnn_gesture_top\hls\.autopilot\db\cnn_gesture_hls.pp.0.cpp:52912:5: note: FIX-IT applied suggested code changes
C:\Users\Jonathan\Desktop\capstone\ai\vitis_hls\hls_component\cnn_gesture_top\hls\.autopilot\db\cnn_gesture_hls.pp.0.cpp:53022:5: remark: Added loop label VITIS_LOOP_743_1:   [xilinx-label-all-loops]
    for (int n=0; n<Nmax; n++){
    ^
    VITIS_LOOP_743_1: 
C:\Users\Jonathan\Desktop\capstone\ai\vitis_hls\hls_component\cnn_gesture_top\hls\.autopilot\db\cnn_gesture_hls.pp.0.cpp:53022:5: note: FIX-IT applied suggested code changes
C:\Users\Jonathan\Desktop\capstone\ai\vitis_hls\hls_component\cnn_gesture_top\hls\.autopilot\db\cnn_gesture_hls.pp.0.cpp:53112:7: remark: Added loop label VITIS_LOOP_840_1:   [xilinx-label-all-loops]
      for(int i=0;i<W-1;i++){
      ^
      VITIS_LOOP_840_1: 
C:\Users\Jonathan\Desktop\capstone\ai\vitis_hls\hls_component\cnn_gesture_top\hls\.autopilot\db\cnn_gesture_hls.pp.0.cpp:53112:7: note: FIX-IT applied suggested code changes
C:\Users\Jonathan\Desktop\capstone\ai\vitis_hls\hls_component\cnn_gesture_top\hls\.autopilot\db\cnn_gesture_hls.pp.0.cpp:53131:7: remark: Added loop label VITIS_LOOP_859_2:   [xilinx-label-all-loops]
      for(int i=0;i<W-1;i++){
      ^
      VITIS_LOOP_859_2: 
C:\Users\Jonathan\Desktop\capstone\ai\vitis_hls\hls_component\cnn_gesture_top\hls\.autopilot\db\cnn_gesture_hls.pp.0.cpp:53131:7: note: FIX-IT applied suggested code changes
C:\Users\Jonathan\Desktop\capstone\ai\vitis_hls\hls_component\cnn_gesture_top\hls\.autopilot\db\cnn_gesture_hls.pp.0.cpp:53424:5: remark: Added loop label VITIS_LOOP_1176_1:   [xilinx-label-all-loops]
    for(int i=0; i<Nmax; i++) {
    ^
    VITIS_LOOP_1176_1: 
C:\Users\Jonathan\Desktop\capstone\ai\vitis_hls\hls_component\cnn_gesture_top\hls\.autopilot\db\cnn_gesture_hls.pp.0.cpp:53424:5: note: FIX-IT applied suggested code changes
C:\Users\Jonathan\Desktop\capstone\ai\vitis_hls\hls_component\cnn_gesture_top\hls\.autopilot\db\cnn_gesture_hls.pp.0.cpp:53507:5: remark: Added loop label VITIS_LOOP_1259_1:   [xilinx-label-all-loops]
    for(int i=0; i<Nmax; i++) {
    ^
    VITIS_LOOP_1259_1: 
C:\Users\Jonathan\Desktop\capstone\ai\vitis_hls\hls_component\cnn_gesture_top\hls\.autopilot\db\cnn_gesture_hls.pp.0.cpp:53507:5: note: FIX-IT applied suggested code changes
C:\Users\Jonathan\Desktop\capstone\ai\vitis_hls\hls_component\cnn_gesture_top\hls\.autopilot\db\cnn_gesture_hls.pp.0.cpp:53913:13: remark: Added loop label VITIS_LOOP_68_1:   [xilinx-label-all-loops]
            for (int j = 3; j >= I_+1; j--) {
            ^
            VITIS_LOOP_68_1: 
C:\Users\Jonathan\Desktop\capstone\ai\vitis_hls\hls_component\cnn_gesture_top\hls\.autopilot\db\cnn_gesture_hls.pp.0.cpp:53913:13: note: FIX-IT applied suggested code changes
C:\Users\Jonathan\Desktop\capstone\ai\vitis_hls\hls_component\cnn_gesture_top\hls\.autopilot\db\cnn_gesture_hls.pp.0.cpp:53919:17: remark: Added loop label VITIS_LOOP_74_2:   [xilinx-label-all-loops]
                for (int j = 3; j >= I_+1; j--){
                ^
                VITIS_LOOP_74_2: 
C:\Users\Jonathan\Desktop\capstone\ai\vitis_hls\hls_component\cnn_gesture_top\hls\.autopilot\db\cnn_gesture_hls.pp.0.cpp:53919:17: note: FIX-IT applied suggested code changes
C:\Users\Jonathan\Desktop\capstone\ai\vitis_hls\hls_component\cnn_gesture_top\hls\.autopilot\db\cnn_gesture_hls.pp.0.cpp:53923:17: remark: Added loop label VITIS_LOOP_78_3:   [xilinx-label-all-loops]
                for (int j = I_; j >= 0; j--){
                ^
                VITIS_LOOP_78_3: 
C:\Users\Jonathan\Desktop\capstone\ai\vitis_hls\hls_component\cnn_gesture_top\hls\.autopilot\db\cnn_gesture_hls.pp.0.cpp:53923:17: note: FIX-IT applied suggested code changes
C:\Users\Jonathan\Desktop\capstone\ai\vitis_hls\hls_component\cnn_gesture_top\hls\.autopilot\db\cnn_gesture_hls.pp.0.cpp:53970:13: remark: Added loop label VITIS_LOOP_145_4:   [xilinx-label-all-loops]
            for (int j = 9; j >= I_+4; j--) {
            ^
            VITIS_LOOP_145_4: 
C:\Users\Jonathan\Desktop\capstone\ai\vitis_hls\hls_component\cnn_gesture_top\hls\.autopilot\db\cnn_gesture_hls.pp.0.cpp:53970:13: note: FIX-IT applied suggested code changes
C:\Users\Jonathan\Desktop\capstone\ai\vitis_hls\hls_component\cnn_gesture_top\hls\.autopilot\db\cnn_gesture_hls.pp.0.cpp:53976:17: remark: Added loop label VITIS_LOOP_151_5:   [xilinx-label-all-loops]
                for (int j = 9; j >= I_+4; j--){
                ^
                VITIS_LOOP_151_5: 
C:\Users\Jonathan\Desktop\capstone\ai\vitis_hls\hls_component\cnn_gesture_top\hls\.autopilot\db\cnn_gesture_hls.pp.0.cpp:53976:17: note: FIX-IT applied suggested code changes
C:\Users\Jonathan\Desktop\capstone\ai\vitis_hls\hls_component\cnn_gesture_top\hls\.autopilot\db\cnn_gesture_hls.pp.0.cpp:53980:17: remark: Added loop label VITIS_LOOP_155_6:   [xilinx-label-all-loops]
                for (int j = I_+3; j >= 0; j--){
                ^
                VITIS_LOOP_155_6: 
C:\Users\Jonathan\Desktop\capstone\ai\vitis_hls\hls_component\cnn_gesture_top\hls\.autopilot\db\cnn_gesture_hls.pp.0.cpp:53980:17: note: FIX-IT applied suggested code changes
C:\Users\Jonathan\Desktop\capstone\ai\vitis_hls\hls_component\cnn_gesture_top\hls\.autopilot\db\cnn_gesture_hls.pp.0.cpp:53995:9: remark: Added loop label VITIS_LOOP_170_7:   [xilinx-label-all-loops]
        for (int j = 14; j < 22; j++){
        ^
        VITIS_LOOP_170_7: 
C:\Users\Jonathan\Desktop\capstone\ai\vitis_hls\hls_component\cnn_gesture_top\hls\.autopilot\db\cnn_gesture_hls.pp.0.cpp:53995:9: note: FIX-IT applied suggested code changes
C:\Users\Jonathan\Desktop\capstone\ai\vitis_hls\hls_component\cnn_gesture_top\hls\.autopilot\db\cnn_gesture_hls.pp.0.cpp:54003:17: remark: Added loop label VITIS_LOOP_178_8:   [xilinx-label-all-loops]
                for (int j = 0; j < 22; j++){
                ^
                VITIS_LOOP_178_8: 
C:\Users\Jonathan\Desktop\capstone\ai\vitis_hls\hls_component\cnn_gesture_top\hls\.autopilot\db\cnn_gesture_hls.pp.0.cpp:54003:17: note: FIX-IT applied suggested code changes
C:\Users\Jonathan\Desktop\capstone\ai\vitis_hls\hls_component\cnn_gesture_top\hls\.autopilot\db\cnn_gesture_hls.pp.0.cpp:54068:13: remark: Added loop label VITIS_LOOP_243_9:   [xilinx-label-all-loops]
            for (int j = 21; j >= I_+10; j--) {
            ^
            VITIS_LOOP_243_9: 
C:\Users\Jonathan\Desktop\capstone\ai\vitis_hls\hls_component\cnn_gesture_top\hls\.autopilot\db\cnn_gesture_hls.pp.0.cpp:54068:13: note: FIX-IT applied suggested code changes
C:\Users\Jonathan\Desktop\capstone\ai\vitis_hls\hls_component\cnn_gesture_top\hls\.autopilot\db\cnn_gesture_hls.pp.0.cpp:54074:17: remark: Added loop label VITIS_LOOP_249_10:   [xilinx-label-all-loops]
                for (int j = 21; j >= I_+10; j--) {
                ^
                VITIS_LOOP_249_10: 
C:\Users\Jonathan\Desktop\capstone\ai\vitis_hls\hls_component\cnn_gesture_top\hls\.autopilot\db\cnn_gesture_hls.pp.0.cpp:54074:17: note: FIX-IT applied suggested code changes
C:\Users\Jonathan\Desktop\capstone\ai\vitis_hls\hls_component\cnn_gesture_top\hls\.autopilot\db\cnn_gesture_hls.pp.0.cpp:54078:17: remark: Added loop label VITIS_LOOP_253_11:   [xilinx-label-all-loops]
                for (int j = I_+9; j >= 0; j--) {
                ^
                VITIS_LOOP_253_11: 
C:\Users\Jonathan\Desktop\capstone\ai\vitis_hls\hls_component\cnn_gesture_top\hls\.autopilot\db\cnn_gesture_hls.pp.0.cpp:54078:17: note: FIX-IT applied suggested code changes
C:\Users\Jonathan\Desktop\capstone\ai\vitis_hls\hls_component\cnn_gesture_top\hls\.autopilot\db\cnn_gesture_hls.pp.0.cpp:54093:9: remark: Added loop label VITIS_LOOP_268_12:   [xilinx-label-all-loops]
        for (int j = 27; j < 46; j++){
        ^
        VITIS_LOOP_268_12: 
C:\Users\Jonathan\Desktop\capstone\ai\vitis_hls\hls_component\cnn_gesture_top\hls\.autopilot\db\cnn_gesture_hls.pp.0.cpp:54093:9: note: FIX-IT applied suggested code changes
C:\Users\Jonathan\Desktop\capstone\ai\vitis_hls\hls_component\cnn_gesture_top\hls\.autopilot\db\cnn_gesture_hls.pp.0.cpp:54101:17: remark: Added loop label VITIS_LOOP_276_13:   [xilinx-label-all-loops]
                for (int j = 0; j < 46; j++) {
                ^
                VITIS_LOOP_276_13: 
C:\Users\Jonathan\Desktop\capstone\ai\vitis_hls\hls_component\cnn_gesture_top\hls\.autopilot\db\cnn_gesture_hls.pp.0.cpp:54101:17: note: FIX-IT applied suggested code changes
C:\Users\Jonathan\Desktop\capstone\ai\vitis_hls\hls_component\cnn_gesture_top\hls\.autopilot\db\cnn_gesture_hls.pp.0.cpp:54330:13: remark: Added loop label VITIS_LOOP_505_14:   [xilinx-label-all-loops]
            for (int j = 45; j >= I_+22; j--) {
            ^
            VITIS_LOOP_505_14: 
C:\Users\Jonathan\Desktop\capstone\ai\vitis_hls\hls_component\cnn_gesture_top\hls\.autopilot\db\cnn_gesture_hls.pp.0.cpp:54330:13: note: FIX-IT applied suggested code changes
C:\Users\Jonathan\Desktop\capstone\ai\vitis_hls\hls_component\cnn_gesture_top\hls\.autopilot\db\cnn_gesture_hls.pp.0.cpp:54336:17: remark: Added loop label VITIS_LOOP_511_15:   [xilinx-label-all-loops]
                for (int j = 45; j >= I_+22; j--){
                ^
                VITIS_LOOP_511_15: 
C:\Users\Jonathan\Desktop\capstone\ai\vitis_hls\hls_component\cnn_gesture_top\hls\.autopilot\db\cnn_gesture_hls.pp.0.cpp:54336:17: note: FIX-IT applied suggested code changes
C:\Users\Jonathan\Desktop\capstone\ai\vitis_hls\hls_component\cnn_gesture_top\hls\.autopilot\db\cnn_gesture_hls.pp.0.cpp:54340:17: remark: Added loop label VITIS_LOOP_515_16:   [xilinx-label-all-loops]
                for (int j = I_+21; j >= 0; j--) {
                ^
                VITIS_LOOP_515_16: 
C:\Users\Jonathan\Desktop\capstone\ai\vitis_hls\hls_component\cnn_gesture_top\hls\.autopilot\db\cnn_gesture_hls.pp.0.cpp:54340:17: note: FIX-IT applied suggested code changes
C:\Users\Jonathan\Desktop\capstone\ai\vitis_hls\hls_component\cnn_gesture_top\hls\.autopilot\db\cnn_gesture_hls.pp.0.cpp:54350:9: remark: Added loop label VITIS_LOOP_525_17:   [xilinx-label-all-loops]
        for (int j = 32-F_; j < 32+I_; j++){
        ^
        VITIS_LOOP_525_17: 
C:\Users\Jonathan\Desktop\capstone\ai\vitis_hls\hls_component\cnn_gesture_top\hls\.autopilot\db\cnn_gesture_hls.pp.0.cpp:54350:9: note: FIX-IT applied suggested code changes
C:\Users\Jonathan\Desktop\capstone\ai\vitis_hls\hls_component\cnn_gesture_top\hls\.autopilot\db\cnn_gesture_hls.pp.0.cpp:54354:9: remark: Added loop label VITIS_LOOP_529_18:   [xilinx-label-all-loops]
        for (int j = 32+I_; j <= 64; j++){
        ^
        VITIS_LOOP_529_18: 
C:\Users\Jonathan\Desktop\capstone\ai\vitis_hls\hls_component\cnn_gesture_top\hls\.autopilot\db\cnn_gesture_hls.pp.0.cpp:54354:9: note: FIX-IT applied suggested code changes
C:\Users\Jonathan\Desktop\capstone\ai\vitis_hls\hls_component\cnn_gesture_top\hls\.autopilot\db\cnn_gesture_hls.pp.0.cpp:54364:9: remark: Added loop label VITIS_LOOP_539_19:   [xilinx-label-all-loops]
        for (int j = 37; j < 64; j++) {
        ^
        VITIS_LOOP_539_19: 
C:\Users\Jonathan\Desktop\capstone\ai\vitis_hls\hls_component\cnn_gesture_top\hls\.autopilot\db\cnn_gesture_hls.pp.0.cpp:54364:9: note: FIX-IT applied suggested code changes
C:\Users\Jonathan\Desktop\capstone\ai\vitis_hls\hls_component\cnn_gesture_top\hls\.autopilot\db\cnn_gesture_hls.pp.0.cpp:54372:17: remark: Added loop label VITIS_LOOP_547_20:   [xilinx-label-all-loops]
                for (int j = 0; j < 64; j++){
                ^
                VITIS_LOOP_547_20: 
C:\Users\Jonathan\Desktop\capstone\ai\vitis_hls\hls_component\cnn_gesture_top\hls\.autopilot\db\cnn_gesture_hls.pp.0.cpp:54372:17: note: FIX-IT applied suggested code changes
C:\Users\Jonathan\Desktop\capstone\ai\vitis_hls\hls_component\cnn_gesture_top\hls\.autopilot\db\cnn_gesture_hls.pp.0.cpp:54733:13: remark: Added loop label VITIS_LOOP_908_21:   [xilinx-label-all-loops]
            for (int j = 63; j >= I_+31; j--) {
            ^
            VITIS_LOOP_908_21: 
C:\Users\Jonathan\Desktop\capstone\ai\vitis_hls\hls_component\cnn_gesture_top\hls\.autopilot\db\cnn_gesture_hls.pp.0.cpp:54733:13: note: FIX-IT applied suggested code changes
C:\Users\Jonathan\Desktop\capstone\ai\vitis_hls\hls_component\cnn_gesture_top\hls\.autopilot\db\cnn_gesture_hls.pp.0.cpp:54739:17: remark: Added loop label VITIS_LOOP_914_22:   [xilinx-label-all-loops]
                for (int j = 63; j >= I_+31; j--) {
                ^
                VITIS_LOOP_914_22: 
C:\Users\Jonathan\Desktop\capstone\ai\vitis_hls\hls_component\cnn_gesture_top\hls\.autopilot\db\cnn_gesture_hls.pp.0.cpp:54739:17: note: FIX-IT applied suggested code changes
C:\Users\Jonathan\Desktop\capstone\ai\vitis_hls\hls_component\cnn_gesture_top\hls\.autopilot\db\cnn_gesture_hls.pp.0.cpp:54743:17: remark: Added loop label VITIS_LOOP_918_23:   [xilinx-label-all-loops]
                for (int j = I_+30; j >= 0; j--) {
                ^
                VITIS_LOOP_918_23: 
C:\Users\Jonathan\Desktop\capstone\ai\vitis_hls\hls_component\cnn_gesture_top\hls\.autopilot\db\cnn_gesture_hls.pp.0.cpp:54743:17: note: FIX-IT applied suggested code changes
C:\Users\Jonathan\Desktop\capstone\ai\vitis_hls\hls_component\cnn_gesture_top\hls\.autopilot\db\cnn_gesture_hls.pp.0.cpp:54859:13: remark: Added loop label VITIS_LOOP_1034_1:   [xilinx-label-all-loops]
            for (int j = 4; j >= I_+1; j--) {
            ^
            VITIS_LOOP_1034_1: 
C:\Users\Jonathan\Desktop\capstone\ai\vitis_hls\hls_component\cnn_gesture_top\hls\.autopilot\db\cnn_gesture_hls.pp.0.cpp:54859:13: note: FIX-IT applied suggested code changes
C:\Users\Jonathan\Desktop\capstone\ai\vitis_hls\hls_component\cnn_gesture_top\hls\.autopilot\db\cnn_gesture_hls.pp.0.cpp:54865:17: remark: Added loop label VITIS_LOOP_1040_2:   [xilinx-label-all-loops]
                for (int j = 4; j >= I_+1; j--) {
                ^
                VITIS_LOOP_1040_2: 
C:\Users\Jonathan\Desktop\capstone\ai\vitis_hls\hls_component\cnn_gesture_top\hls\.autopilot\db\cnn_gesture_hls.pp.0.cpp:54865:17: note: FIX-IT applied suggested code changes
C:\Users\Jonathan\Desktop\capstone\ai\vitis_hls\hls_component\cnn_gesture_top\hls\.autopilot\db\cnn_gesture_hls.pp.0.cpp:54869:17: remark: Added loop label VITIS_LOOP_1044_3:   [xilinx-label-all-loops]
                for (int j = I_; j >= 0; j--) {
                ^
                VITIS_LOOP_1044_3: 
C:\Users\Jonathan\Desktop\capstone\ai\vitis_hls\hls_component\cnn_gesture_top\hls\.autopilot\db\cnn_gesture_hls.pp.0.cpp:54869:17: note: FIX-IT applied suggested code changes
C:\Users\Jonathan\Desktop\capstone\ai\vitis_hls\hls_component\cnn_gesture_top\hls\.autopilot\db\cnn_gesture_hls.pp.0.cpp:54956:13: remark: Added loop label VITIS_LOOP_1131_4:   [xilinx-label-all-loops]
            for (int j = 10; j >= I_+4; j--) {
            ^
            VITIS_LOOP_1131_4: 
C:\Users\Jonathan\Desktop\capstone\ai\vitis_hls\hls_component\cnn_gesture_top\hls\.autopilot\db\cnn_gesture_hls.pp.0.cpp:54956:13: note: FIX-IT applied suggested code changes
C:\Users\Jonathan\Desktop\capstone\ai\vitis_hls\hls_component\cnn_gesture_top\hls\.autopilot\db\cnn_gesture_hls.pp.0.cpp:54962:17: remark: Added loop label VITIS_LOOP_1137_5:   [xilinx-label-all-loops]
                for (int j = 10; j >= I_+4; j--) {
                ^
                VITIS_LOOP_1137_5: 
C:\Users\Jonathan\Desktop\capstone\ai\vitis_hls\hls_component\cnn_gesture_top\hls\.autopilot\db\cnn_gesture_hls.pp.0.cpp:54962:17: note: FIX-IT applied suggested code changes
C:\Users\Jonathan\Desktop\capstone\ai\vitis_hls\hls_component\cnn_gesture_top\hls\.autopilot\db\cnn_gesture_hls.pp.0.cpp:54966:17: remark: Added loop label VITIS_LOOP_1141_6:   [xilinx-label-all-loops]
                for (int j = I_+3; j >= 0; j--) {
                ^
                VITIS_LOOP_1141_6: 
C:\Users\Jonathan\Desktop\capstone\ai\vitis_hls\hls_component\cnn_gesture_top\hls\.autopilot\db\cnn_gesture_hls.pp.0.cpp:54966:17: note: FIX-IT applied suggested code changes
C:\Users\Jonathan\Desktop\capstone\ai\vitis_hls\hls_component\cnn_gesture_top\hls\.autopilot\db\cnn_gesture_hls.pp.0.cpp:54985:9: remark: Added loop label VITIS_LOOP_1160_7:   [xilinx-label-all-loops]
        for (int j = wf+3; j < w-1; j++) {
        ^
        VITIS_LOOP_1160_7: 
C:\Users\Jonathan\Desktop\capstone\ai\vitis_hls\hls_component\cnn_gesture_top\hls\.autopilot\db\cnn_gesture_hls.pp.0.cpp:54985:9: note: FIX-IT applied suggested code changes
C:\Users\Jonathan\Desktop\capstone\ai\vitis_hls\hls_component\cnn_gesture_top\hls\.autopilot\db\cnn_gesture_hls.pp.0.cpp:54992:17: remark: Added loop label VITIS_LOOP_1167_8:   [xilinx-label-all-loops]
                for (int j = 0; j < 22; j++) {
                ^
                VITIS_LOOP_1167_8: 
C:\Users\Jonathan\Desktop\capstone\ai\vitis_hls\hls_component\cnn_gesture_top\hls\.autopilot\db\cnn_gesture_hls.pp.0.cpp:54992:17: note: FIX-IT applied suggested code changes
C:\Users\Jonathan\Desktop\capstone\ai\vitis_hls\hls_component\cnn_gesture_top\hls\.autopilot\db\cnn_gesture_hls.pp.0.cpp:55108:13: remark: Added loop label VITIS_LOOP_1283_9:   [xilinx-label-all-loops]
            for (int j = 22; j >= I_+10; j--) {
            ^
            VITIS_LOOP_1283_9: 
C:\Users\Jonathan\Desktop\capstone\ai\vitis_hls\hls_component\cnn_gesture_top\hls\.autopilot\db\cnn_gesture_hls.pp.0.cpp:55108:13: note: FIX-IT applied suggested code changes
C:\Users\Jonathan\Desktop\capstone\ai\vitis_hls\hls_component\cnn_gesture_top\hls\.autopilot\db\cnn_gesture_hls.pp.0.cpp:55114:17: remark: Added loop label VITIS_LOOP_1289_10:   [xilinx-label-all-loops]
                for (int j = 22; j >= I_+10; j--){
                ^
                VITIS_LOOP_1289_10: 
C:\Users\Jonathan\Desktop\capstone\ai\vitis_hls\hls_component\cnn_gesture_top\hls\.autopilot\db\cnn_gesture_hls.pp.0.cpp:55114:17: note: FIX-IT applied suggested code changes
C:\Users\Jonathan\Desktop\capstone\ai\vitis_hls\hls_component\cnn_gesture_top\hls\.autopilot\db\cnn_gesture_hls.pp.0.cpp:55118:17: remark: Added loop label VITIS_LOOP_1293_11:   [xilinx-label-all-loops]
                for (int j = I_+9; j >= 0; j--) {
                ^
                VITIS_LOOP_1293_11: 
C:\Users\Jonathan\Desktop\capstone\ai\vitis_hls\hls_component\cnn_gesture_top\hls\.autopilot\db\cnn_gesture_hls.pp.0.cpp:55118:17: note: FIX-IT applied suggested code changes
C:\Users\Jonathan\Desktop\capstone\ai\vitis_hls\hls_component\cnn_gesture_top\hls\.autopilot\db\cnn_gesture_hls.pp.0.cpp:55138:9: remark: Added loop label VITIS_LOOP_1313_12:   [xilinx-label-all-loops]
        for (int j = wf+4; j < w-1; j++){
        ^
        VITIS_LOOP_1313_12: 
C:\Users\Jonathan\Desktop\capstone\ai\vitis_hls\hls_component\cnn_gesture_top\hls\.autopilot\db\cnn_gesture_hls.pp.0.cpp:55138:9: note: FIX-IT applied suggested code changes
C:\Users\Jonathan\Desktop\capstone\ai\vitis_hls\hls_component\cnn_gesture_top\hls\.autopilot\db\cnn_gesture_hls.pp.0.cpp:55145:17: remark: Added loop label VITIS_LOOP_1320_13:   [xilinx-label-all-loops]
                for (int j = 0; j < 46; j++) {
                ^
                VITIS_LOOP_1320_13: 
C:\Users\Jonathan\Desktop\capstone\ai\vitis_hls\hls_component\cnn_gesture_top\hls\.autopilot\db\cnn_gesture_hls.pp.0.cpp:55145:17: note: FIX-IT applied suggested code changes
C:\Users\Jonathan\Desktop\capstone\ai\vitis_hls\hls_component\cnn_gesture_top\hls\.autopilot\db\cnn_gesture_hls.pp.0.cpp:55407:13: remark: Added loop label VITIS_LOOP_1582_14:   [xilinx-label-all-loops]
            for (int j = 46; j >= I_+22; j--) {
            ^
            VITIS_LOOP_1582_14: 
C:\Users\Jonathan\Desktop\capstone\ai\vitis_hls\hls_component\cnn_gesture_top\hls\.autopilot\db\cnn_gesture_hls.pp.0.cpp:55407:13: note: FIX-IT applied suggested code changes
C:\Users\Jonathan\Desktop\capstone\ai\vitis_hls\hls_component\cnn_gesture_top\hls\.autopilot\db\cnn_gesture_hls.pp.0.cpp:55413:17: remark: Added loop label VITIS_LOOP_1588_15:   [xilinx-label-all-loops]
                for (int j = 46; j >= I_+22; j--) {
                ^
                VITIS_LOOP_1588_15: 
C:\Users\Jonathan\Desktop\capstone\ai\vitis_hls\hls_component\cnn_gesture_top\hls\.autopilot\db\cnn_gesture_hls.pp.0.cpp:55413:17: note: FIX-IT applied suggested code changes
C:\Users\Jonathan\Desktop\capstone\ai\vitis_hls\hls_component\cnn_gesture_top\hls\.autopilot\db\cnn_gesture_hls.pp.0.cpp:55417:17: remark: Added loop label VITIS_LOOP_1592_16:   [xilinx-label-all-loops]
                for (int j = I_+21; j >= 0; j--) {
                ^
                VITIS_LOOP_1592_16: 
C:\Users\Jonathan\Desktop\capstone\ai\vitis_hls\hls_component\cnn_gesture_top\hls\.autopilot\db\cnn_gesture_hls.pp.0.cpp:55417:17: note: FIX-IT applied suggested code changes
C:\Users\Jonathan\Desktop\capstone\ai\vitis_hls\hls_component\cnn_gesture_top\hls\.autopilot\db\cnn_gesture_hls.pp.0.cpp:55441:9: remark: Added loop label VITIS_LOOP_1616_17:   [xilinx-label-all-loops]
        for (int j = wf+5; j < w-1; j++){
        ^
        VITIS_LOOP_1616_17: 
C:\Users\Jonathan\Desktop\capstone\ai\vitis_hls\hls_component\cnn_gesture_top\hls\.autopilot\db\cnn_gesture_hls.pp.0.cpp:55441:9: note: FIX-IT applied suggested code changes
C:\Users\Jonathan\Desktop\capstone\ai\vitis_hls\hls_component\cnn_gesture_top\hls\.autopilot\db\cnn_gesture_hls.pp.0.cpp:55448:17: remark: Added loop label VITIS_LOOP_1623_18:   [xilinx-label-all-loops]
                for (int j = 0; j < 64; j++) {
                ^
                VITIS_LOOP_1623_18: 
C:\Users\Jonathan\Desktop\capstone\ai\vitis_hls\hls_component\cnn_gesture_top\hls\.autopilot\db\cnn_gesture_hls.pp.0.cpp:55448:17: note: FIX-IT applied suggested code changes
C:\Users\Jonathan\Desktop\capstone\ai\vitis_hls\hls_component\cnn_gesture_top\hls\.autopilot\db\cnn_gesture_hls.pp.0.cpp:55878:13: remark: Added loop label VITIS_LOOP_2053_19:   [xilinx-label-all-loops]
            for (int j = 64; j >= I_+31; j--) {
            ^
            VITIS_LOOP_2053_19: 
C:\Users\Jonathan\Desktop\capstone\ai\vitis_hls\hls_component\cnn_gesture_top\hls\.autopilot\db\cnn_gesture_hls.pp.0.cpp:55878:13: note: FIX-IT applied suggested code changes
C:\Users\Jonathan\Desktop\capstone\ai\vitis_hls\hls_component\cnn_gesture_top\hls\.autopilot\db\cnn_gesture_hls.pp.0.cpp:55884:17: remark: Added loop label VITIS_LOOP_2059_20:   [xilinx-label-all-loops]
                for (int j = 64; j >= I_+31; j--) {
                ^
                VITIS_LOOP_2059_20: 
C:\Users\Jonathan\Desktop\capstone\ai\vitis_hls\hls_component\cnn_gesture_top\hls\.autopilot\db\cnn_gesture_hls.pp.0.cpp:55884:17: note: FIX-IT applied suggested code changes
C:\Users\Jonathan\Desktop\capstone\ai\vitis_hls\hls_component\cnn_gesture_top\hls\.autopilot\db\cnn_gesture_hls.pp.0.cpp:55888:17: remark: Added loop label VITIS_LOOP_2063_21:   [xilinx-label-all-loops]
                for (int j = I_+30; j >= 0; j--) {
                ^
                VITIS_LOOP_2063_21: 
C:\Users\Jonathan\Desktop\capstone\ai\vitis_hls\hls_component\cnn_gesture_top\hls\.autopilot\db\cnn_gesture_hls.pp.0.cpp:55888:17: note: FIX-IT applied suggested code changes
C:\Users\Jonathan\Desktop\capstone\ai\vitis_hls\hls_component\cnn_gesture_top\hls\.autopilot\db\cnn_gesture_hls.pp.0.cpp:56017:13: remark: Added loop label VITIS_LOOP_2192_1:   [xilinx-label-all-loops]
            for(int j=3; j>=I+1; j--) {
            ^
            VITIS_LOOP_2192_1: 
C:\Users\Jonathan\Desktop\capstone\ai\vitis_hls\hls_component\cnn_gesture_top\hls\.autopilot\db\cnn_gesture_hls.pp.0.cpp:56017:13: note: FIX-IT applied suggested code changes
C:\Users\Jonathan\Desktop\capstone\ai\vitis_hls\hls_component\cnn_gesture_top\hls\.autopilot\db\cnn_gesture_hls.pp.0.cpp:56024:17: remark: Added loop label VITIS_LOOP_2199_2:   [xilinx-label-all-loops]
                for(int j=3; j>=I+1; j--) {
                ^
                VITIS_LOOP_2199_2: 
C:\Users\Jonathan\Desktop\capstone\ai\vitis_hls\hls_component\cnn_gesture_top\hls\.autopilot\db\cnn_gesture_hls.pp.0.cpp:56024:17: note: FIX-IT applied suggested code changes
C:\Users\Jonathan\Desktop\capstone\ai\vitis_hls\hls_component\cnn_gesture_top\hls\.autopilot\db\cnn_gesture_hls.pp.0.cpp:56028:17: remark: Added loop label VITIS_LOOP_2203_3:   [xilinx-label-all-loops]
                for(int j=I; j>=0; j--) {
                ^
                VITIS_LOOP_2203_3: 
C:\Users\Jonathan\Desktop\capstone\ai\vitis_hls\hls_component\cnn_gesture_top\hls\.autopilot\db\cnn_gesture_hls.pp.0.cpp:56028:17: note: FIX-IT applied suggested code changes
C:\Users\Jonathan\Desktop\capstone\ai\vitis_hls\hls_component\cnn_gesture_top\hls\.autopilot\db\cnn_gesture_hls.pp.0.cpp:56075:13: remark: Added loop label VITIS_LOOP_2250_4:   [xilinx-label-all-loops]
            for(int j=7; j>=3+I; j--) {
            ^
            VITIS_LOOP_2250_4: 
C:\Users\Jonathan\Desktop\capstone\ai\vitis_hls\hls_component\cnn_gesture_top\hls\.autopilot\db\cnn_gesture_hls.pp.0.cpp:56075:13: note: FIX-IT applied suggested code changes
C:\Users\Jonathan\Desktop\capstone\ai\vitis_hls\hls_component\cnn_gesture_top\hls\.autopilot\db\cnn_gesture_hls.pp.0.cpp:56082:17: remark: Added loop label VITIS_LOOP_2257_5:   [xilinx-label-all-loops]
                for(int j=7; j>=3+I; j--) {
                ^
                VITIS_LOOP_2257_5: 
C:\Users\Jonathan\Desktop\capstone\ai\vitis_hls\hls_component\cnn_gesture_top\hls\.autopilot\db\cnn_gesture_hls.pp.0.cpp:56082:17: note: FIX-IT applied suggested code changes
C:\Users\Jonathan\Desktop\capstone\ai\vitis_hls\hls_component\cnn_gesture_top\hls\.autopilot\db\cnn_gesture_hls.pp.0.cpp:56086:17: remark: Added loop label VITIS_LOOP_2261_6:   [xilinx-label-all-loops]
                for(int j=I+2; j>=0; j--) {
                ^
                VITIS_LOOP_2261_6: 
C:\Users\Jonathan\Desktop\capstone\ai\vitis_hls\hls_component\cnn_gesture_top\hls\.autopilot\db\cnn_gesture_hls.pp.0.cpp:56086:17: note: FIX-IT applied suggested code changes
C:\Users\Jonathan\Desktop\capstone\ai\vitis_hls\hls_component\cnn_gesture_top\hls\.autopilot\db\cnn_gesture_hls.pp.0.cpp:56104:9: remark: Added loop label VITIS_LOOP_2279_7:   [xilinx-label-all-loops]
        for(int j=11; j<16; j++) {
        ^
        VITIS_LOOP_2279_7: 
C:\Users\Jonathan\Desktop\capstone\ai\vitis_hls\hls_component\cnn_gesture_top\hls\.autopilot\db\cnn_gesture_hls.pp.0.cpp:56104:9: note: FIX-IT applied suggested code changes
C:\Users\Jonathan\Desktop\capstone\ai\vitis_hls\hls_component\cnn_gesture_top\hls\.autopilot\db\cnn_gesture_hls.pp.0.cpp:56159:13: remark: Added loop label VITIS_LOOP_2334_8:   [xilinx-label-all-loops]
            for(int j=15; j>=7+I; j--) {
            ^
            VITIS_LOOP_2334_8: 
C:\Users\Jonathan\Desktop\capstone\ai\vitis_hls\hls_component\cnn_gesture_top\hls\.autopilot\db\cnn_gesture_hls.pp.0.cpp:56159:13: note: FIX-IT applied suggested code changes
C:\Users\Jonathan\Desktop\capstone\ai\vitis_hls\hls_component\cnn_gesture_top\hls\.autopilot\db\cnn_gesture_hls.pp.0.cpp:56166:17: remark: Added loop label VITIS_LOOP_2341_9:   [xilinx-label-all-loops]
                for(int j=15; j>=7+I; j--) {
                ^
                VITIS_LOOP_2341_9: 
C:\Users\Jonathan\Desktop\capstone\ai\vitis_hls\hls_component\cnn_gesture_top\hls\.autopilot\db\cnn_gesture_hls.pp.0.cpp:56166:17: note: FIX-IT applied suggested code changes
C:\Users\Jonathan\Desktop\capstone\ai\vitis_hls\hls_component\cnn_gesture_top\hls\.autopilot\db\cnn_gesture_hls.pp.0.cpp:56170:17: remark: Added loop label VITIS_LOOP_2345_10:   [xilinx-label-all-loops]
                for(int j=6+I; j>=0; j--) {
                ^
                VITIS_LOOP_2345_10: 
C:\Users\Jonathan\Desktop\capstone\ai\vitis_hls\hls_component\cnn_gesture_top\hls\.autopilot\db\cnn_gesture_hls.pp.0.cpp:56170:17: note: FIX-IT applied suggested code changes
C:\Users\Jonathan\Desktop\capstone\ai\vitis_hls\hls_component\cnn_gesture_top\hls\.autopilot\db\cnn_gesture_hls.pp.0.cpp:56188:9: remark: Added loop label VITIS_LOOP_2363_11:   [xilinx-label-all-loops]
        for(int j=20; j<32; j++) {
        ^
        VITIS_LOOP_2363_11: 
C:\Users\Jonathan\Desktop\capstone\ai\vitis_hls\hls_component\cnn_gesture_top\hls\.autopilot\db\cnn_gesture_hls.pp.0.cpp:56188:9: note: FIX-IT applied suggested code changes
C:\Users\Jonathan\Desktop\capstone\ai\vitis_hls\hls_component\cnn_gesture_top\hls\.autopilot\db\cnn_gesture_hls.pp.0.cpp:56277:13: remark: Added loop label VITIS_LOOP_2452_12:   [xilinx-label-all-loops]
            for(int j=31; j>=I+15; j--) {
            ^
            VITIS_LOOP_2452_12: 
C:\Users\Jonathan\Desktop\capstone\ai\vitis_hls\hls_component\cnn_gesture_top\hls\.autopilot\db\cnn_gesture_hls.pp.0.cpp:56277:13: note: FIX-IT applied suggested code changes
C:\Users\Jonathan\Desktop\capstone\ai\vitis_hls\hls_component\cnn_gesture_top\hls\.autopilot\db\cnn_gesture_hls.pp.0.cpp:56284:17: remark: Added loop label VITIS_LOOP_2459_13:   [xilinx-label-all-loops]
                for(int j=31; j>=I+15; j--) {
                ^
                VITIS_LOOP_2459_13: 
C:\Users\Jonathan\Desktop\capstone\ai\vitis_hls\hls_component\cnn_gesture_top\hls\.autopilot\db\cnn_gesture_hls.pp.0.cpp:56284:17: note: FIX-IT applied suggested code changes
C:\Users\Jonathan\Desktop\capstone\ai\vitis_hls\hls_component\cnn_gesture_top\hls\.autopilot\db\cnn_gesture_hls.pp.0.cpp:56288:17: remark: Added loop label VITIS_LOOP_2463_14:   [xilinx-label-all-loops]
                for(int j=I+14; j>=0; j--) {
                ^
                VITIS_LOOP_2463_14: 
C:\Users\Jonathan\Desktop\capstone\ai\vitis_hls\hls_component\cnn_gesture_top\hls\.autopilot\db\cnn_gesture_hls.pp.0.cpp:56288:17: note: FIX-IT applied suggested code changes
C:\Users\Jonathan\Desktop\capstone\ai\vitis_hls\hls_component\cnn_gesture_top\hls\.autopilot\db\cnn_gesture_hls.pp.0.cpp:56298:9: remark: Added loop label VITIS_LOOP_2473_15:   [xilinx-label-all-loops]
        for(int j=32-F; j<32+I; j++) {
        ^
        VITIS_LOOP_2473_15: 
C:\Users\Jonathan\Desktop\capstone\ai\vitis_hls\hls_component\cnn_gesture_top\hls\.autopilot\db\cnn_gesture_hls.pp.0.cpp:56298:9: note: FIX-IT applied suggested code changes
C:\Users\Jonathan\Desktop\capstone\ai\vitis_hls\hls_component\cnn_gesture_top\hls\.autopilot\db\cnn_gesture_hls.pp.0.cpp:56302:9: remark: Added loop label VITIS_LOOP_2477_16:   [xilinx-label-all-loops]
        for(int j=32+I; j<=64; j++) {
        ^
        VITIS_LOOP_2477_16: 
C:\Users\Jonathan\Desktop\capstone\ai\vitis_hls\hls_component\cnn_gesture_top\hls\.autopilot\db\cnn_gesture_hls.pp.0.cpp:56302:9: note: FIX-IT applied suggested code changes
C:\Users\Jonathan\Desktop\capstone\ai\vitis_hls\hls_component\cnn_gesture_top\hls\.autopilot\db\cnn_gesture_hls.pp.0.cpp:56313:9: remark: Added loop label VITIS_LOOP_2488_17:   [xilinx-label-all-loops]
        for(int j=37; j<64; j++) {
        ^
        VITIS_LOOP_2488_17: 
C:\Users\Jonathan\Desktop\capstone\ai\vitis_hls\hls_component\cnn_gesture_top\hls\.autopilot\db\cnn_gesture_hls.pp.0.cpp:56313:9: note: FIX-IT applied suggested code changes
C:\Users\Jonathan\Desktop\capstone\ai\vitis_hls\hls_component\cnn_gesture_top\hls\.autopilot\db\cnn_gesture_hls.pp.0.cpp:56321:17: remark: Added loop label VITIS_LOOP_2496_18:   [xilinx-label-all-loops]
                for(int j=0; j<64; j++) {
                ^
                VITIS_LOOP_2496_18: 
C:\Users\Jonathan\Desktop\capstone\ai\vitis_hls\hls_component\cnn_gesture_top\hls\.autopilot\db\cnn_gesture_hls.pp.0.cpp:56321:17: note: FIX-IT applied suggested code changes
C:\Users\Jonathan\Desktop\capstone\ai\vitis_hls\hls_component\cnn_gesture_top\hls\.autopilot\db\cnn_gesture_hls.pp.0.cpp:56646:13: remark: Added loop label VITIS_LOOP_2821_19:   [xilinx-label-all-loops]
            for(int j=63; j>=I+31; j--) {
            ^
            VITIS_LOOP_2821_19: 
C:\Users\Jonathan\Desktop\capstone\ai\vitis_hls\hls_component\cnn_gesture_top\hls\.autopilot\db\cnn_gesture_hls.pp.0.cpp:56646:13: note: FIX-IT applied suggested code changes
C:\Users\Jonathan\Desktop\capstone\ai\vitis_hls\hls_component\cnn_gesture_top\hls\.autopilot\db\cnn_gesture_hls.pp.0.cpp:56653:17: remark: Added loop label VITIS_LOOP_2828_20:   [xilinx-label-all-loops]
                for(int j=63; j>=I+31; j--) {
                ^
                VITIS_LOOP_2828_20: 
C:\Users\Jonathan\Desktop\capstone\ai\vitis_hls\hls_component\cnn_gesture_top\hls\.autopilot\db\cnn_gesture_hls.pp.0.cpp:56653:17: note: FIX-IT applied suggested code changes
C:\Users\Jonathan\Desktop\capstone\ai\vitis_hls\hls_component\cnn_gesture_top\hls\.autopilot\db\cnn_gesture_hls.pp.0.cpp:56657:17: remark: Added loop label VITIS_LOOP_2832_21:   [xilinx-label-all-loops]
                for(int j=I+30; j>=0; j--) {
                ^
                VITIS_LOOP_2832_21: 
C:\Users\Jonathan\Desktop\capstone\ai\vitis_hls\hls_component\cnn_gesture_top\hls\.autopilot\db\cnn_gesture_hls.pp.0.cpp:56657:17: note: FIX-IT applied suggested code changes
C:\Users\Jonathan\Desktop\capstone\ai\vitis_hls\hls_component\cnn_gesture_top\hls\.autopilot\db\cnn_gesture_hls.pp.0.cpp:56745:4: remark: Added loop label VITIS_LOOP_2920_1:   [xilinx-label-all-loops]
   for(int j = 5; j>=I_+2; j--) {
   ^
   VITIS_LOOP_2920_1: 
C:\Users\Jonathan\Desktop\capstone\ai\vitis_hls\hls_component\cnn_gesture_top\hls\.autopilot\db\cnn_gesture_hls.pp.0.cpp:56745:4: note: FIX-IT applied suggested code changes
C:\Users\Jonathan\Desktop\capstone\ai\vitis_hls\hls_component\cnn_gesture_top\hls\.autopilot\db\cnn_gesture_hls.pp.0.cpp:56752:5: remark: Added loop label VITIS_LOOP_2927_2:   [xilinx-label-all-loops]
    for(int j = 5; j>=I_+2; j--) {
    ^
    VITIS_LOOP_2927_2: 
C:\Users\Jonathan\Desktop\capstone\ai\vitis_hls\hls_component\cnn_gesture_top\hls\.autopilot\db\cnn_gesture_hls.pp.0.cpp:56752:5: note: FIX-IT applied suggested code changes
C:\Users\Jonathan\Desktop\capstone\ai\vitis_hls\hls_component\cnn_gesture_top\hls\.autopilot\db\cnn_gesture_hls.pp.0.cpp:56756:5: remark: Added loop label VITIS_LOOP_2931_3:   [xilinx-label-all-loops]
    for(int j = I_+1; j>=0; j--) {
    ^
    VITIS_LOOP_2931_3: 
C:\Users\Jonathan\Desktop\capstone\ai\vitis_hls\hls_component\cnn_gesture_top\hls\.autopilot\db\cnn_gesture_hls.pp.0.cpp:56756:5: note: FIX-IT applied suggested code changes
C:\Users\Jonathan\Desktop\capstone\ai\vitis_hls\hls_component\cnn_gesture_top\hls\.autopilot\db\cnn_gesture_hls.pp.0.cpp:56771:3: remark: Added loop label VITIS_LOOP_2946_4:   [xilinx-label-all-loops]
  for(int j = 11; j >=7; j--) {
  ^
  VITIS_LOOP_2946_4: 
C:\Users\Jonathan\Desktop\capstone\ai\vitis_hls\hls_component\cnn_gesture_top\hls\.autopilot\db\cnn_gesture_hls.pp.0.cpp:56771:3: note: FIX-IT applied suggested code changes
C:\Users\Jonathan\Desktop\capstone\ai\vitis_hls\hls_component\cnn_gesture_top\hls\.autopilot\db\cnn_gesture_hls.pp.0.cpp:56803:4: remark: Added loop label VITIS_LOOP_2978_5:   [xilinx-label-all-loops]
   for(int j = 11; j >= I_+5; j--) {
   ^
   VITIS_LOOP_2978_5: 
C:\Users\Jonathan\Desktop\capstone\ai\vitis_hls\hls_component\cnn_gesture_top\hls\.autopilot\db\cnn_gesture_hls.pp.0.cpp:56803:4: note: FIX-IT applied suggested code changes
C:\Users\Jonathan\Desktop\capstone\ai\vitis_hls\hls_component\cnn_gesture_top\hls\.autopilot\db\cnn_gesture_hls.pp.0.cpp:56810:5: remark: Added loop label VITIS_LOOP_2985_6:   [xilinx-label-all-loops]
    for(int j = 11; j>= I_+5; j--) {
    ^
    VITIS_LOOP_2985_6: 
C:\Users\Jonathan\Desktop\capstone\ai\vitis_hls\hls_component\cnn_gesture_top\hls\.autopilot\db\cnn_gesture_hls.pp.0.cpp:56810:5: note: FIX-IT applied suggested code changes
C:\Users\Jonathan\Desktop\capstone\ai\vitis_hls\hls_component\cnn_gesture_top\hls\.autopilot\db\cnn_gesture_hls.pp.0.cpp:56814:5: remark: Added loop label VITIS_LOOP_2989_7:   [xilinx-label-all-loops]
    for(int j = I_+4; j>=0; j--) {
    ^
    VITIS_LOOP_2989_7: 
C:\Users\Jonathan\Desktop\capstone\ai\vitis_hls\hls_component\cnn_gesture_top\hls\.autopilot\db\cnn_gesture_hls.pp.0.cpp:56814:5: note: FIX-IT applied suggested code changes
C:\Users\Jonathan\Desktop\capstone\ai\vitis_hls\hls_component\cnn_gesture_top\hls\.autopilot\db\cnn_gesture_hls.pp.0.cpp:56829:3: remark: Added loop label VITIS_LOOP_3004_8:   [xilinx-label-all-loops]
  for(int j = 25; j>=15; j--) {
  ^
  VITIS_LOOP_3004_8: 
C:\Users\Jonathan\Desktop\capstone\ai\vitis_hls\hls_component\cnn_gesture_top\hls\.autopilot\db\cnn_gesture_hls.pp.0.cpp:56829:3: note: FIX-IT applied suggested code changes
C:\Users\Jonathan\Desktop\capstone\ai\vitis_hls\hls_component\cnn_gesture_top\hls\.autopilot\db\cnn_gesture_hls.pp.0.cpp:56879:4: remark: Added loop label VITIS_LOOP_3054_9:   [xilinx-label-all-loops]
   for(int j = 25; j>= I_+12; j--) {
   ^
   VITIS_LOOP_3054_9: 
C:\Users\Jonathan\Desktop\capstone\ai\vitis_hls\hls_component\cnn_gesture_top\hls\.autopilot\db\cnn_gesture_hls.pp.0.cpp:56879:4: note: FIX-IT applied suggested code changes
C:\Users\Jonathan\Desktop\capstone\ai\vitis_hls\hls_component\cnn_gesture_top\hls\.autopilot\db\cnn_gesture_hls.pp.0.cpp:56886:5: remark: Added loop label VITIS_LOOP_3061_10:   [xilinx-label-all-loops]
    for(int j = 25; j>=I_+12; j--) {
    ^
    VITIS_LOOP_3061_10: 
C:\Users\Jonathan\Desktop\capstone\ai\vitis_hls\hls_component\cnn_gesture_top\hls\.autopilot\db\cnn_gesture_hls.pp.0.cpp:56886:5: note: FIX-IT applied suggested code changes
C:\Users\Jonathan\Desktop\capstone\ai\vitis_hls\hls_component\cnn_gesture_top\hls\.autopilot\db\cnn_gesture_hls.pp.0.cpp:56890:5: remark: Added loop label VITIS_LOOP_3065_11:   [xilinx-label-all-loops]
    for(int j = I_+11; j>=0; j--) {
    ^
    VITIS_LOOP_3065_11: 
C:\Users\Jonathan\Desktop\capstone\ai\vitis_hls\hls_component\cnn_gesture_top\hls\.autopilot\db\cnn_gesture_hls.pp.0.cpp:56890:5: note: FIX-IT applied suggested code changes
C:\Users\Jonathan\Desktop\capstone\ai\vitis_hls\hls_component\cnn_gesture_top\hls\.autopilot\db\cnn_gesture_hls.pp.0.cpp:56905:3: remark: Added loop label VITIS_LOOP_3080_12:   [xilinx-label-all-loops]
  for(int j = 51; j >= 29; j--) {
  ^
  VITIS_LOOP_3080_12: 
C:\Users\Jonathan\Desktop\capstone\ai\vitis_hls\hls_component\cnn_gesture_top\hls\.autopilot\db\cnn_gesture_hls.pp.0.cpp:56905:3: note: FIX-IT applied suggested code changes
C:\Users\Jonathan\Desktop\capstone\ai\vitis_hls\hls_component\cnn_gesture_top\hls\.autopilot\db\cnn_gesture_hls.pp.0.cpp:57042:4: remark: Added loop label VITIS_LOOP_3217_13:   [xilinx-label-all-loops]
   for(int j = 51; j >= 25 + I_; j--) {
   ^
   VITIS_LOOP_3217_13: 
C:\Users\Jonathan\Desktop\capstone\ai\vitis_hls\hls_component\cnn_gesture_top\hls\.autopilot\db\cnn_gesture_hls.pp.0.cpp:57042:4: note: FIX-IT applied suggested code changes
C:\Users\Jonathan\Desktop\capstone\ai\vitis_hls\hls_component\cnn_gesture_top\hls\.autopilot\db\cnn_gesture_hls.pp.0.cpp:57049:5: remark: Added loop label VITIS_LOOP_3224_14:   [xilinx-label-all-loops]
    for(int j = 51; j>=25 + I_; j--) {
    ^
    VITIS_LOOP_3224_14: 
C:\Users\Jonathan\Desktop\capstone\ai\vitis_hls\hls_component\cnn_gesture_top\hls\.autopilot\db\cnn_gesture_hls.pp.0.cpp:57049:5: note: FIX-IT applied suggested code changes
C:\Users\Jonathan\Desktop\capstone\ai\vitis_hls\hls_component\cnn_gesture_top\hls\.autopilot\db\cnn_gesture_hls.pp.0.cpp:57053:5: remark: Added loop label VITIS_LOOP_3228_15:   [xilinx-label-all-loops]
    for(int j = 24 + I_; j >= 0; j--) {
    ^
    VITIS_LOOP_3228_15: 
C:\Users\Jonathan\Desktop\capstone\ai\vitis_hls\hls_component\cnn_gesture_top\hls\.autopilot\db\cnn_gesture_hls.pp.0.cpp:57053:5: note: FIX-IT applied suggested code changes
C:\Users\Jonathan\Desktop\capstone\ai\vitis_hls\hls_component\cnn_gesture_top\hls\.autopilot\db\cnn_gesture_hls.pp.0.cpp:57068:3: remark: Added loop label VITIS_LOOP_3243_16:   [xilinx-label-all-loops]
  for(int j = 63; j >= 36; j--) {
  ^
  VITIS_LOOP_3243_16: 
C:\Users\Jonathan\Desktop\capstone\ai\vitis_hls\hls_component\cnn_gesture_top\hls\.autopilot\db\cnn_gesture_hls.pp.0.cpp:57068:3: note: FIX-IT applied suggested code changes
C:\Users\Jonathan\Desktop\capstone\ai\vitis_hls\hls_component\cnn_gesture_top\hls\.autopilot\db\cnn_gesture_hls.pp.0.cpp:57228:4: remark: Added loop label VITIS_LOOP_3403_17:   [xilinx-label-all-loops]
   for(int j = 63; j >= 31 + I_; j--) {
   ^
   VITIS_LOOP_3403_17: 
C:\Users\Jonathan\Desktop\capstone\ai\vitis_hls\hls_component\cnn_gesture_top\hls\.autopilot\db\cnn_gesture_hls.pp.0.cpp:57228:4: note: FIX-IT applied suggested code changes
C:\Users\Jonathan\Desktop\capstone\ai\vitis_hls\hls_component\cnn_gesture_top\hls\.autopilot\db\cnn_gesture_hls.pp.0.cpp:57235:5: remark: Added loop label VITIS_LOOP_3410_18:   [xilinx-label-all-loops]
    for(int j = 63; j >= 31 + I_; j--) {
    ^
    VITIS_LOOP_3410_18: 
C:\Users\Jonathan\Desktop\capstone\ai\vitis_hls\hls_component\cnn_gesture_top\hls\.autopilot\db\cnn_gesture_hls.pp.0.cpp:57235:5: note: FIX-IT applied suggested code changes
C:\Users\Jonathan\Desktop\capstone\ai\vitis_hls\hls_component\cnn_gesture_top\hls\.autopilot\db\cnn_gesture_hls.pp.0.cpp:57239:5: remark: Added loop label VITIS_LOOP_3414_19:   [xilinx-label-all-loops]
    for(int j = 30 + I_; j >= 0; j--) {
    ^
    VITIS_LOOP_3414_19: 
C:\Users\Jonathan\Desktop\capstone\ai\vitis_hls\hls_component\cnn_gesture_top\hls\.autopilot\db\cnn_gesture_hls.pp.0.cpp:57239:5: note: FIX-IT applied suggested code changes
C:\Users\Jonathan\Desktop\capstone\ai\vitis_hls\hls_component\cnn_gesture_top\hls\.autopilot\db\cnn_gesture_hls.pp.0.cpp:57954:13: remark: Added loop label VITIS_LOOP_703_1:   [xilinx-label-all-loops]
            for (b_exp = I_-1; b_exp >= -F_; b_exp--) {
            ^
            VITIS_LOOP_703_1: 
C:\Users\Jonathan\Desktop\capstone\ai\vitis_hls\hls_component\cnn_gesture_top\hls\.autopilot\db\cnn_gesture_hls.pp.0.cpp:57954:13: note: FIX-IT applied suggested code changes
C:\Users\Jonathan\Desktop\capstone\ai\vitis_hls\hls_component\cnn_gesture_top\hls\.autopilot\db\cnn_gesture_hls.pp.0.cpp:58172:13: remark: Added loop label VITIS_LOOP_921_1:   [xilinx-label-all-loops]
            for (b_exp = I_-1; b_exp >= -F_; b_exp--) {
            ^
            VITIS_LOOP_921_1: 
C:\Users\Jonathan\Desktop\capstone\ai\vitis_hls\hls_component\cnn_gesture_top\hls\.autopilot\db\cnn_gesture_hls.pp.0.cpp:58172:13: note: FIX-IT applied suggested code changes
C:\Users\Jonathan\Desktop\capstone\ai\vitis_hls\hls_component\cnn_gesture_top\hls\.autopilot\db\cnn_gesture_hls.pp.0.cpp:58589:13: remark: Added loop label VITIS_LOOP_1345_1:   [xilinx-label-all-loops]
            for (b_exp = I_-1; b_exp >= -F_; b_exp--) {
            ^
            VITIS_LOOP_1345_1: 
C:\Users\Jonathan\Desktop\capstone\ai\vitis_hls\hls_component\cnn_gesture_top\hls\.autopilot\db\cnn_gesture_hls.pp.0.cpp:58589:13: note: FIX-IT applied suggested code changes
C:\Users\Jonathan\Desktop\capstone\ai\vitis_hls\hls_component\cnn_gesture_top\hls\.autopilot\db\cnn_gesture_hls.pp.0.cpp:58912:9: remark: Added loop label VITIS_LOOP_243_1:   [xilinx-label-all-loops]
        for ( int pos = msbr-1; pos >= 0; pos-- ) {
        ^
        VITIS_LOOP_243_1: 
C:\Users\Jonathan\Desktop\capstone\ai\vitis_hls\hls_component\cnn_gesture_top\hls\.autopilot\db\cnn_gesture_hls.pp.0.cpp:58912:9: note: FIX-IT applied suggested code changes
C:\Users\Jonathan\Desktop\capstone\ai\vitis_hls\hls_component\cnn_gesture_top\hls\.autopilot\db\cnn_gesture_hls.pp.0.cpp:58940:9: remark: Added loop label VITIS_LOOP_271_2:   [xilinx-label-all-loops]
        for ( int pos = -1; pos >= -F_-1; pos-- ) {
        ^
        VITIS_LOOP_271_2: 
C:\Users\Jonathan\Desktop\capstone\ai\vitis_hls\hls_component\cnn_gesture_top\hls\.autopilot\db\cnn_gesture_hls.pp.0.cpp:58940:9: note: FIX-IT applied suggested code changes
C:\Users\Jonathan\Desktop\capstone\ai\vitis_hls\hls_component\cnn_gesture_top\hls\.autopilot\db\cnn_gesture_hls.pp.0.cpp:59644:13: remark: Added loop label VITIS_LOOP_48_1:   [xilinx-label-all-loops]
            for (int j = 0; j < W_-1; j++){
            ^
            VITIS_LOOP_48_1: 
C:\Users\Jonathan\Desktop\capstone\ai\vitis_hls\hls_component\cnn_gesture_top\hls\.autopilot\db\cnn_gesture_hls.pp.0.cpp:59644:13: note: FIX-IT applied suggested code changes
C:\Users\Jonathan\Desktop\capstone\ai\vitis_hls\hls_component\cnn_gesture_top\hls\.autopilot\db\cnn_gesture_hls.pp.0.cpp:59697:5: remark: Added loop label VITIS_LOOP_109_2:   [xilinx-label-all-loops]
    for (int j = F_l+F_+I_m-1; j < F_l+W_+5; j++){
    ^
    VITIS_LOOP_109_2: 
C:\Users\Jonathan\Desktop\capstone\ai\vitis_hls\hls_component\cnn_gesture_top\hls\.autopilot\db\cnn_gesture_hls.pp.0.cpp:59697:5: note: FIX-IT applied suggested code changes
C:\Users\Jonathan\Desktop\capstone\ai\vitis_hls\hls_component\cnn_gesture_top\hls\.autopilot\db\cnn_gesture_hls.pp.0.cpp:59711:13: remark: Added loop label VITIS_LOOP_123_3:   [xilinx-label-all-loops]
            for (int j = WO_m-1; j >= W_-1; j--) {
            ^
            VITIS_LOOP_123_3: 
C:\Users\Jonathan\Desktop\capstone\ai\vitis_hls\hls_component\cnn_gesture_top\hls\.autopilot\db\cnn_gesture_hls.pp.0.cpp:59711:13: note: FIX-IT applied suggested code changes
C:\Users\Jonathan\Desktop\capstone\ai\vitis_hls\hls_component\cnn_gesture_top\hls\.autopilot\db\cnn_gesture_hls.pp.0.cpp:59741:13: remark: Added loop label VITIS_LOOP_153_4:   [xilinx-label-all-loops]
            for (int j = W_-2; j >= 0; j--){
            ^
            VITIS_LOOP_153_4: 
C:\Users\Jonathan\Desktop\capstone\ai\vitis_hls\hls_component\cnn_gesture_top\hls\.autopilot\db\cnn_gesture_hls.pp.0.cpp:59741:13: note: FIX-IT applied suggested code changes
C:\Users\Jonathan\Desktop\capstone\ai\vitis_hls\hls_component\cnn_gesture_top\hls\.autopilot\db\cnn_gesture_hls.pp.0.cpp:59826:12: remark: Added loop label VITIS_LOOP_281_1:   [xilinx-label-all-loops]
           for(int i = wf_log+we_log-2; i > WI_e - 2; --i) {
           ^
           VITIS_LOOP_281_1: 
C:\Users\Jonathan\Desktop\capstone\ai\vitis_hls\hls_component\cnn_gesture_top\hls\.autopilot\db\cnn_gesture_hls.pp.0.cpp:59826:12: note: FIX-IT applied suggested code changes
C:\Users\Jonathan\Desktop\capstone\ai\vitis_hls\hls_component\cnn_gesture_top\hls\.autopilot\db\cnn_gesture_hls.pp.0.cpp:59846:16: remark: Added loop label VITIS_LOOP_301_2:   [xilinx-label-all-loops]
               for (int j = WO_e-1; j >= W_-1; j--) {
               ^
               VITIS_LOOP_301_2: 
C:\Users\Jonathan\Desktop\capstone\ai\vitis_hls\hls_component\cnn_gesture_top\hls\.autopilot\db\cnn_gesture_hls.pp.0.cpp:59846:16: note: FIX-IT applied suggested code changes
C:\Users\Jonathan\Desktop\capstone\ai\vitis_hls\hls_component\cnn_gesture_top\hls\.autopilot\db\cnn_gesture_hls.pp.0.cpp:59860:20: remark: Added loop label VITIS_LOOP_315_3:   [xilinx-label-all-loops]
                   for(int i = 0; i < W_-1; ++i) {
                   ^
                   VITIS_LOOP_315_3: 
C:\Users\Jonathan\Desktop\capstone\ai\vitis_hls\hls_component\cnn_gesture_top\hls\.autopilot\db\cnn_gesture_hls.pp.0.cpp:59860:20: note: FIX-IT applied suggested code changes
C:\Users\Jonathan\Desktop\capstone\ai\vitis_hls\hls_component\cnn_gesture_top\hls\.autopilot\db\cnn_gesture_hls.pp.0.cpp:59953:12: remark: Added loop label VITIS_LOOP_433_1:   [xilinx-label-all-loops]
           for (int j =WO_d-1; j >= W_-1; j--) {
           ^
           VITIS_LOOP_433_1: 
C:\Users\Jonathan\Desktop\capstone\ai\vitis_hls\hls_component\cnn_gesture_top\hls\.autopilot\db\cnn_gesture_hls.pp.0.cpp:59953:12: note: FIX-IT applied suggested code changes
C:\Users\Jonathan\Desktop\capstone\ai\vitis_hls\hls_component\cnn_gesture_top\hls\.autopilot\db\cnn_gesture_hls.pp.0.cpp:59967:15: remark: Added loop label VITIS_LOOP_447_2:   [xilinx-label-all-loops]
              for(int i = 0; i < W_-1; ++i) {
              ^
              VITIS_LOOP_447_2: 
C:\Users\Jonathan\Desktop\capstone\ai\vitis_hls\hls_component\cnn_gesture_top\hls\.autopilot\db\cnn_gesture_hls.pp.0.cpp:59967:15: note: FIX-IT applied suggested code changes
C:\Users\Jonathan\Desktop\capstone\ai\vitis_hls\hls_component\cnn_gesture_top\hls\.autopilot\db\cnn_gesture_hls.pp.0.cpp:60087:13: remark: Added loop label VITIS_LOOP_33_1:   [xilinx-label-all-loops]
            for (int i = 0; i < W_-1; i++){
            ^
            VITIS_LOOP_33_1: 
C:\Users\Jonathan\Desktop\capstone\ai\vitis_hls\hls_component\cnn_gesture_top\hls\.autopilot\db\cnn_gesture_hls.pp.0.cpp:60087:13: note: FIX-IT applied suggested code changes
C:\Users\Jonathan\Desktop\capstone\ai\vitis_hls\hls_component\cnn_gesture_top\hls\.autopilot\db\cnn_gesture_hls.pp.0.cpp:60211:13: remark: Added loop label VITIS_LOOP_183_1:   [xilinx-label-all-loops]
            for (int i = 0; i < W_-1; i++){
            ^
            VITIS_LOOP_183_1: 
C:\Users\Jonathan\Desktop\capstone\ai\vitis_hls\hls_component\cnn_gesture_top\hls\.autopilot\db\cnn_gesture_hls.pp.0.cpp:60211:13: note: FIX-IT applied suggested code changes
C:\Users\Jonathan\Desktop\capstone\ai\vitis_hls\hls_component\cnn_gesture_top\hls\.autopilot\db\cnn_gesture_hls.pp.0.cpp:60266:13: remark: Added loop label VITIS_LOOP_248_1:   [xilinx-label-all-loops]
            for (int i = 0; i < W_-1; i++){
            ^
            VITIS_LOOP_248_1: 
C:\Users\Jonathan\Desktop\capstone\ai\vitis_hls\hls_component\cnn_gesture_top\hls\.autopilot\db\cnn_gesture_hls.pp.0.cpp:60266:13: note: FIX-IT applied suggested code changes
C:\Users\Jonathan\Desktop\capstone\ai\vitis_hls\hls_component\cnn_gesture_top\hls\.autopilot\db\cnn_gesture_hls.pp.0.cpp:60533:5: remark: Added loop label VITIS_LOOP_44_1:   [xilinx-label-all-loops]
    for(int l = loop_nm; l > 0; --l){
    ^
    VITIS_LOOP_44_1: 
C:\Users\Jonathan\Desktop\capstone\ai\vitis_hls\hls_component\cnn_gesture_top\hls\.autopilot\db\cnn_gesture_hls.pp.0.cpp:60533:5: note: FIX-IT applied suggested code changes
C:\Users\Jonathan\Desktop\capstone\ai\vitis_hls\hls_component\cnn_gesture_top\hls\.autopilot\db\cnn_gesture_hls.pp.0.cpp:60784:5: remark: Added loop label VITIS_LOOP_16_1:   [xilinx-label-all-loops]
    for (int i=0; i<W_;i++)
    ^
    VITIS_LOOP_16_1: 
C:\Users\Jonathan\Desktop\capstone\ai\vitis_hls\hls_component\cnn_gesture_top\hls\.autopilot\db\cnn_gesture_hls.pp.0.cpp:60784:5: note: FIX-IT applied suggested code changes
C:\Users\Jonathan\Desktop\capstone\ai\vitis_hls\hls_component\cnn_gesture_top\hls\.autopilot\db\cnn_gesture_hls.pp.0.cpp:60795:5: remark: Added loop label VITIS_LOOP_27_1:   [xilinx-label-all-loops]
    for (int i=0; i<W_;i++)
    ^
    VITIS_LOOP_27_1: 
C:\Users\Jonathan\Desktop\capstone\ai\vitis_hls\hls_component\cnn_gesture_top\hls\.autopilot\db\cnn_gesture_hls.pp.0.cpp:60795:5: note: FIX-IT applied suggested code changes
C:\Users\Jonathan\Desktop\capstone\ai\vitis_hls\hls_component\cnn_gesture_top\hls\.autopilot\db\cnn_gesture_hls.pp.0.cpp:60806:5: remark: Added loop label VITIS_LOOP_38_1:   [xilinx-label-all-loops]
    for (int i=0; i<I_;i++)
    ^
    VITIS_LOOP_38_1: 
C:\Users\Jonathan\Desktop\capstone\ai\vitis_hls\hls_component\cnn_gesture_top\hls\.autopilot\db\cnn_gesture_hls.pp.0.cpp:60806:5: note: FIX-IT applied suggested code changes
C:\Users\Jonathan\Desktop\capstone\ai\vitis_hls\hls_component\cnn_gesture_top\hls\.autopilot\db\cnn_gesture_hls.pp.0.cpp:60817:5: remark: Added loop label VITIS_LOOP_49_1:   [xilinx-label-all-loops]
    for (int i=0; i<I_;i++)
    ^
    VITIS_LOOP_49_1: 
C:\Users\Jonathan\Desktop\capstone\ai\vitis_hls\hls_component\cnn_gesture_top\hls\.autopilot\db\cnn_gesture_hls.pp.0.cpp:60817:5: note: FIX-IT applied suggested code changes
C:\Users\Jonathan\Desktop\capstone\ai\vitis_hls\hls_component\cnn_gesture_top\hls\.autopilot\db\cnn_gesture_hls.pp.0.cpp:60828:5: remark: Added loop label VITIS_LOOP_60_1:   [xilinx-label-all-loops]
    for (int i=0; i<W_;i++)
    ^
    VITIS_LOOP_60_1: 
C:\Users\Jonathan\Desktop\capstone\ai\vitis_hls\hls_component\cnn_gesture_top\hls\.autopilot\db\cnn_gesture_hls.pp.0.cpp:60828:5: note: FIX-IT applied suggested code changes
C:\Users\Jonathan\Desktop\capstone\ai\vitis_hls\hls_component\cnn_gesture_top\hls\.autopilot\db\cnn_gesture_hls.pp.0.cpp:60839:5: remark: Added loop label VITIS_LOOP_71_1:   [xilinx-label-all-loops]
    for (int i=0; i<W_;i++)
    ^
    VITIS_LOOP_71_1: 
C:\Users\Jonathan\Desktop\capstone\ai\vitis_hls\hls_component\cnn_gesture_top\hls\.autopilot\db\cnn_gesture_hls.pp.0.cpp:60839:5: note: FIX-IT applied suggested code changes
C:\Users\Jonathan\Desktop\capstone\ai\vitis_hls\hls_component\cnn_gesture_top\hls\.autopilot\db\cnn_gesture_hls.pp.0.cpp:60850:5: remark: Added loop label VITIS_LOOP_82_1:   [xilinx-label-all-loops]
    for (int i=0; i<I_;i++)
    ^
    VITIS_LOOP_82_1: 
C:\Users\Jonathan\Desktop\capstone\ai\vitis_hls\hls_component\cnn_gesture_top\hls\.autopilot\db\cnn_gesture_hls.pp.0.cpp:60850:5: note: FIX-IT applied suggested code changes
C:\Users\Jonathan\Desktop\capstone\ai\vitis_hls\hls_component\cnn_gesture_top\hls\.autopilot\db\cnn_gesture_hls.pp.0.cpp:60861:5: remark: Added loop label VITIS_LOOP_93_1:   [xilinx-label-all-loops]
    for (int i=0; i<I_;i++)
    ^
    VITIS_LOOP_93_1: 
C:\Users\Jonathan\Desktop\capstone\ai\vitis_hls\hls_component\cnn_gesture_top\hls\.autopilot\db\cnn_gesture_hls.pp.0.cpp:60861:5: note: FIX-IT applied suggested code changes
C:\Users\Jonathan\Desktop\capstone\ai\vitis_hls\hls_component\cnn_gesture_top\hls\.autopilot\db\cnn_gesture_hls.pp.0.cpp:63220:12: remark: Added loop label VITIS_LOOP_26_1:   [xilinx-label-all-loops]
           for(int i = 0; i < W_-1; ++i) {
           ^
           VITIS_LOOP_26_1: 
C:\Users\Jonathan\Desktop\capstone\ai\vitis_hls\hls_component\cnn_gesture_top\hls\.autopilot\db\cnn_gesture_hls.pp.0.cpp:63220:12: note: FIX-IT applied suggested code changes
C:\Users\Jonathan\Desktop\capstone\ai\vitis_hls\hls_component\cnn_gesture_top\hls\.autopilot\db\cnn_gesture_hls.pp.0.cpp:63284:7: remark: Added loop label VITIS_LOOP_40_1:   [xilinx-label-all-loops]
      for(int pos = msbr - 1 ; pos >= -F-1; pos--) {
      ^
      VITIS_LOOP_40_1: 
C:\Users\Jonathan\Desktop\capstone\ai\vitis_hls\hls_component\cnn_gesture_top\hls\.autopilot\db\cnn_gesture_hls.pp.0.cpp:63284:7: note: FIX-IT applied suggested code changes
C:\Users\Jonathan\Desktop\capstone\ai\vitis_hls\hls_component\cnn_gesture_top\hls\.autopilot\db\cnn_gesture_hls.pp.0.cpp:63401:9: remark: Added loop label VITIS_LOOP_49_1:   [xilinx-label-all-loops]
        for(int pos = msbr - 1; pos >= 0; pos--) {
        ^
        VITIS_LOOP_49_1: 
C:\Users\Jonathan\Desktop\capstone\ai\vitis_hls\hls_component\cnn_gesture_top\hls\.autopilot\db\cnn_gesture_hls.pp.0.cpp:63401:9: note: FIX-IT applied suggested code changes
C:\Users\Jonathan\Desktop\capstone\ai\vitis_hls\hls_component\cnn_gesture_top\hls\.autopilot\db\cnn_gesture_hls.pp.0.cpp:63426:5: remark: Added loop label VITIS_LOOP_81_2:   [xilinx-label-all-loops]
    for(int pos = -1; pos >= -F-1; pos--) {
    ^
    VITIS_LOOP_81_2: 
C:\Users\Jonathan\Desktop\capstone\ai\vitis_hls\hls_component\cnn_gesture_top\hls\.autopilot\db\cnn_gesture_hls.pp.0.cpp:63426:5: note: FIX-IT applied suggested code changes
C:\Users\Jonathan\Desktop\capstone\ai\vitis_hls\hls_component\cnn_gesture_top\hls\.autopilot\db\cnn_gesture_hls.pp.0.cpp:63496:8: remark: Added loop label VITIS_LOOP_169_3:   [xilinx-label-all-loops]
       for(int i = 0; i < W - 1; ++i) {
       ^
       VITIS_LOOP_169_3: 
C:\Users\Jonathan\Desktop\capstone\ai\vitis_hls\hls_component\cnn_gesture_top\hls\.autopilot\db\cnn_gesture_hls.pp.0.cpp:63496:8: note: FIX-IT applied suggested code changes
C:\Users\Jonathan\Desktop\capstone\ai\vitis_hls\hls_component\cnn_gesture_top\hls\.autopilot\db\cnn_gesture_hls.pp.0.cpp:65745:5: remark: Added loop label VITIS_LOOP_33_1:   [xilinx-label-all-loops]
    for (int i = 1; i < 6; i++) {
    ^
    VITIS_LOOP_33_1: 
C:\Users\Jonathan\Desktop\capstone\ai\vitis_hls\hls_component\cnn_gesture_top\hls\.autopilot\db\cnn_gesture_hls.pp.0.cpp:65745:5: note: FIX-IT applied suggested code changes
C:\Users\Jonathan\Desktop\capstone\ai\vitis_hls\hls_component\cnn_gesture_top\hls\.autopilot\db\cnn_gesture_hls.pp.0.cpp:65751:5: remark: Added loop label VITIS_LOOP_39_2:   [xilinx-label-all-loops]
    for (int i = 0; i < 6; i++) {
    ^
    VITIS_LOOP_39_2: 
C:\Users\Jonathan\Desktop\capstone\ai\vitis_hls\hls_component\cnn_gesture_top\hls\.autopilot\db\cnn_gesture_hls.pp.0.cpp:65751:5: note: FIX-IT applied suggested code changes
C:\Users\Jonathan\Desktop\capstone\ai\vitis_hls\hls_component\cnn_gesture_top\hls\.autopilot\db\cnn_gesture_hls.pp.0.cpp:65757:5: remark: Added loop label VITIS_LOOP_45_3:   [xilinx-label-all-loops]
    for (int i = 0; i < 6; i++) {
    ^
    VITIS_LOOP_45_3: 
C:\Users\Jonathan\Desktop\capstone\ai\vitis_hls\hls_component\cnn_gesture_top\hls\.autopilot\db\cnn_gesture_hls.pp.0.cpp:65757:5: note: FIX-IT applied suggested code changes
C:\Users\Jonathan\Desktop\capstone\ai\vitis_hls\hls_component\cnn_gesture_top\hls\.autopilot\db\cnn_gesture_hls.pp.0.cpp:65782:5: remark: Added loop label VITIS_LOOP_70_1:   [xilinx-label-all-loops]
    for (int c = 0; c < 6; c++) {
    ^
    VITIS_LOOP_70_1: 
C:\Users\Jonathan\Desktop\capstone\ai\vitis_hls\hls_component\cnn_gesture_top\hls\.autopilot\db\cnn_gesture_hls.pp.0.cpp:65782:5: note: FIX-IT applied suggested code changes
C:\Users\Jonathan\Desktop\capstone\ai\vitis_hls\hls_component\cnn_gesture_top\hls\.autopilot\db\cnn_gesture_hls.pp.0.cpp:65786:5: remark: Added loop label VITIS_LOOP_74_2:   [xilinx-label-all-loops]
    for (int t = 0; t < 100; t++) {
    ^
    VITIS_LOOP_74_2: 
C:\Users\Jonathan\Desktop\capstone\ai\vitis_hls\hls_component\cnn_gesture_top\hls\.autopilot\db\cnn_gesture_hls.pp.0.cpp:65786:5: note: FIX-IT applied suggested code changes
C:\Users\Jonathan\Desktop\capstone\ai\vitis_hls\hls_component\cnn_gesture_top\hls\.autopilot\db\cnn_gesture_hls.pp.0.cpp:65787:9: remark: Added loop label VITIS_LOOP_75_3:   [xilinx-label-all-loops]
        for (int c = 0; c < 6; c++) {
        ^
        VITIS_LOOP_75_3: 
C:\Users\Jonathan\Desktop\capstone\ai\vitis_hls\hls_component\cnn_gesture_top\hls\.autopilot\db\cnn_gesture_hls.pp.0.cpp:65787:9: note: FIX-IT applied suggested code changes
C:\Users\Jonathan\Desktop\capstone\ai\vitis_hls\hls_component\cnn_gesture_top\hls\.autopilot\db\cnn_gesture_hls.pp.0.cpp:65797:5: remark: Added loop label VITIS_LOOP_85_4:   [xilinx-label-all-loops]
    for (int c = 0; c < 6; c++) {
    ^
    VITIS_LOOP_85_4: 
C:\Users\Jonathan\Desktop\capstone\ai\vitis_hls\hls_component\cnn_gesture_top\hls\.autopilot\db\cnn_gesture_hls.pp.0.cpp:65797:5: note: FIX-IT applied suggested code changes
C:\Users\Jonathan\Desktop\capstone\ai\vitis_hls\hls_component\cnn_gesture_top\hls\.autopilot\db\cnn_gesture_hls.pp.0.cpp:65802:5: remark: Added loop label VITIS_LOOP_90_5:   [xilinx-label-all-loops]
    for (int o = 0; o < 6; o++) {
    ^
    VITIS_LOOP_90_5: 
C:\Users\Jonathan\Desktop\capstone\ai\vitis_hls\hls_component\cnn_gesture_top\hls\.autopilot\db\cnn_gesture_hls.pp.0.cpp:65802:5: note: FIX-IT applied suggested code changes
C:\Users\Jonathan\Desktop\capstone\ai\vitis_hls\hls_component\cnn_gesture_top\hls\.autopilot\db\cnn_gesture_hls.pp.0.cpp:65804:9: remark: Added loop label VITIS_LOOP_92_6:   [xilinx-label-all-loops]
        for (int c = 0; c < 6; c++) {
        ^
        VITIS_LOOP_92_6: 
C:\Users\Jonathan\Desktop\capstone\ai\vitis_hls\hls_component\cnn_gesture_top\hls\.autopilot\db\cnn_gesture_hls.pp.0.cpp:65804:9: note: FIX-IT applied suggested code changes
C:\Users\Jonathan\Desktop\capstone\ai\vitis_hls\hls_component\cnn_gesture_top\hls\.autopilot\db\cnn_gesture_hls.pp.0.cpp:65828:5: remark: Added loop label VITIS_LOOP_112_1:   [xilinx-label-all-loops]
    for (int i = 0; i < 6; i++) {
    ^
    VITIS_LOOP_112_1: 
C:\Users\Jonathan\Desktop\capstone\ai\vitis_hls\hls_component\cnn_gesture_top\hls\.autopilot\db\cnn_gesture_hls.pp.0.cpp:65828:5: note: FIX-IT applied suggested code changes
