

================================================================
== Vitis HLS Report for 'cnn_gesture_top'
================================================================
* Date:           Wed Feb 25 12:56:48 2026

* Version:        2025.2 (Build 6295257 on Nov 12 2025)
* Project:        cnn_gesture_top
* Solution:       hls (Vivado IP Flow Target)
* Product family: zynquplus
* Target device:  xczu3eg-sbva484-2-i


================================================================
== Performance Estimates
================================================================
+ Timing: 
    * Summary: 
    +--------+----------+----------+------------+
    |  Clock |  Target  | Estimated| Uncertainty|
    +--------+----------+----------+------------+
    |ap_clk  |  10.00 ns|  7.220 ns|     2.70 ns|
    +--------+----------+----------+------------+

+ Latency: 
    * Summary: 
    +---------+---------+----------+----------+--------+--------+---------+
    |  Latency (cycles) |  Latency (absolute) |     Interval    | Pipeline|
    |   min   |   max   |    min   |    max   |   min  |   max  |   Type  |
    +---------+---------+----------+----------+--------+--------+---------+
    |   225730|   225730|  2.257 ms|  2.257 ms|  225731|  225731|       no|
    +---------+---------+----------+----------+--------+--------+---------+

    + Detail: 
        * Instance: 
        +-----------------------------------------------------------------------+------------------------------------------------------------+---------+---------+-----------+-----------+--------+--------+-------------------+
        |                                                                       |                                                            |  Latency (cycles) |   Latency (absolute)  |     Interval    |      Pipeline     |
        |                                Instance                               |                           Module                           |   min   |   max   |    min    |    max    |   min  |   max  |        Type       |
        +-----------------------------------------------------------------------+------------------------------------------------------------+---------+---------+-----------+-----------+--------+--------+-------------------+
        |grp_cnn_gesture_top_Pipeline_VITIS_LOOP_270_1_VITIS_LOOP_271_2_fu_264  |cnn_gesture_top_Pipeline_VITIS_LOOP_270_1_VITIS_LOOP_271_2  |      611|      611|   6.110 us|   6.110 us|       0|       0|  loop pipeline stp|
        |grp_cnn_gesture_core_fu_294                                            |cnn_gesture_core                                            |   225104|   225104|   2.251 ms|   2.251 ms|  225104|  225104|                 no|
        |grp_cnn_gesture_top_Pipeline_VITIS_LOOP_281_3_fu_449                   |cnn_gesture_top_Pipeline_VITIS_LOOP_281_3                   |        8|        8|  80.000 ns|  80.000 ns|       0|       0|  loop pipeline stp|
        +-----------------------------------------------------------------------+------------------------------------------------------------+---------+---------+-----------+-----------+--------+--------+-------------------+

        * Loop: 
        N/A

============================================================
+ Verbose Summary: Synthesis Manager
============================================================
InlineROM: 1
ExposeGlobal: 0
============================================================
+ Verbose Summary: CDFG Model
============================================================
IsTopModel: 1
ResetActiveHigh: 1
IsCombinational: 0
IsDatapathOnly: 0
HasWiredReturn: 1
HasMFsm: 0
HasVarLatency: 1
IsPipeline: 0
IsRtlPipelined: 0
IsInstanceOverlapped: 0
IsDontTouch: 0
HasImplIP: 0
IsGatedGlobalClock: 0


============================================================
+ Verbose Summary: Schedule
============================================================
* Number of FSM states : 8
* Pipeline : 0
* Dataflow Pipeline: 0

* FSM state transitions: 
1 --> 2 
2 --> 3 
3 --> 4 
4 --> 5 
5 --> 6 
6 --> 7 
7 --> 8 
8 --> 

* FSM state operations: 

State 1 <SV = 0> <Delay = 0.67>
ST_1 : Operation 9 [1/1] (0.67ns)   --->   "%input = alloca i64 1" [../cnn_gesture_hls.cpp:266]   --->   Operation 9 'alloca' 'input' <Predicate = true> <Delay = 0.67>
ST_1 : Operation 10 [1/1] (0.67ns)   --->   "%input_1 = alloca i64 1" [../cnn_gesture_hls.cpp:266]   --->   Operation 10 'alloca' 'input_1' <Predicate = true> <Delay = 0.67>
ST_1 : Operation 11 [1/1] (0.67ns)   --->   "%input_2 = alloca i64 1" [../cnn_gesture_hls.cpp:266]   --->   Operation 11 'alloca' 'input_2' <Predicate = true> <Delay = 0.67>
ST_1 : Operation 12 [1/1] (0.67ns)   --->   "%input_3 = alloca i64 1" [../cnn_gesture_hls.cpp:266]   --->   Operation 12 'alloca' 'input_3' <Predicate = true> <Delay = 0.67>
ST_1 : Operation 13 [1/1] (0.67ns)   --->   "%input_4 = alloca i64 1" [../cnn_gesture_hls.cpp:266]   --->   Operation 13 'alloca' 'input_4' <Predicate = true> <Delay = 0.67>
ST_1 : Operation 14 [1/1] (0.67ns)   --->   "%input_5 = alloca i64 1" [../cnn_gesture_hls.cpp:266]   --->   Operation 14 'alloca' 'input_5' <Predicate = true> <Delay = 0.67>
ST_1 : Operation 15 [1/1] (0.67ns)   --->   "%input_6 = alloca i64 1" [../cnn_gesture_hls.cpp:266]   --->   Operation 15 'alloca' 'input_6' <Predicate = true> <Delay = 0.67>
ST_1 : Operation 16 [1/1] (0.67ns)   --->   "%input_7 = alloca i64 1" [../cnn_gesture_hls.cpp:266]   --->   Operation 16 'alloca' 'input_7' <Predicate = true> <Delay = 0.67>
ST_1 : Operation 17 [1/1] (0.67ns)   --->   "%input_8 = alloca i64 1" [../cnn_gesture_hls.cpp:266]   --->   Operation 17 'alloca' 'input_8' <Predicate = true> <Delay = 0.67>
ST_1 : Operation 18 [1/1] (0.67ns)   --->   "%input_9 = alloca i64 1" [../cnn_gesture_hls.cpp:266]   --->   Operation 18 'alloca' 'input_9' <Predicate = true> <Delay = 0.67>
ST_1 : Operation 19 [1/1] (0.67ns)   --->   "%input_10 = alloca i64 1" [../cnn_gesture_hls.cpp:266]   --->   Operation 19 'alloca' 'input_10' <Predicate = true> <Delay = 0.67>
ST_1 : Operation 20 [1/1] (0.67ns)   --->   "%input_11 = alloca i64 1" [../cnn_gesture_hls.cpp:266]   --->   Operation 20 'alloca' 'input_11' <Predicate = true> <Delay = 0.67>
ST_1 : Operation 21 [1/1] (0.67ns)   --->   "%input_12 = alloca i64 1" [../cnn_gesture_hls.cpp:266]   --->   Operation 21 'alloca' 'input_12' <Predicate = true> <Delay = 0.67>
ST_1 : Operation 22 [1/1] (0.67ns)   --->   "%input_13 = alloca i64 1" [../cnn_gesture_hls.cpp:266]   --->   Operation 22 'alloca' 'input_13' <Predicate = true> <Delay = 0.67>
ST_1 : Operation 23 [1/1] (0.67ns)   --->   "%input_14 = alloca i64 1" [../cnn_gesture_hls.cpp:266]   --->   Operation 23 'alloca' 'input_14' <Predicate = true> <Delay = 0.67>
ST_1 : Operation 24 [1/1] (0.67ns)   --->   "%input_15 = alloca i64 1" [../cnn_gesture_hls.cpp:266]   --->   Operation 24 'alloca' 'input_15' <Predicate = true> <Delay = 0.67>
ST_1 : Operation 25 [1/1] (0.67ns)   --->   "%input_16 = alloca i64 1" [../cnn_gesture_hls.cpp:266]   --->   Operation 25 'alloca' 'input_16' <Predicate = true> <Delay = 0.67>
ST_1 : Operation 26 [1/1] (0.67ns)   --->   "%input_17 = alloca i64 1" [../cnn_gesture_hls.cpp:266]   --->   Operation 26 'alloca' 'input_17' <Predicate = true> <Delay = 0.67>
ST_1 : Operation 27 [1/1] (0.67ns)   --->   "%output = alloca i64 1" [../cnn_gesture_hls.cpp:267]   --->   Operation 27 'alloca' 'output' <Predicate = true> <Delay = 0.67>

State 2 <SV = 1> <Delay = 2.38>
ST_2 : Operation 28 [2/2] (2.38ns)   --->   "%call_ln0 = call void @cnn_gesture_top_Pipeline_VITIS_LOOP_270_1_VITIS_LOOP_271_2, i16 %input, i16 %input_1, i16 %input_2, i16 %input_3, i16 %input_4, i16 %input_5, i16 %input_6, i16 %input_7, i16 %input_8, i16 %input_9, i16 %input_10, i16 %input_11, i16 %input_12, i16 %input_13, i16 %input_14, i16 %input_15, i16 %input_16, i16 %input_17, i32 %input_stream_V_data_V, i4 %input_stream_V_keep_V, i4 %input_stream_V_strb_V, i1 %input_stream_V_last_V"   --->   Operation 28 'call' 'call_ln0' <Predicate = true> <Delay = 2.38> <CoreType = "Generic">   --->   Generic Core

State 3 <SV = 2> <Delay = 0.00>
ST_3 : Operation 29 [1/2] (0.00ns)   --->   "%call_ln0 = call void @cnn_gesture_top_Pipeline_VITIS_LOOP_270_1_VITIS_LOOP_271_2, i16 %input, i16 %input_1, i16 %input_2, i16 %input_3, i16 %input_4, i16 %input_5, i16 %input_6, i16 %input_7, i16 %input_8, i16 %input_9, i16 %input_10, i16 %input_11, i16 %input_12, i16 %input_13, i16 %input_14, i16 %input_15, i16 %input_16, i16 %input_17, i32 %input_stream_V_data_V, i4 %input_stream_V_keep_V, i4 %input_stream_V_strb_V, i1 %input_stream_V_last_V"   --->   Operation 29 'call' 'call_ln0' <Predicate = true> <Delay = 0.00> <CoreType = "Generic">   --->   Generic Core

State 4 <SV = 3> <Delay = 0.00>
ST_4 : Operation 30 [2/2] (0.00ns)   --->   "%call_ln279 = call void @cnn_gesture_core, i16 %input, i16 %input_1, i16 %input_2, i16 %input_3, i16 %input_4, i16 %input_5, i16 %input_6, i16 %input_7, i16 %input_8, i16 %input_9, i16 %input_10, i16 %input_11, i16 %input_12, i16 %input_13, i16 %input_14, i16 %input_15, i16 %input_16, i16 %input_17, i16 %output, i32 %p_ZL14conv1d_param_0_0, i32 %p_ZL14conv1d_param_0_1, i32 %p_ZL14conv1d_param_0_2, i32 %p_ZL14conv1d_param_0_3, i32 %p_ZL14conv1d_param_0_4, i32 %p_ZL14conv1d_param_0_5, i32 %p_ZL14conv1d_param_0_6, i32 %p_ZL14conv1d_param_0_7, i32 %p_ZL14conv1d_param_0_8, i32 %p_ZL14conv1d_param_0_9, i32 %p_ZL14conv1d_param_0_10, i32 %p_ZL14conv1d_param_0_11, i32 %p_ZL14conv1d_param_0_12, i32 %p_ZL14conv1d_param_0_13, i32 %p_ZL14conv1d_param_0_14, i32 %p_ZL14conv1d_param_0_15, i32 %p_ZL14conv1d_param_0_16, i32 %p_ZL14conv1d_param_0_17, i32 %p_ZL14conv1d_param_0_18, i32 %conv1d_param_1, i32 %batch_normalization_param_0, i32 %batch_normalization_param_1, i32 %batch_normalization_param_2, i32 %batch_normalization_param_3, i32 %p_ZL16conv1d_1_param_0_0, i32 %p_ZL16conv1d_1_param_0_1, i32 %p_ZL16conv1d_1_param_0_2, i32 %p_ZL16conv1d_1_param_0_3, i32 %p_ZL16conv1d_1_param_0_4, i32 %p_ZL16conv1d_1_param_0_5, i32 %p_ZL16conv1d_1_param_0_6, i32 %p_ZL16conv1d_1_param_0_7, i32 %p_ZL16conv1d_1_param_0_8, i32 %p_ZL16conv1d_1_param_0_9, i32 %p_ZL16conv1d_1_param_0_10, i32 %p_ZL16conv1d_1_param_0_11, i32 %p_ZL16conv1d_1_param_0_12, i32 %p_ZL16conv1d_1_param_0_13, i32 %p_ZL16conv1d_1_param_0_14, i32 %p_ZL16conv1d_1_param_0_15, i32 %p_ZL16conv1d_1_param_0_16, i32 %p_ZL16conv1d_1_param_0_17, i32 %p_ZL16conv1d_1_param_0_18, i32 %p_ZL16conv1d_1_param_0_19, i32 %p_ZL16conv1d_1_param_0_20, i32 %p_ZL16conv1d_1_param_0_21, i32 %p_ZL16conv1d_1_param_0_22, i32 %p_ZL16conv1d_1_param_0_23, i32 %p_ZL16conv1d_1_param_0_24, i32 %p_ZL16conv1d_1_param_0_25, i32 %p_ZL16conv1d_1_param_0_26, i32 %p_ZL16conv1d_1_param_0_27, i32 %p_ZL16conv1d_1_param_0_28, i32 %p_ZL16conv1d_1_param_0_29, i32 %p_ZL16conv1d_1_param_0_30, i32 %p_ZL16conv1d_1_param_0_31, i32 %p_ZL16conv1d_1_param_0_32, i32 %conv1d_1_param_1, i32 %batch_normalization_1_param_0, i32 %batch_normalization_1_param_1, i32 %batch_normalization_1_param_2, i32 %batch_normalization_1_param_3, i32 %dense_param_1, i32 %dense_param_0, i32 %dense_1_param_1, i32 %dense_1_param_0" [../cnn_gesture_hls.cpp:279]   --->   Operation 30 'call' 'call_ln279' <Predicate = true> <Delay = 0.00> <CoreType = "Generic">   --->   Generic Core

State 5 <SV = 4> <Delay = 0.00>
ST_5 : Operation 31 [1/2] (0.00ns)   --->   "%call_ln279 = call void @cnn_gesture_core, i16 %input, i16 %input_1, i16 %input_2, i16 %input_3, i16 %input_4, i16 %input_5, i16 %input_6, i16 %input_7, i16 %input_8, i16 %input_9, i16 %input_10, i16 %input_11, i16 %input_12, i16 %input_13, i16 %input_14, i16 %input_15, i16 %input_16, i16 %input_17, i16 %output, i32 %p_ZL14conv1d_param_0_0, i32 %p_ZL14conv1d_param_0_1, i32 %p_ZL14conv1d_param_0_2, i32 %p_ZL14conv1d_param_0_3, i32 %p_ZL14conv1d_param_0_4, i32 %p_ZL14conv1d_param_0_5, i32 %p_ZL14conv1d_param_0_6, i32 %p_ZL14conv1d_param_0_7, i32 %p_ZL14conv1d_param_0_8, i32 %p_ZL14conv1d_param_0_9, i32 %p_ZL14conv1d_param_0_10, i32 %p_ZL14conv1d_param_0_11, i32 %p_ZL14conv1d_param_0_12, i32 %p_ZL14conv1d_param_0_13, i32 %p_ZL14conv1d_param_0_14, i32 %p_ZL14conv1d_param_0_15, i32 %p_ZL14conv1d_param_0_16, i32 %p_ZL14conv1d_param_0_17, i32 %p_ZL14conv1d_param_0_18, i32 %conv1d_param_1, i32 %batch_normalization_param_0, i32 %batch_normalization_param_1, i32 %batch_normalization_param_2, i32 %batch_normalization_param_3, i32 %p_ZL16conv1d_1_param_0_0, i32 %p_ZL16conv1d_1_param_0_1, i32 %p_ZL16conv1d_1_param_0_2, i32 %p_ZL16conv1d_1_param_0_3, i32 %p_ZL16conv1d_1_param_0_4, i32 %p_ZL16conv1d_1_param_0_5, i32 %p_ZL16conv1d_1_param_0_6, i32 %p_ZL16conv1d_1_param_0_7, i32 %p_ZL16conv1d_1_param_0_8, i32 %p_ZL16conv1d_1_param_0_9, i32 %p_ZL16conv1d_1_param_0_10, i32 %p_ZL16conv1d_1_param_0_11, i32 %p_ZL16conv1d_1_param_0_12, i32 %p_ZL16conv1d_1_param_0_13, i32 %p_ZL16conv1d_1_param_0_14, i32 %p_ZL16conv1d_1_param_0_15, i32 %p_ZL16conv1d_1_param_0_16, i32 %p_ZL16conv1d_1_param_0_17, i32 %p_ZL16conv1d_1_param_0_18, i32 %p_ZL16conv1d_1_param_0_19, i32 %p_ZL16conv1d_1_param_0_20, i32 %p_ZL16conv1d_1_param_0_21, i32 %p_ZL16conv1d_1_param_0_22, i32 %p_ZL16conv1d_1_param_0_23, i32 %p_ZL16conv1d_1_param_0_24, i32 %p_ZL16conv1d_1_param_0_25, i32 %p_ZL16conv1d_1_param_0_26, i32 %p_ZL16conv1d_1_param_0_27, i32 %p_ZL16conv1d_1_param_0_28, i32 %p_ZL16conv1d_1_param_0_29, i32 %p_ZL16conv1d_1_param_0_30, i32 %p_ZL16conv1d_1_param_0_31, i32 %p_ZL16conv1d_1_param_0_32, i32 %conv1d_1_param_1, i32 %batch_normalization_1_param_0, i32 %batch_normalization_1_param_1, i32 %batch_normalization_1_param_2, i32 %batch_normalization_1_param_3, i32 %dense_param_1, i32 %dense_param_0, i32 %dense_1_param_1, i32 %dense_1_param_0" [../cnn_gesture_hls.cpp:279]   --->   Operation 31 'call' 'call_ln279' <Predicate = true> <Delay = 0.00> <CoreType = "Generic">   --->   Generic Core

State 6 <SV = 5> <Delay = 0.00>
ST_6 : Operation 32 [2/2] (0.00ns)   --->   "%call_ln0 = call void @cnn_gesture_top_Pipeline_VITIS_LOOP_281_3, i16 %output, i32 %output_stream_V_data_V, i4 %output_stream_V_keep_V, i4 %output_stream_V_strb_V, i1 %output_stream_V_last_V"   --->   Operation 32 'call' 'call_ln0' <Predicate = true> <Delay = 0.00> <CoreType = "Generic">   --->   Generic Core

State 7 <SV = 6> <Delay = 5.74>
ST_7 : Operation 33 [1/2] (5.74ns)   --->   "%call_ln0 = call void @cnn_gesture_top_Pipeline_VITIS_LOOP_281_3, i16 %output, i32 %output_stream_V_data_V, i4 %output_stream_V_keep_V, i4 %output_stream_V_strb_V, i1 %output_stream_V_last_V"   --->   Operation 33 'call' 'call_ln0' <Predicate = true> <Delay = 5.74> <CoreType = "Generic">   --->   Generic Core

State 8 <SV = 7> <Delay = 0.00>
ST_8 : Operation 34 [1/1] (0.00ns)   --->   "%spectopmodule_ln258 = spectopmodule void @_ssdm_op_SpecTopModule, void @empty_0" [../cnn_gesture_hls.cpp:258]   --->   Operation 34 'spectopmodule' 'spectopmodule_ln258' <Predicate = true> <Delay = 0.00>
ST_8 : Operation 35 [1/1] (0.00ns)   --->   "%specinterface_ln0 = specinterface void @_ssdm_op_SpecInterface, i32 %input_stream_V_data_V, i4 %input_stream_V_keep_V, i4 %input_stream_V_strb_V, i1 %input_stream_V_last_V, void @empty_5, i32 1, i32 1, void @empty_3, i32 0, i32 0, void @empty_9, void @empty_9, void @empty_9, i32 0, i32 0, i32 0, i32 0, void @empty_9, void @empty_9, i32 4294967295, i32 0, i32 0, i32 0"   --->   Operation 35 'specinterface' 'specinterface_ln0' <Predicate = true> <Delay = 0.00>
ST_8 : Operation 36 [1/1] (0.00ns)   --->   "%specbitsmap_ln0 = specbitsmap void @_ssdm_op_SpecBitsMap, i32 %input_stream_V_data_V"   --->   Operation 36 'specbitsmap' 'specbitsmap_ln0' <Predicate = true> <Delay = 0.00>
ST_8 : Operation 37 [1/1] (0.00ns)   --->   "%specbitsmap_ln0 = specbitsmap void @_ssdm_op_SpecBitsMap, i4 %input_stream_V_keep_V"   --->   Operation 37 'specbitsmap' 'specbitsmap_ln0' <Predicate = true> <Delay = 0.00>
ST_8 : Operation 38 [1/1] (0.00ns)   --->   "%specbitsmap_ln0 = specbitsmap void @_ssdm_op_SpecBitsMap, i4 %input_stream_V_strb_V"   --->   Operation 38 'specbitsmap' 'specbitsmap_ln0' <Predicate = true> <Delay = 0.00>
ST_8 : Operation 39 [1/1] (0.00ns)   --->   "%specbitsmap_ln0 = specbitsmap void @_ssdm_op_SpecBitsMap, i1 %input_stream_V_last_V"   --->   Operation 39 'specbitsmap' 'specbitsmap_ln0' <Predicate = true> <Delay = 0.00>
ST_8 : Operation 40 [1/1] (0.00ns)   --->   "%specinterface_ln0 = specinterface void @_ssdm_op_SpecInterface, i32 %output_stream_V_data_V, i4 %output_stream_V_keep_V, i4 %output_stream_V_strb_V, i1 %output_stream_V_last_V, void @empty_5, i32 1, i32 1, void @empty_3, i32 0, i32 0, void @empty_9, void @empty_9, void @empty_9, i32 0, i32 0, i32 0, i32 0, void @empty_9, void @empty_9, i32 4294967295, i32 0, i32 0, i32 0"   --->   Operation 40 'specinterface' 'specinterface_ln0' <Predicate = true> <Delay = 0.00>
ST_8 : Operation 41 [1/1] (0.00ns)   --->   "%specbitsmap_ln0 = specbitsmap void @_ssdm_op_SpecBitsMap, i32 %output_stream_V_data_V"   --->   Operation 41 'specbitsmap' 'specbitsmap_ln0' <Predicate = true> <Delay = 0.00>
ST_8 : Operation 42 [1/1] (0.00ns)   --->   "%specbitsmap_ln0 = specbitsmap void @_ssdm_op_SpecBitsMap, i4 %output_stream_V_keep_V"   --->   Operation 42 'specbitsmap' 'specbitsmap_ln0' <Predicate = true> <Delay = 0.00>
ST_8 : Operation 43 [1/1] (0.00ns)   --->   "%specbitsmap_ln0 = specbitsmap void @_ssdm_op_SpecBitsMap, i4 %output_stream_V_strb_V"   --->   Operation 43 'specbitsmap' 'specbitsmap_ln0' <Predicate = true> <Delay = 0.00>
ST_8 : Operation 44 [1/1] (0.00ns)   --->   "%specbitsmap_ln0 = specbitsmap void @_ssdm_op_SpecBitsMap, i1 %output_stream_V_last_V"   --->   Operation 44 'specbitsmap' 'specbitsmap_ln0' <Predicate = true> <Delay = 0.00>
ST_8 : Operation 45 [1/1] (0.00ns)   --->   "%specinterface_ln0 = specinterface void @_ssdm_op_SpecInterface, i32 0, void @empty_11, i32 0, i32 0, void @empty_9, i32 0, i32 0, void @empty_8, void @empty_9, void @empty_9, i32 0, i32 0, i32 0, i32 0, void @empty_9, void @empty_9, i32 0, i32 0, i32 0, i32 0"   --->   Operation 45 'specinterface' 'specinterface_ln0' <Predicate = true> <Delay = 0.00>
ST_8 : Operation 46 [1/1] (0.00ns)   --->   "%specaxissidechannel_ln270 = specaxissidechannel void @_ssdm_op_SpecAXISSideChannel, i32 %output_stream_V_data_V, i4 %output_stream_V_keep_V, i4 %output_stream_V_strb_V, i1 0, i1 %output_stream_V_last_V, i1 0, i1 0, void @empty_12" [../cnn_gesture_hls.cpp:270]   --->   Operation 46 'specaxissidechannel' 'specaxissidechannel_ln270' <Predicate = true> <Delay = 0.00>
ST_8 : Operation 47 [1/1] (0.00ns)   --->   "%specaxissidechannel_ln270 = specaxissidechannel void @_ssdm_op_SpecAXISSideChannel, i32 %input_stream_V_data_V, i4 %input_stream_V_keep_V, i4 %input_stream_V_strb_V, i1 0, i1 %input_stream_V_last_V, i1 0, i1 0, void @empty" [../cnn_gesture_hls.cpp:270]   --->   Operation 47 'specaxissidechannel' 'specaxissidechannel_ln270' <Predicate = true> <Delay = 0.00>
ST_8 : Operation 48 [1/1] (0.00ns)   --->   "%ret_ln290 = ret" [../cnn_gesture_hls.cpp:290]   --->   Operation 48 'ret' 'ret_ln290' <Predicate = true> <Delay = 0.00>


============================================================
+ Verbose Summary: Binding
============================================================
STG Binding: 
---------------- STG Properties BEGIN ----------------
- Is combinational: 0
- Is one-state seq: 0
- Is datapath-only: 0
- Is pipelined: 0
- Is top level: 1
Port [ Return ] is wired: 1; IO mode=ap_ctrl_hs:ce=0
Port [ input_stream_V_data_V]:  wired=1; compound=1; hidden=0; nouse=0; global=0; static=0; extern=0; dir=0; type=0; pingpong=0; private_global=0; IO mode=axis:ce=0
Port [ input_stream_V_keep_V]:  wired=1; compound=1; hidden=0; nouse=0; global=0; static=0; extern=0; dir=0; type=0; pingpong=0; private_global=0; IO mode=axis:ce=0
Port [ input_stream_V_strb_V]:  wired=1; compound=1; hidden=0; nouse=0; global=0; static=0; extern=0; dir=0; type=0; pingpong=0; private_global=0; IO mode=axis:ce=0
Port [ input_stream_V_last_V]:  wired=1; compound=1; hidden=0; nouse=0; global=0; static=0; extern=0; dir=0; type=0; pingpong=0; private_global=0; IO mode=axis:ce=0
Port [ output_stream_V_data_V]:  wired=1; compound=1; hidden=0; nouse=0; global=0; static=0; extern=0; dir=1; type=0; pingpong=0; private_global=0; IO mode=axis:ce=0
Port [ output_stream_V_keep_V]:  wired=1; compound=1; hidden=0; nouse=0; global=0; static=0; extern=0; dir=1; type=0; pingpong=0; private_global=0; IO mode=axis:ce=0
Port [ output_stream_V_strb_V]:  wired=1; compound=1; hidden=0; nouse=0; global=0; static=0; extern=0; dir=1; type=0; pingpong=0; private_global=0; IO mode=axis:ce=0
Port [ output_stream_V_last_V]:  wired=1; compound=1; hidden=0; nouse=0; global=0; static=0; extern=0; dir=1; type=0; pingpong=0; private_global=0; IO mode=axis:ce=0
Port [ p_ZL14conv1d_param_0_0]:  wired=0; compound=1; hidden=1; nouse=1; global=1; static=1; extern=0; dir=0; type=1; pingpong=0; private_global=0; MemPort=[111111111111]; IO mode=ap_memory:ce=0
Port [ p_ZL14conv1d_param_0_1]:  wired=0; compound=1; hidden=1; nouse=1; global=1; static=1; extern=0; dir=0; type=1; pingpong=0; private_global=0; MemPort=[111111111111]; IO mode=ap_memory:ce=0
Port [ p_ZL14conv1d_param_0_2]:  wired=0; compound=1; hidden=1; nouse=1; global=1; static=1; extern=0; dir=0; type=1; pingpong=0; private_global=0; MemPort=[111111111111]; IO mode=ap_memory:ce=0
Port [ p_ZL14conv1d_param_0_3]:  wired=0; compound=1; hidden=1; nouse=1; global=1; static=1; extern=0; dir=0; type=1; pingpong=0; private_global=0; MemPort=[111111111111]; IO mode=ap_memory:ce=0
Port [ p_ZL14conv1d_param_0_4]:  wired=0; compound=1; hidden=1; nouse=1; global=1; static=1; extern=0; dir=0; type=1; pingpong=0; private_global=0; MemPort=[111111111111]; IO mode=ap_memory:ce=0
Port [ p_ZL14conv1d_param_0_5]:  wired=0; compound=1; hidden=1; nouse=1; global=1; static=1; extern=0; dir=0; type=1; pingpong=0; private_global=0; MemPort=[111111111111]; IO mode=ap_memory:ce=0
Port [ p_ZL14conv1d_param_0_6]:  wired=0; compound=1; hidden=1; nouse=1; global=1; static=1; extern=0; dir=0; type=1; pingpong=0; private_global=0; MemPort=[111111111111]; IO mode=ap_memory:ce=0
Port [ p_ZL14conv1d_param_0_7]:  wired=0; compound=1; hidden=1; nouse=1; global=1; static=1; extern=0; dir=0; type=1; pingpong=0; private_global=0; MemPort=[111111111111]; IO mode=ap_memory:ce=0
Port [ p_ZL14conv1d_param_0_8]:  wired=0; compound=1; hidden=1; nouse=1; global=1; static=1; extern=0; dir=0; type=1; pingpong=0; private_global=0; MemPort=[111111111111]; IO mode=ap_memory:ce=0
Port [ p_ZL14conv1d_param_0_9]:  wired=0; compound=1; hidden=1; nouse=1; global=1; static=1; extern=0; dir=0; type=1; pingpong=0; private_global=0; MemPort=[111111111111]; IO mode=ap_memory:ce=0
Port [ p_ZL14conv1d_param_0_10]:  wired=0; compound=1; hidden=1; nouse=1; global=1; static=1; extern=0; dir=0; type=1; pingpong=0; private_global=0; MemPort=[111111111111]; IO mode=ap_memory:ce=0
Port [ p_ZL14conv1d_param_0_11]:  wired=0; compound=1; hidden=1; nouse=1; global=1; static=1; extern=0; dir=0; type=1; pingpong=0; private_global=0; MemPort=[111111111111]; IO mode=ap_memory:ce=0
Port [ p_ZL14conv1d_param_0_12]:  wired=0; compound=1; hidden=1; nouse=1; global=1; static=1; extern=0; dir=0; type=1; pingpong=0; private_global=0; MemPort=[111111111111]; IO mode=ap_memory:ce=0
Port [ p_ZL14conv1d_param_0_13]:  wired=0; compound=1; hidden=1; nouse=1; global=1; static=1; extern=0; dir=0; type=1; pingpong=0; private_global=0; MemPort=[111111111111]; IO mode=ap_memory:ce=0
Port [ p_ZL14conv1d_param_0_14]:  wired=0; compound=1; hidden=1; nouse=1; global=1; static=1; extern=0; dir=0; type=1; pingpong=0; private_global=0; MemPort=[111111111111]; IO mode=ap_memory:ce=0
Port [ p_ZL14conv1d_param_0_15]:  wired=0; compound=1; hidden=1; nouse=1; global=1; static=1; extern=0; dir=0; type=1; pingpong=0; private_global=0; MemPort=[111111111111]; IO mode=ap_memory:ce=0
Port [ p_ZL14conv1d_param_0_16]:  wired=0; compound=1; hidden=1; nouse=1; global=1; static=1; extern=0; dir=0; type=1; pingpong=0; private_global=0; MemPort=[111111111111]; IO mode=ap_memory:ce=0
Port [ p_ZL14conv1d_param_0_17]:  wired=0; compound=1; hidden=1; nouse=1; global=1; static=1; extern=0; dir=0; type=1; pingpong=0; private_global=0; MemPort=[111111111111]; IO mode=ap_memory:ce=0
Port [ p_ZL14conv1d_param_0_18]:  wired=0; compound=1; hidden=1; nouse=1; global=1; static=1; extern=0; dir=0; type=1; pingpong=0; private_global=0; MemPort=[111111111111]; IO mode=ap_memory:ce=0
Port [ conv1d_param_1]:  wired=0; compound=1; hidden=1; nouse=1; global=1; static=1; extern=0; dir=0; type=1; pingpong=0; private_global=0; MemPort=[1]; IO mode=ap_memory:ce=0
Port [ batch_normalization_param_0]:  wired=0; compound=1; hidden=1; nouse=1; global=1; static=1; extern=0; dir=0; type=1; pingpong=0; private_global=0; MemPort=[1]; IO mode=ap_memory:ce=0
Port [ batch_normalization_param_1]:  wired=0; compound=1; hidden=1; nouse=1; global=1; static=1; extern=0; dir=0; type=1; pingpong=0; private_global=0; MemPort=[1]; IO mode=ap_memory:ce=0
Port [ batch_normalization_param_2]:  wired=0; compound=1; hidden=1; nouse=1; global=1; static=1; extern=0; dir=0; type=1; pingpong=0; private_global=0; MemPort=[1]; IO mode=ap_memory:ce=0
Port [ batch_normalization_param_3]:  wired=0; compound=1; hidden=1; nouse=1; global=1; static=1; extern=0; dir=0; type=1; pingpong=0; private_global=0; MemPort=[1]; IO mode=ap_memory:ce=0
Port [ p_ZL16conv1d_1_param_0_0]:  wired=0; compound=1; hidden=1; nouse=1; global=1; static=1; extern=0; dir=0; type=1; pingpong=0; private_global=0; MemPort=[111111111111111111]; IO mode=ap_memory:ce=0
Port [ p_ZL16conv1d_1_param_0_1]:  wired=0; compound=1; hidden=1; nouse=1; global=1; static=1; extern=0; dir=0; type=1; pingpong=0; private_global=0; MemPort=[111111111111111111]; IO mode=ap_memory:ce=0
Port [ p_ZL16conv1d_1_param_0_2]:  wired=0; compound=1; hidden=1; nouse=1; global=1; static=1; extern=0; dir=0; type=1; pingpong=0; private_global=0; MemPort=[111111111111111111]; IO mode=ap_memory:ce=0
Port [ p_ZL16conv1d_1_param_0_3]:  wired=0; compound=1; hidden=1; nouse=1; global=1; static=1; extern=0; dir=0; type=1; pingpong=0; private_global=0; MemPort=[111111111111111111]; IO mode=ap_memory:ce=0
Port [ p_ZL16conv1d_1_param_0_4]:  wired=0; compound=1; hidden=1; nouse=1; global=1; static=1; extern=0; dir=0; type=1; pingpong=0; private_global=0; MemPort=[111111111111111111]; IO mode=ap_memory:ce=0
Port [ p_ZL16conv1d_1_param_0_5]:  wired=0; compound=1; hidden=1; nouse=1; global=1; static=1; extern=0; dir=0; type=1; pingpong=0; private_global=0; MemPort=[111111111111111111]; IO mode=ap_memory:ce=0
Port [ p_ZL16conv1d_1_param_0_6]:  wired=0; compound=1; hidden=1; nouse=1; global=1; static=1; extern=0; dir=0; type=1; pingpong=0; private_global=0; MemPort=[111111111111111111]; IO mode=ap_memory:ce=0
Port [ p_ZL16conv1d_1_param_0_7]:  wired=0; compound=1; hidden=1; nouse=1; global=1; static=1; extern=0; dir=0; type=1; pingpong=0; private_global=0; MemPort=[111111111111111111]; IO mode=ap_memory:ce=0
Port [ p_ZL16conv1d_1_param_0_8]:  wired=0; compound=1; hidden=1; nouse=1; global=1; static=1; extern=0; dir=0; type=1; pingpong=0; private_global=0; MemPort=[111111111111111111]; IO mode=ap_memory:ce=0
Port [ p_ZL16conv1d_1_param_0_9]:  wired=0; compound=1; hidden=1; nouse=1; global=1; static=1; extern=0; dir=0; type=1; pingpong=0; private_global=0; MemPort=[111111111111111111]; IO mode=ap_memory:ce=0
Port [ p_ZL16conv1d_1_param_0_10]:  wired=0; compound=1; hidden=1; nouse=1; global=1; static=1; extern=0; dir=0; type=1; pingpong=0; private_global=0; MemPort=[111111111111111111]; IO mode=ap_memory:ce=0
Port [ p_ZL16conv1d_1_param_0_11]:  wired=0; compound=1; hidden=1; nouse=1; global=1; static=1; extern=0; dir=0; type=1; pingpong=0; private_global=0; MemPort=[111111111111111111]; IO mode=ap_memory:ce=0
Port [ p_ZL16conv1d_1_param_0_12]:  wired=0; compound=1; hidden=1; nouse=1; global=1; static=1; extern=0; dir=0; type=1; pingpong=0; private_global=0; MemPort=[111111111111111111]; IO mode=ap_memory:ce=0
Port [ p_ZL16conv1d_1_param_0_13]:  wired=0; compound=1; hidden=1; nouse=1; global=1; static=1; extern=0; dir=0; type=1; pingpong=0; private_global=0; MemPort=[111111111111111111]; IO mode=ap_memory:ce=0
Port [ p_ZL16conv1d_1_param_0_14]:  wired=0; compound=1; hidden=1; nouse=1; global=1; static=1; extern=0; dir=0; type=1; pingpong=0; private_global=0; MemPort=[111111111111111111]; IO mode=ap_memory:ce=0
Port [ p_ZL16conv1d_1_param_0_15]:  wired=0; compound=1; hidden=1; nouse=1; global=1; static=1; extern=0; dir=0; type=1; pingpong=0; private_global=0; MemPort=[111111111111111111]; IO mode=ap_memory:ce=0
Port [ p_ZL16conv1d_1_param_0_16]:  wired=0; compound=1; hidden=1; nouse=1; global=1; static=1; extern=0; dir=0; type=1; pingpong=0; private_global=0; MemPort=[111111111111111111]; IO mode=ap_memory:ce=0
Port [ p_ZL16conv1d_1_param_0_17]:  wired=0; compound=1; hidden=1; nouse=1; global=1; static=1; extern=0; dir=0; type=1; pingpong=0; private_global=0; MemPort=[111111111111111111]; IO mode=ap_memory:ce=0
Port [ p_ZL16conv1d_1_param_0_18]:  wired=0; compound=1; hidden=1; nouse=1; global=1; static=1; extern=0; dir=0; type=1; pingpong=0; private_global=0; MemPort=[111111111111111111]; IO mode=ap_memory:ce=0
Port [ p_ZL16conv1d_1_param_0_19]:  wired=0; compound=1; hidden=1; nouse=1; global=1; static=1; extern=0; dir=0; type=1; pingpong=0; private_global=0; MemPort=[111111111111111111]; IO mode=ap_memory:ce=0
Port [ p_ZL16conv1d_1_param_0_20]:  wired=0; compound=1; hidden=1; nouse=1; global=1; static=1; extern=0; dir=0; type=1; pingpong=0; private_global=0; MemPort=[111111111111111111]; IO mode=ap_memory:ce=0
Port [ p_ZL16conv1d_1_param_0_21]:  wired=0; compound=1; hidden=1; nouse=1; global=1; static=1; extern=0; dir=0; type=1; pingpong=0; private_global=0; MemPort=[111111111111111111]; IO mode=ap_memory:ce=0
Port [ p_ZL16conv1d_1_param_0_22]:  wired=0; compound=1; hidden=1; nouse=1; global=1; static=1; extern=0; dir=0; type=1; pingpong=0; private_global=0; MemPort=[111111111111111111]; IO mode=ap_memory:ce=0
Port [ p_ZL16conv1d_1_param_0_23]:  wired=0; compound=1; hidden=1; nouse=1; global=1; static=1; extern=0; dir=0; type=1; pingpong=0; private_global=0; MemPort=[111111111111111111]; IO mode=ap_memory:ce=0
Port [ p_ZL16conv1d_1_param_0_24]:  wired=0; compound=1; hidden=1; nouse=1; global=1; static=1; extern=0; dir=0; type=1; pingpong=0; private_global=0; MemPort=[111111111111111111]; IO mode=ap_memory:ce=0
Port [ p_ZL16conv1d_1_param_0_25]:  wired=0; compound=1; hidden=1; nouse=1; global=1; static=1; extern=0; dir=0; type=1; pingpong=0; private_global=0; MemPort=[111111111111111111]; IO mode=ap_memory:ce=0
Port [ p_ZL16conv1d_1_param_0_26]:  wired=0; compound=1; hidden=1; nouse=1; global=1; static=1; extern=0; dir=0; type=1; pingpong=0; private_global=0; MemPort=[111111111111111111]; IO mode=ap_memory:ce=0
Port [ p_ZL16conv1d_1_param_0_27]:  wired=0; compound=1; hidden=1; nouse=1; global=1; static=1; extern=0; dir=0; type=1; pingpong=0; private_global=0; MemPort=[111111111111111111]; IO mode=ap_memory:ce=0
Port [ p_ZL16conv1d_1_param_0_28]:  wired=0; compound=1; hidden=1; nouse=1; global=1; static=1; extern=0; dir=0; type=1; pingpong=0; private_global=0; MemPort=[111111111111111111]; IO mode=ap_memory:ce=0
Port [ p_ZL16conv1d_1_param_0_29]:  wired=0; compound=1; hidden=1; nouse=1; global=1; static=1; extern=0; dir=0; type=1; pingpong=0; private_global=0; MemPort=[111111111111111111]; IO mode=ap_memory:ce=0
Port [ p_ZL16conv1d_1_param_0_30]:  wired=0; compound=1; hidden=1; nouse=1; global=1; static=1; extern=0; dir=0; type=1; pingpong=0; private_global=0; MemPort=[111111111111111111]; IO mode=ap_memory:ce=0
Port [ p_ZL16conv1d_1_param_0_31]:  wired=0; compound=1; hidden=1; nouse=1; global=1; static=1; extern=0; dir=0; type=1; pingpong=0; private_global=0; MemPort=[111111111111111111]; IO mode=ap_memory:ce=0
Port [ p_ZL16conv1d_1_param_0_32]:  wired=0; compound=1; hidden=1; nouse=1; global=1; static=1; extern=0; dir=0; type=1; pingpong=0; private_global=0; MemPort=[111111111111111111]; IO mode=ap_memory:ce=0
Port [ conv1d_1_param_1]:  wired=0; compound=1; hidden=1; nouse=1; global=1; static=1; extern=0; dir=0; type=1; pingpong=0; private_global=0; MemPort=[1]; IO mode=ap_memory:ce=0
Port [ batch_normalization_1_param_0]:  wired=0; compound=1; hidden=1; nouse=1; global=1; static=1; extern=0; dir=0; type=1; pingpong=0; private_global=0; MemPort=[1]; IO mode=ap_memory:ce=0
Port [ batch_normalization_1_param_1]:  wired=0; compound=1; hidden=1; nouse=1; global=1; static=1; extern=0; dir=0; type=1; pingpong=0; private_global=0; MemPort=[1]; IO mode=ap_memory:ce=0
Port [ batch_normalization_1_param_2]:  wired=0; compound=1; hidden=1; nouse=1; global=1; static=1; extern=0; dir=0; type=1; pingpong=0; private_global=0; MemPort=[1]; IO mode=ap_memory:ce=0
Port [ batch_normalization_1_param_3]:  wired=0; compound=1; hidden=1; nouse=1; global=1; static=1; extern=0; dir=0; type=1; pingpong=0; private_global=0; MemPort=[1]; IO mode=ap_memory:ce=0
Port [ dense_param_1]:  wired=0; compound=1; hidden=1; nouse=1; global=1; static=1; extern=0; dir=0; type=1; pingpong=0; private_global=0; MemPort=[1]; IO mode=ap_memory:ce=0
Port [ dense_param_0]:  wired=0; compound=1; hidden=1; nouse=1; global=1; static=1; extern=0; dir=0; type=1; pingpong=0; private_global=0; MemPort=[1]; IO mode=ap_memory:ce=0
Port [ dense_1_param_1]:  wired=0; compound=1; hidden=1; nouse=1; global=1; static=1; extern=0; dir=0; type=1; pingpong=0; private_global=0; MemPort=[1]; IO mode=ap_memory:ce=0
Port [ dense_1_param_0]:  wired=0; compound=1; hidden=1; nouse=1; global=1; static=1; extern=0; dir=0; type=1; pingpong=0; private_global=0; MemPort=[1]; IO mode=ap_memory:ce=0
---------------- STG Properties END ------------------

---------------- Datapath Model BEGIN ----------------

<LifeTime>
<method=bitvector/>
input                     (alloca             ) [ 001111000]
input_1                   (alloca             ) [ 001111000]
input_2                   (alloca             ) [ 001111000]
input_3                   (alloca             ) [ 001111000]
input_4                   (alloca             ) [ 001111000]
input_5                   (alloca             ) [ 001111000]
input_6                   (alloca             ) [ 001111000]
input_7                   (alloca             ) [ 001111000]
input_8                   (alloca             ) [ 001111000]
input_9                   (alloca             ) [ 001111000]
input_10                  (alloca             ) [ 001111000]
input_11                  (alloca             ) [ 001111000]
input_12                  (alloca             ) [ 001111000]
input_13                  (alloca             ) [ 001111000]
input_14                  (alloca             ) [ 001111000]
input_15                  (alloca             ) [ 001111000]
input_16                  (alloca             ) [ 001111000]
input_17                  (alloca             ) [ 001111000]
output                    (alloca             ) [ 001111110]
call_ln0                  (call               ) [ 000000000]
call_ln279                (call               ) [ 000000000]
call_ln0                  (call               ) [ 000000000]
spectopmodule_ln258       (spectopmodule      ) [ 000000000]
specinterface_ln0         (specinterface      ) [ 000000000]
specbitsmap_ln0           (specbitsmap        ) [ 000000000]
specbitsmap_ln0           (specbitsmap        ) [ 000000000]
specbitsmap_ln0           (specbitsmap        ) [ 000000000]
specbitsmap_ln0           (specbitsmap        ) [ 000000000]
specinterface_ln0         (specinterface      ) [ 000000000]
specbitsmap_ln0           (specbitsmap        ) [ 000000000]
specbitsmap_ln0           (specbitsmap        ) [ 000000000]
specbitsmap_ln0           (specbitsmap        ) [ 000000000]
specbitsmap_ln0           (specbitsmap        ) [ 000000000]
specinterface_ln0         (specinterface      ) [ 000000000]
specaxissidechannel_ln270 (specaxissidechannel) [ 000000000]
specaxissidechannel_ln270 (specaxissidechannel) [ 000000000]
ret_ln290                 (ret                ) [ 000000000]
</LifeTime>

<model>

<comp_list>
<comp id="0" class="1000" name="input_stream_V_data_V">
<pin_list>
<pin id="1" dir="1" index="0" bw="1" slack="0"/>
</pin_list>
<bind>
<StgValue><ssdm name="input_stream_V_data_V"/></StgValue>
</bind>
</comp>

<comp id="2" class="1000" name="input_stream_V_keep_V">
<pin_list>
<pin id="3" dir="1" index="0" bw="1" slack="0"/>
</pin_list>
<bind>
<StgValue><ssdm name="input_stream_V_keep_V"/></StgValue>
</bind>
</comp>

<comp id="4" class="1000" name="input_stream_V_strb_V">
<pin_list>
<pin id="5" dir="1" index="0" bw="1" slack="0"/>
</pin_list>
<bind>
<StgValue><ssdm name="input_stream_V_strb_V"/></StgValue>
</bind>
</comp>

<comp id="6" class="1000" name="input_stream_V_last_V">
<pin_list>
<pin id="7" dir="1" index="0" bw="1" slack="0"/>
</pin_list>
<bind>
<StgValue><ssdm name="input_stream_V_last_V"/></StgValue>
</bind>
</comp>

<comp id="8" class="1000" name="output_stream_V_data_V">
<pin_list>
<pin id="9" dir="1" index="0" bw="1" slack="0"/>
</pin_list>
<bind>
<StgValue><ssdm name="output_stream_V_data_V"/></StgValue>
</bind>
</comp>

<comp id="10" class="1000" name="output_stream_V_keep_V">
<pin_list>
<pin id="11" dir="1" index="0" bw="1" slack="0"/>
</pin_list>
<bind>
<StgValue><ssdm name="output_stream_V_keep_V"/></StgValue>
</bind>
</comp>

<comp id="12" class="1000" name="output_stream_V_strb_V">
<pin_list>
<pin id="13" dir="1" index="0" bw="1" slack="0"/>
</pin_list>
<bind>
<StgValue><ssdm name="output_stream_V_strb_V"/></StgValue>
</bind>
</comp>

<comp id="14" class="1000" name="output_stream_V_last_V">
<pin_list>
<pin id="15" dir="1" index="0" bw="1" slack="0"/>
</pin_list>
<bind>
<StgValue><ssdm name="output_stream_V_last_V"/></StgValue>
</bind>
</comp>

<comp id="16" class="1000" name="p_ZL14conv1d_param_0_0">
<pin_list>
<pin id="17" dir="1" index="0" bw="1" slack="0"/>
</pin_list>
<bind>
<StgValue><ssdm name="p_ZL14conv1d_param_0_0"/><MemPortTyVec>1 1 1 1 1 1 1 1 1 1 1 1 </MemPortTyVec>
</StgValue>
</bind>
</comp>

<comp id="18" class="1000" name="p_ZL14conv1d_param_0_1">
<pin_list>
<pin id="19" dir="1" index="0" bw="1" slack="0"/>
</pin_list>
<bind>
<StgValue><ssdm name="p_ZL14conv1d_param_0_1"/><MemPortTyVec>1 1 1 1 1 1 1 1 1 1 1 1 </MemPortTyVec>
</StgValue>
</bind>
</comp>

<comp id="20" class="1000" name="p_ZL14conv1d_param_0_2">
<pin_list>
<pin id="21" dir="1" index="0" bw="1" slack="0"/>
</pin_list>
<bind>
<StgValue><ssdm name="p_ZL14conv1d_param_0_2"/><MemPortTyVec>1 1 1 1 1 1 1 1 1 1 1 1 </MemPortTyVec>
</StgValue>
</bind>
</comp>

<comp id="22" class="1000" name="p_ZL14conv1d_param_0_3">
<pin_list>
<pin id="23" dir="1" index="0" bw="1" slack="0"/>
</pin_list>
<bind>
<StgValue><ssdm name="p_ZL14conv1d_param_0_3"/><MemPortTyVec>1 1 1 1 1 1 1 1 1 1 1 1 </MemPortTyVec>
</StgValue>
</bind>
</comp>

<comp id="24" class="1000" name="p_ZL14conv1d_param_0_4">
<pin_list>
<pin id="25" dir="1" index="0" bw="1" slack="0"/>
</pin_list>
<bind>
<StgValue><ssdm name="p_ZL14conv1d_param_0_4"/><MemPortTyVec>1 1 1 1 1 1 1 1 1 1 1 1 </MemPortTyVec>
</StgValue>
</bind>
</comp>

<comp id="26" class="1000" name="p_ZL14conv1d_param_0_5">
<pin_list>
<pin id="27" dir="1" index="0" bw="1" slack="0"/>
</pin_list>
<bind>
<StgValue><ssdm name="p_ZL14conv1d_param_0_5"/><MemPortTyVec>1 1 1 1 1 1 1 1 1 1 1 1 </MemPortTyVec>
</StgValue>
</bind>
</comp>

<comp id="28" class="1000" name="p_ZL14conv1d_param_0_6">
<pin_list>
<pin id="29" dir="1" index="0" bw="1" slack="0"/>
</pin_list>
<bind>
<StgValue><ssdm name="p_ZL14conv1d_param_0_6"/><MemPortTyVec>1 1 1 1 1 1 1 1 1 1 1 1 </MemPortTyVec>
</StgValue>
</bind>
</comp>

<comp id="30" class="1000" name="p_ZL14conv1d_param_0_7">
<pin_list>
<pin id="31" dir="1" index="0" bw="1" slack="0"/>
</pin_list>
<bind>
<StgValue><ssdm name="p_ZL14conv1d_param_0_7"/><MemPortTyVec>1 1 1 1 1 1 1 1 1 1 1 1 </MemPortTyVec>
</StgValue>
</bind>
</comp>

<comp id="32" class="1000" name="p_ZL14conv1d_param_0_8">
<pin_list>
<pin id="33" dir="1" index="0" bw="1" slack="0"/>
</pin_list>
<bind>
<StgValue><ssdm name="p_ZL14conv1d_param_0_8"/><MemPortTyVec>1 1 1 1 1 1 1 1 1 1 1 1 </MemPortTyVec>
</StgValue>
</bind>
</comp>

<comp id="34" class="1000" name="p_ZL14conv1d_param_0_9">
<pin_list>
<pin id="35" dir="1" index="0" bw="1" slack="0"/>
</pin_list>
<bind>
<StgValue><ssdm name="p_ZL14conv1d_param_0_9"/><MemPortTyVec>1 1 1 1 1 1 1 1 1 1 1 1 </MemPortTyVec>
</StgValue>
</bind>
</comp>

<comp id="36" class="1000" name="p_ZL14conv1d_param_0_10">
<pin_list>
<pin id="37" dir="1" index="0" bw="1" slack="0"/>
</pin_list>
<bind>
<StgValue><ssdm name="p_ZL14conv1d_param_0_10"/><MemPortTyVec>1 1 1 1 1 1 1 1 1 1 1 1 </MemPortTyVec>
</StgValue>
</bind>
</comp>

<comp id="38" class="1000" name="p_ZL14conv1d_param_0_11">
<pin_list>
<pin id="39" dir="1" index="0" bw="1" slack="0"/>
</pin_list>
<bind>
<StgValue><ssdm name="p_ZL14conv1d_param_0_11"/><MemPortTyVec>1 1 1 1 1 1 1 1 1 1 1 1 </MemPortTyVec>
</StgValue>
</bind>
</comp>

<comp id="40" class="1000" name="p_ZL14conv1d_param_0_12">
<pin_list>
<pin id="41" dir="1" index="0" bw="1" slack="0"/>
</pin_list>
<bind>
<StgValue><ssdm name="p_ZL14conv1d_param_0_12"/><MemPortTyVec>1 1 1 1 1 1 1 1 1 1 1 1 </MemPortTyVec>
</StgValue>
</bind>
</comp>

<comp id="42" class="1000" name="p_ZL14conv1d_param_0_13">
<pin_list>
<pin id="43" dir="1" index="0" bw="1" slack="0"/>
</pin_list>
<bind>
<StgValue><ssdm name="p_ZL14conv1d_param_0_13"/><MemPortTyVec>1 1 1 1 1 1 1 1 1 1 1 1 </MemPortTyVec>
</StgValue>
</bind>
</comp>

<comp id="44" class="1000" name="p_ZL14conv1d_param_0_14">
<pin_list>
<pin id="45" dir="1" index="0" bw="1" slack="0"/>
</pin_list>
<bind>
<StgValue><ssdm name="p_ZL14conv1d_param_0_14"/><MemPortTyVec>1 1 1 1 1 1 1 1 1 1 1 1 </MemPortTyVec>
</StgValue>
</bind>
</comp>

<comp id="46" class="1000" name="p_ZL14conv1d_param_0_15">
<pin_list>
<pin id="47" dir="1" index="0" bw="1" slack="0"/>
</pin_list>
<bind>
<StgValue><ssdm name="p_ZL14conv1d_param_0_15"/><MemPortTyVec>1 1 1 1 1 1 1 1 1 1 1 1 </MemPortTyVec>
</StgValue>
</bind>
</comp>

<comp id="48" class="1000" name="p_ZL14conv1d_param_0_16">
<pin_list>
<pin id="49" dir="1" index="0" bw="1" slack="0"/>
</pin_list>
<bind>
<StgValue><ssdm name="p_ZL14conv1d_param_0_16"/><MemPortTyVec>1 1 1 1 1 1 1 1 1 1 1 1 </MemPortTyVec>
</StgValue>
</bind>
</comp>

<comp id="50" class="1000" name="p_ZL14conv1d_param_0_17">
<pin_list>
<pin id="51" dir="1" index="0" bw="1" slack="0"/>
</pin_list>
<bind>
<StgValue><ssdm name="p_ZL14conv1d_param_0_17"/><MemPortTyVec>1 1 1 1 1 1 1 1 1 1 1 1 </MemPortTyVec>
</StgValue>
</bind>
</comp>

<comp id="52" class="1000" name="p_ZL14conv1d_param_0_18">
<pin_list>
<pin id="53" dir="1" index="0" bw="1" slack="0"/>
</pin_list>
<bind>
<StgValue><ssdm name="p_ZL14conv1d_param_0_18"/><MemPortTyVec>1 1 1 1 1 1 1 1 1 1 1 1 </MemPortTyVec>
</StgValue>
</bind>
</comp>

<comp id="54" class="1000" name="conv1d_param_1">
<pin_list>
<pin id="55" dir="1" index="0" bw="1" slack="0"/>
</pin_list>
<bind>
<StgValue><ssdm name="conv1d_param_1"/><MemPortTyVec>1 </MemPortTyVec>
</StgValue>
</bind>
</comp>

<comp id="56" class="1000" name="batch_normalization_param_0">
<pin_list>
<pin id="57" dir="1" index="0" bw="1" slack="0"/>
</pin_list>
<bind>
<StgValue><ssdm name="batch_normalization_param_0"/><MemPortTyVec>1 </MemPortTyVec>
</StgValue>
</bind>
</comp>

<comp id="58" class="1000" name="batch_normalization_param_1">
<pin_list>
<pin id="59" dir="1" index="0" bw="1" slack="0"/>
</pin_list>
<bind>
<StgValue><ssdm name="batch_normalization_param_1"/><MemPortTyVec>1 </MemPortTyVec>
</StgValue>
</bind>
</comp>

<comp id="60" class="1000" name="batch_normalization_param_2">
<pin_list>
<pin id="61" dir="1" index="0" bw="1" slack="0"/>
</pin_list>
<bind>
<StgValue><ssdm name="batch_normalization_param_2"/><MemPortTyVec>1 </MemPortTyVec>
</StgValue>
</bind>
</comp>

<comp id="62" class="1000" name="batch_normalization_param_3">
<pin_list>
<pin id="63" dir="1" index="0" bw="1" slack="0"/>
</pin_list>
<bind>
<StgValue><ssdm name="batch_normalization_param_3"/><MemPortTyVec>1 </MemPortTyVec>
</StgValue>
</bind>
</comp>

<comp id="64" class="1000" name="p_ZL16conv1d_1_param_0_0">
<pin_list>
<pin id="65" dir="1" index="0" bw="1" slack="0"/>
</pin_list>
<bind>
<StgValue><ssdm name="p_ZL16conv1d_1_param_0_0"/><MemPortTyVec>1 1 1 1 1 1 1 1 1 1 1 1 1 1 1 1 1 1 </MemPortTyVec>
</StgValue>
</bind>
</comp>

<comp id="66" class="1000" name="p_ZL16conv1d_1_param_0_1">
<pin_list>
<pin id="67" dir="1" index="0" bw="1" slack="0"/>
</pin_list>
<bind>
<StgValue><ssdm name="p_ZL16conv1d_1_param_0_1"/><MemPortTyVec>1 1 1 1 1 1 1 1 1 1 1 1 1 1 1 1 1 1 </MemPortTyVec>
</StgValue>
</bind>
</comp>

<comp id="68" class="1000" name="p_ZL16conv1d_1_param_0_2">
<pin_list>
<pin id="69" dir="1" index="0" bw="1" slack="0"/>
</pin_list>
<bind>
<StgValue><ssdm name="p_ZL16conv1d_1_param_0_2"/><MemPortTyVec>1 1 1 1 1 1 1 1 1 1 1 1 1 1 1 1 1 1 </MemPortTyVec>
</StgValue>
</bind>
</comp>

<comp id="70" class="1000" name="p_ZL16conv1d_1_param_0_3">
<pin_list>
<pin id="71" dir="1" index="0" bw="1" slack="0"/>
</pin_list>
<bind>
<StgValue><ssdm name="p_ZL16conv1d_1_param_0_3"/><MemPortTyVec>1 1 1 1 1 1 1 1 1 1 1 1 1 1 1 1 1 1 </MemPortTyVec>
</StgValue>
</bind>
</comp>

<comp id="72" class="1000" name="p_ZL16conv1d_1_param_0_4">
<pin_list>
<pin id="73" dir="1" index="0" bw="1" slack="0"/>
</pin_list>
<bind>
<StgValue><ssdm name="p_ZL16conv1d_1_param_0_4"/><MemPortTyVec>1 1 1 1 1 1 1 1 1 1 1 1 1 1 1 1 1 1 </MemPortTyVec>
</StgValue>
</bind>
</comp>

<comp id="74" class="1000" name="p_ZL16conv1d_1_param_0_5">
<pin_list>
<pin id="75" dir="1" index="0" bw="1" slack="0"/>
</pin_list>
<bind>
<StgValue><ssdm name="p_ZL16conv1d_1_param_0_5"/><MemPortTyVec>1 1 1 1 1 1 1 1 1 1 1 1 1 1 1 1 1 1 </MemPortTyVec>
</StgValue>
</bind>
</comp>

<comp id="76" class="1000" name="p_ZL16conv1d_1_param_0_6">
<pin_list>
<pin id="77" dir="1" index="0" bw="1" slack="0"/>
</pin_list>
<bind>
<StgValue><ssdm name="p_ZL16conv1d_1_param_0_6"/><MemPortTyVec>1 1 1 1 1 1 1 1 1 1 1 1 1 1 1 1 1 1 </MemPortTyVec>
</StgValue>
</bind>
</comp>

<comp id="78" class="1000" name="p_ZL16conv1d_1_param_0_7">
<pin_list>
<pin id="79" dir="1" index="0" bw="1" slack="0"/>
</pin_list>
<bind>
<StgValue><ssdm name="p_ZL16conv1d_1_param_0_7"/><MemPortTyVec>1 1 1 1 1 1 1 1 1 1 1 1 1 1 1 1 1 1 </MemPortTyVec>
</StgValue>
</bind>
</comp>

<comp id="80" class="1000" name="p_ZL16conv1d_1_param_0_8">
<pin_list>
<pin id="81" dir="1" index="0" bw="1" slack="0"/>
</pin_list>
<bind>
<StgValue><ssdm name="p_ZL16conv1d_1_param_0_8"/><MemPortTyVec>1 1 1 1 1 1 1 1 1 1 1 1 1 1 1 1 1 1 </MemPortTyVec>
</StgValue>
</bind>
</comp>

<comp id="82" class="1000" name="p_ZL16conv1d_1_param_0_9">
<pin_list>
<pin id="83" dir="1" index="0" bw="1" slack="0"/>
</pin_list>
<bind>
<StgValue><ssdm name="p_ZL16conv1d_1_param_0_9"/><MemPortTyVec>1 1 1 1 1 1 1 1 1 1 1 1 1 1 1 1 1 1 </MemPortTyVec>
</StgValue>
</bind>
</comp>

<comp id="84" class="1000" name="p_ZL16conv1d_1_param_0_10">
<pin_list>
<pin id="85" dir="1" index="0" bw="1" slack="0"/>
</pin_list>
<bind>
<StgValue><ssdm name="p_ZL16conv1d_1_param_0_10"/><MemPortTyVec>1 1 1 1 1 1 1 1 1 1 1 1 1 1 1 1 1 1 </MemPortTyVec>
</StgValue>
</bind>
</comp>

<comp id="86" class="1000" name="p_ZL16conv1d_1_param_0_11">
<pin_list>
<pin id="87" dir="1" index="0" bw="1" slack="0"/>
</pin_list>
<bind>
<StgValue><ssdm name="p_ZL16conv1d_1_param_0_11"/><MemPortTyVec>1 1 1 1 1 1 1 1 1 1 1 1 1 1 1 1 1 1 </MemPortTyVec>
</StgValue>
</bind>
</comp>

<comp id="88" class="1000" name="p_ZL16conv1d_1_param_0_12">
<pin_list>
<pin id="89" dir="1" index="0" bw="1" slack="0"/>
</pin_list>
<bind>
<StgValue><ssdm name="p_ZL16conv1d_1_param_0_12"/><MemPortTyVec>1 1 1 1 1 1 1 1 1 1 1 1 1 1 1 1 1 1 </MemPortTyVec>
</StgValue>
</bind>
</comp>

<comp id="90" class="1000" name="p_ZL16conv1d_1_param_0_13">
<pin_list>
<pin id="91" dir="1" index="0" bw="1" slack="0"/>
</pin_list>
<bind>
<StgValue><ssdm name="p_ZL16conv1d_1_param_0_13"/><MemPortTyVec>1 1 1 1 1 1 1 1 1 1 1 1 1 1 1 1 1 1 </MemPortTyVec>
</StgValue>
</bind>
</comp>

<comp id="92" class="1000" name="p_ZL16conv1d_1_param_0_14">
<pin_list>
<pin id="93" dir="1" index="0" bw="1" slack="0"/>
</pin_list>
<bind>
<StgValue><ssdm name="p_ZL16conv1d_1_param_0_14"/><MemPortTyVec>1 1 1 1 1 1 1 1 1 1 1 1 1 1 1 1 1 1 </MemPortTyVec>
</StgValue>
</bind>
</comp>

<comp id="94" class="1000" name="p_ZL16conv1d_1_param_0_15">
<pin_list>
<pin id="95" dir="1" index="0" bw="1" slack="0"/>
</pin_list>
<bind>
<StgValue><ssdm name="p_ZL16conv1d_1_param_0_15"/><MemPortTyVec>1 1 1 1 1 1 1 1 1 1 1 1 1 1 1 1 1 1 </MemPortTyVec>
</StgValue>
</bind>
</comp>

<comp id="96" class="1000" name="p_ZL16conv1d_1_param_0_16">
<pin_list>
<pin id="97" dir="1" index="0" bw="1" slack="0"/>
</pin_list>
<bind>
<StgValue><ssdm name="p_ZL16conv1d_1_param_0_16"/><MemPortTyVec>1 1 1 1 1 1 1 1 1 1 1 1 1 1 1 1 1 1 </MemPortTyVec>
</StgValue>
</bind>
</comp>

<comp id="98" class="1000" name="p_ZL16conv1d_1_param_0_17">
<pin_list>
<pin id="99" dir="1" index="0" bw="1" slack="0"/>
</pin_list>
<bind>
<StgValue><ssdm name="p_ZL16conv1d_1_param_0_17"/><MemPortTyVec>1 1 1 1 1 1 1 1 1 1 1 1 1 1 1 1 1 1 </MemPortTyVec>
</StgValue>
</bind>
</comp>

<comp id="100" class="1000" name="p_ZL16conv1d_1_param_0_18">
<pin_list>
<pin id="101" dir="1" index="0" bw="1" slack="0"/>
</pin_list>
<bind>
<StgValue><ssdm name="p_ZL16conv1d_1_param_0_18"/><MemPortTyVec>1 1 1 1 1 1 1 1 1 1 1 1 1 1 1 1 1 1 </MemPortTyVec>
</StgValue>
</bind>
</comp>

<comp id="102" class="1000" name="p_ZL16conv1d_1_param_0_19">
<pin_list>
<pin id="103" dir="1" index="0" bw="1" slack="0"/>
</pin_list>
<bind>
<StgValue><ssdm name="p_ZL16conv1d_1_param_0_19"/><MemPortTyVec>1 1 1 1 1 1 1 1 1 1 1 1 1 1 1 1 1 1 </MemPortTyVec>
</StgValue>
</bind>
</comp>

<comp id="104" class="1000" name="p_ZL16conv1d_1_param_0_20">
<pin_list>
<pin id="105" dir="1" index="0" bw="1" slack="0"/>
</pin_list>
<bind>
<StgValue><ssdm name="p_ZL16conv1d_1_param_0_20"/><MemPortTyVec>1 1 1 1 1 1 1 1 1 1 1 1 1 1 1 1 1 1 </MemPortTyVec>
</StgValue>
</bind>
</comp>

<comp id="106" class="1000" name="p_ZL16conv1d_1_param_0_21">
<pin_list>
<pin id="107" dir="1" index="0" bw="1" slack="0"/>
</pin_list>
<bind>
<StgValue><ssdm name="p_ZL16conv1d_1_param_0_21"/><MemPortTyVec>1 1 1 1 1 1 1 1 1 1 1 1 1 1 1 1 1 1 </MemPortTyVec>
</StgValue>
</bind>
</comp>

<comp id="108" class="1000" name="p_ZL16conv1d_1_param_0_22">
<pin_list>
<pin id="109" dir="1" index="0" bw="1" slack="0"/>
</pin_list>
<bind>
<StgValue><ssdm name="p_ZL16conv1d_1_param_0_22"/><MemPortTyVec>1 1 1 1 1 1 1 1 1 1 1 1 1 1 1 1 1 1 </MemPortTyVec>
</StgValue>
</bind>
</comp>

<comp id="110" class="1000" name="p_ZL16conv1d_1_param_0_23">
<pin_list>
<pin id="111" dir="1" index="0" bw="1" slack="0"/>
</pin_list>
<bind>
<StgValue><ssdm name="p_ZL16conv1d_1_param_0_23"/><MemPortTyVec>1 1 1 1 1 1 1 1 1 1 1 1 1 1 1 1 1 1 </MemPortTyVec>
</StgValue>
</bind>
</comp>

<comp id="112" class="1000" name="p_ZL16conv1d_1_param_0_24">
<pin_list>
<pin id="113" dir="1" index="0" bw="1" slack="0"/>
</pin_list>
<bind>
<StgValue><ssdm name="p_ZL16conv1d_1_param_0_24"/><MemPortTyVec>1 1 1 1 1 1 1 1 1 1 1 1 1 1 1 1 1 1 </MemPortTyVec>
</StgValue>
</bind>
</comp>

<comp id="114" class="1000" name="p_ZL16conv1d_1_param_0_25">
<pin_list>
<pin id="115" dir="1" index="0" bw="1" slack="0"/>
</pin_list>
<bind>
<StgValue><ssdm name="p_ZL16conv1d_1_param_0_25"/><MemPortTyVec>1 1 1 1 1 1 1 1 1 1 1 1 1 1 1 1 1 1 </MemPortTyVec>
</StgValue>
</bind>
</comp>

<comp id="116" class="1000" name="p_ZL16conv1d_1_param_0_26">
<pin_list>
<pin id="117" dir="1" index="0" bw="1" slack="0"/>
</pin_list>
<bind>
<StgValue><ssdm name="p_ZL16conv1d_1_param_0_26"/><MemPortTyVec>1 1 1 1 1 1 1 1 1 1 1 1 1 1 1 1 1 1 </MemPortTyVec>
</StgValue>
</bind>
</comp>

<comp id="118" class="1000" name="p_ZL16conv1d_1_param_0_27">
<pin_list>
<pin id="119" dir="1" index="0" bw="1" slack="0"/>
</pin_list>
<bind>
<StgValue><ssdm name="p_ZL16conv1d_1_param_0_27"/><MemPortTyVec>1 1 1 1 1 1 1 1 1 1 1 1 1 1 1 1 1 1 </MemPortTyVec>
</StgValue>
</bind>
</comp>

<comp id="120" class="1000" name="p_ZL16conv1d_1_param_0_28">
<pin_list>
<pin id="121" dir="1" index="0" bw="1" slack="0"/>
</pin_list>
<bind>
<StgValue><ssdm name="p_ZL16conv1d_1_param_0_28"/><MemPortTyVec>1 1 1 1 1 1 1 1 1 1 1 1 1 1 1 1 1 1 </MemPortTyVec>
</StgValue>
</bind>
</comp>

<comp id="122" class="1000" name="p_ZL16conv1d_1_param_0_29">
<pin_list>
<pin id="123" dir="1" index="0" bw="1" slack="0"/>
</pin_list>
<bind>
<StgValue><ssdm name="p_ZL16conv1d_1_param_0_29"/><MemPortTyVec>1 1 1 1 1 1 1 1 1 1 1 1 1 1 1 1 1 1 </MemPortTyVec>
</StgValue>
</bind>
</comp>

<comp id="124" class="1000" name="p_ZL16conv1d_1_param_0_30">
<pin_list>
<pin id="125" dir="1" index="0" bw="1" slack="0"/>
</pin_list>
<bind>
<StgValue><ssdm name="p_ZL16conv1d_1_param_0_30"/><MemPortTyVec>1 1 1 1 1 1 1 1 1 1 1 1 1 1 1 1 1 1 </MemPortTyVec>
</StgValue>
</bind>
</comp>

<comp id="126" class="1000" name="p_ZL16conv1d_1_param_0_31">
<pin_list>
<pin id="127" dir="1" index="0" bw="1" slack="0"/>
</pin_list>
<bind>
<StgValue><ssdm name="p_ZL16conv1d_1_param_0_31"/><MemPortTyVec>1 1 1 1 1 1 1 1 1 1 1 1 1 1 1 1 1 1 </MemPortTyVec>
</StgValue>
</bind>
</comp>

<comp id="128" class="1000" name="p_ZL16conv1d_1_param_0_32">
<pin_list>
<pin id="129" dir="1" index="0" bw="1" slack="0"/>
</pin_list>
<bind>
<StgValue><ssdm name="p_ZL16conv1d_1_param_0_32"/><MemPortTyVec>1 1 1 1 1 1 1 1 1 1 1 1 1 1 1 1 1 1 </MemPortTyVec>
</StgValue>
</bind>
</comp>

<comp id="130" class="1000" name="conv1d_1_param_1">
<pin_list>
<pin id="131" dir="1" index="0" bw="1" slack="0"/>
</pin_list>
<bind>
<StgValue><ssdm name="conv1d_1_param_1"/><MemPortTyVec>1 </MemPortTyVec>
</StgValue>
</bind>
</comp>

<comp id="132" class="1000" name="batch_normalization_1_param_0">
<pin_list>
<pin id="133" dir="1" index="0" bw="1" slack="0"/>
</pin_list>
<bind>
<StgValue><ssdm name="batch_normalization_1_param_0"/><MemPortTyVec>1 </MemPortTyVec>
</StgValue>
</bind>
</comp>

<comp id="134" class="1000" name="batch_normalization_1_param_1">
<pin_list>
<pin id="135" dir="1" index="0" bw="1" slack="0"/>
</pin_list>
<bind>
<StgValue><ssdm name="batch_normalization_1_param_1"/><MemPortTyVec>1 </MemPortTyVec>
</StgValue>
</bind>
</comp>

<comp id="136" class="1000" name="batch_normalization_1_param_2">
<pin_list>
<pin id="137" dir="1" index="0" bw="1" slack="0"/>
</pin_list>
<bind>
<StgValue><ssdm name="batch_normalization_1_param_2"/><MemPortTyVec>1 </MemPortTyVec>
</StgValue>
</bind>
</comp>

<comp id="138" class="1000" name="batch_normalization_1_param_3">
<pin_list>
<pin id="139" dir="1" index="0" bw="1" slack="0"/>
</pin_list>
<bind>
<StgValue><ssdm name="batch_normalization_1_param_3"/><MemPortTyVec>1 </MemPortTyVec>
</StgValue>
</bind>
</comp>

<comp id="140" class="1000" name="dense_param_1">
<pin_list>
<pin id="141" dir="1" index="0" bw="1" slack="0"/>
</pin_list>
<bind>
<StgValue><ssdm name="dense_param_1"/><MemPortTyVec>1 </MemPortTyVec>
</StgValue>
</bind>
</comp>

<comp id="142" class="1000" name="dense_param_0">
<pin_list>
<pin id="143" dir="1" index="0" bw="1" slack="0"/>
</pin_list>
<bind>
<StgValue><ssdm name="dense_param_0"/><MemPortTyVec>1 </MemPortTyVec>
</StgValue>
</bind>
</comp>

<comp id="144" class="1000" name="dense_1_param_1">
<pin_list>
<pin id="145" dir="1" index="0" bw="1" slack="0"/>
</pin_list>
<bind>
<StgValue><ssdm name="dense_1_param_1"/><MemPortTyVec>1 </MemPortTyVec>
</StgValue>
</bind>
</comp>

<comp id="146" class="1000" name="dense_1_param_0">
<pin_list>
<pin id="147" dir="1" index="0" bw="1" slack="0"/>
</pin_list>
<bind>
<StgValue><ssdm name="dense_1_param_0"/><MemPortTyVec>1 </MemPortTyVec>
</StgValue>
</bind>
</comp>

<comp id="148" class="1001" name="const_148">
<pin_list>
<pin id="149" dir="1" index="0" bw="1" slack="0"/>
</pin_list>
<bind>
<StgValue><ssdm name=""/></StgValue>
</bind>
</comp>

<comp id="150" class="1001" name="const_150">
<pin_list>
<pin id="151" dir="1" index="0" bw="1" slack="0"/>
</pin_list>
<bind>
<StgValue><ssdm name="cnn_gesture_top_Pipeline_VITIS_LOOP_270_1_VITIS_LOOP_271_2"/></StgValue>
</bind>
</comp>

<comp id="152" class="1001" name="const_152">
<pin_list>
<pin id="153" dir="1" index="0" bw="1" slack="0"/>
</pin_list>
<bind>
<StgValue><ssdm name="cnn_gesture_core"/></StgValue>
</bind>
</comp>

<comp id="154" class="1001" name="const_154">
<pin_list>
<pin id="155" dir="1" index="0" bw="1" slack="0"/>
</pin_list>
<bind>
<StgValue><ssdm name="cnn_gesture_top_Pipeline_VITIS_LOOP_281_3"/></StgValue>
</bind>
</comp>

<comp id="156" class="1001" name="const_156">
<pin_list>
<pin id="157" dir="1" index="0" bw="1" slack="2147483647"/>
</pin_list>
<bind>
<StgValue><ssdm name="_ssdm_op_SpecTopModule"/></StgValue>
</bind>
</comp>

<comp id="158" class="1001" name="const_158">
<pin_list>
<pin id="159" dir="1" index="0" bw="1" slack="2147483647"/>
</pin_list>
<bind>
<StgValue><ssdm name="empty_0"/></StgValue>
</bind>
</comp>

<comp id="160" class="1001" name="const_160">
<pin_list>
<pin id="161" dir="1" index="0" bw="1" slack="2147483647"/>
</pin_list>
<bind>
<StgValue><ssdm name="_ssdm_op_SpecInterface"/></StgValue>
</bind>
</comp>

<comp id="162" class="1001" name="const_162">
<pin_list>
<pin id="163" dir="1" index="0" bw="1" slack="2147483647"/>
</pin_list>
<bind>
<StgValue><ssdm name="empty_5"/></StgValue>
</bind>
</comp>

<comp id="164" class="1001" name="const_164">
<pin_list>
<pin id="165" dir="1" index="0" bw="1" slack="2147483647"/>
</pin_list>
<bind>
<StgValue><ssdm name=""/></StgValue>
</bind>
</comp>

<comp id="166" class="1001" name="const_166">
<pin_list>
<pin id="167" dir="1" index="0" bw="1" slack="2147483647"/>
</pin_list>
<bind>
<StgValue><ssdm name="empty_3"/></StgValue>
</bind>
</comp>

<comp id="168" class="1001" name="const_168">
<pin_list>
<pin id="169" dir="1" index="0" bw="1" slack="2147483647"/>
</pin_list>
<bind>
<StgValue><ssdm name=""/></StgValue>
</bind>
</comp>

<comp id="170" class="1001" name="const_170">
<pin_list>
<pin id="171" dir="1" index="0" bw="1" slack="2147483647"/>
</pin_list>
<bind>
<StgValue><ssdm name="empty_9"/></StgValue>
</bind>
</comp>

<comp id="172" class="1001" name="const_172">
<pin_list>
<pin id="173" dir="1" index="0" bw="1" slack="2147483647"/>
</pin_list>
<bind>
<StgValue><ssdm name=""/></StgValue>
</bind>
</comp>

<comp id="174" class="1001" name="const_174">
<pin_list>
<pin id="175" dir="1" index="0" bw="1" slack="2147483647"/>
</pin_list>
<bind>
<StgValue><ssdm name="_ssdm_op_SpecBitsMap"/></StgValue>
</bind>
</comp>

<comp id="176" class="1001" name="const_176">
<pin_list>
<pin id="177" dir="1" index="0" bw="1" slack="2147483647"/>
</pin_list>
<bind>
<StgValue><ssdm name="empty_11"/></StgValue>
</bind>
</comp>

<comp id="178" class="1001" name="const_178">
<pin_list>
<pin id="179" dir="1" index="0" bw="1" slack="2147483647"/>
</pin_list>
<bind>
<StgValue><ssdm name="empty_8"/></StgValue>
</bind>
</comp>

<comp id="180" class="1001" name="const_180">
<pin_list>
<pin id="181" dir="1" index="0" bw="1" slack="2147483647"/>
</pin_list>
<bind>
<StgValue><ssdm name="_ssdm_op_SpecAXISSideChannel"/></StgValue>
</bind>
</comp>

<comp id="182" class="1001" name="const_182">
<pin_list>
<pin id="183" dir="1" index="0" bw="1" slack="2147483647"/>
</pin_list>
<bind>
<StgValue><ssdm name=""/></StgValue>
</bind>
</comp>

<comp id="184" class="1001" name="const_184">
<pin_list>
<pin id="185" dir="1" index="0" bw="1" slack="2147483647"/>
</pin_list>
<bind>
<StgValue><ssdm name="empty_12"/></StgValue>
</bind>
</comp>

<comp id="186" class="1001" name="const_186">
<pin_list>
<pin id="187" dir="1" index="0" bw="1" slack="2147483647"/>
</pin_list>
<bind>
<StgValue><ssdm name="empty"/></StgValue>
</bind>
</comp>

<comp id="188" class="1004" name="input_alloca_fu_188">
<pin_list>
<pin id="189" dir="0" index="0" bw="1" slack="0"/>
<pin id="190" dir="1" index="1" bw="16" slack="2147483647"/>
</pin_list>
<bind>
<opcode="alloca(26) " fcode="alloca"/>
<opset="input/1 "/>
</bind>
</comp>

<comp id="192" class="1004" name="input_1_alloca_fu_192">
<pin_list>
<pin id="193" dir="0" index="0" bw="1" slack="0"/>
<pin id="194" dir="1" index="1" bw="16" slack="2147483647"/>
</pin_list>
<bind>
<opcode="alloca(26) " fcode="alloca"/>
<opset="input_1/1 "/>
</bind>
</comp>

<comp id="196" class="1004" name="input_2_alloca_fu_196">
<pin_list>
<pin id="197" dir="0" index="0" bw="1" slack="0"/>
<pin id="198" dir="1" index="1" bw="16" slack="2147483647"/>
</pin_list>
<bind>
<opcode="alloca(26) " fcode="alloca"/>
<opset="input_2/1 "/>
</bind>
</comp>

<comp id="200" class="1004" name="input_3_alloca_fu_200">
<pin_list>
<pin id="201" dir="0" index="0" bw="1" slack="0"/>
<pin id="202" dir="1" index="1" bw="16" slack="2147483647"/>
</pin_list>
<bind>
<opcode="alloca(26) " fcode="alloca"/>
<opset="input_3/1 "/>
</bind>
</comp>

<comp id="204" class="1004" name="input_4_alloca_fu_204">
<pin_list>
<pin id="205" dir="0" index="0" bw="1" slack="0"/>
<pin id="206" dir="1" index="1" bw="16" slack="2147483647"/>
</pin_list>
<bind>
<opcode="alloca(26) " fcode="alloca"/>
<opset="input_4/1 "/>
</bind>
</comp>

<comp id="208" class="1004" name="input_5_alloca_fu_208">
<pin_list>
<pin id="209" dir="0" index="0" bw="1" slack="0"/>
<pin id="210" dir="1" index="1" bw="16" slack="2147483647"/>
</pin_list>
<bind>
<opcode="alloca(26) " fcode="alloca"/>
<opset="input_5/1 "/>
</bind>
</comp>

<comp id="212" class="1004" name="input_6_alloca_fu_212">
<pin_list>
<pin id="213" dir="0" index="0" bw="1" slack="0"/>
<pin id="214" dir="1" index="1" bw="16" slack="2147483647"/>
</pin_list>
<bind>
<opcode="alloca(26) " fcode="alloca"/>
<opset="input_6/1 "/>
</bind>
</comp>

<comp id="216" class="1004" name="input_7_alloca_fu_216">
<pin_list>
<pin id="217" dir="0" index="0" bw="1" slack="0"/>
<pin id="218" dir="1" index="1" bw="16" slack="2147483647"/>
</pin_list>
<bind>
<opcode="alloca(26) " fcode="alloca"/>
<opset="input_7/1 "/>
</bind>
</comp>

<comp id="220" class="1004" name="input_8_alloca_fu_220">
<pin_list>
<pin id="221" dir="0" index="0" bw="1" slack="0"/>
<pin id="222" dir="1" index="1" bw="16" slack="2147483647"/>
</pin_list>
<bind>
<opcode="alloca(26) " fcode="alloca"/>
<opset="input_8/1 "/>
</bind>
</comp>

<comp id="224" class="1004" name="input_9_alloca_fu_224">
<pin_list>
<pin id="225" dir="0" index="0" bw="1" slack="0"/>
<pin id="226" dir="1" index="1" bw="16" slack="2147483647"/>
</pin_list>
<bind>
<opcode="alloca(26) " fcode="alloca"/>
<opset="input_9/1 "/>
</bind>
</comp>

<comp id="228" class="1004" name="input_10_alloca_fu_228">
<pin_list>
<pin id="229" dir="0" index="0" bw="1" slack="0"/>
<pin id="230" dir="1" index="1" bw="16" slack="2147483647"/>
</pin_list>
<bind>
<opcode="alloca(26) " fcode="alloca"/>
<opset="input_10/1 "/>
</bind>
</comp>

<comp id="232" class="1004" name="input_11_alloca_fu_232">
<pin_list>
<pin id="233" dir="0" index="0" bw="1" slack="0"/>
<pin id="234" dir="1" index="1" bw="16" slack="2147483647"/>
</pin_list>
<bind>
<opcode="alloca(26) " fcode="alloca"/>
<opset="input_11/1 "/>
</bind>
</comp>

<comp id="236" class="1004" name="input_12_alloca_fu_236">
<pin_list>
<pin id="237" dir="0" index="0" bw="1" slack="0"/>
<pin id="238" dir="1" index="1" bw="16" slack="2147483647"/>
</pin_list>
<bind>
<opcode="alloca(26) " fcode="alloca"/>
<opset="input_12/1 "/>
</bind>
</comp>

<comp id="240" class="1004" name="input_13_alloca_fu_240">
<pin_list>
<pin id="241" dir="0" index="0" bw="1" slack="0"/>
<pin id="242" dir="1" index="1" bw="16" slack="2147483647"/>
</pin_list>
<bind>
<opcode="alloca(26) " fcode="alloca"/>
<opset="input_13/1 "/>
</bind>
</comp>

<comp id="244" class="1004" name="input_14_alloca_fu_244">
<pin_list>
<pin id="245" dir="0" index="0" bw="1" slack="0"/>
<pin id="246" dir="1" index="1" bw="16" slack="2147483647"/>
</pin_list>
<bind>
<opcode="alloca(26) " fcode="alloca"/>
<opset="input_14/1 "/>
</bind>
</comp>

<comp id="248" class="1004" name="input_15_alloca_fu_248">
<pin_list>
<pin id="249" dir="0" index="0" bw="1" slack="0"/>
<pin id="250" dir="1" index="1" bw="16" slack="2147483647"/>
</pin_list>
<bind>
<opcode="alloca(26) " fcode="alloca"/>
<opset="input_15/1 "/>
</bind>
</comp>

<comp id="252" class="1004" name="input_16_alloca_fu_252">
<pin_list>
<pin id="253" dir="0" index="0" bw="1" slack="0"/>
<pin id="254" dir="1" index="1" bw="16" slack="2147483647"/>
</pin_list>
<bind>
<opcode="alloca(26) " fcode="alloca"/>
<opset="input_16/1 "/>
</bind>
</comp>

<comp id="256" class="1004" name="input_17_alloca_fu_256">
<pin_list>
<pin id="257" dir="0" index="0" bw="1" slack="0"/>
<pin id="258" dir="1" index="1" bw="16" slack="2147483647"/>
</pin_list>
<bind>
<opcode="alloca(26) " fcode="alloca"/>
<opset="input_17/1 "/>
</bind>
</comp>

<comp id="260" class="1004" name="output_alloca_fu_260">
<pin_list>
<pin id="261" dir="0" index="0" bw="1" slack="0"/>
<pin id="262" dir="1" index="1" bw="16" slack="2147483647"/>
</pin_list>
<bind>
<opcode="alloca(26) " fcode="alloca"/>
<opset="output/1 "/>
</bind>
</comp>

<comp id="264" class="1004" name="grp_cnn_gesture_top_Pipeline_VITIS_LOOP_270_1_VITIS_LOOP_271_2_fu_264">
<pin_list>
<pin id="265" dir="0" index="0" bw="0" slack="0"/>
<pin id="266" dir="0" index="1" bw="16" slack="2147483647"/>
<pin id="267" dir="0" index="2" bw="16" slack="2147483647"/>
<pin id="268" dir="0" index="3" bw="16" slack="2147483647"/>
<pin id="269" dir="0" index="4" bw="16" slack="2147483647"/>
<pin id="270" dir="0" index="5" bw="16" slack="2147483647"/>
<pin id="271" dir="0" index="6" bw="16" slack="2147483647"/>
<pin id="272" dir="0" index="7" bw="16" slack="2147483647"/>
<pin id="273" dir="0" index="8" bw="16" slack="2147483647"/>
<pin id="274" dir="0" index="9" bw="16" slack="2147483647"/>
<pin id="275" dir="0" index="10" bw="16" slack="2147483647"/>
<pin id="276" dir="0" index="11" bw="16" slack="2147483647"/>
<pin id="277" dir="0" index="12" bw="16" slack="2147483647"/>
<pin id="278" dir="0" index="13" bw="16" slack="2147483647"/>
<pin id="279" dir="0" index="14" bw="16" slack="2147483647"/>
<pin id="280" dir="0" index="15" bw="16" slack="2147483647"/>
<pin id="281" dir="0" index="16" bw="16" slack="2147483647"/>
<pin id="282" dir="0" index="17" bw="16" slack="2147483647"/>
<pin id="283" dir="0" index="18" bw="16" slack="2147483647"/>
<pin id="284" dir="0" index="19" bw="32" slack="0"/>
<pin id="285" dir="0" index="20" bw="4" slack="0"/>
<pin id="286" dir="0" index="21" bw="4" slack="0"/>
<pin id="287" dir="0" index="22" bw="1" slack="0"/>
<pin id="288" dir="1" index="23" bw="0" slack="2147483647"/>
</pin_list>
<bind>
<opcode="call(48) " fcode="call"/>
<opset="call_ln0/2 "/>
</bind>
</comp>

<comp id="294" class="1004" name="grp_cnn_gesture_core_fu_294">
<pin_list>
<pin id="295" dir="0" index="0" bw="0" slack="0"/>
<pin id="296" dir="0" index="1" bw="16" slack="2147483647"/>
<pin id="297" dir="0" index="2" bw="16" slack="2147483647"/>
<pin id="298" dir="0" index="3" bw="16" slack="2147483647"/>
<pin id="299" dir="0" index="4" bw="16" slack="2147483647"/>
<pin id="300" dir="0" index="5" bw="16" slack="2147483647"/>
<pin id="301" dir="0" index="6" bw="16" slack="2147483647"/>
<pin id="302" dir="0" index="7" bw="16" slack="2147483647"/>
<pin id="303" dir="0" index="8" bw="16" slack="2147483647"/>
<pin id="304" dir="0" index="9" bw="16" slack="2147483647"/>
<pin id="305" dir="0" index="10" bw="16" slack="2147483647"/>
<pin id="306" dir="0" index="11" bw="16" slack="2147483647"/>
<pin id="307" dir="0" index="12" bw="16" slack="2147483647"/>
<pin id="308" dir="0" index="13" bw="16" slack="2147483647"/>
<pin id="309" dir="0" index="14" bw="16" slack="2147483647"/>
<pin id="310" dir="0" index="15" bw="16" slack="2147483647"/>
<pin id="311" dir="0" index="16" bw="16" slack="2147483647"/>
<pin id="312" dir="0" index="17" bw="16" slack="2147483647"/>
<pin id="313" dir="0" index="18" bw="16" slack="2147483647"/>
<pin id="314" dir="0" index="19" bw="16" slack="2147483647"/>
<pin id="315" dir="0" index="20" bw="32" slack="0"/>
<pin id="316" dir="0" index="21" bw="32" slack="0"/>
<pin id="317" dir="0" index="22" bw="32" slack="0"/>
<pin id="318" dir="0" index="23" bw="32" slack="0"/>
<pin id="319" dir="0" index="24" bw="32" slack="0"/>
<pin id="320" dir="0" index="25" bw="32" slack="0"/>
<pin id="321" dir="0" index="26" bw="32" slack="0"/>
<pin id="322" dir="0" index="27" bw="32" slack="0"/>
<pin id="323" dir="0" index="28" bw="32" slack="0"/>
<pin id="324" dir="0" index="29" bw="32" slack="0"/>
<pin id="325" dir="0" index="30" bw="32" slack="0"/>
<pin id="326" dir="0" index="31" bw="32" slack="0"/>
<pin id="327" dir="0" index="32" bw="32" slack="0"/>
<pin id="328" dir="0" index="33" bw="32" slack="0"/>
<pin id="329" dir="0" index="34" bw="32" slack="0"/>
<pin id="330" dir="0" index="35" bw="32" slack="0"/>
<pin id="331" dir="0" index="36" bw="32" slack="0"/>
<pin id="332" dir="0" index="37" bw="32" slack="0"/>
<pin id="333" dir="0" index="38" bw="32" slack="0"/>
<pin id="334" dir="0" index="39" bw="32" slack="0"/>
<pin id="335" dir="0" index="40" bw="32" slack="0"/>
<pin id="336" dir="0" index="41" bw="32" slack="0"/>
<pin id="337" dir="0" index="42" bw="32" slack="0"/>
<pin id="338" dir="0" index="43" bw="32" slack="0"/>
<pin id="339" dir="0" index="44" bw="32" slack="0"/>
<pin id="340" dir="0" index="45" bw="32" slack="0"/>
<pin id="341" dir="0" index="46" bw="32" slack="0"/>
<pin id="342" dir="0" index="47" bw="32" slack="0"/>
<pin id="343" dir="0" index="48" bw="32" slack="0"/>
<pin id="344" dir="0" index="49" bw="32" slack="0"/>
<pin id="345" dir="0" index="50" bw="32" slack="0"/>
<pin id="346" dir="0" index="51" bw="32" slack="0"/>
<pin id="347" dir="0" index="52" bw="32" slack="0"/>
<pin id="348" dir="0" index="53" bw="32" slack="0"/>
<pin id="349" dir="0" index="54" bw="32" slack="0"/>
<pin id="350" dir="0" index="55" bw="32" slack="0"/>
<pin id="351" dir="0" index="56" bw="32" slack="0"/>
<pin id="352" dir="0" index="57" bw="32" slack="0"/>
<pin id="353" dir="0" index="58" bw="32" slack="0"/>
<pin id="354" dir="0" index="59" bw="32" slack="0"/>
<pin id="355" dir="0" index="60" bw="32" slack="0"/>
<pin id="356" dir="0" index="61" bw="32" slack="0"/>
<pin id="357" dir="0" index="62" bw="32" slack="0"/>
<pin id="358" dir="0" index="63" bw="32" slack="0"/>
<pin id="359" dir="0" index="64" bw="32" slack="0"/>
<pin id="360" dir="0" index="65" bw="32" slack="0"/>
<pin id="361" dir="0" index="66" bw="32" slack="0"/>
<pin id="362" dir="0" index="67" bw="32" slack="0"/>
<pin id="363" dir="0" index="68" bw="32" slack="0"/>
<pin id="364" dir="0" index="69" bw="32" slack="0"/>
<pin id="365" dir="0" index="70" bw="32" slack="0"/>
<pin id="366" dir="0" index="71" bw="32" slack="0"/>
<pin id="367" dir="0" index="72" bw="32" slack="0"/>
<pin id="368" dir="0" index="73" bw="32" slack="0"/>
<pin id="369" dir="0" index="74" bw="32" slack="0"/>
<pin id="370" dir="0" index="75" bw="32" slack="0"/>
<pin id="371" dir="0" index="76" bw="32" slack="0"/>
<pin id="372" dir="0" index="77" bw="32" slack="0"/>
<pin id="373" dir="0" index="78" bw="32" slack="0"/>
<pin id="374" dir="0" index="79" bw="32" slack="0"/>
<pin id="375" dir="0" index="80" bw="32" slack="0"/>
<pin id="376" dir="0" index="81" bw="32" slack="0"/>
<pin id="377" dir="0" index="82" bw="32" slack="0"/>
<pin id="378" dir="0" index="83" bw="32" slack="0"/>
<pin id="379" dir="0" index="84" bw="32" slack="0"/>
<pin id="380" dir="0" index="85" bw="32" slack="0"/>
<pin id="381" dir="1" index="86" bw="0" slack="2147483647"/>
</pin_list>
<bind>
<opcode="call(48) " fcode="call"/>
<opset="call_ln279/4 "/>
</bind>
</comp>

<comp id="449" class="1004" name="grp_cnn_gesture_top_Pipeline_VITIS_LOOP_281_3_fu_449">
<pin_list>
<pin id="450" dir="0" index="0" bw="0" slack="0"/>
<pin id="451" dir="0" index="1" bw="16" slack="2147483647"/>
<pin id="452" dir="0" index="2" bw="32" slack="0"/>
<pin id="453" dir="0" index="3" bw="4" slack="0"/>
<pin id="454" dir="0" index="4" bw="4" slack="0"/>
<pin id="455" dir="0" index="5" bw="1" slack="0"/>
<pin id="456" dir="1" index="6" bw="0" slack="2147483647"/>
</pin_list>
<bind>
<opcode="call(48) " fcode="call"/>
<opset="call_ln0/6 "/>
</bind>
</comp>

</comp_list>

<net_list>
<net id="191"><net_src comp="148" pin="0"/><net_sink comp="188" pin=0"/></net>

<net id="195"><net_src comp="148" pin="0"/><net_sink comp="192" pin=0"/></net>

<net id="199"><net_src comp="148" pin="0"/><net_sink comp="196" pin=0"/></net>

<net id="203"><net_src comp="148" pin="0"/><net_sink comp="200" pin=0"/></net>

<net id="207"><net_src comp="148" pin="0"/><net_sink comp="204" pin=0"/></net>

<net id="211"><net_src comp="148" pin="0"/><net_sink comp="208" pin=0"/></net>

<net id="215"><net_src comp="148" pin="0"/><net_sink comp="212" pin=0"/></net>

<net id="219"><net_src comp="148" pin="0"/><net_sink comp="216" pin=0"/></net>

<net id="223"><net_src comp="148" pin="0"/><net_sink comp="220" pin=0"/></net>

<net id="227"><net_src comp="148" pin="0"/><net_sink comp="224" pin=0"/></net>

<net id="231"><net_src comp="148" pin="0"/><net_sink comp="228" pin=0"/></net>

<net id="235"><net_src comp="148" pin="0"/><net_sink comp="232" pin=0"/></net>

<net id="239"><net_src comp="148" pin="0"/><net_sink comp="236" pin=0"/></net>

<net id="243"><net_src comp="148" pin="0"/><net_sink comp="240" pin=0"/></net>

<net id="247"><net_src comp="148" pin="0"/><net_sink comp="244" pin=0"/></net>

<net id="251"><net_src comp="148" pin="0"/><net_sink comp="248" pin=0"/></net>

<net id="255"><net_src comp="148" pin="0"/><net_sink comp="252" pin=0"/></net>

<net id="259"><net_src comp="148" pin="0"/><net_sink comp="256" pin=0"/></net>

<net id="263"><net_src comp="148" pin="0"/><net_sink comp="260" pin=0"/></net>

<net id="289"><net_src comp="150" pin="0"/><net_sink comp="264" pin=0"/></net>

<net id="290"><net_src comp="0" pin="0"/><net_sink comp="264" pin=19"/></net>

<net id="291"><net_src comp="2" pin="0"/><net_sink comp="264" pin=20"/></net>

<net id="292"><net_src comp="4" pin="0"/><net_sink comp="264" pin=21"/></net>

<net id="293"><net_src comp="6" pin="0"/><net_sink comp="264" pin=22"/></net>

<net id="382"><net_src comp="152" pin="0"/><net_sink comp="294" pin=0"/></net>

<net id="383"><net_src comp="16" pin="0"/><net_sink comp="294" pin=20"/></net>

<net id="384"><net_src comp="18" pin="0"/><net_sink comp="294" pin=21"/></net>

<net id="385"><net_src comp="20" pin="0"/><net_sink comp="294" pin=22"/></net>

<net id="386"><net_src comp="22" pin="0"/><net_sink comp="294" pin=23"/></net>

<net id="387"><net_src comp="24" pin="0"/><net_sink comp="294" pin=24"/></net>

<net id="388"><net_src comp="26" pin="0"/><net_sink comp="294" pin=25"/></net>

<net id="389"><net_src comp="28" pin="0"/><net_sink comp="294" pin=26"/></net>

<net id="390"><net_src comp="30" pin="0"/><net_sink comp="294" pin=27"/></net>

<net id="391"><net_src comp="32" pin="0"/><net_sink comp="294" pin=28"/></net>

<net id="392"><net_src comp="34" pin="0"/><net_sink comp="294" pin=29"/></net>

<net id="393"><net_src comp="36" pin="0"/><net_sink comp="294" pin=30"/></net>

<net id="394"><net_src comp="38" pin="0"/><net_sink comp="294" pin=31"/></net>

<net id="395"><net_src comp="40" pin="0"/><net_sink comp="294" pin=32"/></net>

<net id="396"><net_src comp="42" pin="0"/><net_sink comp="294" pin=33"/></net>

<net id="397"><net_src comp="44" pin="0"/><net_sink comp="294" pin=34"/></net>

<net id="398"><net_src comp="46" pin="0"/><net_sink comp="294" pin=35"/></net>

<net id="399"><net_src comp="48" pin="0"/><net_sink comp="294" pin=36"/></net>

<net id="400"><net_src comp="50" pin="0"/><net_sink comp="294" pin=37"/></net>

<net id="401"><net_src comp="52" pin="0"/><net_sink comp="294" pin=38"/></net>

<net id="402"><net_src comp="54" pin="0"/><net_sink comp="294" pin=39"/></net>

<net id="403"><net_src comp="56" pin="0"/><net_sink comp="294" pin=40"/></net>

<net id="404"><net_src comp="58" pin="0"/><net_sink comp="294" pin=41"/></net>

<net id="405"><net_src comp="60" pin="0"/><net_sink comp="294" pin=42"/></net>

<net id="406"><net_src comp="62" pin="0"/><net_sink comp="294" pin=43"/></net>

<net id="407"><net_src comp="64" pin="0"/><net_sink comp="294" pin=44"/></net>

<net id="408"><net_src comp="66" pin="0"/><net_sink comp="294" pin=45"/></net>

<net id="409"><net_src comp="68" pin="0"/><net_sink comp="294" pin=46"/></net>

<net id="410"><net_src comp="70" pin="0"/><net_sink comp="294" pin=47"/></net>

<net id="411"><net_src comp="72" pin="0"/><net_sink comp="294" pin=48"/></net>

<net id="412"><net_src comp="74" pin="0"/><net_sink comp="294" pin=49"/></net>

<net id="413"><net_src comp="76" pin="0"/><net_sink comp="294" pin=50"/></net>

<net id="414"><net_src comp="78" pin="0"/><net_sink comp="294" pin=51"/></net>

<net id="415"><net_src comp="80" pin="0"/><net_sink comp="294" pin=52"/></net>

<net id="416"><net_src comp="82" pin="0"/><net_sink comp="294" pin=53"/></net>

<net id="417"><net_src comp="84" pin="0"/><net_sink comp="294" pin=54"/></net>

<net id="418"><net_src comp="86" pin="0"/><net_sink comp="294" pin=55"/></net>

<net id="419"><net_src comp="88" pin="0"/><net_sink comp="294" pin=56"/></net>

<net id="420"><net_src comp="90" pin="0"/><net_sink comp="294" pin=57"/></net>

<net id="421"><net_src comp="92" pin="0"/><net_sink comp="294" pin=58"/></net>

<net id="422"><net_src comp="94" pin="0"/><net_sink comp="294" pin=59"/></net>

<net id="423"><net_src comp="96" pin="0"/><net_sink comp="294" pin=60"/></net>

<net id="424"><net_src comp="98" pin="0"/><net_sink comp="294" pin=61"/></net>

<net id="425"><net_src comp="100" pin="0"/><net_sink comp="294" pin=62"/></net>

<net id="426"><net_src comp="102" pin="0"/><net_sink comp="294" pin=63"/></net>

<net id="427"><net_src comp="104" pin="0"/><net_sink comp="294" pin=64"/></net>

<net id="428"><net_src comp="106" pin="0"/><net_sink comp="294" pin=65"/></net>

<net id="429"><net_src comp="108" pin="0"/><net_sink comp="294" pin=66"/></net>

<net id="430"><net_src comp="110" pin="0"/><net_sink comp="294" pin=67"/></net>

<net id="431"><net_src comp="112" pin="0"/><net_sink comp="294" pin=68"/></net>

<net id="432"><net_src comp="114" pin="0"/><net_sink comp="294" pin=69"/></net>

<net id="433"><net_src comp="116" pin="0"/><net_sink comp="294" pin=70"/></net>

<net id="434"><net_src comp="118" pin="0"/><net_sink comp="294" pin=71"/></net>

<net id="435"><net_src comp="120" pin="0"/><net_sink comp="294" pin=72"/></net>

<net id="436"><net_src comp="122" pin="0"/><net_sink comp="294" pin=73"/></net>

<net id="437"><net_src comp="124" pin="0"/><net_sink comp="294" pin=74"/></net>

<net id="438"><net_src comp="126" pin="0"/><net_sink comp="294" pin=75"/></net>

<net id="439"><net_src comp="128" pin="0"/><net_sink comp="294" pin=76"/></net>

<net id="440"><net_src comp="130" pin="0"/><net_sink comp="294" pin=77"/></net>

<net id="441"><net_src comp="132" pin="0"/><net_sink comp="294" pin=78"/></net>

<net id="442"><net_src comp="134" pin="0"/><net_sink comp="294" pin=79"/></net>

<net id="443"><net_src comp="136" pin="0"/><net_sink comp="294" pin=80"/></net>

<net id="444"><net_src comp="138" pin="0"/><net_sink comp="294" pin=81"/></net>

<net id="445"><net_src comp="140" pin="0"/><net_sink comp="294" pin=82"/></net>

<net id="446"><net_src comp="142" pin="0"/><net_sink comp="294" pin=83"/></net>

<net id="447"><net_src comp="144" pin="0"/><net_sink comp="294" pin=84"/></net>

<net id="448"><net_src comp="146" pin="0"/><net_sink comp="294" pin=85"/></net>

<net id="457"><net_src comp="154" pin="0"/><net_sink comp="449" pin=0"/></net>

<net id="458"><net_src comp="8" pin="0"/><net_sink comp="449" pin=2"/></net>

<net id="459"><net_src comp="10" pin="0"/><net_sink comp="449" pin=3"/></net>

<net id="460"><net_src comp="12" pin="0"/><net_sink comp="449" pin=4"/></net>

<net id="461"><net_src comp="14" pin="0"/><net_sink comp="449" pin=5"/></net>

</net_list>

</model> 
---------------- Datapath Model END ------------------

* FSMD analyzer results:
  - Output states:
	Port: output_stream_V_data_V | {6 7 }
	Port: output_stream_V_keep_V | {6 7 }
	Port: output_stream_V_strb_V | {6 7 }
	Port: output_stream_V_last_V | {6 7 }
 - Input state : 
	Port: cnn_gesture_top : input_stream_V_data_V | {2 3 }
	Port: cnn_gesture_top : input_stream_V_keep_V | {2 3 }
	Port: cnn_gesture_top : input_stream_V_strb_V | {2 3 }
	Port: cnn_gesture_top : input_stream_V_last_V | {2 3 }
	Port: cnn_gesture_top : p_ZL14conv1d_param_0_0 | {4 5 }
	Port: cnn_gesture_top : p_ZL14conv1d_param_0_1 | {4 5 }
	Port: cnn_gesture_top : p_ZL14conv1d_param_0_2 | {4 5 }
	Port: cnn_gesture_top : p_ZL14conv1d_param_0_3 | {4 5 }
	Port: cnn_gesture_top : p_ZL14conv1d_param_0_4 | {4 5 }
	Port: cnn_gesture_top : p_ZL14conv1d_param_0_5 | {4 5 }
	Port: cnn_gesture_top : p_ZL14conv1d_param_0_6 | {4 5 }
	Port: cnn_gesture_top : p_ZL14conv1d_param_0_7 | {4 5 }
	Port: cnn_gesture_top : p_ZL14conv1d_param_0_8 | {4 5 }
	Port: cnn_gesture_top : p_ZL14conv1d_param_0_9 | {4 5 }
	Port: cnn_gesture_top : p_ZL14conv1d_param_0_10 | {4 5 }
	Port: cnn_gesture_top : p_ZL14conv1d_param_0_11 | {4 5 }
	Port: cnn_gesture_top : p_ZL14conv1d_param_0_12 | {4 5 }
	Port: cnn_gesture_top : p_ZL14conv1d_param_0_13 | {4 5 }
	Port: cnn_gesture_top : p_ZL14conv1d_param_0_14 | {4 5 }
	Port: cnn_gesture_top : p_ZL14conv1d_param_0_15 | {4 5 }
	Port: cnn_gesture_top : p_ZL14conv1d_param_0_16 | {4 5 }
	Port: cnn_gesture_top : p_ZL14conv1d_param_0_17 | {4 5 }
	Port: cnn_gesture_top : p_ZL14conv1d_param_0_18 | {4 5 }
	Port: cnn_gesture_top : conv1d_param_1 | {4 5 }
	Port: cnn_gesture_top : batch_normalization_param_0 | {4 5 }
	Port: cnn_gesture_top : batch_normalization_param_1 | {4 5 }
	Port: cnn_gesture_top : batch_normalization_param_2 | {4 5 }
	Port: cnn_gesture_top : batch_normalization_param_3 | {4 5 }
	Port: cnn_gesture_top : p_ZL16conv1d_1_param_0_0 | {4 5 }
	Port: cnn_gesture_top : p_ZL16conv1d_1_param_0_1 | {4 5 }
	Port: cnn_gesture_top : p_ZL16conv1d_1_param_0_2 | {4 5 }
	Port: cnn_gesture_top : p_ZL16conv1d_1_param_0_3 | {4 5 }
	Port: cnn_gesture_top : p_ZL16conv1d_1_param_0_4 | {4 5 }
	Port: cnn_gesture_top : p_ZL16conv1d_1_param_0_5 | {4 5 }
	Port: cnn_gesture_top : p_ZL16conv1d_1_param_0_6 | {4 5 }
	Port: cnn_gesture_top : p_ZL16conv1d_1_param_0_7 | {4 5 }
	Port: cnn_gesture_top : p_ZL16conv1d_1_param_0_8 | {4 5 }
	Port: cnn_gesture_top : p_ZL16conv1d_1_param_0_9 | {4 5 }
	Port: cnn_gesture_top : p_ZL16conv1d_1_param_0_10 | {4 5 }
	Port: cnn_gesture_top : p_ZL16conv1d_1_param_0_11 | {4 5 }
	Port: cnn_gesture_top : p_ZL16conv1d_1_param_0_12 | {4 5 }
	Port: cnn_gesture_top : p_ZL16conv1d_1_param_0_13 | {4 5 }
	Port: cnn_gesture_top : p_ZL16conv1d_1_param_0_14 | {4 5 }
	Port: cnn_gesture_top : p_ZL16conv1d_1_param_0_15 | {4 5 }
	Port: cnn_gesture_top : p_ZL16conv1d_1_param_0_16 | {4 5 }
	Port: cnn_gesture_top : p_ZL16conv1d_1_param_0_17 | {4 5 }
	Port: cnn_gesture_top : p_ZL16conv1d_1_param_0_18 | {4 5 }
	Port: cnn_gesture_top : p_ZL16conv1d_1_param_0_19 | {4 5 }
	Port: cnn_gesture_top : p_ZL16conv1d_1_param_0_20 | {4 5 }
	Port: cnn_gesture_top : p_ZL16conv1d_1_param_0_21 | {4 5 }
	Port: cnn_gesture_top : p_ZL16conv1d_1_param_0_22 | {4 5 }
	Port: cnn_gesture_top : p_ZL16conv1d_1_param_0_23 | {4 5 }
	Port: cnn_gesture_top : p_ZL16conv1d_1_param_0_24 | {4 5 }
	Port: cnn_gesture_top : p_ZL16conv1d_1_param_0_25 | {4 5 }
	Port: cnn_gesture_top : p_ZL16conv1d_1_param_0_26 | {4 5 }
	Port: cnn_gesture_top : p_ZL16conv1d_1_param_0_27 | {4 5 }
	Port: cnn_gesture_top : p_ZL16conv1d_1_param_0_28 | {4 5 }
	Port: cnn_gesture_top : p_ZL16conv1d_1_param_0_29 | {4 5 }
	Port: cnn_gesture_top : p_ZL16conv1d_1_param_0_30 | {4 5 }
	Port: cnn_gesture_top : p_ZL16conv1d_1_param_0_31 | {4 5 }
	Port: cnn_gesture_top : p_ZL16conv1d_1_param_0_32 | {4 5 }
	Port: cnn_gesture_top : conv1d_1_param_1 | {4 5 }
	Port: cnn_gesture_top : batch_normalization_1_param_0 | {4 5 }
	Port: cnn_gesture_top : batch_normalization_1_param_1 | {4 5 }
	Port: cnn_gesture_top : batch_normalization_1_param_2 | {4 5 }
	Port: cnn_gesture_top : batch_normalization_1_param_3 | {4 5 }
	Port: cnn_gesture_top : dense_param_1 | {4 5 }
	Port: cnn_gesture_top : dense_param_0 | {4 5 }
	Port: cnn_gesture_top : dense_1_param_1 | {4 5 }
	Port: cnn_gesture_top : dense_1_param_0 | {4 5 }
  - Chain level:
	State 1
	State 2
	State 3
	State 4
	State 5
	State 6
	State 7
	State 8


============================================================
+ Verbose Summary: Datapath Resource usage 
============================================================

* Functional unit list:
|----------|-----------------------------------------------------------------------|---------|---------|---------|---------|---------|---------|
| Operation|                            Functional Unit                            |   BRAM  |   DSP   |  Delay  |    FF   |   LUT   |   URAM  |
|----------|-----------------------------------------------------------------------|---------|---------|---------|---------|---------|---------|
|          | grp_cnn_gesture_top_Pipeline_VITIS_LOOP_270_1_VITIS_LOOP_271_2_fu_264 |    0    |    0    |  0.854  |   243   |   802   |    0    |
|   call   |                      grp_cnn_gesture_core_fu_294                      |    13   |   119   | 466.623 |  26009  |  69659  |    0    |
|          |          grp_cnn_gesture_top_Pipeline_VITIS_LOOP_281_3_fu_449         |    0    |    0    |  0.427  |    7    |   235   |    0    |
|----------|-----------------------------------------------------------------------|---------|---------|---------|---------|---------|---------|
|   Total  |                                                                       |    13   |   119   | 467.904 |  26259  |  70696  |    0    |
|----------|-----------------------------------------------------------------------|---------|---------|---------|---------|---------|---------|

Memories:
+-----------------------------+--------+--------+--------+--------+
|                             |  BRAM  |   FF   |   LUT  |  URAM  |
+-----------------------------+--------+--------+--------+--------+
|batch_normalization_1_param_0|    1   |    0   |    0   |    -   |
|batch_normalization_1_param_1|    1   |    0   |    0   |    -   |
|batch_normalization_1_param_2|    1   |    0   |    0   |    -   |
|batch_normalization_1_param_3|    1   |    0   |    0   |    -   |
| batch_normalization_param_0 |    1   |    0   |    0   |    -   |
| batch_normalization_param_1 |    1   |    0   |    0   |    -   |
| batch_normalization_param_2 |    1   |    0   |    0   |    -   |
| batch_normalization_param_3 |    1   |    0   |    0   |    -   |
|       conv1d_1_param_1      |    1   |    0   |    0   |    -   |
|        conv1d_param_1       |    1   |    0   |    0   |    -   |
|       dense_1_param_0       |    2   |    0   |    0   |    -   |
|       dense_1_param_1       |    0   |   32   |    3   |    -   |
|        dense_param_0        |   364  |    0   |    0   |    -   |
|        dense_param_1        |    1   |    0   |    0   |    -   |
|            input            |    0   |   16   |    9   |    0   |
|           input_1           |    0   |   16   |    9   |    0   |
|           input_10          |    0   |   16   |    9   |    0   |
|           input_11          |    0   |   16   |    9   |    0   |
|           input_12          |    0   |   16   |    9   |    0   |
|           input_13          |    0   |   16   |    9   |    0   |
|           input_14          |    0   |   16   |    9   |    0   |
|           input_15          |    0   |   16   |    9   |    0   |
|           input_16          |    0   |   16   |    9   |    0   |
|           input_17          |    0   |   16   |    9   |    0   |
|           input_2           |    0   |   16   |    9   |    0   |
|           input_3           |    0   |   16   |    9   |    0   |
|           input_4           |    0   |   16   |    9   |    0   |
|           input_5           |    0   |   16   |    9   |    0   |
|           input_6           |    0   |   16   |    9   |    0   |
|           input_7           |    0   |   16   |    9   |    0   |
|           input_8           |    0   |   16   |    9   |    0   |
|           input_9           |    0   |   16   |    9   |    0   |
|            output           |    0   |   16   |    2   |    0   |
|    p_ZL14conv1d_param_0_0   |    0   |   384  |   16   |    -   |
|    p_ZL14conv1d_param_0_1   |    0   |   384  |   16   |    -   |
|   p_ZL14conv1d_param_0_10   |    0   |   384  |   16   |    -   |
|   p_ZL14conv1d_param_0_11   |    0   |   384  |   16   |    -   |
|   p_ZL14conv1d_param_0_12   |    0   |   384  |   16   |    -   |
|   p_ZL14conv1d_param_0_13   |    0   |   384  |   16   |    -   |
|   p_ZL14conv1d_param_0_14   |    0   |   384  |   16   |    -   |
|   p_ZL14conv1d_param_0_15   |    0   |   384  |   16   |    -   |
|   p_ZL14conv1d_param_0_16   |    0   |   384  |   16   |    -   |
|   p_ZL14conv1d_param_0_17   |    0   |   384  |   16   |    -   |
|   p_ZL14conv1d_param_0_18   |    0   |   384  |   16   |    -   |
|    p_ZL14conv1d_param_0_2   |    0   |   384  |   16   |    -   |
|    p_ZL14conv1d_param_0_3   |    0   |   384  |   16   |    -   |
|    p_ZL14conv1d_param_0_4   |    0   |   384  |   16   |    -   |
|    p_ZL14conv1d_param_0_5   |    0   |   384  |   16   |    -   |
|    p_ZL14conv1d_param_0_6   |    0   |   384  |   16   |    -   |
|    p_ZL14conv1d_param_0_7   |    0   |   384  |   16   |    -   |
|    p_ZL14conv1d_param_0_8   |    0   |   384  |   16   |    -   |
|    p_ZL14conv1d_param_0_9   |    0   |   384  |   16   |    -   |
|   p_ZL16conv1d_1_param_0_0  |   18   |    0   |    0   |    -   |
|   p_ZL16conv1d_1_param_0_1  |   18   |    0   |    0   |    -   |
|  p_ZL16conv1d_1_param_0_10  |   18   |    0   |    0   |    -   |
|  p_ZL16conv1d_1_param_0_11  |   18   |    0   |    0   |    -   |
|  p_ZL16conv1d_1_param_0_12  |   18   |    0   |    0   |    -   |
|  p_ZL16conv1d_1_param_0_13  |   18   |    0   |    0   |    -   |
|  p_ZL16conv1d_1_param_0_14  |   18   |    0   |    0   |    -   |
|  p_ZL16conv1d_1_param_0_15  |   18   |    0   |    0   |    -   |
|  p_ZL16conv1d_1_param_0_16  |   18   |    0   |    0   |    -   |
|  p_ZL16conv1d_1_param_0_17  |   18   |    0   |    0   |    -   |
|  p_ZL16conv1d_1_param_0_18  |   18   |    0   |    0   |    -   |
|  p_ZL16conv1d_1_param_0_19  |   18   |    0   |    0   |    -   |
|   p_ZL16conv1d_1_param_0_2  |   18   |    0   |    0   |    -   |
|  p_ZL16conv1d_1_param_0_20  |   18   |    0   |    0   |    -   |
|  p_ZL16conv1d_1_param_0_21  |   18   |    0   |    0   |    -   |
|  p_ZL16conv1d_1_param_0_22  |   18   |    0   |    0   |    -   |
|  p_ZL16conv1d_1_param_0_23  |   18   |    0   |    0   |    -   |
|  p_ZL16conv1d_1_param_0_24  |   18   |    0   |    0   |    -   |
|  p_ZL16conv1d_1_param_0_25  |   18   |    0   |    0   |    -   |
|  p_ZL16conv1d_1_param_0_26  |   18   |    0   |    0   |    -   |
|  p_ZL16conv1d_1_param_0_27  |   18   |    0   |    0   |    -   |
|  p_ZL16conv1d_1_param_0_28  |   18   |    0   |    0   |    -   |
|  p_ZL16conv1d_1_param_0_29  |   18   |    0   |    0   |    -   |
|   p_ZL16conv1d_1_param_0_3  |   18   |    0   |    0   |    -   |
|  p_ZL16conv1d_1_param_0_30  |   18   |    0   |    0   |    -   |
|  p_ZL16conv1d_1_param_0_31  |   18   |    0   |    0   |    -   |
|  p_ZL16conv1d_1_param_0_32  |   18   |    0   |    0   |    -   |
|   p_ZL16conv1d_1_param_0_4  |   18   |    0   |    0   |    -   |
|   p_ZL16conv1d_1_param_0_5  |   18   |    0   |    0   |    -   |
|   p_ZL16conv1d_1_param_0_6  |   18   |    0   |    0   |    -   |
|   p_ZL16conv1d_1_param_0_7  |   18   |    0   |    0   |    -   |
|   p_ZL16conv1d_1_param_0_8  |   18   |    0   |    0   |    -   |
|   p_ZL16conv1d_1_param_0_9  |   18   |    0   |    0   |    -   |
+-----------------------------+--------+--------+--------+--------+
|            Total            |   971  |  7632  |   471  |    0   |
+-----------------------------+--------+--------+--------+--------+

* Register list:
N/A

* Multiplexer (MUX) list: 
|--------|------|------|------|--------|
|  Comp  |  Pin | Size |  BW  | S x BW |
|--------|------|------|------|--------|
|  Total |      |      |      |    0   |
|--------|------|------|------|--------|



* Summary:
+-----------+--------+--------+--------+--------+--------+--------+
|           |  BRAM  |   DSP  |  Delay |   FF   |   LUT  |  URAM  |
+-----------+--------+--------+--------+--------+--------+--------+
|  Function |   13   |   119  |   467  |  26259 |  70696 |    0   |
|   Memory  |   971  |    -   |    -   |  7632  |   471  |    0   |
|Multiplexer|    -   |    -   |    -   |    -   |    -   |    -   |
|  Register |    -   |    -   |    -   |    -   |    -   |    -   |
+-----------+--------+--------+--------+--------+--------+--------+
|   Total   |   984  |   119  |   467  |  33891 |  71167 |    0   |
+-----------+--------+--------+--------+--------+--------+--------+
