

================================================================
== Vitis HLS Report for 'cnn_gesture_top_Pipeline_VITIS_LOOP_178_2'
================================================================
* Date:           Mon Feb 23 23:23:28 2026

* Version:        2025.2 (Build 6295257 on Nov 12 2025)
* Project:        cnn_gesture_top
* Solution:       hls (Vivado IP Flow Target)
* Product family: zynquplus
* Target device:  xczu3eg-sbva484-2-i


================================================================
== Performance Estimates
================================================================
+ Timing: 
    * Summary: 
    +--------+----------+----------+------------+
    |  Clock |  Target  | Estimated| Uncertainty|
    +--------+----------+----------+------------+
    |ap_clk  |  10.00 ns|  6.652 ns|     2.70 ns|
    +--------+----------+----------+------------+

+ Latency: 
    * Summary: 
    +---------+---------+----------+----------+-----+-----+-------------------+
    |  Latency (cycles) |  Latency (absolute) |  Interval |      Pipeline     |
    |   min   |   max   |    min   |    max   | min | max |        Type       |
    +---------+---------+----------+----------+-----+-----+-------------------+
    |      135|      135|  1.350 us|  1.350 us|    0|    0|  loop pipeline stp|
    +---------+---------+----------+----------+-----+-----+-------------------+

    + Detail: 
        * Instance: 
        N/A

        * Loop: 
        +--------------------+---------+---------+----------+-----------+-----------+------+----------+
        |                    |  Latency (cycles) | Iteration|  Initiation Interval  | Trip |          |
        |      Loop Name     |   min   |   max   |  Latency |  achieved |   target  | Count| Pipelined|
        +--------------------+---------+---------+----------+-----------+-----------+------+----------+
        |- VITIS_LOOP_178_2  |      133|      133|         7|          1|          1|   128|       yes|
        +--------------------+---------+---------+----------+-----------+-----------+------+----------+

============================================================
+ Verbose Summary: Synthesis Manager
============================================================
InlineROM: 1
ExposeGlobal: 0
============================================================
+ Verbose Summary: CDFG Model
============================================================
IsTopModel: 0
ResetActiveHigh: 1
IsCombinational: 0
IsDatapathOnly: 0
HasWiredReturn: 1
HasMFsm: 2
HasVarLatency: 1
IsPipeline: 0
IsRtlPipelined: 0
IsInstanceOverlapped: 0
IsDontTouch: 0
HasImplIP: 0
IsGatedGlobalClock: 0

+ Individual pipeline summary: 
  * Pipeline-0: initiation interval (II) = 1, depth = 7


============================================================
+ Verbose Summary: Schedule
============================================================
* Number of FSM states : 7
* Pipeline : 1
  Pipeline-0 : II = 1, D = 7, States = { 1 2 3 4 5 6 7 }
* Dataflow Pipeline: 0

* FSM state transitions: 
1 --> 2 
2 --> 3 
3 --> 4 
4 --> 5 
5 --> 6 
6 --> 7 
7 --> 

* FSM state operations: 

State 1 <SV = 0> <Delay = 2.62>
ST_1 : Operation 10 [1/1] (0.00ns)   --->   "%sum = alloca i32 1" [../cnn_gesture_hls.cpp:176->../cnn_gesture_hls.cpp:235]   --->   Operation 10 'alloca' 'sum' <Predicate = true> <Delay = 0.00>
ST_1 : Operation 11 [1/1] (0.00ns)   --->   "%i = alloca i32 1" [../cnn_gesture_hls.cpp:178->../cnn_gesture_hls.cpp:235]   --->   Operation 11 'alloca' 'i' <Predicate = true> <Delay = 0.00>
ST_1 : Operation 12 [1/1] (0.00ns)   --->   "%zext_ln178_read = read i3 @_ssdm_op_Read.ap_auto.i3, i3 %zext_ln178"   --->   Operation 12 'read' 'zext_ln178_read' <Predicate = true> <Delay = 0.00>
ST_1 : Operation 13 [1/1] (0.00ns)   --->   "%sext_ln176_2_read = read i26 @_ssdm_op_Read.ap_auto.i26, i26 %sext_ln176_2"   --->   Operation 13 'read' 'sext_ln176_2_read' <Predicate = true> <Delay = 0.00>
ST_1 : Operation 14 [1/1] (0.00ns)   --->   "%zext_ln178_cast = zext i3 %zext_ln178_read"   --->   Operation 14 'zext' 'zext_ln178_cast' <Predicate = true> <Delay = 0.00>
ST_1 : Operation 15 [1/1] (0.00ns)   --->   "%sext_ln176_2_cast = sext i26 %sext_ln176_2_read"   --->   Operation 15 'sext' 'sext_ln176_2_cast' <Predicate = true> <Delay = 0.00>
ST_1 : Operation 16 [1/1] (0.42ns)   --->   "%store_ln178 = store i8 0, i8 %i" [../cnn_gesture_hls.cpp:178->../cnn_gesture_hls.cpp:235]   --->   Operation 16 'store' 'store_ln178' <Predicate = true> <Delay = 0.42>
ST_1 : Operation 17 [1/1] (0.42ns)   --->   "%store_ln176 = store i32 %sext_ln176_2_cast, i32 %sum" [../cnn_gesture_hls.cpp:176->../cnn_gesture_hls.cpp:235]   --->   Operation 17 'store' 'store_ln176' <Predicate = true> <Delay = 0.42>
ST_1 : Operation 18 [1/1] (0.00ns)   --->   "%br_ln0 = br void %for.body4.i812"   --->   Operation 18 'br' 'br_ln0' <Predicate = true> <Delay = 0.00>
ST_1 : Operation 19 [1/1] (0.00ns)   --->   "%i_3 = load i8 %i" [../cnn_gesture_hls.cpp:178->../cnn_gesture_hls.cpp:235]   --->   Operation 19 'load' 'i_3' <Predicate = true> <Delay = 0.00>
ST_1 : Operation 20 [1/1] (0.76ns)   --->   "%icmp_ln178 = icmp_eq  i8 %i_3, i8 128" [../cnn_gesture_hls.cpp:178->../cnn_gesture_hls.cpp:235]   --->   Operation 20 'icmp' 'icmp_ln178' <Predicate = true> <Delay = 0.76> <CoreInst = "Cmp">   --->   Core 9 'Cmp' <Latency = 0> <II = 1> <Delay = 0.76> <FuncUnit> <Opcode : 'seteq' 'setne' 'setle' 'setge' 'setlt' 'setgt'> <InPorts = 2> <OutPorts = 1>
ST_1 : Operation 21 [1/1] (0.76ns)   --->   "%add_ln178 = add i8 %i_3, i8 1" [../cnn_gesture_hls.cpp:178->../cnn_gesture_hls.cpp:235]   --->   Operation 21 'add' 'add_ln178' <Predicate = true> <Delay = 0.76> <CoreInst = "Adder">   --->   Core 1 'Adder' <Latency = 0> <II = 1> <Delay = 0.76> <FuncUnit> <Opcode : 'add' 'sub'> <InPorts = 2> <OutPorts = 1>
ST_1 : Operation 22 [1/1] (0.00ns)   --->   "%br_ln178 = br i1 %icmp_ln178, void %for.body4.i812.split_ifconv, void %for.cond.cleanup3.i806.exitStub" [../cnn_gesture_hls.cpp:178->../cnn_gesture_hls.cpp:235]   --->   Operation 22 'br' 'br_ln178' <Predicate = true> <Delay = 0.00>
ST_1 : Operation 23 [1/1] (0.00ns)   --->   "%trunc_ln30 = trunc i8 %i_3" [../cnn_gesture_hls.cpp:30->../cnn_gesture_hls.cpp:179->../cnn_gesture_hls.cpp:235]   --->   Operation 23 'trunc' 'trunc_ln30' <Predicate = (!icmp_ln178)> <Delay = 0.00>
ST_1 : Operation 24 [1/1] (0.00ns)   --->   "%p_shl = bitconcatenate i10 @_ssdm_op_BitConcatenate.i10.i7.i3, i7 %trunc_ln30, i3 0" [../cnn_gesture_hls.cpp:30->../cnn_gesture_hls.cpp:179->../cnn_gesture_hls.cpp:235]   --->   Operation 24 'bitconcatenate' 'p_shl' <Predicate = (!icmp_ln178)> <Delay = 0.00>
ST_1 : Operation 25 [1/1] (0.00ns)   --->   "%shl_ln30 = shl i8 %i_3, i8 1" [../cnn_gesture_hls.cpp:30->../cnn_gesture_hls.cpp:179->../cnn_gesture_hls.cpp:235]   --->   Operation 25 'shl' 'shl_ln30' <Predicate = (!icmp_ln178)> <Delay = 0.00>
ST_1 : Operation 26 [1/1] (0.00ns)   --->   "%zext_ln30 = zext i8 %shl_ln30" [../cnn_gesture_hls.cpp:30->../cnn_gesture_hls.cpp:179->../cnn_gesture_hls.cpp:235]   --->   Operation 26 'zext' 'zext_ln30' <Predicate = (!icmp_ln178)> <Delay = 0.00>
ST_1 : Operation 27 [1/1] (0.00ns) (grouped into TernaryAdder)   --->   "%sub_ln30 = sub i10 %p_shl, i10 %zext_ln30" [../cnn_gesture_hls.cpp:30->../cnn_gesture_hls.cpp:179->../cnn_gesture_hls.cpp:235]   --->   Operation 27 'sub' 'sub_ln30' <Predicate = (!icmp_ln178)> <Delay = 0.00> <CoreInst = "TAddSub">   --->   Core 10 'TAddSub' <Latency = 0> <II = 1> <Delay = 0.48> <IPBlock> <Opcode : 'add' 'sub'> <InPorts = 3> <OutPorts = 1> <Sync> <CReg>
ST_1 : Operation 28 [1/1] (0.96ns) (root node of TernaryAdder)   --->   "%wi = add i10 %sub_ln30, i10 %zext_ln178_cast" [../cnn_gesture_hls.cpp:30->../cnn_gesture_hls.cpp:179->../cnn_gesture_hls.cpp:235]   --->   Operation 28 'add' 'wi' <Predicate = (!icmp_ln178)> <Delay = 0.96> <CoreInst = "TAddSub">   --->   Core 10 'TAddSub' <Latency = 0> <II = 1> <Delay = 0.48> <IPBlock> <Opcode : 'add' 'sub'> <InPorts = 3> <OutPorts = 1> <Sync> <CReg>
ST_1 : Operation 29 [1/1] (0.00ns)   --->   "%zext_ln180_1 = zext i10 %wi" [../cnn_gesture_hls.cpp:180->../cnn_gesture_hls.cpp:235]   --->   Operation 29 'zext' 'zext_ln180_1' <Predicate = (!icmp_ln178)> <Delay = 0.00>
ST_1 : Operation 30 [1/1] (0.00ns)   --->   "%dense_1_param_0_addr = getelementptr i32 %dense_1_param_0, i64 0, i64 %zext_ln180_1" [../cnn_gesture_hls.cpp:180->../cnn_gesture_hls.cpp:235]   --->   Operation 30 'getelementptr' 'dense_1_param_0_addr' <Predicate = (!icmp_ln178)> <Delay = 0.00>
ST_1 : Operation 31 [2/2] (1.23ns)   --->   "%dense_1_param_0_load = load i10 %dense_1_param_0_addr" [../cnn_gesture_hls.cpp:180->../cnn_gesture_hls.cpp:235]   --->   Operation 31 'load' 'dense_1_param_0_load' <Predicate = (!icmp_ln178)> <Delay = 1.23> <CoreInst = "ROM">   --->   Core 100 'ROM' <Latency = 1> <II = 1> <Delay = 1.23> <Storage> <Opcode : 'load'> <Ports = 0> <Width = 32> <Depth = 768> <ROM>
ST_1 : Operation 32 [1/1] (0.42ns)   --->   "%store_ln178 = store i8 %add_ln178, i8 %i" [../cnn_gesture_hls.cpp:178->../cnn_gesture_hls.cpp:235]   --->   Operation 32 'store' 'store_ln178' <Predicate = (!icmp_ln178)> <Delay = 0.42>

State 2 <SV = 1> <Delay = 3.54>
ST_2 : Operation 33 [1/2] ( I:1.23ns O:1.23ns )   --->   "%dense_1_param_0_load = load i10 %dense_1_param_0_addr" [../cnn_gesture_hls.cpp:180->../cnn_gesture_hls.cpp:235]   --->   Operation 33 'load' 'dense_1_param_0_load' <Predicate = (!icmp_ln178)> <Delay = 1.23> <CoreInst = "ROM">   --->   Core 100 'ROM' <Latency = 1> <II = 1> <Delay = 1.23> <Storage> <Opcode : 'load'> <Ports = 0> <Width = 32> <Depth = 768> <ROM>
ST_2 : Operation 34 [2/2] (2.30ns)   --->   "%pf = fpext i32 %dense_1_param_0_load" [../cnn_gesture_hls.cpp:180->../cnn_gesture_hls.cpp:235]   --->   Operation 34 'fpext' 'pf' <Predicate = (!icmp_ln178)> <Delay = 2.30> <CoreInst = "Float2Double">   --->   Core 64 'Float2Double' <Latency = 1> <II = 1> <Delay = 2.30> <FuncUnit> <Opcode : 'fpext'> <InPorts = 1> <OutPorts = 1>

State 3 <SV = 2> <Delay = 6.65>
ST_3 : Operation 35 [1/1] (0.00ns)   --->   "%zext_ln178_1 = zext i8 %i_3" [../cnn_gesture_hls.cpp:178->../cnn_gesture_hls.cpp:235]   --->   Operation 35 'zext' 'zext_ln178_1' <Predicate = (!icmp_ln178)> <Delay = 0.00>
ST_3 : Operation 36 [1/2] (2.30ns)   --->   "%pf = fpext i32 %dense_1_param_0_load" [../cnn_gesture_hls.cpp:180->../cnn_gesture_hls.cpp:235]   --->   Operation 36 'fpext' 'pf' <Predicate = (!icmp_ln178)> <Delay = 2.30> <CoreInst = "Float2Double">   --->   Core 64 'Float2Double' <Latency = 1> <II = 1> <Delay = 2.30> <FuncUnit> <Opcode : 'fpext'> <InPorts = 1> <OutPorts = 1>
ST_3 : Operation 37 [1/1] (0.00ns)   --->   "%bitcast_ln726_13 = bitcast i64 %pf" [../cnn_gesture_hls.cpp:180->../cnn_gesture_hls.cpp:235]   --->   Operation 37 'bitcast' 'bitcast_ln726_13' <Predicate = (!icmp_ln178)> <Delay = 0.00>
ST_3 : Operation 38 [1/1] (0.00ns)   --->   "%trunc_ln180 = trunc i64 %bitcast_ln726_13" [../cnn_gesture_hls.cpp:180->../cnn_gesture_hls.cpp:235]   --->   Operation 38 'trunc' 'trunc_ln180' <Predicate = (!icmp_ln178)> <Delay = 0.00>
ST_3 : Operation 39 [1/1] (0.00ns)   --->   "%tmp = bitselect i1 @_ssdm_op_BitSelect.i1.i64.i32, i64 %bitcast_ln726_13, i32 63" [../cnn_gesture_hls.cpp:180->../cnn_gesture_hls.cpp:235]   --->   Operation 39 'bitselect' 'tmp' <Predicate = (!icmp_ln178)> <Delay = 0.00>
ST_3 : Operation 40 [1/1] (0.00ns)   --->   "%tmp_62 = partselect i11 @_ssdm_op_PartSelect.i11.i64.i32, i64 %bitcast_ln726_13, i32 52" [../cnn_gesture_hls.cpp:180->../cnn_gesture_hls.cpp:235]   --->   Operation 40 'partselect' 'tmp_62' <Predicate = (!icmp_ln178)> <Delay = 0.00>
ST_3 : Operation 41 [1/1] (0.00ns)   --->   "%zext_ln180 = zext i11 %tmp_62" [../cnn_gesture_hls.cpp:180->../cnn_gesture_hls.cpp:235]   --->   Operation 41 'zext' 'zext_ln180' <Predicate = (!icmp_ln178)> <Delay = 0.00>
ST_3 : Operation 42 [1/1] (0.00ns)   --->   "%trunc_ln180_1 = trunc i64 %bitcast_ln726_13" [../cnn_gesture_hls.cpp:180->../cnn_gesture_hls.cpp:235]   --->   Operation 42 'trunc' 'trunc_ln180_1' <Predicate = (!icmp_ln178)> <Delay = 0.00>
ST_3 : Operation 43 [1/1] (0.00ns)   --->   "%zext_ln180_3_cast = bitconcatenate i53 @_ssdm_op_BitConcatenate.i53.i1.i52, i1 1, i52 %trunc_ln180_1" [../cnn_gesture_hls.cpp:180->../cnn_gesture_hls.cpp:235]   --->   Operation 43 'bitconcatenate' 'zext_ln180_3_cast' <Predicate = (!icmp_ln178)> <Delay = 0.00>
ST_3 : Operation 44 [1/1] (0.00ns)   --->   "%zext_ln180_3 = zext i53 %zext_ln180_3_cast" [../cnn_gesture_hls.cpp:180->../cnn_gesture_hls.cpp:235]   --->   Operation 44 'zext' 'zext_ln180_3' <Predicate = (!icmp_ln178)> <Delay = 0.00>
ST_3 : Operation 45 [1/1] (1.10ns)   --->   "%sub_ln180 = sub i54 0, i54 %zext_ln180_3" [../cnn_gesture_hls.cpp:180->../cnn_gesture_hls.cpp:235]   --->   Operation 45 'sub' 'sub_ln180' <Predicate = (!icmp_ln178)> <Delay = 1.10> <CoreInst = "Adder">   --->   Core 1 'Adder' <Latency = 0> <II = 1> <Delay = 1.10> <FuncUnit> <Opcode : 'add' 'sub'> <InPorts = 2> <OutPorts = 1>
ST_3 : Operation 46 [1/1] (0.40ns)   --->   "%select_ln180 = select i1 %tmp, i54 %sub_ln180, i54 %zext_ln180_3" [../cnn_gesture_hls.cpp:180->../cnn_gesture_hls.cpp:235]   --->   Operation 46 'select' 'select_ln180' <Predicate = (!icmp_ln178)> <Delay = 0.40> <CoreInst = "Sel">   --->   Core 73 'Sel' <Latency = 0> <II = 1> <Delay = 0.40> <FuncUnit> <Opcode : 'select'> <InPorts = 3> <OutPorts = 1>
ST_3 : Operation 47 [1/1] (1.08ns)   --->   "%icmp_ln180 = icmp_eq  i63 %trunc_ln180, i63 0" [../cnn_gesture_hls.cpp:180->../cnn_gesture_hls.cpp:235]   --->   Operation 47 'icmp' 'icmp_ln180' <Predicate = (!icmp_ln178)> <Delay = 1.08> <CoreInst = "Cmp">   --->   Core 9 'Cmp' <Latency = 0> <II = 1> <Delay = 1.08> <FuncUnit> <Opcode : 'seteq' 'setne' 'setle' 'setge' 'setlt' 'setgt'> <InPorts = 2> <OutPorts = 1>
ST_3 : Operation 48 [1/1] (0.80ns)   --->   "%sub_ln180_1 = sub i12 1075, i12 %zext_ln180" [../cnn_gesture_hls.cpp:180->../cnn_gesture_hls.cpp:235]   --->   Operation 48 'sub' 'sub_ln180_1' <Predicate = (!icmp_ln178)> <Delay = 0.80> <CoreInst = "Adder">   --->   Core 1 'Adder' <Latency = 0> <II = 1> <Delay = 0.80> <FuncUnit> <Opcode : 'add' 'sub'> <InPorts = 2> <OutPorts = 1>
ST_3 : Operation 49 [1/1] (0.00ns)   --->   "%trunc_ln180_2 = trunc i12 %sub_ln180_1" [../cnn_gesture_hls.cpp:180->../cnn_gesture_hls.cpp:235]   --->   Operation 49 'trunc' 'trunc_ln180_2' <Predicate = (!icmp_ln178)> <Delay = 0.00>
ST_3 : Operation 50 [1/1] (0.80ns)   --->   "%icmp_ln180_1 = icmp_sgt  i12 %sub_ln180_1, i12 10" [../cnn_gesture_hls.cpp:180->../cnn_gesture_hls.cpp:235]   --->   Operation 50 'icmp' 'icmp_ln180_1' <Predicate = (!icmp_ln178)> <Delay = 0.80> <CoreInst = "Cmp">   --->   Core 9 'Cmp' <Latency = 0> <II = 1> <Delay = 0.80> <FuncUnit> <Opcode : 'seteq' 'setne' 'setle' 'setge' 'setlt' 'setgt'> <InPorts = 2> <OutPorts = 1>
ST_3 : Operation 51 [1/1] (0.79ns)   --->   "%add_ln180 = add i11 %trunc_ln180_2, i11 2038" [../cnn_gesture_hls.cpp:180->../cnn_gesture_hls.cpp:235]   --->   Operation 51 'add' 'add_ln180' <Predicate = (!icmp_ln178)> <Delay = 0.79> <CoreInst = "Adder">   --->   Core 1 'Adder' <Latency = 0> <II = 1> <Delay = 0.79> <FuncUnit> <Opcode : 'add' 'sub'> <InPorts = 2> <OutPorts = 1>
ST_3 : Operation 52 [1/1] (0.79ns)   --->   "%sub_ln180_2 = sub i11 10, i11 %trunc_ln180_2" [../cnn_gesture_hls.cpp:180->../cnn_gesture_hls.cpp:235]   --->   Operation 52 'sub' 'sub_ln180_2' <Predicate = (!icmp_ln178)> <Delay = 0.79> <CoreInst = "Adder">   --->   Core 1 'Adder' <Latency = 0> <II = 1> <Delay = 0.79> <FuncUnit> <Opcode : 'add' 'sub'> <InPorts = 2> <OutPorts = 1>
ST_3 : Operation 53 [1/1] (0.38ns)   --->   "%select_ln180_1 = select i1 %icmp_ln180_1, i11 %add_ln180, i11 %sub_ln180_2" [../cnn_gesture_hls.cpp:180->../cnn_gesture_hls.cpp:235]   --->   Operation 53 'select' 'select_ln180_1' <Predicate = (!icmp_ln178)> <Delay = 0.38> <CoreInst = "Sel">   --->   Core 73 'Sel' <Latency = 0> <II = 1> <Delay = 0.38> <FuncUnit> <Opcode : 'select'> <InPorts = 3> <OutPorts = 1>
ST_3 : Operation 54 [1/1] (0.80ns)   --->   "%icmp_ln180_2 = icmp_eq  i12 %sub_ln180_1, i12 10" [../cnn_gesture_hls.cpp:180->../cnn_gesture_hls.cpp:235]   --->   Operation 54 'icmp' 'icmp_ln180_2' <Predicate = (!icmp_ln178)> <Delay = 0.80> <CoreInst = "Cmp">   --->   Core 9 'Cmp' <Latency = 0> <II = 1> <Delay = 0.80> <FuncUnit> <Opcode : 'seteq' 'setne' 'setle' 'setge' 'setlt' 'setgt'> <InPorts = 2> <OutPorts = 1>
ST_3 : Operation 55 [1/1] (0.00ns)   --->   "%trunc_ln180_3 = trunc i54 %select_ln180" [../cnn_gesture_hls.cpp:180->../cnn_gesture_hls.cpp:235]   --->   Operation 55 'trunc' 'trunc_ln180_3' <Predicate = (!icmp_ln178)> <Delay = 0.00>
ST_3 : Operation 56 [1/1] (0.79ns)   --->   "%icmp_ln180_3 = icmp_ult  i11 %select_ln180_1, i11 54" [../cnn_gesture_hls.cpp:180->../cnn_gesture_hls.cpp:235]   --->   Operation 56 'icmp' 'icmp_ln180_3' <Predicate = (!icmp_ln178)> <Delay = 0.79> <CoreInst = "Cmp">   --->   Core 9 'Cmp' <Latency = 0> <II = 1> <Delay = 0.79> <FuncUnit> <Opcode : 'seteq' 'setne' 'setle' 'setge' 'setlt' 'setgt'> <InPorts = 2> <OutPorts = 1>
ST_3 : Operation 57 [1/1] (0.00ns) (grouped into LUT with out node select_ln180_2)   --->   "%select_ln180_4 = select i1 %tmp, i16 65535, i16 0" [../cnn_gesture_hls.cpp:180->../cnn_gesture_hls.cpp:235]   --->   Operation 57 'select' 'select_ln180_4' <Predicate = (!icmp_ln178)> <Delay = 0.00> <CoreInst = "Sel">   --->   Core 73 'Sel' <Latency = 0> <II = 1> <Delay = 0.17> <FuncUnit> <Opcode : 'select'> <InPorts = 3> <OutPorts = 1>
ST_3 : Operation 58 [1/1] (0.00ns)   --->   "%zext_ln180_2 = zext i11 %select_ln180_1" [../cnn_gesture_hls.cpp:180->../cnn_gesture_hls.cpp:235]   --->   Operation 58 'zext' 'zext_ln180_2' <Predicate = (!icmp_ln178)> <Delay = 0.00>
ST_3 : Operation 59 [1/1] (1.50ns)   --->   "%ashr_ln180 = ashr i54 %select_ln180, i54 %zext_ln180_2" [../cnn_gesture_hls.cpp:180->../cnn_gesture_hls.cpp:235]   --->   Operation 59 'ashr' 'ashr_ln180' <Predicate = (!icmp_ln178)> <Delay = 1.50> <CoreInst = "Shifter">   --->   Core 75 'Shifter' <Latency = 0> <II = 1> <Delay = 1.50> <FuncUnit> <Opcode : 'shl' 'lshr' 'ashr'> <InPorts = 2> <OutPorts = 1>
ST_3 : Operation 60 [1/1] (0.00ns) (grouped into LUT with out node select_ln180_2)   --->   "%trunc_ln180_4 = trunc i54 %ashr_ln180" [../cnn_gesture_hls.cpp:180->../cnn_gesture_hls.cpp:235]   --->   Operation 60 'trunc' 'trunc_ln180_4' <Predicate = (!icmp_ln178)> <Delay = 0.00>
ST_3 : Operation 61 [1/1] (0.35ns) (out node of the LUT)   --->   "%select_ln180_2 = select i1 %icmp_ln180_3, i16 %trunc_ln180_4, i16 %select_ln180_4" [../cnn_gesture_hls.cpp:180->../cnn_gesture_hls.cpp:235]   --->   Operation 61 'select' 'select_ln180_2' <Predicate = (!icmp_ln178)> <Delay = 0.35> <CoreInst = "Sel">   --->   Core 73 'Sel' <Latency = 0> <II = 1> <Delay = 0.35> <FuncUnit> <Opcode : 'select'> <InPorts = 3> <OutPorts = 1>
ST_3 : Operation 62 [1/1] (0.00ns)   --->   "%tmp_237 = partselect i7 @_ssdm_op_PartSelect.i7.i11.i32.i32, i11 %select_ln180_1, i32 4, i32 10" [../cnn_gesture_hls.cpp:180->../cnn_gesture_hls.cpp:235]   --->   Operation 62 'partselect' 'tmp_237' <Predicate = (!icmp_ln178)> <Delay = 0.00>
ST_3 : Operation 63 [1/1] (0.77ns)   --->   "%icmp_ln180_4 = icmp_eq  i7 %tmp_237, i7 0" [../cnn_gesture_hls.cpp:180->../cnn_gesture_hls.cpp:235]   --->   Operation 63 'icmp' 'icmp_ln180_4' <Predicate = (!icmp_ln178)> <Delay = 0.77> <CoreInst = "Cmp">   --->   Core 9 'Cmp' <Latency = 0> <II = 1> <Delay = 0.77> <FuncUnit> <Opcode : 'seteq' 'setne' 'setle' 'setge' 'setlt' 'setgt'> <InPorts = 2> <OutPorts = 1>
ST_3 : Operation 64 [1/1] (0.00ns)   --->   "%select_ln180_1cast = zext i11 %select_ln180_1" [../cnn_gesture_hls.cpp:180->../cnn_gesture_hls.cpp:235]   --->   Operation 64 'zext' 'select_ln180_1cast' <Predicate = (!icmp_ln178)> <Delay = 0.00>
ST_3 : Operation 65 [1/1] (0.90ns)   --->   "%shl_ln180 = shl i16 %trunc_ln180_3, i16 %select_ln180_1cast" [../cnn_gesture_hls.cpp:180->../cnn_gesture_hls.cpp:235]   --->   Operation 65 'shl' 'shl_ln180' <Predicate = (!icmp_ln178)> <Delay = 0.90> <CoreInst = "Shifter">   --->   Core 75 'Shifter' <Latency = 0> <II = 1> <Delay = 0.90> <FuncUnit> <Opcode : 'shl' 'lshr' 'ashr'> <InPorts = 2> <OutPorts = 1>
ST_3 : Operation 66 [1/1] (0.35ns)   --->   "%select_ln180_3 = select i1 %icmp_ln180_4, i16 %shl_ln180, i16 0" [../cnn_gesture_hls.cpp:180->../cnn_gesture_hls.cpp:235]   --->   Operation 66 'select' 'select_ln180_3' <Predicate = (!icmp_ln178)> <Delay = 0.35> <CoreInst = "Sel">   --->   Core 73 'Sel' <Latency = 0> <II = 1> <Delay = 0.35> <FuncUnit> <Opcode : 'select'> <InPorts = 3> <OutPorts = 1>
ST_3 : Operation 67 [1/1] (0.00ns) (grouped into LUT with out node and_ln180)   --->   "%xor_ln180 = xor i1 %icmp_ln180, i1 1" [../cnn_gesture_hls.cpp:180->../cnn_gesture_hls.cpp:235]   --->   Operation 67 'xor' 'xor_ln180' <Predicate = (!icmp_ln178)> <Delay = 0.00> <CoreInst = "LogicGate">   --->   Core 74 'LogicGate' <Latency = 0> <II = 1> <Delay = 0.28> <FuncUnit> <Opcode : 'and' 'or' 'xor'> <InPorts = 2> <OutPorts = 1>
ST_3 : Operation 68 [1/1] (0.28ns) (out node of the LUT)   --->   "%and_ln180 = and i1 %icmp_ln180_2, i1 %xor_ln180" [../cnn_gesture_hls.cpp:180->../cnn_gesture_hls.cpp:235]   --->   Operation 68 'and' 'and_ln180' <Predicate = (!icmp_ln178)> <Delay = 0.28> <CoreInst = "LogicGate">   --->   Core 74 'LogicGate' <Latency = 0> <II = 1> <Delay = 0.28> <FuncUnit> <Opcode : 'and' 'or' 'xor'> <InPorts = 2> <OutPorts = 1>
ST_3 : Operation 69 [1/1] (0.00ns) (grouped into LUT with out node and_ln180_1)   --->   "%or_ln180 = or i1 %icmp_ln180, i1 %icmp_ln180_2" [../cnn_gesture_hls.cpp:180->../cnn_gesture_hls.cpp:235]   --->   Operation 69 'or' 'or_ln180' <Predicate = (!icmp_ln178)> <Delay = 0.00> <CoreInst = "LogicGate">   --->   Core 74 'LogicGate' <Latency = 0> <II = 1> <Delay = 0.28> <FuncUnit> <Opcode : 'and' 'or' 'xor'> <InPorts = 2> <OutPorts = 1>
ST_3 : Operation 70 [1/1] (0.00ns) (grouped into LUT with out node and_ln180_1)   --->   "%xor_ln180_1 = xor i1 %or_ln180, i1 1" [../cnn_gesture_hls.cpp:180->../cnn_gesture_hls.cpp:235]   --->   Operation 70 'xor' 'xor_ln180_1' <Predicate = (!icmp_ln178)> <Delay = 0.00> <CoreInst = "LogicGate">   --->   Core 74 'LogicGate' <Latency = 0> <II = 1> <Delay = 0.28> <FuncUnit> <Opcode : 'and' 'or' 'xor'> <InPorts = 2> <OutPorts = 1>
ST_3 : Operation 71 [1/1] (0.28ns) (out node of the LUT)   --->   "%and_ln180_1 = and i1 %icmp_ln180_1, i1 %xor_ln180_1" [../cnn_gesture_hls.cpp:180->../cnn_gesture_hls.cpp:235]   --->   Operation 71 'and' 'and_ln180_1' <Predicate = (!icmp_ln178)> <Delay = 0.28> <CoreInst = "LogicGate">   --->   Core 74 'LogicGate' <Latency = 0> <II = 1> <Delay = 0.28> <FuncUnit> <Opcode : 'and' 'or' 'xor'> <InPorts = 2> <OutPorts = 1>
ST_3 : Operation 72 [1/1] (0.00ns)   --->   "%sel_tmp = bitconcatenate i3 @_ssdm_op_BitConcatenate.i3.i1.i1.i1, i1 %icmp_ln180, i1 %and_ln180, i1 %and_ln180_1" [../cnn_gesture_hls.cpp:180->../cnn_gesture_hls.cpp:235]   --->   Operation 72 'bitconcatenate' 'sel_tmp' <Predicate = (!icmp_ln178)> <Delay = 0.00>
ST_3 : Operation 73 [1/1] (0.47ns)   --->   "%storemerge4_i9 = sparsemux i16 @_ssdm_op_SparseMux.ap_auto.4i16.i16.i3, i3 4, i16 0, i3 2, i16 %trunc_ln180_3, i3 1, i16 %select_ln180_2, i3 0, i16 %select_ln180_3, i16 0, i3 %sel_tmp" [../cnn_gesture_hls.cpp:180->../cnn_gesture_hls.cpp:235]   --->   Operation 73 'sparsemux' 'storemerge4_i9' <Predicate = (!icmp_ln178)> <Delay = 0.47> <CoreInst = "OneHotSparseMux_HasDef">   --->   Core 152 'OneHotSparseMux_HasDef' <Latency = 0> <II = 1> <Delay = 0.47> <FuncUnit> <Opcode : 'sparsemux'> <InPorts = 2> <OutPorts = 1>
ST_3 : Operation 74 [1/1] (0.00ns)   --->   "%fc1_addr = getelementptr i15 %fc1, i64 0, i64 %zext_ln178_1" [../cnn_gesture_hls.cpp:180->../cnn_gesture_hls.cpp:235]   --->   Operation 74 'getelementptr' 'fc1_addr' <Predicate = (!icmp_ln178)> <Delay = 0.00>
ST_3 : Operation 75 [2/2] (1.23ns)   --->   "%fc1_load = load i7 %fc1_addr" [../cnn_gesture_hls.cpp:180->../cnn_gesture_hls.cpp:235]   --->   Operation 75 'load' 'fc1_load' <Predicate = (!icmp_ln178)> <Delay = 1.23> <CoreInst = "RAM">   --->   Core 82 'RAM' <Latency = 1> <II = 1> <Delay = 1.23> <Storage> <Opcode : 'load' 'store'> <Ports = 2> <Width = 15> <Depth = 128> <RAM>

State 4 <SV = 3> <Delay = 2.23>
ST_4 : Operation 76 [1/2] ( I:1.23ns O:1.23ns )   --->   "%fc1_load = load i7 %fc1_addr" [../cnn_gesture_hls.cpp:180->../cnn_gesture_hls.cpp:235]   --->   Operation 76 'load' 'fc1_load' <Predicate = (!icmp_ln178)> <Delay = 1.23> <CoreInst = "RAM">   --->   Core 82 'RAM' <Latency = 1> <II = 1> <Delay = 1.23> <Storage> <Opcode : 'load' 'store'> <Ports = 2> <Width = 15> <Depth = 128> <RAM>
ST_4 : Operation 77 [1/1] (0.00ns)   --->   "%zext_ln180_5 = zext i15 %fc1_load" [../cnn_gesture_hls.cpp:180->../cnn_gesture_hls.cpp:235]   --->   Operation 77 'zext' 'zext_ln180_5' <Predicate = (!icmp_ln178)> <Delay = 0.00>
ST_4 : Operation 78 [1/1] (0.00ns)   --->   "%sext_ln180_1 = sext i16 %storemerge4_i9" [../cnn_gesture_hls.cpp:180->../cnn_gesture_hls.cpp:235]   --->   Operation 78 'sext' 'sext_ln180_1' <Predicate = (!icmp_ln178)> <Delay = 0.00>
ST_4 : Operation 79 [3/3] (0.99ns) (grouped into DSP with root node sum_11)   --->   "%mul_ln180 = mul i31 %zext_ln180_5, i31 %sext_ln180_1" [../cnn_gesture_hls.cpp:180->../cnn_gesture_hls.cpp:235]   --->   Operation 79 'mul' 'mul_ln180' <Predicate = (!icmp_ln178)> <Delay = 0.99> <CoreInst = "DSP48">   --->   Core 124 'DSP48' <Latency = 3> <II = 1> <Delay = 0.53> <IPBlock> <Opcode : 'add' 'sub' 'mul' 'select'> <InPorts = 0> <OutPorts = 1> <Sync> <CReg>

State 5 <SV = 4> <Delay = 0.99>
ST_5 : Operation 80 [2/3] (0.99ns) (grouped into DSP with root node sum_11)   --->   "%mul_ln180 = mul i31 %zext_ln180_5, i31 %sext_ln180_1" [../cnn_gesture_hls.cpp:180->../cnn_gesture_hls.cpp:235]   --->   Operation 80 'mul' 'mul_ln180' <Predicate = (!icmp_ln178)> <Delay = 0.99> <CoreInst = "DSP48">   --->   Core 124 'DSP48' <Latency = 3> <II = 1> <Delay = 0.53> <IPBlock> <Opcode : 'add' 'sub' 'mul' 'select'> <InPorts = 0> <OutPorts = 1> <Sync> <CReg>

State 6 <SV = 5> <Delay = 0.64>
ST_6 : Operation 81 [1/1] (0.00ns)   --->   "%sum_10 = load i32 %sum" [../cnn_gesture_hls.cpp:180->../cnn_gesture_hls.cpp:235]   --->   Operation 81 'load' 'sum_10' <Predicate = true> <Delay = 0.00>
ST_6 : Operation 82 [1/1] (0.00ns)   --->   "%trunc_ln178 = trunc i32 %sum_10" [../cnn_gesture_hls.cpp:178->../cnn_gesture_hls.cpp:235]   --->   Operation 82 'trunc' 'trunc_ln178' <Predicate = true> <Delay = 0.00>
ST_6 : Operation 83 [1/3] (0.00ns) (grouped into DSP with root node sum_11)   --->   "%mul_ln180 = mul i31 %zext_ln180_5, i31 %sext_ln180_1" [../cnn_gesture_hls.cpp:180->../cnn_gesture_hls.cpp:235]   --->   Operation 83 'mul' 'mul_ln180' <Predicate = (!icmp_ln178)> <Delay = 0.00> <CoreInst = "DSP48">   --->   Core 124 'DSP48' <Latency = 3> <II = 1> <Delay = 0.53> <IPBlock> <Opcode : 'add' 'sub' 'mul' 'select'> <InPorts = 0> <OutPorts = 1> <Sync> <CReg>
ST_6 : Operation 84 [1/1] (0.00ns) (grouped into DSP with root node sum_11)   --->   "%sext_ln180_2 = sext i31 %mul_ln180" [../cnn_gesture_hls.cpp:180->../cnn_gesture_hls.cpp:235]   --->   Operation 84 'sext' 'sext_ln180_2' <Predicate = (!icmp_ln178)> <Delay = 0.00>
ST_6 : Operation 85 [2/2] (0.64ns) (root node of the DSP)   --->   "%sum_11 = add i32 %sext_ln180_2, i32 %sum_10" [../cnn_gesture_hls.cpp:180->../cnn_gesture_hls.cpp:235]   --->   Operation 85 'add' 'sum_11' <Predicate = (!icmp_ln178)> <Delay = 0.64> <CoreInst = "DSP48">   --->   Core 124 'DSP48' <Latency = 3> <II = 1> <Delay = 0.53> <IPBlock> <Opcode : 'add' 'sub' 'mul' 'select'> <InPorts = 0> <OutPorts = 1> <Sync> <CReg>
ST_6 : Operation 92 [1/1] (0.00ns)   --->   "%write_ln178 = write void @_ssdm_op_Write.ap_auto.i26P0A, i26 %sum_11_out, i26 %trunc_ln178" [../cnn_gesture_hls.cpp:178->../cnn_gesture_hls.cpp:235]   --->   Operation 92 'write' 'write_ln178' <Predicate = (icmp_ln178)> <Delay = 0.00>
ST_6 : Operation 93 [1/1] (0.42ns)   --->   "%ret_ln0 = ret"   --->   Operation 93 'ret' 'ret_ln0' <Predicate = (icmp_ln178)> <Delay = 0.42>

State 7 <SV = 6> <Delay = 1.71>
ST_7 : Operation 86 [1/1] (0.00ns)   --->   "%specpipeline_ln176 = specpipeline void @_ssdm_op_SpecPipeline, i32 4294967295, i32 0, i32 0, i32 0, i32 4294967295, void @empty_10" [../cnn_gesture_hls.cpp:176->../cnn_gesture_hls.cpp:235]   --->   Operation 86 'specpipeline' 'specpipeline_ln176' <Predicate = true> <Delay = 0.00>
ST_7 : Operation 87 [1/1] (0.00ns)   --->   "%speclooptripcount_ln176 = speclooptripcount void @_ssdm_op_SpecLoopTripCount, i64 128, i64 128, i64 128" [../cnn_gesture_hls.cpp:176->../cnn_gesture_hls.cpp:235]   --->   Operation 87 'speclooptripcount' 'speclooptripcount_ln176' <Predicate = true> <Delay = 0.00>
ST_7 : Operation 88 [1/1] (0.00ns)   --->   "%specloopname_ln178 = specloopname void @_ssdm_op_SpecLoopName, void @empty_3" [../cnn_gesture_hls.cpp:178->../cnn_gesture_hls.cpp:235]   --->   Operation 88 'specloopname' 'specloopname_ln178' <Predicate = true> <Delay = 0.00>
ST_7 : Operation 89 [1/2] (0.64ns) (root node of the DSP)   --->   "%sum_11 = add i32 %sext_ln180_2, i32 %sum_10" [../cnn_gesture_hls.cpp:180->../cnn_gesture_hls.cpp:235]   --->   Operation 89 'add' 'sum_11' <Predicate = true> <Delay = 0.64> <CoreInst = "DSP48">   --->   Core 124 'DSP48' <Latency = 3> <II = 1> <Delay = 0.53> <IPBlock> <Opcode : 'add' 'sub' 'mul' 'select'> <InPorts = 0> <OutPorts = 1> <Sync> <CReg>
ST_7 : Operation 90 [1/1] (0.42ns)   --->   "%store_ln176 = store i32 %sum_11, i32 %sum" [../cnn_gesture_hls.cpp:176->../cnn_gesture_hls.cpp:235]   --->   Operation 90 'store' 'store_ln176' <Predicate = true> <Delay = 0.42>
ST_7 : Operation 91 [1/1] (0.00ns)   --->   "%br_ln178 = br void %for.body4.i812" [../cnn_gesture_hls.cpp:178->../cnn_gesture_hls.cpp:235]   --->   Operation 91 'br' 'br_ln178' <Predicate = true> <Delay = 0.00>


============================================================
+ Verbose Summary: Timing violations
============================================================
Target clock period: 10.000ns, clock uncertainty: 2.700ns.

 <State 1>: 2.624ns
The critical path consists of the following:
	'store' operation ('store_ln178', ../cnn_gesture_hls.cpp:178->../cnn_gesture_hls.cpp:235) of constant 0 8 bit on local variable 'i', ../cnn_gesture_hls.cpp:178->../cnn_gesture_hls.cpp:235 [12]  (0.427 ns)
	'load' operation 8 bit ('i', ../cnn_gesture_hls.cpp:178->../cnn_gesture_hls.cpp:235) on local variable 'i', ../cnn_gesture_hls.cpp:178->../cnn_gesture_hls.cpp:235 [17]  (0.000 ns)
	'sub' operation 10 bit ('sub_ln30', ../cnn_gesture_hls.cpp:30->../cnn_gesture_hls.cpp:179->../cnn_gesture_hls.cpp:235) [31]  (0.000 ns)
	'add' operation 10 bit ('wi', ../cnn_gesture_hls.cpp:30->../cnn_gesture_hls.cpp:179->../cnn_gesture_hls.cpp:235) [32]  (0.960 ns)
	'getelementptr' operation 10 bit ('dense_1_param_0_addr', ../cnn_gesture_hls.cpp:180->../cnn_gesture_hls.cpp:235) [34]  (0.000 ns)
	'load' operation 32 bit ('dense_1_param_0_load', ../cnn_gesture_hls.cpp:180->../cnn_gesture_hls.cpp:235) on array 'dense_1_param_0' [35]  (1.237 ns)

 <State 2>: 3.543ns
The critical path consists of the following:
	'load' operation 32 bit ('dense_1_param_0_load', ../cnn_gesture_hls.cpp:180->../cnn_gesture_hls.cpp:235) on array 'dense_1_param_0' [35]  (1.237 ns)
	'fpext' operation 64 bit ('pf', ../cnn_gesture_hls.cpp:180->../cnn_gesture_hls.cpp:235) [36]  (2.306 ns)

 <State 3>: 6.652ns
The critical path consists of the following:
	'fpext' operation 64 bit ('pf', ../cnn_gesture_hls.cpp:180->../cnn_gesture_hls.cpp:235) [36]  (2.306 ns)
	'sub' operation 12 bit ('sub_ln180_1', ../cnn_gesture_hls.cpp:180->../cnn_gesture_hls.cpp:235) [48]  (0.809 ns)
	'icmp' operation 1 bit ('icmp_ln180_1', ../cnn_gesture_hls.cpp:180->../cnn_gesture_hls.cpp:235) [50]  (0.809 ns)
	'select' operation 11 bit ('select_ln180_1', ../cnn_gesture_hls.cpp:180->../cnn_gesture_hls.cpp:235) [53]  (0.389 ns)
	'ashr' operation 54 bit ('ashr_ln180', ../cnn_gesture_hls.cpp:180->../cnn_gesture_hls.cpp:235) [59]  (1.506 ns)
	'select' operation 16 bit ('select_ln180_2', ../cnn_gesture_hls.cpp:180->../cnn_gesture_hls.cpp:235) [61]  (0.357 ns)
	'sparsemux' operation 16 bit ('storemerge4_i9', ../cnn_gesture_hls.cpp:180->../cnn_gesture_hls.cpp:235) [73]  (0.476 ns)

 <State 4>: 2.233ns
The critical path consists of the following:
	'load' operation 15 bit ('fc1_load', ../cnn_gesture_hls.cpp:180->../cnn_gesture_hls.cpp:235) on array 'fc1' [75]  (1.237 ns)
	'mul' operation 31 bit of DSP[80] ('mul_ln180', ../cnn_gesture_hls.cpp:180->../cnn_gesture_hls.cpp:235) [78]  (0.996 ns)

 <State 5>: 0.996ns
The critical path consists of the following:
	'mul' operation 31 bit of DSP[80] ('mul_ln180', ../cnn_gesture_hls.cpp:180->../cnn_gesture_hls.cpp:235) [78]  (0.996 ns)

 <State 6>: 0.645ns
The critical path consists of the following:
	'load' operation 32 bit ('sum', ../cnn_gesture_hls.cpp:180->../cnn_gesture_hls.cpp:235) on local variable 'sum', ../cnn_gesture_hls.cpp:176->../cnn_gesture_hls.cpp:235 [16]  (0.000 ns)
	'add' operation 32 bit of DSP[80] ('sum', ../cnn_gesture_hls.cpp:180->../cnn_gesture_hls.cpp:235) [80]  (0.645 ns)

 <State 7>: 1.717ns
The critical path consists of the following:
	'add' operation 32 bit of DSP[80] ('sum', ../cnn_gesture_hls.cpp:180->../cnn_gesture_hls.cpp:235) [80]  (0.645 ns)
	'store' operation ('store_ln176', ../cnn_gesture_hls.cpp:176->../cnn_gesture_hls.cpp:235) of variable 'sum', ../cnn_gesture_hls.cpp:180->../cnn_gesture_hls.cpp:235 32 bit on local variable 'sum', ../cnn_gesture_hls.cpp:176->../cnn_gesture_hls.cpp:235 [82]  (0.427 ns)
	'load' operation 32 bit ('sum', ../cnn_gesture_hls.cpp:180->../cnn_gesture_hls.cpp:235) on local variable 'sum', ../cnn_gesture_hls.cpp:176->../cnn_gesture_hls.cpp:235 [16]  (0.000 ns)
	'add' operation 32 bit of DSP[80] ('sum', ../cnn_gesture_hls.cpp:180->../cnn_gesture_hls.cpp:235) [80]  (0.645 ns)


============================================================
+ Verbose Summary: Binding
============================================================
N/A
* FSMD analyzer results:
  - Output states:
 - Input state : 
  - Chain level:
	State 1
	State 2
	State 3
	State 4
	State 5
	State 6
	State 7


============================================================
+ Verbose Summary: Datapath Resource usage 
============================================================
N/A
