

================================================================
== Vitis HLS Report for 'cnn_gesture_top_Pipeline_VITIS_LOOP_142_1_VITIS_LOOP_143_2'
================================================================
* Date:           Mon Feb 23 23:23:27 2026

* Version:        2025.2 (Build 6295257 on Nov 12 2025)
* Project:        cnn_gesture_top
* Solution:       hls (Vivado IP Flow Target)
* Product family: zynquplus
* Target device:  xczu3eg-sbva484-2-i


================================================================
== Performance Estimates
================================================================
+ Timing: 
    * Summary: 
    +--------+----------+----------+------------+
    |  Clock |  Target  | Estimated| Uncertainty|
    +--------+----------+----------+------------+
    |ap_clk  |  10.00 ns|  3.665 ns|     2.70 ns|
    +--------+----------+----------+------------+

+ Latency: 
    * Summary: 
    +---------+---------+-----------+-----------+-----+-----+-------------------+
    |  Latency (cycles) |   Latency (absolute)  |  Interval |      Pipeline     |
    |   min   |   max   |    min    |    max    | min | max |        Type       |
    +---------+---------+-----------+-----------+-----+-----+-------------------+
    |     1602|     1602|  16.020 us|  16.020 us|    0|    0|  loop pipeline stp|
    +---------+---------+-----------+-----------+-----+-----+-------------------+

    + Detail: 
        * Instance: 
        N/A

        * Loop: 
        +-------------------------------------+---------+---------+----------+-----------+-----------+------+----------+
        |                                     |  Latency (cycles) | Iteration|  Initiation Interval  | Trip |          |
        |              Loop Name              |   min   |   max   |  Latency |  achieved |   target  | Count| Pipelined|
        +-------------------------------------+---------+---------+----------+-----------+-----------+------+----------+
        |- VITIS_LOOP_142_1_VITIS_LOOP_143_2  |     1600|     1600|         2|          1|          1|  1600|       yes|
        +-------------------------------------+---------+---------+----------+-----------+-----------+------+----------+

============================================================
+ Verbose Summary: Synthesis Manager
============================================================
InlineROM: 1
ExposeGlobal: 0
============================================================
+ Verbose Summary: CDFG Model
============================================================
IsTopModel: 0
ResetActiveHigh: 1
IsCombinational: 0
IsDatapathOnly: 0
HasWiredReturn: 1
HasMFsm: 2
HasVarLatency: 1
IsPipeline: 0
IsRtlPipelined: 0
IsInstanceOverlapped: 0
IsDontTouch: 0
HasImplIP: 0
IsGatedGlobalClock: 0

+ Individual pipeline summary: 
  * Pipeline-0: initiation interval (II) = 1, depth = 2


============================================================
+ Verbose Summary: Schedule
============================================================
* Number of FSM states : 2
* Pipeline : 1
  Pipeline-0 : II = 1, D = 2, States = { 1 2 }
* Dataflow Pipeline: 0

* FSM state transitions: 
1 --> 2 
2 --> 

* FSM state operations: 

State 1 <SV = 0> <Delay = 3.66>
ST_1 : Operation 5 [1/1] (0.00ns)   --->   "%c = alloca i32 1" [../cnn_gesture_hls.cpp:143->../cnn_gesture_hls.cpp:233]   --->   Operation 5 'alloca' 'c' <Predicate = true> <Delay = 0.00>
ST_1 : Operation 6 [1/1] (0.00ns)   --->   "%idx_1 = alloca i32 1" [../cnn_gesture_hls.cpp:141->../cnn_gesture_hls.cpp:233]   --->   Operation 6 'alloca' 'idx_1' <Predicate = true> <Delay = 0.00>
ST_1 : Operation 7 [1/1] (0.00ns)   --->   "%add_ln142_11 = alloca i32 1"   --->   Operation 7 'alloca' 'add_ln142_11' <Predicate = true> <Delay = 0.00>
ST_1 : Operation 8 [1/1] (0.00ns)   --->   "%idx = alloca i32 1" [../cnn_gesture_hls.cpp:141->../cnn_gesture_hls.cpp:233]   --->   Operation 8 'alloca' 'idx' <Predicate = true> <Delay = 0.00>
ST_1 : Operation 9 [1/1] (0.00ns)   --->   "%t = alloca i32 1" [../cnn_gesture_hls.cpp:142->../cnn_gesture_hls.cpp:233]   --->   Operation 9 'alloca' 't' <Predicate = true> <Delay = 0.00>
ST_1 : Operation 10 [1/1] (0.00ns)   --->   "%indvar_flatten44 = alloca i32 1"   --->   Operation 10 'alloca' 'indvar_flatten44' <Predicate = true> <Delay = 0.00>
ST_1 : Operation 11 [1/1] (0.42ns)   --->   "%store_ln0 = store i11 0, i11 %indvar_flatten44"   --->   Operation 11 'store' 'store_ln0' <Predicate = true> <Delay = 0.42>
ST_1 : Operation 12 [1/1] (0.42ns)   --->   "%store_ln142 = store i5 0, i5 %t" [../cnn_gesture_hls.cpp:142->../cnn_gesture_hls.cpp:233]   --->   Operation 12 'store' 'store_ln142' <Predicate = true> <Delay = 0.42>
ST_1 : Operation 13 [1/1] (0.42ns)   --->   "%store_ln141 = store i11 0, i11 %idx" [../cnn_gesture_hls.cpp:141->../cnn_gesture_hls.cpp:233]   --->   Operation 13 'store' 'store_ln141' <Predicate = true> <Delay = 0.42>
ST_1 : Operation 14 [1/1] (0.42ns)   --->   "%store_ln141 = store i11 0, i11 %idx_1" [../cnn_gesture_hls.cpp:141->../cnn_gesture_hls.cpp:233]   --->   Operation 14 'store' 'store_ln141' <Predicate = true> <Delay = 0.42>
ST_1 : Operation 15 [1/1] (0.42ns)   --->   "%store_ln143 = store i7 0, i7 %c" [../cnn_gesture_hls.cpp:143->../cnn_gesture_hls.cpp:233]   --->   Operation 15 'store' 'store_ln143' <Predicate = true> <Delay = 0.42>
ST_1 : Operation 16 [1/1] (0.00ns)   --->   "%br_ln0 = br void %for.body4.i644"   --->   Operation 16 'br' 'br_ln0' <Predicate = true> <Delay = 0.00>
ST_1 : Operation 17 [1/1] (0.00ns)   --->   "%indvar_flatten44_load = load i11 %indvar_flatten44" [../cnn_gesture_hls.cpp:142->../cnn_gesture_hls.cpp:233]   --->   Operation 17 'load' 'indvar_flatten44_load' <Predicate = true> <Delay = 0.00>
ST_1 : Operation 18 [1/1] (0.79ns)   --->   "%icmp_ln142 = icmp_eq  i11 %indvar_flatten44_load, i11 1600" [../cnn_gesture_hls.cpp:142->../cnn_gesture_hls.cpp:233]   --->   Operation 18 'icmp' 'icmp_ln142' <Predicate = true> <Delay = 0.79> <CoreInst = "Cmp">   --->   Core 9 'Cmp' <Latency = 0> <II = 1> <Delay = 0.79> <FuncUnit> <Opcode : 'seteq' 'setne' 'setle' 'setge' 'setlt' 'setgt'> <InPorts = 2> <OutPorts = 1>
ST_1 : Operation 19 [1/1] (0.79ns)   --->   "%add_ln142_2 = add i11 %indvar_flatten44_load, i11 1" [../cnn_gesture_hls.cpp:142->../cnn_gesture_hls.cpp:233]   --->   Operation 19 'add' 'add_ln142_2' <Predicate = true> <Delay = 0.79> <CoreInst = "Adder">   --->   Core 1 'Adder' <Latency = 0> <II = 1> <Delay = 0.79> <FuncUnit> <Opcode : 'add' 'sub'> <InPorts = 2> <OutPorts = 1>
ST_1 : Operation 20 [1/1] (0.00ns)   --->   "%br_ln142 = br i1 %icmp_ln142, void %for.cond.cleanup3.i639, void %for.body.i666.preheader.exitStub" [../cnn_gesture_hls.cpp:142->../cnn_gesture_hls.cpp:233]   --->   Operation 20 'br' 'br_ln142' <Predicate = true> <Delay = 0.00>
ST_1 : Operation 21 [1/1] (0.00ns)   --->   "%c_load = load i7 %c" [../cnn_gesture_hls.cpp:143->../cnn_gesture_hls.cpp:233]   --->   Operation 21 'load' 'c_load' <Predicate = (!icmp_ln142)> <Delay = 0.00>
ST_1 : Operation 22 [1/1] (0.00ns)   --->   "%t_load = load i5 %t" [../cnn_gesture_hls.cpp:142->../cnn_gesture_hls.cpp:233]   --->   Operation 22 'load' 't_load' <Predicate = (!icmp_ln142)> <Delay = 0.00>
ST_1 : Operation 23 [1/1] (0.78ns)   --->   "%add_ln142 = add i5 %t_load, i5 1" [../cnn_gesture_hls.cpp:142->../cnn_gesture_hls.cpp:233]   --->   Operation 23 'add' 'add_ln142' <Predicate = (!icmp_ln142)> <Delay = 0.78> <CoreInst = "Adder">   --->   Core 1 'Adder' <Latency = 0> <II = 1> <Delay = 0.78> <FuncUnit> <Opcode : 'add' 'sub'> <InPorts = 2> <OutPorts = 1>
ST_1 : Operation 24 [1/1] (0.77ns)   --->   "%icmp_ln143 = icmp_eq  i7 %c_load, i7 64" [../cnn_gesture_hls.cpp:143->../cnn_gesture_hls.cpp:233]   --->   Operation 24 'icmp' 'icmp_ln143' <Predicate = (!icmp_ln142)> <Delay = 0.77> <CoreInst = "Cmp">   --->   Core 9 'Cmp' <Latency = 0> <II = 1> <Delay = 0.77> <FuncUnit> <Opcode : 'seteq' 'setne' 'setle' 'setge' 'setlt' 'setgt'> <InPorts = 2> <OutPorts = 1>
ST_1 : Operation 25 [1/1] (0.36ns)   --->   "%select_ln142_1 = select i1 %icmp_ln143, i7 0, i7 %c_load" [../cnn_gesture_hls.cpp:142->../cnn_gesture_hls.cpp:233]   --->   Operation 25 'select' 'select_ln142_1' <Predicate = (!icmp_ln142)> <Delay = 0.36> <CoreInst = "Sel">   --->   Core 73 'Sel' <Latency = 0> <II = 1> <Delay = 0.36> <FuncUnit> <Opcode : 'select'> <InPorts = 3> <OutPorts = 1>
ST_1 : Operation 26 [1/1] (0.41ns)   --->   "%select_ln142_2 = select i1 %icmp_ln143, i5 %add_ln142, i5 %t_load" [../cnn_gesture_hls.cpp:142->../cnn_gesture_hls.cpp:233]   --->   Operation 26 'select' 'select_ln142_2' <Predicate = (!icmp_ln142)> <Delay = 0.41> <CoreInst = "Sel">   --->   Core 73 'Sel' <Latency = 0> <II = 1> <Delay = 0.41> <FuncUnit> <Opcode : 'select'> <InPorts = 3> <OutPorts = 1>
ST_1 : Operation 27 [1/1] (0.00ns)   --->   "%tmp_s = bitconcatenate i11 @_ssdm_op_BitConcatenate.i11.i5.i6, i5 %select_ln142_2, i6 0" [../cnn_gesture_hls.cpp:144->../cnn_gesture_hls.cpp:233]   --->   Operation 27 'bitconcatenate' 'tmp_s' <Predicate = (!icmp_ln142)> <Delay = 0.00>
ST_1 : Operation 28 [1/1] (0.00ns)   --->   "%zext_ln144 = zext i7 %select_ln142_1" [../cnn_gesture_hls.cpp:144->../cnn_gesture_hls.cpp:233]   --->   Operation 28 'zext' 'zext_ln144' <Predicate = (!icmp_ln142)> <Delay = 0.00>
ST_1 : Operation 29 [1/1] (0.79ns)   --->   "%add_ln144_1 = add i11 %tmp_s, i11 %zext_ln144" [../cnn_gesture_hls.cpp:144->../cnn_gesture_hls.cpp:233]   --->   Operation 29 'add' 'add_ln144_1' <Predicate = (!icmp_ln142)> <Delay = 0.79> <CoreInst = "Adder">   --->   Core 1 'Adder' <Latency = 0> <II = 1> <Delay = 0.79> <FuncUnit> <Opcode : 'add' 'sub'> <InPorts = 2> <OutPorts = 1>
ST_1 : Operation 30 [1/1] (0.00ns)   --->   "%zext_ln144_1 = zext i11 %add_ln144_1" [../cnn_gesture_hls.cpp:144->../cnn_gesture_hls.cpp:233]   --->   Operation 30 'zext' 'zext_ln144_1' <Predicate = (!icmp_ln142)> <Delay = 0.00>
ST_1 : Operation 31 [1/1] (0.00ns)   --->   "%pool2_out_addr = getelementptr i16 %pool2_out, i64 0, i64 %zext_ln144_1" [../cnn_gesture_hls.cpp:144->../cnn_gesture_hls.cpp:233]   --->   Operation 31 'getelementptr' 'pool2_out_addr' <Predicate = (!icmp_ln142)> <Delay = 0.00>
ST_1 : Operation 32 [2/2] (1.23ns)   --->   "%pool2_out_load = load i11 %pool2_out_addr" [../cnn_gesture_hls.cpp:144->../cnn_gesture_hls.cpp:233]   --->   Operation 32 'load' 'pool2_out_load' <Predicate = (!icmp_ln142)> <Delay = 1.23> <CoreInst = "RAM">   --->   Core 82 'RAM' <Latency = 1> <II = 1> <Delay = 1.23> <Storage> <Opcode : 'load' 'store'> <Ports = 2> <Width = 16> <Depth = 1600> <RAM>
ST_1 : Operation 33 [1/1] (0.77ns)   --->   "%add_ln143 = add i7 %select_ln142_1, i7 1" [../cnn_gesture_hls.cpp:143->../cnn_gesture_hls.cpp:233]   --->   Operation 33 'add' 'add_ln143' <Predicate = (!icmp_ln142)> <Delay = 0.77> <CoreInst = "Adder">   --->   Core 1 'Adder' <Latency = 0> <II = 1> <Delay = 0.77> <FuncUnit> <Opcode : 'add' 'sub'> <InPorts = 2> <OutPorts = 1>
ST_1 : Operation 34 [1/1] (0.42ns)   --->   "%store_ln142 = store i11 %add_ln142_2, i11 %indvar_flatten44" [../cnn_gesture_hls.cpp:142->../cnn_gesture_hls.cpp:233]   --->   Operation 34 'store' 'store_ln142' <Predicate = (!icmp_ln142)> <Delay = 0.42>
ST_1 : Operation 35 [1/1] (0.42ns)   --->   "%store_ln142 = store i5 %select_ln142_2, i5 %t" [../cnn_gesture_hls.cpp:142->../cnn_gesture_hls.cpp:233]   --->   Operation 35 'store' 'store_ln142' <Predicate = (!icmp_ln142)> <Delay = 0.42>
ST_1 : Operation 36 [1/1] (0.42ns)   --->   "%store_ln143 = store i7 %add_ln143, i7 %c" [../cnn_gesture_hls.cpp:143->../cnn_gesture_hls.cpp:233]   --->   Operation 36 'store' 'store_ln143' <Predicate = (!icmp_ln142)> <Delay = 0.42>
ST_1 : Operation 55 [1/1] (0.42ns)   --->   "%ret_ln0 = ret"   --->   Operation 55 'ret' 'ret_ln0' <Predicate = (icmp_ln142)> <Delay = 0.42>

State 2 <SV = 1> <Delay = 2.47>
ST_2 : Operation 37 [1/1] (0.00ns)   --->   "%idx_1_load = load i11 %idx_1" [../cnn_gesture_hls.cpp:142->../cnn_gesture_hls.cpp:233]   --->   Operation 37 'load' 'idx_1_load' <Predicate = (!icmp_ln143)> <Delay = 0.00>
ST_2 : Operation 38 [1/1] (0.00ns)   --->   "%add_ln142_11_load = load i11 %add_ln142_11" [../cnn_gesture_hls.cpp:142->../cnn_gesture_hls.cpp:233]   --->   Operation 38 'load' 'add_ln142_11_load' <Predicate = true> <Delay = 0.00>
ST_2 : Operation 39 [1/1] (0.00ns)   --->   "%idx_load = load i11 %idx" [../cnn_gesture_hls.cpp:142->../cnn_gesture_hls.cpp:233]   --->   Operation 39 'load' 'idx_load' <Predicate = (!icmp_ln143)> <Delay = 0.00>
ST_2 : Operation 40 [1/1] (0.00ns)   --->   "%specloopname_ln0 = specloopname void @_ssdm_op_SpecLoopName, void @VITIS_LOOP_142_1_VITIS_LOOP_143_2_str"   --->   Operation 40 'specloopname' 'specloopname_ln0' <Predicate = true> <Delay = 0.00>
ST_2 : Operation 41 [1/1] (0.00ns)   --->   "%speclooptripcount_ln0 = speclooptripcount void @_ssdm_op_SpecLoopTripCount, i64 1600, i64 1600, i64 1600"   --->   Operation 41 'speclooptripcount' 'speclooptripcount_ln0' <Predicate = true> <Delay = 0.00>
ST_2 : Operation 42 [1/1] (0.38ns)   --->   "%select_ln142 = select i1 %icmp_ln143, i11 %add_ln142_11_load, i11 %idx_1_load" [../cnn_gesture_hls.cpp:142->../cnn_gesture_hls.cpp:233]   --->   Operation 42 'select' 'select_ln142' <Predicate = true> <Delay = 0.38> <CoreInst = "Sel">   --->   Core 73 'Sel' <Latency = 0> <II = 1> <Delay = 0.38> <FuncUnit> <Opcode : 'select'> <InPorts = 3> <OutPorts = 1>
ST_2 : Operation 43 [1/1] (0.38ns)   --->   "%select_ln142_3 = select i1 %icmp_ln143, i11 %add_ln142_11_load, i11 %idx_load" [../cnn_gesture_hls.cpp:142->../cnn_gesture_hls.cpp:233]   --->   Operation 43 'select' 'select_ln142_3' <Predicate = true> <Delay = 0.38> <CoreInst = "Sel">   --->   Core 73 'Sel' <Latency = 0> <II = 1> <Delay = 0.38> <FuncUnit> <Opcode : 'select'> <InPorts = 3> <OutPorts = 1>
ST_2 : Operation 44 [1/1] (0.00ns)   --->   "%zext_ln143 = zext i11 %select_ln142" [../cnn_gesture_hls.cpp:143->../cnn_gesture_hls.cpp:233]   --->   Operation 44 'zext' 'zext_ln143' <Predicate = true> <Delay = 0.00>
ST_2 : Operation 45 [1/1] (0.00ns)   --->   "%specpipeline_ln141 = specpipeline void @_ssdm_op_SpecPipeline, i32 4294967295, i32 0, i32 0, i32 0, i32 4294967295, void @empty_10" [../cnn_gesture_hls.cpp:141->../cnn_gesture_hls.cpp:233]   --->   Operation 45 'specpipeline' 'specpipeline_ln141' <Predicate = true> <Delay = 0.00>
ST_2 : Operation 46 [1/1] (0.79ns)   --->   "%add_ln144 = add i11 %select_ln142, i11 1" [../cnn_gesture_hls.cpp:144->../cnn_gesture_hls.cpp:233]   --->   Operation 46 'add' 'add_ln144' <Predicate = true> <Delay = 0.79> <CoreInst = "Adder">   --->   Core 1 'Adder' <Latency = 0> <II = 1> <Delay = 0.79> <FuncUnit> <Opcode : 'add' 'sub'> <InPorts = 2> <OutPorts = 1>
ST_2 : Operation 47 [1/1] (0.00ns)   --->   "%flat_addr = getelementptr i16 %flat, i64 0, i64 %zext_ln143" [../cnn_gesture_hls.cpp:144->../cnn_gesture_hls.cpp:233]   --->   Operation 47 'getelementptr' 'flat_addr' <Predicate = true> <Delay = 0.00>
ST_2 : Operation 48 [1/2] ( I:1.23ns O:1.23ns )   --->   "%pool2_out_load = load i11 %pool2_out_addr" [../cnn_gesture_hls.cpp:144->../cnn_gesture_hls.cpp:233]   --->   Operation 48 'load' 'pool2_out_load' <Predicate = true> <Delay = 1.23> <CoreInst = "RAM">   --->   Core 82 'RAM' <Latency = 1> <II = 1> <Delay = 1.23> <Storage> <Opcode : 'load' 'store'> <Ports = 2> <Width = 16> <Depth = 1600> <RAM>
ST_2 : Operation 49 [1/1] ( I:1.23ns O:1.23ns )   --->   "%store_ln144 = store i16 %pool2_out_load, i11 %flat_addr" [../cnn_gesture_hls.cpp:144->../cnn_gesture_hls.cpp:233]   --->   Operation 49 'store' 'store_ln144' <Predicate = true> <Delay = 1.23> <CoreInst = "RAM">   --->   Core 82 'RAM' <Latency = 1> <II = 1> <Delay = 1.23> <Storage> <Opcode : 'load' 'store'> <Ports = 2> <Width = 16> <Depth = 1600> <RAM>
ST_2 : Operation 50 [1/1] (0.79ns)   --->   "%add_ln142_1 = add i11 %select_ln142_3, i11 64" [../cnn_gesture_hls.cpp:142->../cnn_gesture_hls.cpp:233]   --->   Operation 50 'add' 'add_ln142_1' <Predicate = true> <Delay = 0.79> <CoreInst = "Adder">   --->   Core 1 'Adder' <Latency = 0> <II = 1> <Delay = 0.79> <FuncUnit> <Opcode : 'add' 'sub'> <InPorts = 2> <OutPorts = 1>
ST_2 : Operation 51 [1/1] (0.42ns)   --->   "%store_ln141 = store i11 %select_ln142_3, i11 %idx" [../cnn_gesture_hls.cpp:141->../cnn_gesture_hls.cpp:233]   --->   Operation 51 'store' 'store_ln141' <Predicate = true> <Delay = 0.42>
ST_2 : Operation 52 [1/1] (0.00ns)   --->   "%store_ln142 = store i11 %add_ln142_1, i11 %add_ln142_11" [../cnn_gesture_hls.cpp:142->../cnn_gesture_hls.cpp:233]   --->   Operation 52 'store' 'store_ln142' <Predicate = true> <Delay = 0.00>
ST_2 : Operation 53 [1/1] (0.42ns)   --->   "%store_ln141 = store i11 %add_ln144, i11 %idx_1" [../cnn_gesture_hls.cpp:141->../cnn_gesture_hls.cpp:233]   --->   Operation 53 'store' 'store_ln141' <Predicate = true> <Delay = 0.42>
ST_2 : Operation 54 [1/1] (0.00ns)   --->   "%br_ln143 = br void %for.body4.i644" [../cnn_gesture_hls.cpp:143->../cnn_gesture_hls.cpp:233]   --->   Operation 54 'br' 'br_ln143' <Predicate = true> <Delay = 0.00>


============================================================
+ Verbose Summary: Timing violations
============================================================
Target clock period: 10.000ns, clock uncertainty: 2.700ns.

 <State 1>: 3.665ns
The critical path consists of the following:
	'store' operation ('store_ln142', ../cnn_gesture_hls.cpp:142->../cnn_gesture_hls.cpp:233) of constant 0 5 bit on local variable 't', ../cnn_gesture_hls.cpp:142->../cnn_gesture_hls.cpp:233 [10]  (0.427 ns)
	'load' operation 5 bit ('t_load', ../cnn_gesture_hls.cpp:142->../cnn_gesture_hls.cpp:233) on local variable 't', ../cnn_gesture_hls.cpp:142->../cnn_gesture_hls.cpp:233 [25]  (0.000 ns)
	'add' operation 5 bit ('add_ln142', ../cnn_gesture_hls.cpp:142->../cnn_gesture_hls.cpp:233) [26]  (0.789 ns)
	'select' operation 5 bit ('select_ln142_2', ../cnn_gesture_hls.cpp:142->../cnn_gesture_hls.cpp:233) [32]  (0.414 ns)
	'add' operation 11 bit ('add_ln144_1', ../cnn_gesture_hls.cpp:144->../cnn_gesture_hls.cpp:233) [36]  (0.798 ns)
	'getelementptr' operation 11 bit ('pool2_out_addr', ../cnn_gesture_hls.cpp:144->../cnn_gesture_hls.cpp:233) [38]  (0.000 ns)
	'load' operation 16 bit ('pool2_out_load', ../cnn_gesture_hls.cpp:144->../cnn_gesture_hls.cpp:233) on array 'pool2_out' [43]  (1.237 ns)

 <State 2>: 2.474ns
The critical path consists of the following:
	'load' operation 16 bit ('pool2_out_load', ../cnn_gesture_hls.cpp:144->../cnn_gesture_hls.cpp:233) on array 'pool2_out' [43]  (1.237 ns)
	'store' operation ('store_ln144', ../cnn_gesture_hls.cpp:144->../cnn_gesture_hls.cpp:233) of variable 'pool2_out_load', ../cnn_gesture_hls.cpp:144->../cnn_gesture_hls.cpp:233 16 bit on array 'flat' [44]  (1.237 ns)


============================================================
+ Verbose Summary: Binding
============================================================
N/A
* FSMD analyzer results:
  - Output states:
 - Input state : 
  - Chain level:
	State 1
	State 2


============================================================
+ Verbose Summary: Datapath Resource usage 
============================================================
N/A
