

================================================================
== Vitis HLS Report for 'cnn_gesture_top'
================================================================
* Date:           Sun Mar  1 16:44:51 2026

* Version:        2025.2 (Build 6295257 on Nov 12 2025)
* Project:        cnn_gesture_top
* Solution:       hls (Vivado IP Flow Target)
* Product family: zynquplus
* Target device:  xczu3eg-sbva484-2-i


================================================================
== Performance Estimates
================================================================
+ Timing: 
    * Summary: 
    +--------+----------+-----------+------------+
    |  Clock |  Target  | Estimated | Uncertainty|
    +--------+----------+-----------+------------+
    |ap_clk  |  10.00 ns|  13.301 ns|     2.70 ns|
    +--------+----------+-----------+------------+

+ Latency: 
    * Summary: 
    +---------+---------+----------+----------+-----+-----+---------+
    |  Latency (cycles) |  Latency (absolute) |  Interval | Pipeline|
    |   min   |   max   |    min   |    max   | min | max |   Type  |
    +---------+---------+----------+----------+-----+-----+---------+
    |      737|      737|  9.803 us|  9.803 us|  738|  738|       no|
    +---------+---------+----------+----------+-----+-----+---------+

    + Detail: 
        * Instance: 
        N/A

        * Loop: 
        +--------------------+---------+---------+----------+-----------+-----------+------+----------+
        |                    |  Latency (cycles) | Iteration|  Initiation Interval  | Trip |          |
        |      Loop Name     |   min   |   max   |  Latency |  achieved |   target  | Count| Pipelined|
        +--------------------+---------+---------+----------+-----------+-----------+------+----------+
        |- VITIS_LOOP_112_1  |        7|        7|         3|          1|          1|     6|       yes|
        +--------------------+---------+---------+----------+-----------+-----------+------+----------+

============================================================
+ Verbose Summary: Synthesis Manager
============================================================
InlineROM: 1
ExposeGlobal: 0
============================================================
+ Verbose Summary: CDFG Model
============================================================
IsTopModel: 1
ResetActiveHigh: 1
IsCombinational: 0
IsDatapathOnly: 0
HasWiredReturn: 1
HasMFsm: 2
HasVarLatency: 1
IsPipeline: 0
IsRtlPipelined: 0
IsInstanceOverlapped: 0
IsDontTouch: 0
HasImplIP: 0
IsGatedGlobalClock: 0

+ Individual pipeline summary: 
  * Pipeline-0: initiation interval (II) = 1, depth = 3


============================================================
+ Verbose Summary: Schedule
============================================================
* Number of FSM states : 7
* Pipeline : 1
  Pipeline-0 : II = 1, D = 3, States = { 4 5 6 }
* Dataflow Pipeline: 0

* FSM state transitions: 
1 --> 2 
2 --> 3 
3 --> 4 
4 --> 5 
5 --> 6 
6 --> 7 4 
7 --> 

* FSM state operations: 

State 1 <SV = 0> <Delay = 0.42>
ST_1 : Operation 8 [1/1] (0.00ns)   --->   "%i = alloca i32 1" [../cnn_gesture_hls.cpp:112]   --->   Operation 8 'alloca' 'i' <Predicate = true> <Delay = 0.00>
ST_1 : Operation 9 [1/1] (0.00ns)   --->   "%output_probs = alloca i64 1" [../cnn_gesture_hls.cpp:109]   --->   Operation 9 'alloca' 'output_probs' <Predicate = true> <Delay = 0.00> <CoreInst = "RAM">   --->   Core 82 'RAM' <Latency = 1> <II = 1> <Delay = 0.67> <Storage> <Opcode : 'load' 'store'> <Ports = 2> <Width = 32> <Depth = 6> <RAM>
ST_1 : Operation 10 [1/1] (0.42ns)   --->   "%store_ln112 = store i3 0, i3 %i" [../cnn_gesture_hls.cpp:112]   --->   Operation 10 'store' 'store_ln112' <Predicate = true> <Delay = 0.42>

State 2 <SV = 1> <Delay = 0.00>
ST_2 : Operation 11 [2/2] (0.00ns)   --->   "%call_ln110 = call void @tiny_classifier, i32 %input_stream_V_data_V, i4 %input_stream_V_keep_V, i4 %input_stream_V_strb_V, i1 %input_stream_V_last_V, i32 %output_probs, i32 %B, i32 %tiny_classifier_stream_axis_0_float_W_5, i32 %tiny_classifier_stream_axis_0_float_W_4, i32 %tiny_classifier_stream_axis_0_float_W_3, i32 %tiny_classifier_stream_axis_0_float_W_2, i32 %tiny_classifier_stream_axis_0_float_W_1, i32 %tiny_classifier_stream_axis_0_float_W" [../cnn_gesture_hls.cpp:110]   --->   Operation 11 'call' 'call_ln110' <Predicate = true> <Delay = 0.00> <CoreType = "Generic">   --->   Generic Core

State 3 <SV = 2> <Delay = 0.00>
ST_3 : Operation 12 [1/1] (0.00ns)   --->   "%spectopmodule_ln101 = spectopmodule void @_ssdm_op_SpecTopModule, void @empty_6" [../cnn_gesture_hls.cpp:101]   --->   Operation 12 'spectopmodule' 'spectopmodule_ln101' <Predicate = true> <Delay = 0.00>
ST_3 : Operation 13 [1/1] (0.00ns)   --->   "%specinterface_ln0 = specinterface void @_ssdm_op_SpecInterface, i32 %input_stream_V_data_V, i4 %input_stream_V_keep_V, i4 %input_stream_V_strb_V, i1 %input_stream_V_last_V, void @empty, i32 1, i32 1, void @empty_0, i32 0, i32 0, void @empty_1, void @empty_1, void @empty_1, i32 0, i32 0, i32 0, i32 0, void @empty_1, void @empty_1, i32 4294967295, i32 0, i32 0, i32 0"   --->   Operation 13 'specinterface' 'specinterface_ln0' <Predicate = true> <Delay = 0.00>
ST_3 : Operation 14 [1/1] (0.00ns)   --->   "%specbitsmap_ln0 = specbitsmap void @_ssdm_op_SpecBitsMap, i32 %input_stream_V_data_V"   --->   Operation 14 'specbitsmap' 'specbitsmap_ln0' <Predicate = true> <Delay = 0.00>
ST_3 : Operation 15 [1/1] (0.00ns)   --->   "%specbitsmap_ln0 = specbitsmap void @_ssdm_op_SpecBitsMap, i4 %input_stream_V_keep_V"   --->   Operation 15 'specbitsmap' 'specbitsmap_ln0' <Predicate = true> <Delay = 0.00>
ST_3 : Operation 16 [1/1] (0.00ns)   --->   "%specbitsmap_ln0 = specbitsmap void @_ssdm_op_SpecBitsMap, i4 %input_stream_V_strb_V"   --->   Operation 16 'specbitsmap' 'specbitsmap_ln0' <Predicate = true> <Delay = 0.00>
ST_3 : Operation 17 [1/1] (0.00ns)   --->   "%specbitsmap_ln0 = specbitsmap void @_ssdm_op_SpecBitsMap, i1 %input_stream_V_last_V"   --->   Operation 17 'specbitsmap' 'specbitsmap_ln0' <Predicate = true> <Delay = 0.00>
ST_3 : Operation 18 [1/1] (0.00ns)   --->   "%specinterface_ln0 = specinterface void @_ssdm_op_SpecInterface, i32 %output_stream_V_data_V, i4 %output_stream_V_keep_V, i4 %output_stream_V_strb_V, i1 %output_stream_V_last_V, void @empty, i32 1, i32 1, void @empty_0, i32 0, i32 0, void @empty_1, void @empty_1, void @empty_1, i32 0, i32 0, i32 0, i32 0, void @empty_1, void @empty_1, i32 4294967295, i32 0, i32 0, i32 0"   --->   Operation 18 'specinterface' 'specinterface_ln0' <Predicate = true> <Delay = 0.00>
ST_3 : Operation 19 [1/1] (0.00ns)   --->   "%specbitsmap_ln0 = specbitsmap void @_ssdm_op_SpecBitsMap, i32 %output_stream_V_data_V"   --->   Operation 19 'specbitsmap' 'specbitsmap_ln0' <Predicate = true> <Delay = 0.00>
ST_3 : Operation 20 [1/1] (0.00ns)   --->   "%specbitsmap_ln0 = specbitsmap void @_ssdm_op_SpecBitsMap, i4 %output_stream_V_keep_V"   --->   Operation 20 'specbitsmap' 'specbitsmap_ln0' <Predicate = true> <Delay = 0.00>
ST_3 : Operation 21 [1/1] (0.00ns)   --->   "%specbitsmap_ln0 = specbitsmap void @_ssdm_op_SpecBitsMap, i4 %output_stream_V_strb_V"   --->   Operation 21 'specbitsmap' 'specbitsmap_ln0' <Predicate = true> <Delay = 0.00>
ST_3 : Operation 22 [1/1] (0.00ns)   --->   "%specbitsmap_ln0 = specbitsmap void @_ssdm_op_SpecBitsMap, i1 %output_stream_V_last_V"   --->   Operation 22 'specbitsmap' 'specbitsmap_ln0' <Predicate = true> <Delay = 0.00>
ST_3 : Operation 23 [1/1] (0.00ns)   --->   "%specinterface_ln0 = specinterface void @_ssdm_op_SpecInterface, i32 0, void @empty_2, i32 0, i32 0, void @empty_1, i32 0, i32 0, void @empty_3, void @empty_1, void @empty_1, i32 0, i32 0, i32 0, i32 0, void @empty_1, void @empty_1, i32 0, i32 0, i32 0, i32 0"   --->   Operation 23 'specinterface' 'specinterface_ln0' <Predicate = true> <Delay = 0.00>
ST_3 : Operation 24 [1/2] (0.00ns)   --->   "%call_ln110 = call void @tiny_classifier, i32 %input_stream_V_data_V, i4 %input_stream_V_keep_V, i4 %input_stream_V_strb_V, i1 %input_stream_V_last_V, i32 %output_probs, i32 %B, i32 %tiny_classifier_stream_axis_0_float_W_5, i32 %tiny_classifier_stream_axis_0_float_W_4, i32 %tiny_classifier_stream_axis_0_float_W_3, i32 %tiny_classifier_stream_axis_0_float_W_2, i32 %tiny_classifier_stream_axis_0_float_W_1, i32 %tiny_classifier_stream_axis_0_float_W" [../cnn_gesture_hls.cpp:110]   --->   Operation 24 'call' 'call_ln110' <Predicate = true> <Delay = 0.00> <CoreType = "Generic">   --->   Generic Core
ST_3 : Operation 25 [1/1] (0.00ns)   --->   "%specaxissidechannel_ln112 = specaxissidechannel void @_ssdm_op_SpecAXISSideChannel, i32 %output_stream_V_data_V, i4 %output_stream_V_keep_V, i4 %output_stream_V_strb_V, i1 0, i1 %output_stream_V_last_V, i1 0, i1 0, void @empty_4" [../cnn_gesture_hls.cpp:112]   --->   Operation 25 'specaxissidechannel' 'specaxissidechannel_ln112' <Predicate = true> <Delay = 0.00>
ST_3 : Operation 26 [1/1] (0.00ns)   --->   "%specaxissidechannel_ln112 = specaxissidechannel void @_ssdm_op_SpecAXISSideChannel, i32 %input_stream_V_data_V, i4 %input_stream_V_keep_V, i4 %input_stream_V_strb_V, i1 0, i1 %input_stream_V_last_V, i1 0, i1 0, void @empty_5" [../cnn_gesture_hls.cpp:112]   --->   Operation 26 'specaxissidechannel' 'specaxissidechannel_ln112' <Predicate = true> <Delay = 0.00>
ST_3 : Operation 27 [1/1] (0.00ns)   --->   "%br_ln112 = br void %for.inc.split" [../cnn_gesture_hls.cpp:112]   --->   Operation 27 'br' 'br_ln112' <Predicate = true> <Delay = 0.00>

State 4 <SV = 3> <Delay = 1.09>
ST_4 : Operation 28 [1/1] (0.00ns)   --->   "%i_3 = load i3 %i" [../cnn_gesture_hls.cpp:112]   --->   Operation 28 'load' 'i_3' <Predicate = true> <Delay = 0.00>
ST_4 : Operation 29 [1/1] (0.00ns)   --->   "%zext_ln112 = zext i3 %i_3" [../cnn_gesture_hls.cpp:112]   --->   Operation 29 'zext' 'zext_ln112' <Predicate = true> <Delay = 0.00>
ST_4 : Operation 30 [1/1] (0.00ns)   --->   "%output_probs_addr = getelementptr i32 %output_probs, i64 0, i64 %zext_ln112" [../cnn_gesture_hls.cpp:115]   --->   Operation 30 'getelementptr' 'output_probs_addr' <Predicate = true> <Delay = 0.00>
ST_4 : Operation 31 [2/2] (0.67ns)   --->   "%v = load i3 %output_probs_addr" [../cnn_gesture_hls.cpp:115]   --->   Operation 31 'load' 'v' <Predicate = true> <Delay = 0.67> <CoreInst = "RAM">   --->   Core 82 'RAM' <Latency = 1> <II = 1> <Delay = 0.67> <Storage> <Opcode : 'load' 'store'> <Ports = 2> <Width = 32> <Depth = 6> <RAM>
ST_4 : Operation 32 [1/1] (0.67ns)   --->   "%icmp_ln118 = icmp_eq  i3 %i_3, i3 5" [../cnn_gesture_hls.cpp:118]   --->   Operation 32 'icmp' 'icmp_ln118' <Predicate = true> <Delay = 0.67> <CoreInst = "Cmp">   --->   Core 9 'Cmp' <Latency = 0> <II = 1> <Delay = 0.67> <FuncUnit> <Opcode : 'seteq' 'setne' 'setle' 'setge' 'setlt' 'setgt'> <InPorts = 2> <OutPorts = 1>
ST_4 : Operation 33 [1/1] (0.67ns)   --->   "%i_5 = add i3 %i_3, i3 1" [../cnn_gesture_hls.cpp:112]   --->   Operation 33 'add' 'i_5' <Predicate = true> <Delay = 0.67> <CoreInst = "Adder">   --->   Core 1 'Adder' <Latency = 0> <II = 1> <Delay = 0.67> <FuncUnit> <Opcode : 'add' 'sub'> <InPorts = 2> <OutPorts = 1>
ST_4 : Operation 34 [1/1] (0.42ns)   --->   "%store_ln112 = store i3 %i_5, i3 %i" [../cnn_gesture_hls.cpp:112]   --->   Operation 34 'store' 'store_ln112' <Predicate = true> <Delay = 0.42>
ST_4 : Operation 35 [1/1] (0.00ns)   --->   "%br_ln112 = br i1 %icmp_ln118, void %for.inc.split, void %for.end" [../cnn_gesture_hls.cpp:112]   --->   Operation 35 'br' 'br_ln112' <Predicate = true> <Delay = 0.00>

State 5 <SV = 4> <Delay = 1.17>
ST_5 : Operation 36 [1/2] ( I:0.67ns O:0.67ns )   --->   "%v = load i3 %output_probs_addr" [../cnn_gesture_hls.cpp:115]   --->   Operation 36 'load' 'v' <Predicate = true> <Delay = 0.67> <CoreInst = "RAM">   --->   Core 82 'RAM' <Latency = 1> <II = 1> <Delay = 0.67> <Storage> <Opcode : 'load' 'store'> <Ports = 2> <Width = 32> <Depth = 6> <RAM>
ST_5 : Operation 37 [1/1] (0.00ns)   --->   "%bitcast_ln28 = bitcast i32 %v" [../cnn_gesture_hls.cpp:28->../cnn_gesture_hls.cpp:115]   --->   Operation 37 'bitcast' 'bitcast_ln28' <Predicate = true> <Delay = 0.00>
ST_5 : Operation 38 [2/2] (0.49ns)   --->   "%write_ln119 = write void @_ssdm_op_Write.axis.volatile.i32P0A.i4P0A.i4P0A.i1P0A, i32 %output_stream_V_data_V, i4 %output_stream_V_keep_V, i4 %output_stream_V_strb_V, i1 %output_stream_V_last_V, i32 %bitcast_ln28, i4 15, i4 15, i1 %icmp_ln118" [../cnn_gesture_hls.cpp:119]   --->   Operation 38 'write' 'write_ln119' <Predicate = true> <Delay = 0.49> <CoreInst = "regslice">   --->   Core 147 'regslice' <Latency = 0> <II = 1> <Delay = 0.65> <Adapter> <Opcode : 'read' 'write'>

State 6 <SV = 5> <Delay = 0.49>
ST_6 : Operation 39 [1/1] (0.00ns)   --->   "%specpipeline_ln113 = specpipeline void @_ssdm_op_SpecPipeline, i32 1, i32 0, i32 0, i32 0, i32 4294967295, void @empty_1" [../cnn_gesture_hls.cpp:113]   --->   Operation 39 'specpipeline' 'specpipeline_ln113' <Predicate = true> <Delay = 0.00>
ST_6 : Operation 40 [1/1] (0.00ns)   --->   "%speclooptripcount_ln112 = speclooptripcount void @_ssdm_op_SpecLoopTripCount, i64 6, i64 6, i64 6" [../cnn_gesture_hls.cpp:112]   --->   Operation 40 'speclooptripcount' 'speclooptripcount_ln112' <Predicate = true> <Delay = 0.00>
ST_6 : Operation 41 [1/1] (0.00ns)   --->   "%specloopname_ln112 = specloopname void @_ssdm_op_SpecLoopName, void @empty_7" [../cnn_gesture_hls.cpp:112]   --->   Operation 41 'specloopname' 'specloopname_ln112' <Predicate = true> <Delay = 0.00>
ST_6 : Operation 42 [1/2] ( I:0.49ns O:0.49ns )   --->   "%write_ln119 = write void @_ssdm_op_Write.axis.volatile.i32P0A.i4P0A.i4P0A.i1P0A, i32 %output_stream_V_data_V, i4 %output_stream_V_keep_V, i4 %output_stream_V_strb_V, i1 %output_stream_V_last_V, i32 %bitcast_ln28, i4 15, i4 15, i1 %icmp_ln118" [../cnn_gesture_hls.cpp:119]   --->   Operation 42 'write' 'write_ln119' <Predicate = true> <Delay = 0.49> <CoreInst = "regslice">   --->   Core 147 'regslice' <Latency = 0> <II = 1> <Delay = 0.65> <Adapter> <Opcode : 'read' 'write'>

State 7 <SV = 6> <Delay = 0.00>
ST_7 : Operation 43 [1/1] (0.00ns)   --->   "%ret_ln121 = ret" [../cnn_gesture_hls.cpp:121]   --->   Operation 43 'ret' 'ret_ln121' <Predicate = true> <Delay = 0.00>


============================================================
+ Verbose Summary: Timing violations
============================================================
Target clock period: 10.000ns, clock uncertainty: 2.700ns.

 <State 1>: 0.427ns
The critical path consists of the following:
	'alloca' operation 3 bit ('i', ../cnn_gesture_hls.cpp:112) [16]  (0.000 ns)
	'store' operation ('store_ln112', ../cnn_gesture_hls.cpp:112) of constant 0 3 bit on local variable 'i', ../cnn_gesture_hls.cpp:112 [33]  (0.427 ns)

 <State 2>: 0.000ns
The critical path consists of the following:

 <State 3>: 0.000ns
The critical path consists of the following:

 <State 4>: 1.100ns
The critical path consists of the following:
	'load' operation 3 bit ('i', ../cnn_gesture_hls.cpp:112) on local variable 'i', ../cnn_gesture_hls.cpp:112 [36]  (0.000 ns)
	'add' operation 3 bit ('i_5', ../cnn_gesture_hls.cpp:112) [46]  (0.673 ns)
	'store' operation ('store_ln112', ../cnn_gesture_hls.cpp:112) of variable 'i_5', ../cnn_gesture_hls.cpp:112 3 bit on local variable 'i', ../cnn_gesture_hls.cpp:112 [47]  (0.427 ns)

 <State 5>: 1.174ns
The critical path consists of the following:
	'load' operation 32 bit ('v', ../cnn_gesture_hls.cpp:115) on array 'output_probs', ../cnn_gesture_hls.cpp:109 [42]  (0.677 ns)
	axis write operation ('write_ln119', ../cnn_gesture_hls.cpp:119) on port 'output_stream_V_data_V' (../cnn_gesture_hls.cpp:119) [45]  (0.000 ns)
	blocking operation 0.497 ns on control path)

 <State 6>: 0.497ns
The critical path consists of the following:
	axis write operation ('write_ln119', ../cnn_gesture_hls.cpp:119) on port 'output_stream_V_data_V' (../cnn_gesture_hls.cpp:119) [45]  (0.497 ns)

 <State 7>: 0.000ns
The critical path consists of the following:


============================================================
+ Verbose Summary: Binding
============================================================
N/A
* FSMD analyzer results:
  - Output states:
 - Input state : 
  - Chain level:
	State 1
	State 2
	State 3
	State 4
	State 5
	State 6
	State 7


============================================================
+ Verbose Summary: Datapath Resource usage 
============================================================
N/A
