

================================================================
== Vitis HLS Report for 'cnn_gesture_top_Pipeline_VITIS_LOOP_142_1_VITIS_LOOP_143_2'
================================================================
* Date:           Mon Feb 23 23:23:57 2026

* Version:        2025.2 (Build 6295257 on Nov 12 2025)
* Project:        cnn_gesture_top
* Solution:       hls (Vivado IP Flow Target)
* Product family: zynquplus
* Target device:  xczu3eg-sbva484-2-i


================================================================
== Performance Estimates
================================================================
+ Timing: 
    * Summary: 
    +--------+----------+----------+------------+
    |  Clock |  Target  | Estimated| Uncertainty|
    +--------+----------+----------+------------+
    |ap_clk  |  10.00 ns|  3.665 ns|     2.70 ns|
    +--------+----------+----------+------------+

+ Latency: 
    * Summary: 
    +---------+---------+-----------+-----------+-----+-----+-------------------+
    |  Latency (cycles) |   Latency (absolute)  |  Interval |      Pipeline     |
    |   min   |   max   |    min    |    max    | min | max |        Type       |
    +---------+---------+-----------+-----------+-----+-----+-------------------+
    |     1602|     1602|  16.020 us|  16.020 us|    0|    0|  loop pipeline stp|
    +---------+---------+-----------+-----------+-----+-----+-------------------+

    + Detail: 
        * Instance: 
        N/A

        * Loop: 
        +-------------------------------------+---------+---------+----------+-----------+-----------+------+----------+
        |                                     |  Latency (cycles) | Iteration|  Initiation Interval  | Trip |          |
        |              Loop Name              |   min   |   max   |  Latency |  achieved |   target  | Count| Pipelined|
        +-------------------------------------+---------+---------+----------+-----------+-----------+------+----------+
        |- VITIS_LOOP_142_1_VITIS_LOOP_143_2  |     1600|     1600|         2|          1|          1|  1600|       yes|
        +-------------------------------------+---------+---------+----------+-----------+-----------+------+----------+



================================================================
== Utilization Estimates
================================================================
* Summary: 
+-----------------+---------+-----+--------+-------+-----+
|       Name      | BRAM_18K| DSP |   FF   |  LUT  | URAM|
+-----------------+---------+-----+--------+-------+-----+
|DSP              |        -|    -|       -|      -|    -|
|Expression       |        -|    -|       0|    165|    -|
|FIFO             |        -|    -|       -|      -|    -|
|Instance         |        -|    -|       -|      -|    -|
|Memory           |        -|    -|       -|      -|    -|
|Multiplexer      |        -|    -|       0|     90|    -|
|Register         |        -|    -|      60|      -|    -|
+-----------------+---------+-----+--------+-------+-----+
|Total            |        0|    0|      60|    255|    0|
+-----------------+---------+-----+--------+-------+-----+
|Available        |      432|  360|  141120|  70560|    0|
+-----------------+---------+-----+--------+-------+-----+
|Utilization (%)  |        0|    0|      ~0|     ~0|    0|
+-----------------+---------+-----+--------+-------+-----+

+ Detail: 
    * Instance: 
    N/A

    * DSP: 
    N/A

    * Memory: 
    N/A

    * FIFO: 
    N/A

    * Expression: 
    +--------------------------+----------+----+---+----+------------+------------+
    |       Variable Name      | Operation| DSP| FF| LUT| Bitwidth P0| Bitwidth P1|
    +--------------------------+----------+----+---+----+------------+------------+
    |add_ln142_1_fu_249_p2     |         +|   0|  0|  18|          11|           7|
    |add_ln142_2_fu_131_p2     |         +|   0|  0|  18|          11|           1|
    |add_ln142_fu_143_p2       |         +|   0|  0|  12|           5|           1|
    |add_ln143_fu_194_p2       |         +|   0|  0|  14|           7|           1|
    |add_ln144_1_fu_183_p2     |         +|   0|  0|  18|          11|          11|
    |add_ln144_fu_243_p2       |         +|   0|  0|  18|          11|           1|
    |icmp_ln142_fu_125_p2      |      icmp|   0|  0|  18|          11|          10|
    |icmp_ln143_fu_149_p2      |      icmp|   0|  0|  15|           7|           8|
    |select_ln142_1_fu_155_p3  |    select|   0|  0|   7|           1|           1|
    |select_ln142_2_fu_163_p3  |    select|   0|  0|   5|           1|           5|
    |select_ln142_3_fu_231_p3  |    select|   0|  0|  10|           1|          11|
    |select_ln142_fu_224_p3    |    select|   0|  0|  10|           1|          11|
    |ap_enable_pp0             |       xor|   0|  0|   2|           1|           2|
    +--------------------------+----------+----+---+----+------------+------------+
    |Total                     |          |   0|  0| 165|          79|          70|
    +--------------------------+----------+----+---+----+------------+------------+

    * Multiplexer: 
    +----------------------------------------+----+-----------+-----+-----------+
    |                  Name                  | LUT| Input Size| Bits| Total Bits|
    +----------------------------------------+----+-----------+-----+-----------+
    |ap_done_int                             |   9|          2|    1|          2|
    |ap_enable_reg_pp0_iter1                 |   9|          2|    1|          2|
    |ap_sig_allocacmp_c_load                 |   9|          2|    7|         14|
    |ap_sig_allocacmp_indvar_flatten44_load  |   9|          2|   11|         22|
    |ap_sig_allocacmp_t_load                 |   9|          2|    5|         10|
    |c_fu_46                                 |   9|          2|    7|         14|
    |idx_1_fu_50                             |   9|          2|   11|         22|
    |idx_fu_58                               |   9|          2|   11|         22|
    |indvar_flatten44_fu_66                  |   9|          2|   11|         22|
    |t_fu_62                                 |   9|          2|    5|         10|
    +----------------------------------------+----+-----------+-----+-----------+
    |Total                                   |  90|         20|   70|        140|
    +----------------------------------------+----+-----------+-----+-----------+

    * Register: 
    +-------------------------+----+----+-----+-----------+
    |           Name          | FF | LUT| Bits| Const Bits|
    +-------------------------+----+----+-----+-----------+
    |add_ln142_11_fu_54       |  11|   0|   11|          0|
    |ap_CS_fsm                |   1|   0|    1|          0|
    |ap_done_reg              |   1|   0|    1|          0|
    |ap_enable_reg_pp0_iter1  |   1|   0|    1|          0|
    |c_fu_46                  |   7|   0|    7|          0|
    |icmp_ln143_reg_314       |   1|   0|    1|          0|
    |idx_1_fu_50              |  11|   0|   11|          0|
    |idx_fu_58                |  11|   0|   11|          0|
    |indvar_flatten44_fu_66   |  11|   0|   11|          0|
    |t_fu_62                  |   5|   0|    5|          0|
    +-------------------------+----+----+-----+-----------+
    |Total                    |  60|   0|   60|          0|
    +-------------------------+----+----+-----+-----------+



================================================================
== Interface
================================================================
* Summary: 
+--------------------+-----+-----+------------+------------------------------------------------------------+--------------+
|      RTL Ports     | Dir | Bits|  Protocol  |                        Source Object                       |    C Type    |
+--------------------+-----+-----+------------+------------------------------------------------------------+--------------+
|ap_clk              |   in|    1|  ap_ctrl_hs|  cnn_gesture_top_Pipeline_VITIS_LOOP_142_1_VITIS_LOOP_143_2|  return value|
|ap_rst              |   in|    1|  ap_ctrl_hs|  cnn_gesture_top_Pipeline_VITIS_LOOP_142_1_VITIS_LOOP_143_2|  return value|
|ap_start            |   in|    1|  ap_ctrl_hs|  cnn_gesture_top_Pipeline_VITIS_LOOP_142_1_VITIS_LOOP_143_2|  return value|
|ap_done             |  out|    1|  ap_ctrl_hs|  cnn_gesture_top_Pipeline_VITIS_LOOP_142_1_VITIS_LOOP_143_2|  return value|
|ap_idle             |  out|    1|  ap_ctrl_hs|  cnn_gesture_top_Pipeline_VITIS_LOOP_142_1_VITIS_LOOP_143_2|  return value|
|ap_ready            |  out|    1|  ap_ctrl_hs|  cnn_gesture_top_Pipeline_VITIS_LOOP_142_1_VITIS_LOOP_143_2|  return value|
|pool2_out_address0  |  out|   11|   ap_memory|                                                   pool2_out|         array|
|pool2_out_ce0       |  out|    1|   ap_memory|                                                   pool2_out|         array|
|pool2_out_q0        |   in|   16|   ap_memory|                                                   pool2_out|         array|
|flat_address0       |  out|   11|   ap_memory|                                                        flat|         array|
|flat_ce0            |  out|    1|   ap_memory|                                                        flat|         array|
|flat_we0            |  out|    1|   ap_memory|                                                        flat|         array|
|flat_d0             |  out|   16|   ap_memory|                                                        flat|         array|
+--------------------+-----+-----+------------+------------------------------------------------------------+--------------+

============================================================
+ Verbose Summary: Synthesis Manager
============================================================
InlineROM: 1
ExposeGlobal: 0
============================================================
+ Verbose Summary: CDFG Model
============================================================
IsTopModel: 0
ResetActiveHigh: 1
IsCombinational: 2
IsDatapathOnly: 2
HasWiredReturn: 1
HasMFsm: 2
HasVarLatency: 1
IsPipeline: 0
IsRtlPipelined: 0
IsInstanceOverlapped: 0
IsDontTouch: 0
HasImplIP: 0
IsGatedGlobalClock: 0

+ Individual pipeline summary: 
  * Pipeline-0: initiation interval (II) = 1, depth = 2


============================================================
+ Verbose Summary: Schedule
============================================================
* Number of FSM states : 2
* Pipeline : 1
  Pipeline-0 : II = 1, D = 2, States = { 1 2 }
* Dataflow Pipeline: 0

* FSM state transitions: 
1 --> 2 
2 --> 

* FSM state operations: 

State 1 <SV = 0> <Delay = 3.66>
ST_1 : Operation 5 [1/1] (0.00ns)   --->   "%c = alloca i32 1" [../cnn_gesture_hls.cpp:143->../cnn_gesture_hls.cpp:233]   --->   Operation 5 'alloca' 'c' <Predicate = true> <Delay = 0.00>
ST_1 : Operation 6 [1/1] (0.00ns)   --->   "%idx_1 = alloca i32 1" [../cnn_gesture_hls.cpp:141->../cnn_gesture_hls.cpp:233]   --->   Operation 6 'alloca' 'idx_1' <Predicate = true> <Delay = 0.00>
ST_1 : Operation 7 [1/1] (0.00ns)   --->   "%add_ln142_11 = alloca i32 1"   --->   Operation 7 'alloca' 'add_ln142_11' <Predicate = true> <Delay = 0.00>
ST_1 : Operation 8 [1/1] (0.00ns)   --->   "%idx = alloca i32 1" [../cnn_gesture_hls.cpp:141->../cnn_gesture_hls.cpp:233]   --->   Operation 8 'alloca' 'idx' <Predicate = true> <Delay = 0.00>
ST_1 : Operation 9 [1/1] (0.00ns)   --->   "%t = alloca i32 1" [../cnn_gesture_hls.cpp:142->../cnn_gesture_hls.cpp:233]   --->   Operation 9 'alloca' 't' <Predicate = true> <Delay = 0.00>
ST_1 : Operation 10 [1/1] (0.00ns)   --->   "%indvar_flatten44 = alloca i32 1"   --->   Operation 10 'alloca' 'indvar_flatten44' <Predicate = true> <Delay = 0.00>
ST_1 : Operation 11 [1/1] (0.42ns)   --->   "%store_ln0 = store i11 0, i11 %indvar_flatten44"   --->   Operation 11 'store' 'store_ln0' <Predicate = true> <Delay = 0.42>
ST_1 : Operation 12 [1/1] (0.42ns)   --->   "%store_ln142 = store i5 0, i5 %t" [../cnn_gesture_hls.cpp:142->../cnn_gesture_hls.cpp:233]   --->   Operation 12 'store' 'store_ln142' <Predicate = true> <Delay = 0.42>
ST_1 : Operation 13 [1/1] (0.42ns)   --->   "%store_ln141 = store i11 0, i11 %idx" [../cnn_gesture_hls.cpp:141->../cnn_gesture_hls.cpp:233]   --->   Operation 13 'store' 'store_ln141' <Predicate = true> <Delay = 0.42>
ST_1 : Operation 14 [1/1] (0.42ns)   --->   "%store_ln141 = store i11 0, i11 %idx_1" [../cnn_gesture_hls.cpp:141->../cnn_gesture_hls.cpp:233]   --->   Operation 14 'store' 'store_ln141' <Predicate = true> <Delay = 0.42>
ST_1 : Operation 15 [1/1] (0.42ns)   --->   "%store_ln143 = store i7 0, i7 %c" [../cnn_gesture_hls.cpp:143->../cnn_gesture_hls.cpp:233]   --->   Operation 15 'store' 'store_ln143' <Predicate = true> <Delay = 0.42>
ST_1 : Operation 16 [1/1] (0.00ns)   --->   "%br_ln0 = br void %for.body4.i644"   --->   Operation 16 'br' 'br_ln0' <Predicate = true> <Delay = 0.00>
ST_1 : Operation 17 [1/1] (0.00ns)   --->   "%indvar_flatten44_load = load i11 %indvar_flatten44" [../cnn_gesture_hls.cpp:142->../cnn_gesture_hls.cpp:233]   --->   Operation 17 'load' 'indvar_flatten44_load' <Predicate = true> <Delay = 0.00>
ST_1 : Operation 18 [1/1] (0.79ns)   --->   "%icmp_ln142 = icmp_eq  i11 %indvar_flatten44_load, i11 1600" [../cnn_gesture_hls.cpp:142->../cnn_gesture_hls.cpp:233]   --->   Operation 18 'icmp' 'icmp_ln142' <Predicate = true> <Delay = 0.79> <CoreInst = "Cmp">   --->   Core 9 'Cmp' <Latency = 0> <II = 1> <Delay = 0.79> <FuncUnit> <Opcode : 'seteq' 'setne' 'setle' 'setge' 'setlt' 'setgt'> <InPorts = 2> <OutPorts = 1>
ST_1 : Operation 19 [1/1] (0.79ns)   --->   "%add_ln142_2 = add i11 %indvar_flatten44_load, i11 1" [../cnn_gesture_hls.cpp:142->../cnn_gesture_hls.cpp:233]   --->   Operation 19 'add' 'add_ln142_2' <Predicate = true> <Delay = 0.79> <CoreInst = "Adder">   --->   Core 1 'Adder' <Latency = 0> <II = 1> <Delay = 0.79> <FuncUnit> <Opcode : 'add' 'sub'> <InPorts = 2> <OutPorts = 1>
ST_1 : Operation 20 [1/1] (0.00ns)   --->   "%br_ln142 = br i1 %icmp_ln142, void %for.cond.cleanup3.i639, void %for.body.i666.preheader.exitStub" [../cnn_gesture_hls.cpp:142->../cnn_gesture_hls.cpp:233]   --->   Operation 20 'br' 'br_ln142' <Predicate = true> <Delay = 0.00>
ST_1 : Operation 21 [1/1] (0.00ns)   --->   "%c_load = load i7 %c" [../cnn_gesture_hls.cpp:143->../cnn_gesture_hls.cpp:233]   --->   Operation 21 'load' 'c_load' <Predicate = (!icmp_ln142)> <Delay = 0.00>
ST_1 : Operation 22 [1/1] (0.00ns)   --->   "%t_load = load i5 %t" [../cnn_gesture_hls.cpp:142->../cnn_gesture_hls.cpp:233]   --->   Operation 22 'load' 't_load' <Predicate = (!icmp_ln142)> <Delay = 0.00>
ST_1 : Operation 23 [1/1] (0.78ns)   --->   "%add_ln142 = add i5 %t_load, i5 1" [../cnn_gesture_hls.cpp:142->../cnn_gesture_hls.cpp:233]   --->   Operation 23 'add' 'add_ln142' <Predicate = (!icmp_ln142)> <Delay = 0.78> <CoreInst = "Adder">   --->   Core 1 'Adder' <Latency = 0> <II = 1> <Delay = 0.78> <FuncUnit> <Opcode : 'add' 'sub'> <InPorts = 2> <OutPorts = 1>
ST_1 : Operation 24 [1/1] (0.77ns)   --->   "%icmp_ln143 = icmp_eq  i7 %c_load, i7 64" [../cnn_gesture_hls.cpp:143->../cnn_gesture_hls.cpp:233]   --->   Operation 24 'icmp' 'icmp_ln143' <Predicate = (!icmp_ln142)> <Delay = 0.77> <CoreInst = "Cmp">   --->   Core 9 'Cmp' <Latency = 0> <II = 1> <Delay = 0.76> <FuncUnit> <Opcode : 'seteq' 'setne' 'setle' 'setge' 'setlt' 'setgt'> <InPorts = 2> <OutPorts = 1>
ST_1 : Operation 25 [1/1] (0.36ns)   --->   "%select_ln142_1 = select i1 %icmp_ln143, i7 0, i7 %c_load" [../cnn_gesture_hls.cpp:142->../cnn_gesture_hls.cpp:233]   --->   Operation 25 'select' 'select_ln142_1' <Predicate = (!icmp_ln142)> <Delay = 0.36> <CoreInst = "Sel">   --->   Core 73 'Sel' <Latency = 0> <II = 1> <Delay = 0.36> <FuncUnit> <Opcode : 'select'> <InPorts = 3> <OutPorts = 1>
ST_1 : Operation 26 [1/1] (0.41ns)   --->   "%select_ln142_2 = select i1 %icmp_ln143, i5 %add_ln142, i5 %t_load" [../cnn_gesture_hls.cpp:142->../cnn_gesture_hls.cpp:233]   --->   Operation 26 'select' 'select_ln142_2' <Predicate = (!icmp_ln142)> <Delay = 0.41> <CoreInst = "Sel">   --->   Core 73 'Sel' <Latency = 0> <II = 1> <Delay = 0.41> <FuncUnit> <Opcode : 'select'> <InPorts = 3> <OutPorts = 1>
ST_1 : Operation 27 [1/1] (0.00ns)   --->   "%tmp_s = bitconcatenate i11 @_ssdm_op_BitConcatenate.i11.i5.i6, i5 %select_ln142_2, i6 0" [../cnn_gesture_hls.cpp:144->../cnn_gesture_hls.cpp:233]   --->   Operation 27 'bitconcatenate' 'tmp_s' <Predicate = (!icmp_ln142)> <Delay = 0.00>
ST_1 : Operation 28 [1/1] (0.00ns)   --->   "%zext_ln144 = zext i7 %select_ln142_1" [../cnn_gesture_hls.cpp:144->../cnn_gesture_hls.cpp:233]   --->   Operation 28 'zext' 'zext_ln144' <Predicate = (!icmp_ln142)> <Delay = 0.00>
ST_1 : Operation 29 [1/1] (0.79ns)   --->   "%add_ln144_1 = add i11 %tmp_s, i11 %zext_ln144" [../cnn_gesture_hls.cpp:144->../cnn_gesture_hls.cpp:233]   --->   Operation 29 'add' 'add_ln144_1' <Predicate = (!icmp_ln142)> <Delay = 0.79> <CoreInst = "Adder">   --->   Core 1 'Adder' <Latency = 0> <II = 1> <Delay = 0.79> <FuncUnit> <Opcode : 'add' 'sub'> <InPorts = 2> <OutPorts = 1>
ST_1 : Operation 30 [1/1] (0.00ns)   --->   "%zext_ln144_1 = zext i11 %add_ln144_1" [../cnn_gesture_hls.cpp:144->../cnn_gesture_hls.cpp:233]   --->   Operation 30 'zext' 'zext_ln144_1' <Predicate = (!icmp_ln142)> <Delay = 0.00>
ST_1 : Operation 31 [1/1] (0.00ns)   --->   "%pool2_out_addr = getelementptr i16 %pool2_out, i64 0, i64 %zext_ln144_1" [../cnn_gesture_hls.cpp:144->../cnn_gesture_hls.cpp:233]   --->   Operation 31 'getelementptr' 'pool2_out_addr' <Predicate = (!icmp_ln142)> <Delay = 0.00>
ST_1 : Operation 32 [2/2] (1.23ns)   --->   "%pool2_out_load = load i11 %pool2_out_addr" [../cnn_gesture_hls.cpp:144->../cnn_gesture_hls.cpp:233]   --->   Operation 32 'load' 'pool2_out_load' <Predicate = (!icmp_ln142)> <Delay = 1.23> <CoreInst = "RAM">   --->   Core 82 'RAM' <Latency = 1> <II = 1> <Delay = 1.23> <Storage> <Opcode : 'load' 'store'> <Ports = 2> <Width = 16> <Depth = 1600> <RAM>
ST_1 : Operation 33 [1/1] (0.77ns)   --->   "%add_ln143 = add i7 %select_ln142_1, i7 1" [../cnn_gesture_hls.cpp:143->../cnn_gesture_hls.cpp:233]   --->   Operation 33 'add' 'add_ln143' <Predicate = (!icmp_ln142)> <Delay = 0.77> <CoreInst = "Adder">   --->   Core 1 'Adder' <Latency = 0> <II = 1> <Delay = 0.77> <FuncUnit> <Opcode : 'add' 'sub'> <InPorts = 2> <OutPorts = 1>
ST_1 : Operation 34 [1/1] (0.42ns)   --->   "%store_ln142 = store i11 %add_ln142_2, i11 %indvar_flatten44" [../cnn_gesture_hls.cpp:142->../cnn_gesture_hls.cpp:233]   --->   Operation 34 'store' 'store_ln142' <Predicate = (!icmp_ln142)> <Delay = 0.42>
ST_1 : Operation 35 [1/1] (0.42ns)   --->   "%store_ln142 = store i5 %select_ln142_2, i5 %t" [../cnn_gesture_hls.cpp:142->../cnn_gesture_hls.cpp:233]   --->   Operation 35 'store' 'store_ln142' <Predicate = (!icmp_ln142)> <Delay = 0.42>
ST_1 : Operation 36 [1/1] (0.42ns)   --->   "%store_ln143 = store i7 %add_ln143, i7 %c" [../cnn_gesture_hls.cpp:143->../cnn_gesture_hls.cpp:233]   --->   Operation 36 'store' 'store_ln143' <Predicate = (!icmp_ln142)> <Delay = 0.42>
ST_1 : Operation 55 [1/1] (0.42ns)   --->   "%ret_ln0 = ret"   --->   Operation 55 'ret' 'ret_ln0' <Predicate = (icmp_ln142)> <Delay = 0.42>

State 2 <SV = 1> <Delay = 2.47>
ST_2 : Operation 37 [1/1] (0.00ns)   --->   "%idx_1_load = load i11 %idx_1" [../cnn_gesture_hls.cpp:142->../cnn_gesture_hls.cpp:233]   --->   Operation 37 'load' 'idx_1_load' <Predicate = (!icmp_ln143)> <Delay = 0.00>
ST_2 : Operation 38 [1/1] (0.00ns)   --->   "%add_ln142_11_load = load i11 %add_ln142_11" [../cnn_gesture_hls.cpp:142->../cnn_gesture_hls.cpp:233]   --->   Operation 38 'load' 'add_ln142_11_load' <Predicate = true> <Delay = 0.00>
ST_2 : Operation 39 [1/1] (0.00ns)   --->   "%idx_load = load i11 %idx" [../cnn_gesture_hls.cpp:142->../cnn_gesture_hls.cpp:233]   --->   Operation 39 'load' 'idx_load' <Predicate = (!icmp_ln143)> <Delay = 0.00>
ST_2 : Operation 40 [1/1] (0.00ns)   --->   "%specloopname_ln0 = specloopname void @_ssdm_op_SpecLoopName, void @VITIS_LOOP_142_1_VITIS_LOOP_143_2_str"   --->   Operation 40 'specloopname' 'specloopname_ln0' <Predicate = true> <Delay = 0.00>
ST_2 : Operation 41 [1/1] (0.00ns)   --->   "%speclooptripcount_ln0 = speclooptripcount void @_ssdm_op_SpecLoopTripCount, i64 1600, i64 1600, i64 1600"   --->   Operation 41 'speclooptripcount' 'speclooptripcount_ln0' <Predicate = true> <Delay = 0.00>
ST_2 : Operation 42 [1/1] (0.38ns)   --->   "%select_ln142 = select i1 %icmp_ln143, i11 %add_ln142_11_load, i11 %idx_1_load" [../cnn_gesture_hls.cpp:142->../cnn_gesture_hls.cpp:233]   --->   Operation 42 'select' 'select_ln142' <Predicate = true> <Delay = 0.38> <CoreInst = "Sel">   --->   Core 73 'Sel' <Latency = 0> <II = 1> <Delay = 0.38> <FuncUnit> <Opcode : 'select'> <InPorts = 3> <OutPorts = 1>
ST_2 : Operation 43 [1/1] (0.38ns)   --->   "%select_ln142_3 = select i1 %icmp_ln143, i11 %add_ln142_11_load, i11 %idx_load" [../cnn_gesture_hls.cpp:142->../cnn_gesture_hls.cpp:233]   --->   Operation 43 'select' 'select_ln142_3' <Predicate = true> <Delay = 0.38> <CoreInst = "Sel">   --->   Core 73 'Sel' <Latency = 0> <II = 1> <Delay = 0.38> <FuncUnit> <Opcode : 'select'> <InPorts = 3> <OutPorts = 1>
ST_2 : Operation 44 [1/1] (0.00ns)   --->   "%zext_ln143 = zext i11 %select_ln142" [../cnn_gesture_hls.cpp:143->../cnn_gesture_hls.cpp:233]   --->   Operation 44 'zext' 'zext_ln143' <Predicate = true> <Delay = 0.00>
ST_2 : Operation 45 [1/1] (0.00ns)   --->   "%specpipeline_ln141 = specpipeline void @_ssdm_op_SpecPipeline, i32 4294967295, i32 0, i32 0, i32 0, i32 4294967295, void @empty_10" [../cnn_gesture_hls.cpp:141->../cnn_gesture_hls.cpp:233]   --->   Operation 45 'specpipeline' 'specpipeline_ln141' <Predicate = true> <Delay = 0.00>
ST_2 : Operation 46 [1/1] (0.79ns)   --->   "%add_ln144 = add i11 %select_ln142, i11 1" [../cnn_gesture_hls.cpp:144->../cnn_gesture_hls.cpp:233]   --->   Operation 46 'add' 'add_ln144' <Predicate = true> <Delay = 0.79> <CoreInst = "Adder">   --->   Core 1 'Adder' <Latency = 0> <II = 1> <Delay = 0.79> <FuncUnit> <Opcode : 'add' 'sub'> <InPorts = 2> <OutPorts = 1>
ST_2 : Operation 47 [1/1] (0.00ns)   --->   "%flat_addr = getelementptr i16 %flat, i64 0, i64 %zext_ln143" [../cnn_gesture_hls.cpp:144->../cnn_gesture_hls.cpp:233]   --->   Operation 47 'getelementptr' 'flat_addr' <Predicate = true> <Delay = 0.00>
ST_2 : Operation 48 [1/2] ( I:1.23ns O:1.23ns )   --->   "%pool2_out_load = load i11 %pool2_out_addr" [../cnn_gesture_hls.cpp:144->../cnn_gesture_hls.cpp:233]   --->   Operation 48 'load' 'pool2_out_load' <Predicate = true> <Delay = 1.23> <CoreInst = "RAM">   --->   Core 82 'RAM' <Latency = 1> <II = 1> <Delay = 1.23> <Storage> <Opcode : 'load' 'store'> <Ports = 2> <Width = 16> <Depth = 1600> <RAM>
ST_2 : Operation 49 [1/1] ( I:1.23ns O:1.23ns )   --->   "%store_ln144 = store i16 %pool2_out_load, i11 %flat_addr" [../cnn_gesture_hls.cpp:144->../cnn_gesture_hls.cpp:233]   --->   Operation 49 'store' 'store_ln144' <Predicate = true> <Delay = 1.23> <CoreInst = "RAM">   --->   Core 82 'RAM' <Latency = 1> <II = 1> <Delay = 1.23> <Storage> <Opcode : 'load' 'store'> <Ports = 2> <Width = 16> <Depth = 1600> <RAM>
ST_2 : Operation 50 [1/1] (0.79ns)   --->   "%add_ln142_1 = add i11 %select_ln142_3, i11 64" [../cnn_gesture_hls.cpp:142->../cnn_gesture_hls.cpp:233]   --->   Operation 50 'add' 'add_ln142_1' <Predicate = true> <Delay = 0.79> <CoreInst = "Adder">   --->   Core 1 'Adder' <Latency = 0> <II = 1> <Delay = 0.79> <FuncUnit> <Opcode : 'add' 'sub'> <InPorts = 2> <OutPorts = 1>
ST_2 : Operation 51 [1/1] (0.42ns)   --->   "%store_ln141 = store i11 %select_ln142_3, i11 %idx" [../cnn_gesture_hls.cpp:141->../cnn_gesture_hls.cpp:233]   --->   Operation 51 'store' 'store_ln141' <Predicate = true> <Delay = 0.42>
ST_2 : Operation 52 [1/1] (0.00ns)   --->   "%store_ln142 = store i11 %add_ln142_1, i11 %add_ln142_11" [../cnn_gesture_hls.cpp:142->../cnn_gesture_hls.cpp:233]   --->   Operation 52 'store' 'store_ln142' <Predicate = true> <Delay = 0.00>
ST_2 : Operation 53 [1/1] (0.42ns)   --->   "%store_ln141 = store i11 %add_ln144, i11 %idx_1" [../cnn_gesture_hls.cpp:141->../cnn_gesture_hls.cpp:233]   --->   Operation 53 'store' 'store_ln141' <Predicate = true> <Delay = 0.42>
ST_2 : Operation 54 [1/1] (0.00ns)   --->   "%br_ln143 = br void %for.body4.i644" [../cnn_gesture_hls.cpp:143->../cnn_gesture_hls.cpp:233]   --->   Operation 54 'br' 'br_ln143' <Predicate = true> <Delay = 0.00>


============================================================
+ Verbose Summary: Binding
============================================================
STG Binding: 
---------------- STG Properties BEGIN ----------------
- Is combinational: 0
- Is one-state seq: 0
- Is datapath-only: 0
- Is pipelined: 0
- Is top level: 0
Port [ Return ] is wired: 1; IO mode=ap_ctrl_hs:ce=0
Port [ pool2_out]:  wired=1; compound=1; hidden=0; nouse=0; global=0; static=0; extern=0; dir=0; type=1; pingpong=0; private_global=0; MemPort=[13]; IO mode=ap_memory:ce=0
Port [ flat]:  wired=1; compound=1; hidden=0; nouse=0; global=0; static=0; extern=0; dir=1; type=1; pingpong=0; private_global=0; MemPort=[03]; IO mode=ap_memory:ce=0
---------------- STG Properties END ------------------

---------------- Datapath Model BEGIN ----------------

<LifeTime>
<method=bitvector/>
c                     (alloca           ) [ 010]
idx_1                 (alloca           ) [ 011]
add_ln142_11          (alloca           ) [ 011]
idx                   (alloca           ) [ 011]
t                     (alloca           ) [ 010]
indvar_flatten44      (alloca           ) [ 010]
store_ln0             (store            ) [ 000]
store_ln142           (store            ) [ 000]
store_ln141           (store            ) [ 000]
store_ln141           (store            ) [ 000]
store_ln143           (store            ) [ 000]
br_ln0                (br               ) [ 000]
indvar_flatten44_load (load             ) [ 000]
icmp_ln142            (icmp             ) [ 010]
add_ln142_2           (add              ) [ 000]
br_ln142              (br               ) [ 000]
c_load                (load             ) [ 000]
t_load                (load             ) [ 000]
add_ln142             (add              ) [ 000]
icmp_ln143            (icmp             ) [ 011]
select_ln142_1        (select           ) [ 000]
select_ln142_2        (select           ) [ 000]
tmp_s                 (bitconcatenate   ) [ 000]
zext_ln144            (zext             ) [ 000]
add_ln144_1           (add              ) [ 000]
zext_ln144_1          (zext             ) [ 000]
pool2_out_addr        (getelementptr    ) [ 011]
add_ln143             (add              ) [ 000]
store_ln142           (store            ) [ 000]
store_ln142           (store            ) [ 000]
store_ln143           (store            ) [ 000]
idx_1_load            (load             ) [ 000]
add_ln142_11_load     (load             ) [ 000]
idx_load              (load             ) [ 000]
specloopname_ln0      (specloopname     ) [ 000]
speclooptripcount_ln0 (speclooptripcount) [ 000]
select_ln142          (select           ) [ 000]
select_ln142_3        (select           ) [ 000]
zext_ln143            (zext             ) [ 000]
specpipeline_ln141    (specpipeline     ) [ 000]
add_ln144             (add              ) [ 000]
flat_addr             (getelementptr    ) [ 000]
pool2_out_load        (load             ) [ 000]
store_ln144           (store            ) [ 000]
add_ln142_1           (add              ) [ 000]
store_ln141           (store            ) [ 000]
store_ln142           (store            ) [ 000]
store_ln141           (store            ) [ 000]
br_ln143              (br               ) [ 000]
ret_ln0               (ret              ) [ 000]
</LifeTime>

<model>

<comp_list>
<comp id="0" class="1000" name="pool2_out">
<pin_list>
<pin id="1" dir="1" index="0" bw="1" slack="0"/>
</pin_list>
<bind>
<StgValue><ssdm name="pool2_out"/><MemPortTyVec>1 3 </MemPortTyVec>
</StgValue>
</bind>
</comp>

<comp id="2" class="1000" name="flat">
<pin_list>
<pin id="3" dir="1" index="0" bw="1" slack="0"/>
</pin_list>
<bind>
<StgValue><ssdm name="flat"/><MemPortTyVec>0 3 </MemPortTyVec>
</StgValue>
</bind>
</comp>

<comp id="4" class="1001" name="const_4">
<pin_list>
<pin id="5" dir="1" index="0" bw="1" slack="0"/>
</pin_list>
<bind>
<StgValue><ssdm name=""/></StgValue>
</bind>
</comp>

<comp id="6" class="1001" name="const_6">
<pin_list>
<pin id="7" dir="1" index="0" bw="1" slack="0"/>
</pin_list>
<bind>
<StgValue><ssdm name=""/></StgValue>
</bind>
</comp>

<comp id="8" class="1001" name="const_8">
<pin_list>
<pin id="9" dir="1" index="0" bw="1" slack="0"/>
</pin_list>
<bind>
<StgValue><ssdm name=""/></StgValue>
</bind>
</comp>

<comp id="10" class="1001" name="const_10">
<pin_list>
<pin id="11" dir="1" index="0" bw="1" slack="0"/>
</pin_list>
<bind>
<StgValue><ssdm name=""/></StgValue>
</bind>
</comp>

<comp id="12" class="1001" name="const_12">
<pin_list>
<pin id="13" dir="1" index="0" bw="1" slack="0"/>
</pin_list>
<bind>
<StgValue><ssdm name=""/></StgValue>
</bind>
</comp>

<comp id="14" class="1001" name="const_14">
<pin_list>
<pin id="15" dir="1" index="0" bw="1" slack="0"/>
</pin_list>
<bind>
<StgValue><ssdm name=""/></StgValue>
</bind>
</comp>

<comp id="16" class="1001" name="const_16">
<pin_list>
<pin id="17" dir="1" index="0" bw="1" slack="0"/>
</pin_list>
<bind>
<StgValue><ssdm name=""/></StgValue>
</bind>
</comp>

<comp id="18" class="1001" name="const_18">
<pin_list>
<pin id="19" dir="1" index="0" bw="1" slack="0"/>
</pin_list>
<bind>
<StgValue><ssdm name=""/></StgValue>
</bind>
</comp>

<comp id="20" class="1001" name="const_20">
<pin_list>
<pin id="21" dir="1" index="0" bw="1" slack="0"/>
</pin_list>
<bind>
<StgValue><ssdm name="_ssdm_op_BitConcatenate.i11.i5.i6"/></StgValue>
</bind>
</comp>

<comp id="22" class="1001" name="const_22">
<pin_list>
<pin id="23" dir="1" index="0" bw="1" slack="0"/>
</pin_list>
<bind>
<StgValue><ssdm name=""/></StgValue>
</bind>
</comp>

<comp id="24" class="1001" name="const_24">
<pin_list>
<pin id="25" dir="1" index="0" bw="1" slack="0"/>
</pin_list>
<bind>
<StgValue><ssdm name=""/></StgValue>
</bind>
</comp>

<comp id="26" class="1001" name="const_26">
<pin_list>
<pin id="27" dir="1" index="0" bw="1" slack="0"/>
</pin_list>
<bind>
<StgValue><ssdm name=""/></StgValue>
</bind>
</comp>

<comp id="28" class="1001" name="const_28">
<pin_list>
<pin id="29" dir="1" index="0" bw="1" slack="2147483647"/>
</pin_list>
<bind>
<StgValue><ssdm name="_ssdm_op_SpecLoopName"/></StgValue>
</bind>
</comp>

<comp id="30" class="1001" name="const_30">
<pin_list>
<pin id="31" dir="1" index="0" bw="1" slack="2147483647"/>
</pin_list>
<bind>
<StgValue><ssdm name="VITIS_LOOP_142_1_VITIS_LOOP_143_2_str"/></StgValue>
</bind>
</comp>

<comp id="32" class="1001" name="const_32">
<pin_list>
<pin id="33" dir="1" index="0" bw="1" slack="2147483647"/>
</pin_list>
<bind>
<StgValue><ssdm name="_ssdm_op_SpecLoopTripCount"/></StgValue>
</bind>
</comp>

<comp id="34" class="1001" name="const_34">
<pin_list>
<pin id="35" dir="1" index="0" bw="1" slack="2147483647"/>
</pin_list>
<bind>
<StgValue><ssdm name=""/></StgValue>
</bind>
</comp>

<comp id="36" class="1001" name="const_36">
<pin_list>
<pin id="37" dir="1" index="0" bw="1" slack="2147483647"/>
</pin_list>
<bind>
<StgValue><ssdm name="_ssdm_op_SpecPipeline"/></StgValue>
</bind>
</comp>

<comp id="38" class="1001" name="const_38">
<pin_list>
<pin id="39" dir="1" index="0" bw="1" slack="2147483647"/>
</pin_list>
<bind>
<StgValue><ssdm name=""/></StgValue>
</bind>
</comp>

<comp id="40" class="1001" name="const_40">
<pin_list>
<pin id="41" dir="1" index="0" bw="1" slack="2147483647"/>
</pin_list>
<bind>
<StgValue><ssdm name=""/></StgValue>
</bind>
</comp>

<comp id="42" class="1001" name="const_42">
<pin_list>
<pin id="43" dir="1" index="0" bw="1" slack="2147483647"/>
</pin_list>
<bind>
<StgValue><ssdm name="empty_10"/></StgValue>
</bind>
</comp>

<comp id="44" class="1001" name="const_44">
<pin_list>
<pin id="45" dir="1" index="0" bw="1" slack="0"/>
</pin_list>
<bind>
<StgValue><ssdm name=""/></StgValue>
</bind>
</comp>

<comp id="46" class="1004" name="c_fu_46">
<pin_list>
<pin id="47" dir="0" index="0" bw="1" slack="0"/>
<pin id="48" dir="1" index="1" bw="7" slack="0"/>
</pin_list>
<bind>
<opcode="alloca(26) " fcode="alloca"/>
<opset="c/1 "/>
</bind>
</comp>

<comp id="50" class="1004" name="idx_1_fu_50">
<pin_list>
<pin id="51" dir="0" index="0" bw="1" slack="0"/>
<pin id="52" dir="1" index="1" bw="11" slack="0"/>
</pin_list>
<bind>
<opcode="alloca(26) " fcode="alloca"/>
<opset="idx_1/1 "/>
</bind>
</comp>

<comp id="54" class="1004" name="add_ln142_11_fu_54">
<pin_list>
<pin id="55" dir="0" index="0" bw="1" slack="0"/>
<pin id="56" dir="1" index="1" bw="11" slack="1"/>
</pin_list>
<bind>
<opcode="alloca(26) " fcode="alloca"/>
<opset="add_ln142_11/1 "/>
</bind>
</comp>

<comp id="58" class="1004" name="idx_fu_58">
<pin_list>
<pin id="59" dir="0" index="0" bw="1" slack="0"/>
<pin id="60" dir="1" index="1" bw="11" slack="0"/>
</pin_list>
<bind>
<opcode="alloca(26) " fcode="alloca"/>
<opset="idx/1 "/>
</bind>
</comp>

<comp id="62" class="1004" name="t_fu_62">
<pin_list>
<pin id="63" dir="0" index="0" bw="1" slack="0"/>
<pin id="64" dir="1" index="1" bw="5" slack="0"/>
</pin_list>
<bind>
<opcode="alloca(26) " fcode="alloca"/>
<opset="t/1 "/>
</bind>
</comp>

<comp id="66" class="1004" name="indvar_flatten44_fu_66">
<pin_list>
<pin id="67" dir="0" index="0" bw="1" slack="0"/>
<pin id="68" dir="1" index="1" bw="11" slack="0"/>
</pin_list>
<bind>
<opcode="alloca(26) " fcode="alloca"/>
<opset="indvar_flatten44/1 "/>
</bind>
</comp>

<comp id="70" class="1004" name="pool2_out_addr_gep_fu_70">
<pin_list>
<pin id="71" dir="0" index="0" bw="16" slack="0"/>
<pin id="72" dir="0" index="1" bw="1" slack="0"/>
<pin id="73" dir="0" index="2" bw="11" slack="0"/>
<pin id="74" dir="1" index="3" bw="11" slack="0"/>
</pin_list>
<bind>
<opcode="getelementptr(29) " fcode="getelementptr"/>
<opset="pool2_out_addr/1 "/>
</bind>
</comp>

<comp id="77" class="1004" name="grp_access_fu_77">
<pin_list>
<pin id="78" dir="0" index="0" bw="11" slack="0"/>
<pin id="79" dir="0" index="1" bw="16" slack="2147483647"/>
<pin id="80" dir="0" index="2" bw="0" slack="2147483647"/>
<pin id="81" dir="1" index="3" bw="16" slack="0"/>
</pin_list>
<bind>
<opcode="load(27) " fcode="load"/>
<opset="pool2_out_load/1 "/>
</bind>
</comp>

<comp id="83" class="1004" name="flat_addr_gep_fu_83">
<pin_list>
<pin id="84" dir="0" index="0" bw="16" slack="0"/>
<pin id="85" dir="0" index="1" bw="1" slack="0"/>
<pin id="86" dir="0" index="2" bw="11" slack="0"/>
<pin id="87" dir="1" index="3" bw="11" slack="0"/>
</pin_list>
<bind>
<opcode="getelementptr(29) " fcode="getelementptr"/>
<opset="flat_addr/2 "/>
</bind>
</comp>

<comp id="90" class="1004" name="store_ln144_access_fu_90">
<pin_list>
<pin id="91" dir="0" index="0" bw="11" slack="0"/>
<pin id="92" dir="0" index="1" bw="16" slack="0"/>
<pin id="93" dir="0" index="2" bw="0" slack="2147483647"/>
<pin id="94" dir="1" index="3" bw="16" slack="2147483647"/>
</pin_list>
<bind>
<opcode="store(28) " fcode="store"/>
<opset="store_ln144/2 "/>
</bind>
</comp>

<comp id="97" class="1004" name="store_ln0_store_fu_97">
<pin_list>
<pin id="98" dir="0" index="0" bw="1" slack="0"/>
<pin id="99" dir="0" index="1" bw="11" slack="0"/>
<pin id="100" dir="1" index="2" bw="0" slack="2147483647"/>
</pin_list>
<bind>
<opcode="store(28) " fcode="store"/>
<opset="store_ln0/1 "/>
</bind>
</comp>

<comp id="102" class="1004" name="store_ln142_store_fu_102">
<pin_list>
<pin id="103" dir="0" index="0" bw="1" slack="0"/>
<pin id="104" dir="0" index="1" bw="5" slack="0"/>
<pin id="105" dir="1" index="2" bw="0" slack="2147483647"/>
</pin_list>
<bind>
<opcode="store(28) " fcode="store"/>
<opset="store_ln142/1 "/>
</bind>
</comp>

<comp id="107" class="1004" name="store_ln141_store_fu_107">
<pin_list>
<pin id="108" dir="0" index="0" bw="1" slack="0"/>
<pin id="109" dir="0" index="1" bw="11" slack="0"/>
<pin id="110" dir="1" index="2" bw="0" slack="2147483647"/>
</pin_list>
<bind>
<opcode="store(28) " fcode="store"/>
<opset="store_ln141/1 "/>
</bind>
</comp>

<comp id="112" class="1004" name="store_ln141_store_fu_112">
<pin_list>
<pin id="113" dir="0" index="0" bw="1" slack="0"/>
<pin id="114" dir="0" index="1" bw="11" slack="0"/>
<pin id="115" dir="1" index="2" bw="0" slack="2147483647"/>
</pin_list>
<bind>
<opcode="store(28) " fcode="store"/>
<opset="store_ln141/1 "/>
</bind>
</comp>

<comp id="117" class="1004" name="store_ln143_store_fu_117">
<pin_list>
<pin id="118" dir="0" index="0" bw="1" slack="0"/>
<pin id="119" dir="0" index="1" bw="7" slack="0"/>
<pin id="120" dir="1" index="2" bw="0" slack="2147483647"/>
</pin_list>
<bind>
<opcode="store(28) " fcode="store"/>
<opset="store_ln143/1 "/>
</bind>
</comp>

<comp id="122" class="1004" name="indvar_flatten44_load_load_fu_122">
<pin_list>
<pin id="123" dir="0" index="0" bw="11" slack="0"/>
<pin id="124" dir="1" index="1" bw="11" slack="0"/>
</pin_list>
<bind>
<opcode="load(27) " fcode="load"/>
<opset="indvar_flatten44_load/1 "/>
</bind>
</comp>

<comp id="125" class="1004" name="icmp_ln142_fu_125">
<pin_list>
<pin id="126" dir="0" index="0" bw="11" slack="0"/>
<pin id="127" dir="0" index="1" bw="11" slack="0"/>
<pin id="128" dir="1" index="2" bw="1" slack="2147483647"/>
</pin_list>
<bind>
<opcode="icmp(45) " fcode="icmp"/>
<opset="icmp_ln142/1 "/>
</bind>
</comp>

<comp id="131" class="1004" name="add_ln142_2_fu_131">
<pin_list>
<pin id="132" dir="0" index="0" bw="11" slack="0"/>
<pin id="133" dir="0" index="1" bw="1" slack="0"/>
<pin id="134" dir="1" index="2" bw="11" slack="0"/>
</pin_list>
<bind>
<opcode="add(8) " fcode="add"/>
<opset="add_ln142_2/1 "/>
</bind>
</comp>

<comp id="137" class="1004" name="c_load_load_fu_137">
<pin_list>
<pin id="138" dir="0" index="0" bw="7" slack="0"/>
<pin id="139" dir="1" index="1" bw="7" slack="0"/>
</pin_list>
<bind>
<opcode="load(27) " fcode="load"/>
<opset="c_load/1 "/>
</bind>
</comp>

<comp id="140" class="1004" name="t_load_load_fu_140">
<pin_list>
<pin id="141" dir="0" index="0" bw="5" slack="0"/>
<pin id="142" dir="1" index="1" bw="5" slack="0"/>
</pin_list>
<bind>
<opcode="load(27) " fcode="load"/>
<opset="t_load/1 "/>
</bind>
</comp>

<comp id="143" class="1004" name="add_ln142_fu_143">
<pin_list>
<pin id="144" dir="0" index="0" bw="5" slack="0"/>
<pin id="145" dir="0" index="1" bw="1" slack="0"/>
<pin id="146" dir="1" index="2" bw="5" slack="0"/>
</pin_list>
<bind>
<opcode="add(8) " fcode="add"/>
<opset="add_ln142/1 "/>
</bind>
</comp>

<comp id="149" class="1004" name="icmp_ln143_fu_149">
<pin_list>
<pin id="150" dir="0" index="0" bw="7" slack="0"/>
<pin id="151" dir="0" index="1" bw="7" slack="0"/>
<pin id="152" dir="1" index="2" bw="1" slack="0"/>
</pin_list>
<bind>
<opcode="icmp(45) " fcode="icmp"/>
<opset="icmp_ln143/1 "/>
</bind>
</comp>

<comp id="155" class="1004" name="select_ln142_1_fu_155">
<pin_list>
<pin id="156" dir="0" index="0" bw="1" slack="0"/>
<pin id="157" dir="0" index="1" bw="7" slack="0"/>
<pin id="158" dir="0" index="2" bw="7" slack="0"/>
<pin id="159" dir="1" index="3" bw="7" slack="0"/>
</pin_list>
<bind>
<opcode="select(49) " fcode="select"/>
<opset="select_ln142_1/1 "/>
</bind>
</comp>

<comp id="163" class="1004" name="select_ln142_2_fu_163">
<pin_list>
<pin id="164" dir="0" index="0" bw="1" slack="0"/>
<pin id="165" dir="0" index="1" bw="5" slack="0"/>
<pin id="166" dir="0" index="2" bw="5" slack="0"/>
<pin id="167" dir="1" index="3" bw="5" slack="0"/>
</pin_list>
<bind>
<opcode="select(49) " fcode="select"/>
<opset="select_ln142_2/1 "/>
</bind>
</comp>

<comp id="171" class="1004" name="tmp_s_fu_171">
<pin_list>
<pin id="172" dir="0" index="0" bw="11" slack="0"/>
<pin id="173" dir="0" index="1" bw="5" slack="0"/>
<pin id="174" dir="0" index="2" bw="1" slack="0"/>
<pin id="175" dir="1" index="3" bw="11" slack="0"/>
</pin_list>
<bind>
<opcode="bitconcatenate(1004) " fcode="bitconcatenate"/>
<opset="tmp_s/1 "/>
</bind>
</comp>

<comp id="179" class="1004" name="zext_ln144_fu_179">
<pin_list>
<pin id="180" dir="0" index="0" bw="7" slack="0"/>
<pin id="181" dir="1" index="1" bw="11" slack="0"/>
</pin_list>
<bind>
<opcode="zext(34) " fcode="zext"/>
<opset="zext_ln144/1 "/>
</bind>
</comp>

<comp id="183" class="1004" name="add_ln144_1_fu_183">
<pin_list>
<pin id="184" dir="0" index="0" bw="11" slack="0"/>
<pin id="185" dir="0" index="1" bw="7" slack="0"/>
<pin id="186" dir="1" index="2" bw="11" slack="0"/>
</pin_list>
<bind>
<opcode="add(8) " fcode="add"/>
<opset="add_ln144_1/1 "/>
</bind>
</comp>

<comp id="189" class="1004" name="zext_ln144_1_fu_189">
<pin_list>
<pin id="190" dir="0" index="0" bw="11" slack="0"/>
<pin id="191" dir="1" index="1" bw="64" slack="0"/>
</pin_list>
<bind>
<opcode="zext(34) " fcode="zext"/>
<opset="zext_ln144_1/1 "/>
</bind>
</comp>

<comp id="194" class="1004" name="add_ln143_fu_194">
<pin_list>
<pin id="195" dir="0" index="0" bw="7" slack="0"/>
<pin id="196" dir="0" index="1" bw="1" slack="0"/>
<pin id="197" dir="1" index="2" bw="7" slack="0"/>
</pin_list>
<bind>
<opcode="add(8) " fcode="add"/>
<opset="add_ln143/1 "/>
</bind>
</comp>

<comp id="200" class="1004" name="store_ln142_store_fu_200">
<pin_list>
<pin id="201" dir="0" index="0" bw="11" slack="0"/>
<pin id="202" dir="0" index="1" bw="11" slack="0"/>
<pin id="203" dir="1" index="2" bw="0" slack="2147483647"/>
</pin_list>
<bind>
<opcode="store(28) " fcode="store"/>
<opset="store_ln142/1 "/>
</bind>
</comp>

<comp id="205" class="1004" name="store_ln142_store_fu_205">
<pin_list>
<pin id="206" dir="0" index="0" bw="5" slack="0"/>
<pin id="207" dir="0" index="1" bw="5" slack="0"/>
<pin id="208" dir="1" index="2" bw="0" slack="2147483647"/>
</pin_list>
<bind>
<opcode="store(28) " fcode="store"/>
<opset="store_ln142/1 "/>
</bind>
</comp>

<comp id="210" class="1004" name="store_ln143_store_fu_210">
<pin_list>
<pin id="211" dir="0" index="0" bw="7" slack="0"/>
<pin id="212" dir="0" index="1" bw="7" slack="0"/>
<pin id="213" dir="1" index="2" bw="0" slack="2147483647"/>
</pin_list>
<bind>
<opcode="store(28) " fcode="store"/>
<opset="store_ln143/1 "/>
</bind>
</comp>

<comp id="215" class="1004" name="idx_1_load_load_fu_215">
<pin_list>
<pin id="216" dir="0" index="0" bw="11" slack="1"/>
<pin id="217" dir="1" index="1" bw="11" slack="0"/>
</pin_list>
<bind>
<opcode="load(27) " fcode="load"/>
<opset="idx_1_load/2 "/>
</bind>
</comp>

<comp id="218" class="1004" name="add_ln142_11_load_load_fu_218">
<pin_list>
<pin id="219" dir="0" index="0" bw="11" slack="1"/>
<pin id="220" dir="1" index="1" bw="11" slack="0"/>
</pin_list>
<bind>
<opcode="load(27) " fcode="load"/>
<opset="add_ln142_11_load/2 "/>
</bind>
</comp>

<comp id="221" class="1004" name="idx_load_load_fu_221">
<pin_list>
<pin id="222" dir="0" index="0" bw="11" slack="1"/>
<pin id="223" dir="1" index="1" bw="11" slack="0"/>
</pin_list>
<bind>
<opcode="load(27) " fcode="load"/>
<opset="idx_load/2 "/>
</bind>
</comp>

<comp id="224" class="1004" name="select_ln142_fu_224">
<pin_list>
<pin id="225" dir="0" index="0" bw="1" slack="1"/>
<pin id="226" dir="0" index="1" bw="11" slack="0"/>
<pin id="227" dir="0" index="2" bw="11" slack="0"/>
<pin id="228" dir="1" index="3" bw="11" slack="0"/>
</pin_list>
<bind>
<opcode="select(49) " fcode="select"/>
<opset="select_ln142/2 "/>
</bind>
</comp>

<comp id="231" class="1004" name="select_ln142_3_fu_231">
<pin_list>
<pin id="232" dir="0" index="0" bw="1" slack="1"/>
<pin id="233" dir="0" index="1" bw="11" slack="0"/>
<pin id="234" dir="0" index="2" bw="11" slack="0"/>
<pin id="235" dir="1" index="3" bw="11" slack="0"/>
</pin_list>
<bind>
<opcode="select(49) " fcode="select"/>
<opset="select_ln142_3/2 "/>
</bind>
</comp>

<comp id="238" class="1004" name="zext_ln143_fu_238">
<pin_list>
<pin id="239" dir="0" index="0" bw="11" slack="0"/>
<pin id="240" dir="1" index="1" bw="64" slack="0"/>
</pin_list>
<bind>
<opcode="zext(34) " fcode="zext"/>
<opset="zext_ln143/2 "/>
</bind>
</comp>

<comp id="243" class="1004" name="add_ln144_fu_243">
<pin_list>
<pin id="244" dir="0" index="0" bw="11" slack="0"/>
<pin id="245" dir="0" index="1" bw="1" slack="0"/>
<pin id="246" dir="1" index="2" bw="11" slack="0"/>
</pin_list>
<bind>
<opcode="add(8) " fcode="add"/>
<opset="add_ln144/2 "/>
</bind>
</comp>

<comp id="249" class="1004" name="add_ln142_1_fu_249">
<pin_list>
<pin id="250" dir="0" index="0" bw="11" slack="0"/>
<pin id="251" dir="0" index="1" bw="8" slack="0"/>
<pin id="252" dir="1" index="2" bw="11" slack="0"/>
</pin_list>
<bind>
<opcode="add(8) " fcode="add"/>
<opset="add_ln142_1/2 "/>
</bind>
</comp>

<comp id="255" class="1004" name="store_ln141_store_fu_255">
<pin_list>
<pin id="256" dir="0" index="0" bw="11" slack="0"/>
<pin id="257" dir="0" index="1" bw="11" slack="1"/>
<pin id="258" dir="1" index="2" bw="0" slack="2147483647"/>
</pin_list>
<bind>
<opcode="store(28) " fcode="store"/>
<opset="store_ln141/2 "/>
</bind>
</comp>

<comp id="260" class="1004" name="store_ln142_store_fu_260">
<pin_list>
<pin id="261" dir="0" index="0" bw="11" slack="0"/>
<pin id="262" dir="0" index="1" bw="11" slack="1"/>
<pin id="263" dir="1" index="2" bw="0" slack="2147483647"/>
</pin_list>
<bind>
<opcode="store(28) " fcode="store"/>
<opset="store_ln142/2 "/>
</bind>
</comp>

<comp id="265" class="1004" name="store_ln141_store_fu_265">
<pin_list>
<pin id="266" dir="0" index="0" bw="11" slack="0"/>
<pin id="267" dir="0" index="1" bw="11" slack="1"/>
<pin id="268" dir="1" index="2" bw="0" slack="2147483647"/>
</pin_list>
<bind>
<opcode="store(28) " fcode="store"/>
<opset="store_ln141/2 "/>
</bind>
</comp>

<comp id="270" class="1005" name="c_reg_270">
<pin_list>
<pin id="271" dir="0" index="0" bw="7" slack="0"/>
<pin id="272" dir="1" index="1" bw="7" slack="0"/>
</pin_list>
<bind>
<opset="c "/>
</bind>
</comp>

<comp id="277" class="1005" name="idx_1_reg_277">
<pin_list>
<pin id="278" dir="0" index="0" bw="11" slack="0"/>
<pin id="279" dir="1" index="1" bw="11" slack="0"/>
</pin_list>
<bind>
<opset="idx_1 "/>
</bind>
</comp>

<comp id="284" class="1005" name="add_ln142_11_reg_284">
<pin_list>
<pin id="285" dir="0" index="0" bw="11" slack="1"/>
<pin id="286" dir="1" index="1" bw="11" slack="1"/>
</pin_list>
<bind>
<opset="add_ln142_11 "/>
</bind>
</comp>

<comp id="290" class="1005" name="idx_reg_290">
<pin_list>
<pin id="291" dir="0" index="0" bw="11" slack="0"/>
<pin id="292" dir="1" index="1" bw="11" slack="0"/>
</pin_list>
<bind>
<opset="idx "/>
</bind>
</comp>

<comp id="297" class="1005" name="t_reg_297">
<pin_list>
<pin id="298" dir="0" index="0" bw="5" slack="0"/>
<pin id="299" dir="1" index="1" bw="5" slack="0"/>
</pin_list>
<bind>
<opset="t "/>
</bind>
</comp>

<comp id="304" class="1005" name="indvar_flatten44_reg_304">
<pin_list>
<pin id="305" dir="0" index="0" bw="11" slack="0"/>
<pin id="306" dir="1" index="1" bw="11" slack="0"/>
</pin_list>
<bind>
<opset="indvar_flatten44 "/>
</bind>
</comp>

<comp id="314" class="1005" name="icmp_ln143_reg_314">
<pin_list>
<pin id="315" dir="0" index="0" bw="1" slack="1"/>
<pin id="316" dir="1" index="1" bw="1" slack="1"/>
</pin_list>
<bind>
<opset="icmp_ln143 "/>
</bind>
</comp>

<comp id="320" class="1005" name="pool2_out_addr_reg_320">
<pin_list>
<pin id="321" dir="0" index="0" bw="11" slack="1"/>
<pin id="322" dir="1" index="1" bw="11" slack="1"/>
</pin_list>
<bind>
<opset="pool2_out_addr "/>
</bind>
</comp>

</comp_list>

<net_list>
<net id="49"><net_src comp="4" pin="0"/><net_sink comp="46" pin=0"/></net>

<net id="53"><net_src comp="4" pin="0"/><net_sink comp="50" pin=0"/></net>

<net id="57"><net_src comp="4" pin="0"/><net_sink comp="54" pin=0"/></net>

<net id="61"><net_src comp="4" pin="0"/><net_sink comp="58" pin=0"/></net>

<net id="65"><net_src comp="4" pin="0"/><net_sink comp="62" pin=0"/></net>

<net id="69"><net_src comp="4" pin="0"/><net_sink comp="66" pin=0"/></net>

<net id="75"><net_src comp="0" pin="0"/><net_sink comp="70" pin=0"/></net>

<net id="76"><net_src comp="24" pin="0"/><net_sink comp="70" pin=1"/></net>

<net id="82"><net_src comp="70" pin="3"/><net_sink comp="77" pin=0"/></net>

<net id="88"><net_src comp="2" pin="0"/><net_sink comp="83" pin=0"/></net>

<net id="89"><net_src comp="24" pin="0"/><net_sink comp="83" pin=1"/></net>

<net id="95"><net_src comp="77" pin="3"/><net_sink comp="90" pin=1"/></net>

<net id="96"><net_src comp="83" pin="3"/><net_sink comp="90" pin=0"/></net>

<net id="101"><net_src comp="6" pin="0"/><net_sink comp="97" pin=0"/></net>

<net id="106"><net_src comp="8" pin="0"/><net_sink comp="102" pin=0"/></net>

<net id="111"><net_src comp="6" pin="0"/><net_sink comp="107" pin=0"/></net>

<net id="116"><net_src comp="6" pin="0"/><net_sink comp="112" pin=0"/></net>

<net id="121"><net_src comp="10" pin="0"/><net_sink comp="117" pin=0"/></net>

<net id="129"><net_src comp="122" pin="1"/><net_sink comp="125" pin=0"/></net>

<net id="130"><net_src comp="12" pin="0"/><net_sink comp="125" pin=1"/></net>

<net id="135"><net_src comp="122" pin="1"/><net_sink comp="131" pin=0"/></net>

<net id="136"><net_src comp="14" pin="0"/><net_sink comp="131" pin=1"/></net>

<net id="147"><net_src comp="140" pin="1"/><net_sink comp="143" pin=0"/></net>

<net id="148"><net_src comp="16" pin="0"/><net_sink comp="143" pin=1"/></net>

<net id="153"><net_src comp="137" pin="1"/><net_sink comp="149" pin=0"/></net>

<net id="154"><net_src comp="18" pin="0"/><net_sink comp="149" pin=1"/></net>

<net id="160"><net_src comp="149" pin="2"/><net_sink comp="155" pin=0"/></net>

<net id="161"><net_src comp="10" pin="0"/><net_sink comp="155" pin=1"/></net>

<net id="162"><net_src comp="137" pin="1"/><net_sink comp="155" pin=2"/></net>

<net id="168"><net_src comp="149" pin="2"/><net_sink comp="163" pin=0"/></net>

<net id="169"><net_src comp="143" pin="2"/><net_sink comp="163" pin=1"/></net>

<net id="170"><net_src comp="140" pin="1"/><net_sink comp="163" pin=2"/></net>

<net id="176"><net_src comp="20" pin="0"/><net_sink comp="171" pin=0"/></net>

<net id="177"><net_src comp="163" pin="3"/><net_sink comp="171" pin=1"/></net>

<net id="178"><net_src comp="22" pin="0"/><net_sink comp="171" pin=2"/></net>

<net id="182"><net_src comp="155" pin="3"/><net_sink comp="179" pin=0"/></net>

<net id="187"><net_src comp="171" pin="3"/><net_sink comp="183" pin=0"/></net>

<net id="188"><net_src comp="179" pin="1"/><net_sink comp="183" pin=1"/></net>

<net id="192"><net_src comp="183" pin="2"/><net_sink comp="189" pin=0"/></net>

<net id="193"><net_src comp="189" pin="1"/><net_sink comp="70" pin=2"/></net>

<net id="198"><net_src comp="155" pin="3"/><net_sink comp="194" pin=0"/></net>

<net id="199"><net_src comp="26" pin="0"/><net_sink comp="194" pin=1"/></net>

<net id="204"><net_src comp="131" pin="2"/><net_sink comp="200" pin=0"/></net>

<net id="209"><net_src comp="163" pin="3"/><net_sink comp="205" pin=0"/></net>

<net id="214"><net_src comp="194" pin="2"/><net_sink comp="210" pin=0"/></net>

<net id="229"><net_src comp="218" pin="1"/><net_sink comp="224" pin=1"/></net>

<net id="230"><net_src comp="215" pin="1"/><net_sink comp="224" pin=2"/></net>

<net id="236"><net_src comp="218" pin="1"/><net_sink comp="231" pin=1"/></net>

<net id="237"><net_src comp="221" pin="1"/><net_sink comp="231" pin=2"/></net>

<net id="241"><net_src comp="224" pin="3"/><net_sink comp="238" pin=0"/></net>

<net id="242"><net_src comp="238" pin="1"/><net_sink comp="83" pin=2"/></net>

<net id="247"><net_src comp="224" pin="3"/><net_sink comp="243" pin=0"/></net>

<net id="248"><net_src comp="14" pin="0"/><net_sink comp="243" pin=1"/></net>

<net id="253"><net_src comp="231" pin="3"/><net_sink comp="249" pin=0"/></net>

<net id="254"><net_src comp="44" pin="0"/><net_sink comp="249" pin=1"/></net>

<net id="259"><net_src comp="231" pin="3"/><net_sink comp="255" pin=0"/></net>

<net id="264"><net_src comp="249" pin="2"/><net_sink comp="260" pin=0"/></net>

<net id="269"><net_src comp="243" pin="2"/><net_sink comp="265" pin=0"/></net>

<net id="273"><net_src comp="46" pin="1"/><net_sink comp="270" pin=0"/></net>

<net id="274"><net_src comp="270" pin="1"/><net_sink comp="117" pin=1"/></net>

<net id="275"><net_src comp="270" pin="1"/><net_sink comp="137" pin=0"/></net>

<net id="276"><net_src comp="270" pin="1"/><net_sink comp="210" pin=1"/></net>

<net id="280"><net_src comp="50" pin="1"/><net_sink comp="277" pin=0"/></net>

<net id="281"><net_src comp="277" pin="1"/><net_sink comp="112" pin=1"/></net>

<net id="282"><net_src comp="277" pin="1"/><net_sink comp="215" pin=0"/></net>

<net id="283"><net_src comp="277" pin="1"/><net_sink comp="265" pin=1"/></net>

<net id="287"><net_src comp="54" pin="1"/><net_sink comp="284" pin=0"/></net>

<net id="288"><net_src comp="284" pin="1"/><net_sink comp="218" pin=0"/></net>

<net id="289"><net_src comp="284" pin="1"/><net_sink comp="260" pin=1"/></net>

<net id="293"><net_src comp="58" pin="1"/><net_sink comp="290" pin=0"/></net>

<net id="294"><net_src comp="290" pin="1"/><net_sink comp="107" pin=1"/></net>

<net id="295"><net_src comp="290" pin="1"/><net_sink comp="221" pin=0"/></net>

<net id="296"><net_src comp="290" pin="1"/><net_sink comp="255" pin=1"/></net>

<net id="300"><net_src comp="62" pin="1"/><net_sink comp="297" pin=0"/></net>

<net id="301"><net_src comp="297" pin="1"/><net_sink comp="102" pin=1"/></net>

<net id="302"><net_src comp="297" pin="1"/><net_sink comp="140" pin=0"/></net>

<net id="303"><net_src comp="297" pin="1"/><net_sink comp="205" pin=1"/></net>

<net id="307"><net_src comp="66" pin="1"/><net_sink comp="304" pin=0"/></net>

<net id="308"><net_src comp="304" pin="1"/><net_sink comp="97" pin=1"/></net>

<net id="309"><net_src comp="304" pin="1"/><net_sink comp="122" pin=0"/></net>

<net id="310"><net_src comp="304" pin="1"/><net_sink comp="200" pin=1"/></net>

<net id="317"><net_src comp="149" pin="2"/><net_sink comp="314" pin=0"/></net>

<net id="318"><net_src comp="314" pin="1"/><net_sink comp="224" pin=0"/></net>

<net id="319"><net_src comp="314" pin="1"/><net_sink comp="231" pin=0"/></net>

<net id="323"><net_src comp="70" pin="3"/><net_sink comp="320" pin=0"/></net>

<net id="324"><net_src comp="320" pin="1"/><net_sink comp="77" pin=0"/></net>

</net_list>

</model> 
---------------- Datapath Model END ------------------

* FSMD analyzer results:
  - Output states:
	Port: flat | {2 }
 - Input state : 
	Port: cnn_gesture_top_Pipeline_VITIS_LOOP_142_1_VITIS_LOOP_143_2 : pool2_out | {1 2 }
  - Chain level:
	State 1
		store_ln0 : 1
		store_ln142 : 1
		store_ln141 : 1
		store_ln141 : 1
		store_ln143 : 1
		indvar_flatten44_load : 1
		icmp_ln142 : 2
		add_ln142_2 : 2
		br_ln142 : 3
		c_load : 1
		t_load : 1
		add_ln142 : 2
		icmp_ln143 : 2
		select_ln142_1 : 3
		select_ln142_2 : 3
		tmp_s : 4
		zext_ln144 : 4
		add_ln144_1 : 5
		zext_ln144_1 : 6
		pool2_out_addr : 7
		pool2_out_load : 8
		add_ln143 : 4
		store_ln142 : 3
		store_ln142 : 4
		store_ln143 : 5
	State 2
		select_ln142 : 1
		select_ln142_3 : 1
		zext_ln143 : 2
		add_ln144 : 2
		flat_addr : 3
		store_ln144 : 4
		add_ln142_1 : 2
		store_ln141 : 2
		store_ln142 : 3
		store_ln141 : 3


============================================================
+ Verbose Summary: Datapath Resource usage 
============================================================

* Functional unit list:
|----------|-----------------------|---------|---------|
| Operation|    Functional Unit    |    FF   |   LUT   |
|----------|-----------------------|---------|---------|
|          |   add_ln142_2_fu_131  |    0    |    18   |
|          |    add_ln142_fu_143   |    0    |    12   |
|    add   |   add_ln144_1_fu_183  |    0    |    18   |
|          |    add_ln143_fu_194   |    0    |    14   |
|          |    add_ln144_fu_243   |    0    |    18   |
|          |   add_ln142_1_fu_249  |    0    |    18   |
|----------|-----------------------|---------|---------|
|   icmp   |   icmp_ln142_fu_125   |    0    |    18   |
|          |   icmp_ln143_fu_149   |    0    |    14   |
|----------|-----------------------|---------|---------|
|          | select_ln142_1_fu_155 |    0    |    7    |
|  select  | select_ln142_2_fu_163 |    0    |    5    |
|          |  select_ln142_fu_224  |    0    |    10   |
|          | select_ln142_3_fu_231 |    0    |    10   |
|----------|-----------------------|---------|---------|
|bitconcatenate|      tmp_s_fu_171     |    0    |    0    |
|----------|-----------------------|---------|---------|
|          |   zext_ln144_fu_179   |    0    |    0    |
|   zext   |  zext_ln144_1_fu_189  |    0    |    0    |
|          |   zext_ln143_fu_238   |    0    |    0    |
|----------|-----------------------|---------|---------|
|   Total  |                       |    0    |   162   |
|----------|-----------------------|---------|---------|

Memories:
N/A

* Register list:
+------------------------+--------+
|                        |   FF   |
+------------------------+--------+
|  add_ln142_11_reg_284  |   11   |
|        c_reg_270       |    7   |
|   icmp_ln143_reg_314   |    1   |
|      idx_1_reg_277     |   11   |
|       idx_reg_290      |   11   |
|indvar_flatten44_reg_304|   11   |
| pool2_out_addr_reg_320 |   11   |
|        t_reg_297       |    5   |
+------------------------+--------+
|          Total         |   68   |
+------------------------+--------+

* Multiplexer (MUX) list: 
|------------------|------|------|------|--------||---------||---------||---------|
|       Comp       |  Pin | Size |  BW  | S x BW ||  Delay  ||    FF   ||   LUT   |
|------------------|------|------|------|--------||---------||---------||---------|
| grp_access_fu_77 |  p0  |   2  |  11  |   22   ||    0    ||    9    |
|------------------|------|------|------|--------||---------||---------||---------|
|       Total      |      |      |      |   22   ||  0.427  ||    0    ||    9    |
|------------------|------|------|------|--------||---------||---------||---------|



* Summary:
+-----------+--------+--------+--------+
|           |  Delay |   FF   |   LUT  |
+-----------+--------+--------+--------+
|  Function |    -   |    0   |   162  |
|   Memory  |    -   |    -   |    -   |
|Multiplexer|    0   |    0   |    9   |
|  Register |    -   |   68   |    -   |
+-----------+--------+--------+--------+
|   Total   |    0   |   68   |   171  |
+-----------+--------+--------+--------+
