

================================================================
== Vitis HLS Report for 'cnn_gesture_top'
================================================================
* Date:           Sun Mar  1 16:44:57 2026

* Version:        2025.2 (Build 6295257 on Nov 12 2025)
* Project:        cnn_gesture_top
* Solution:       hls (Vivado IP Flow Target)
* Product family: zynquplus
* Target device:  xczu3eg-sbva484-2-i


================================================================
== Performance Estimates
================================================================
+ Timing: 
    * Summary: 
    +--------+----------+-----------+------------+
    |  Clock |  Target  | Estimated | Uncertainty|
    +--------+----------+-----------+------------+
    |ap_clk  |  10.00 ns|  13.301 ns|     2.70 ns|
    +--------+----------+-----------+------------+

+ Latency: 
    * Summary: 
    +---------+---------+----------+----------+-----+-----+---------+
    |  Latency (cycles) |  Latency (absolute) |  Interval | Pipeline|
    |   min   |   max   |    min   |    max   | min | max |   Type  |
    +---------+---------+----------+----------+-----+-----+---------+
    |      737|      737|  9.803 us|  9.803 us|  738|  738|       no|
    +---------+---------+----------+----------+-----+-----+---------+

    + Detail: 
        * Instance: 
        +----------------------------+-----------------+---------+---------+----------+----------+-----+-----+---------+
        |                            |                 |  Latency (cycles) |  Latency (absolute) |  Interval | Pipeline|
        |          Instance          |      Module     |   min   |   max   |    min   |    max   | min | max |   Type  |
        +----------------------------+-----------------+---------+---------+----------+----------+-----+-----+---------+
        |grp_tiny_classifier_fu_126  |tiny_classifier  |      726|      726|  9.657 us|  9.657 us|  726|  726|       no|
        +----------------------------+-----------------+---------+---------+----------+----------+-----+-----+---------+

        * Loop: 
        +--------------------+---------+---------+----------+-----------+-----------+------+----------+
        |                    |  Latency (cycles) | Iteration|  Initiation Interval  | Trip |          |
        |      Loop Name     |   min   |   max   |  Latency |  achieved |   target  | Count| Pipelined|
        +--------------------+---------+---------+----------+-----------+-----------+------+----------+
        |- VITIS_LOOP_112_1  |        7|        7|         3|          1|          1|     6|       yes|
        +--------------------+---------+---------+----------+-----------+-----------+------+----------+



================================================================
== Utilization Estimates
================================================================
* Summary: 
+-----------------+---------+-----+--------+-------+-----+
|       Name      | BRAM_18K| DSP |   FF   |  LUT  | URAM|
+-----------------+---------+-----+--------+-------+-----+
|DSP              |        -|    -|       -|      -|    -|
|Expression       |        -|    -|       0|     24|    -|
|FIFO             |        -|    -|       -|      -|    -|
|Instance         |        0|   37|    4721|   4601|    0|
|Memory           |        0|    -|      32|      3|    0|
|Multiplexer      |        -|    -|       0|     94|    -|
|Register         |        -|    -|      13|      -|    -|
+-----------------+---------+-----+--------+-------+-----+
|Total            |        0|   37|    4766|   4722|    0|
+-----------------+---------+-----+--------+-------+-----+
|Available        |      432|  360|  141120|  70560|    0|
+-----------------+---------+-----+--------+-------+-----+
|Utilization (%)  |        0|   10|       3|      6|    0|
+-----------------+---------+-----+--------+-------+-----+

+ Detail: 
    * Instance: 
    +----------------------------+-----------------+---------+----+------+------+-----+
    |          Instance          |      Module     | BRAM_18K| DSP|  FF  |  LUT | URAM|
    +----------------------------+-----------------+---------+----+------+------+-----+
    |CTRL_s_axi_U                |CTRL_s_axi       |        0|   0|    36|    40|    0|
    |grp_tiny_classifier_fu_126  |tiny_classifier  |        0|  37|  4685|  4561|    0|
    +----------------------------+-----------------+---------+----+------+------+-----+
    |Total                       |                 |        0|  37|  4721|  4601|    0|
    +----------------------------+-----------------+---------+----+------+------+-----+

    * DSP: 
    N/A

    * Memory: 
    +----------------+----------------------------+---------+----+----+-----+------+-----+------+-------------+
    |     Memory     |           Module           | BRAM_18K| FF | LUT| URAM| Words| Bits| Banks| W*Bits*Banks|
    +----------------+----------------------------+---------+----+----+-----+------+-----+------+-------------+
    |output_probs_U  |output_probs_RAM_AUTO_1R1W  |        0|  32|   3|    0|     6|   32|     1|          192|
    +----------------+----------------------------+---------+----+----+-----+------+-----+------+-------------+
    |Total           |                            |        0|  32|   3|    0|     6|   32|     1|          192|
    +----------------+----------------------------+---------+----+----+-----+------+-----+------+-------------+

    * FIFO: 
    N/A

    * Expression: 
    +---------------------------+----------+----+---+----+------------+------------+
    |       Variable Name       | Operation| DSP| FF| LUT| Bitwidth P0| Bitwidth P1|
    +---------------------------+----------+----+---+----+------------+------------+
    |i_5_fu_172_p2              |         +|   0|  0|  10|           3|           1|
    |icmp_ln118_fu_166_p2       |      icmp|   0|  0|  10|           3|           3|
    |ap_block_pp0_stage0_01001  |        or|   0|  0|   2|           1|           1|
    |ap_enable_pp0              |       xor|   0|  0|   2|           1|           2|
    +---------------------------+----------+----+---+----+------------+------------+
    |Total                      |          |   0|  0|  24|           8|           7|
    +---------------------------+----------+----+---+----+------------+------------+

    * Multiplexer: 
    +----------------------------------+----+-----------+-----+-----------+
    |               Name               | LUT| Input Size| Bits| Total Bits|
    +----------------------------------+----+-----------+-----+-----------+
    |ap_NS_fsm                         |  31|          6|    1|          6|
    |ap_enable_reg_pp0_iter2           |   9|          2|    1|          2|
    |i_fu_88                           |   9|          2|    3|          6|
    |input_stream_TREADY_int_regslice  |   9|          2|    1|          2|
    |output_probs_address0             |   9|          2|    3|          6|
    |output_probs_ce0                  |   9|          2|    1|          2|
    |output_probs_we0                  |   9|          2|    1|          2|
    |output_stream_TDATA_blk_n         |   9|          2|    1|          2|
    +----------------------------------+----+-----------+-----+-----------+
    |Total                             |  94|         20|   12|         28|
    +----------------------------------+----+-----------+-----+-----------+

    * Register: 
    +-----------------------------------------+---+----+-----+-----------+
    |                   Name                  | FF| LUT| Bits| Const Bits|
    +-----------------------------------------+---+----+-----+-----------+
    |ap_CS_fsm                                |  5|   0|    5|          0|
    |ap_enable_reg_pp0_iter0                  |  1|   0|    1|          0|
    |ap_enable_reg_pp0_iter1                  |  1|   0|    1|          0|
    |ap_enable_reg_pp0_iter2                  |  1|   0|    1|          0|
    |grp_tiny_classifier_fu_126_ap_start_reg  |  1|   0|    1|          0|
    |i_fu_88                                  |  3|   0|    3|          0|
    |icmp_ln118_reg_200                       |  1|   0|    1|          0|
    +-----------------------------------------+---+----+-----+-----------+
    |Total                                    | 13|   0|   13|          0|
    +-----------------------------------------+---+----+-----+-----------+



================================================================
== Interface
================================================================
* Summary: 
+----------------------+-----+-----+------------+------------------------+--------------+
|       RTL Ports      | Dir | Bits|  Protocol  |      Source Object     |    C Type    |
+----------------------+-----+-----+------------+------------------------+--------------+
|s_axi_CTRL_AWVALID    |   in|    1|       s_axi|                    CTRL|   return void|
|s_axi_CTRL_AWREADY    |  out|    1|       s_axi|                    CTRL|   return void|
|s_axi_CTRL_AWADDR     |   in|    4|       s_axi|                    CTRL|   return void|
|s_axi_CTRL_WVALID     |   in|    1|       s_axi|                    CTRL|   return void|
|s_axi_CTRL_WREADY     |  out|    1|       s_axi|                    CTRL|   return void|
|s_axi_CTRL_WDATA      |   in|   32|       s_axi|                    CTRL|   return void|
|s_axi_CTRL_WSTRB      |   in|    4|       s_axi|                    CTRL|   return void|
|s_axi_CTRL_ARVALID    |   in|    1|       s_axi|                    CTRL|   return void|
|s_axi_CTRL_ARREADY    |  out|    1|       s_axi|                    CTRL|   return void|
|s_axi_CTRL_ARADDR     |   in|    4|       s_axi|                    CTRL|   return void|
|s_axi_CTRL_RVALID     |  out|    1|       s_axi|                    CTRL|   return void|
|s_axi_CTRL_RREADY     |   in|    1|       s_axi|                    CTRL|   return void|
|s_axi_CTRL_RDATA      |  out|   32|       s_axi|                    CTRL|   return void|
|s_axi_CTRL_RRESP      |  out|    2|       s_axi|                    CTRL|   return void|
|s_axi_CTRL_BVALID     |  out|    1|       s_axi|                    CTRL|   return void|
|s_axi_CTRL_BREADY     |   in|    1|       s_axi|                    CTRL|   return void|
|s_axi_CTRL_BRESP      |  out|    2|       s_axi|                    CTRL|   return void|
|ap_clk                |   in|    1|  ap_ctrl_hs|         cnn_gesture_top|  return value|
|ap_rst_n              |   in|    1|  ap_ctrl_hs|         cnn_gesture_top|  return value|
|interrupt             |  out|    1|  ap_ctrl_hs|         cnn_gesture_top|  return value|
|input_stream_TDATA    |   in|   32|        axis|   input_stream_V_data_V|       pointer|
|input_stream_TVALID   |   in|    1|        axis|   input_stream_V_last_V|       pointer|
|input_stream_TREADY   |  out|    1|        axis|   input_stream_V_last_V|       pointer|
|input_stream_TLAST    |   in|    1|        axis|   input_stream_V_last_V|       pointer|
|input_stream_TKEEP    |   in|    4|        axis|   input_stream_V_keep_V|       pointer|
|input_stream_TSTRB    |   in|    4|        axis|   input_stream_V_strb_V|       pointer|
|output_stream_TDATA   |  out|   32|        axis|  output_stream_V_data_V|       pointer|
|output_stream_TVALID  |  out|    1|        axis|  output_stream_V_last_V|       pointer|
|output_stream_TREADY  |   in|    1|        axis|  output_stream_V_last_V|       pointer|
|output_stream_TLAST   |  out|    1|        axis|  output_stream_V_last_V|       pointer|
|output_stream_TKEEP   |  out|    4|        axis|  output_stream_V_keep_V|       pointer|
|output_stream_TSTRB   |  out|    4|        axis|  output_stream_V_strb_V|       pointer|
+----------------------+-----+-----+------------+------------------------+--------------+

============================================================
+ Verbose Summary: Synthesis Manager
============================================================
InlineROM: 1
ExposeGlobal: 0
============================================================
+ Verbose Summary: CDFG Model
============================================================
IsTopModel: 1
ResetActiveHigh: 1
IsCombinational: 2
IsDatapathOnly: 2
HasWiredReturn: 1
HasMFsm: 2
HasVarLatency: 1
IsPipeline: 0
IsRtlPipelined: 0
IsInstanceOverlapped: 0
IsDontTouch: 0
HasImplIP: 0
IsGatedGlobalClock: 0

+ Individual pipeline summary: 
  * Pipeline-0: initiation interval (II) = 1, depth = 3


============================================================
+ Verbose Summary: Schedule
============================================================
* Number of FSM states : 7
* Pipeline : 1
  Pipeline-0 : II = 1, D = 3, States = { 4 5 6 }
* Dataflow Pipeline: 0

* FSM state transitions: 
1 --> 2 
2 --> 3 
3 --> 4 
4 --> 5 
5 --> 6 
6 --> 7 4 
7 --> 

* FSM state operations: 

State 1 <SV = 0> <Delay = 0.67>
ST_1 : Operation 8 [1/1] (0.00ns)   --->   "%i = alloca i32 1" [../cnn_gesture_hls.cpp:112]   --->   Operation 8 'alloca' 'i' <Predicate = true> <Delay = 0.00>
ST_1 : Operation 9 [1/1] (0.67ns)   --->   "%output_probs = alloca i64 1" [../cnn_gesture_hls.cpp:109]   --->   Operation 9 'alloca' 'output_probs' <Predicate = true> <Delay = 0.67> <CoreInst = "RAM">   --->   Core 82 'RAM' <Latency = 1> <II = 1> <Delay = 0.67> <Storage> <Opcode : 'load' 'store'> <Ports = 2> <Width = 32> <Depth = 6> <RAM>
ST_1 : Operation 10 [1/1] (0.42ns)   --->   "%store_ln112 = store i3 0, i3 %i" [../cnn_gesture_hls.cpp:112]   --->   Operation 10 'store' 'store_ln112' <Predicate = true> <Delay = 0.42>

State 2 <SV = 1> <Delay = 0.00>
ST_2 : Operation 11 [2/2] (0.00ns)   --->   "%call_ln110 = call void @tiny_classifier, i32 %input_stream_V_data_V, i4 %input_stream_V_keep_V, i4 %input_stream_V_strb_V, i1 %input_stream_V_last_V, i32 %output_probs, i32 %B, i32 %tiny_classifier_stream_axis_0_float_W_5, i32 %tiny_classifier_stream_axis_0_float_W_4, i32 %tiny_classifier_stream_axis_0_float_W_3, i32 %tiny_classifier_stream_axis_0_float_W_2, i32 %tiny_classifier_stream_axis_0_float_W_1, i32 %tiny_classifier_stream_axis_0_float_W" [../cnn_gesture_hls.cpp:110]   --->   Operation 11 'call' 'call_ln110' <Predicate = true> <Delay = 0.00> <CoreType = "Generic">   --->   Generic Core

State 3 <SV = 2> <Delay = 0.00>
ST_3 : Operation 12 [1/1] (0.00ns)   --->   "%spectopmodule_ln101 = spectopmodule void @_ssdm_op_SpecTopModule, void @empty_6" [../cnn_gesture_hls.cpp:101]   --->   Operation 12 'spectopmodule' 'spectopmodule_ln101' <Predicate = true> <Delay = 0.00>
ST_3 : Operation 13 [1/1] (0.00ns)   --->   "%specinterface_ln0 = specinterface void @_ssdm_op_SpecInterface, i32 %input_stream_V_data_V, i4 %input_stream_V_keep_V, i4 %input_stream_V_strb_V, i1 %input_stream_V_last_V, void @empty, i32 1, i32 1, void @empty_0, i32 0, i32 0, void @empty_1, void @empty_1, void @empty_1, i32 0, i32 0, i32 0, i32 0, void @empty_1, void @empty_1, i32 4294967295, i32 0, i32 0, i32 0"   --->   Operation 13 'specinterface' 'specinterface_ln0' <Predicate = true> <Delay = 0.00>
ST_3 : Operation 14 [1/1] (0.00ns)   --->   "%specbitsmap_ln0 = specbitsmap void @_ssdm_op_SpecBitsMap, i32 %input_stream_V_data_V"   --->   Operation 14 'specbitsmap' 'specbitsmap_ln0' <Predicate = true> <Delay = 0.00>
ST_3 : Operation 15 [1/1] (0.00ns)   --->   "%specbitsmap_ln0 = specbitsmap void @_ssdm_op_SpecBitsMap, i4 %input_stream_V_keep_V"   --->   Operation 15 'specbitsmap' 'specbitsmap_ln0' <Predicate = true> <Delay = 0.00>
ST_3 : Operation 16 [1/1] (0.00ns)   --->   "%specbitsmap_ln0 = specbitsmap void @_ssdm_op_SpecBitsMap, i4 %input_stream_V_strb_V"   --->   Operation 16 'specbitsmap' 'specbitsmap_ln0' <Predicate = true> <Delay = 0.00>
ST_3 : Operation 17 [1/1] (0.00ns)   --->   "%specbitsmap_ln0 = specbitsmap void @_ssdm_op_SpecBitsMap, i1 %input_stream_V_last_V"   --->   Operation 17 'specbitsmap' 'specbitsmap_ln0' <Predicate = true> <Delay = 0.00>
ST_3 : Operation 18 [1/1] (0.00ns)   --->   "%specinterface_ln0 = specinterface void @_ssdm_op_SpecInterface, i32 %output_stream_V_data_V, i4 %output_stream_V_keep_V, i4 %output_stream_V_strb_V, i1 %output_stream_V_last_V, void @empty, i32 1, i32 1, void @empty_0, i32 0, i32 0, void @empty_1, void @empty_1, void @empty_1, i32 0, i32 0, i32 0, i32 0, void @empty_1, void @empty_1, i32 4294967295, i32 0, i32 0, i32 0"   --->   Operation 18 'specinterface' 'specinterface_ln0' <Predicate = true> <Delay = 0.00>
ST_3 : Operation 19 [1/1] (0.00ns)   --->   "%specbitsmap_ln0 = specbitsmap void @_ssdm_op_SpecBitsMap, i32 %output_stream_V_data_V"   --->   Operation 19 'specbitsmap' 'specbitsmap_ln0' <Predicate = true> <Delay = 0.00>
ST_3 : Operation 20 [1/1] (0.00ns)   --->   "%specbitsmap_ln0 = specbitsmap void @_ssdm_op_SpecBitsMap, i4 %output_stream_V_keep_V"   --->   Operation 20 'specbitsmap' 'specbitsmap_ln0' <Predicate = true> <Delay = 0.00>
ST_3 : Operation 21 [1/1] (0.00ns)   --->   "%specbitsmap_ln0 = specbitsmap void @_ssdm_op_SpecBitsMap, i4 %output_stream_V_strb_V"   --->   Operation 21 'specbitsmap' 'specbitsmap_ln0' <Predicate = true> <Delay = 0.00>
ST_3 : Operation 22 [1/1] (0.00ns)   --->   "%specbitsmap_ln0 = specbitsmap void @_ssdm_op_SpecBitsMap, i1 %output_stream_V_last_V"   --->   Operation 22 'specbitsmap' 'specbitsmap_ln0' <Predicate = true> <Delay = 0.00>
ST_3 : Operation 23 [1/1] (0.00ns)   --->   "%specinterface_ln0 = specinterface void @_ssdm_op_SpecInterface, i32 0, void @empty_2, i32 0, i32 0, void @empty_1, i32 0, i32 0, void @empty_3, void @empty_1, void @empty_1, i32 0, i32 0, i32 0, i32 0, void @empty_1, void @empty_1, i32 0, i32 0, i32 0, i32 0"   --->   Operation 23 'specinterface' 'specinterface_ln0' <Predicate = true> <Delay = 0.00>
ST_3 : Operation 24 [1/2] (0.00ns)   --->   "%call_ln110 = call void @tiny_classifier, i32 %input_stream_V_data_V, i4 %input_stream_V_keep_V, i4 %input_stream_V_strb_V, i1 %input_stream_V_last_V, i32 %output_probs, i32 %B, i32 %tiny_classifier_stream_axis_0_float_W_5, i32 %tiny_classifier_stream_axis_0_float_W_4, i32 %tiny_classifier_stream_axis_0_float_W_3, i32 %tiny_classifier_stream_axis_0_float_W_2, i32 %tiny_classifier_stream_axis_0_float_W_1, i32 %tiny_classifier_stream_axis_0_float_W" [../cnn_gesture_hls.cpp:110]   --->   Operation 24 'call' 'call_ln110' <Predicate = true> <Delay = 0.00> <CoreType = "Generic">   --->   Generic Core
ST_3 : Operation 25 [1/1] (0.00ns)   --->   "%specaxissidechannel_ln112 = specaxissidechannel void @_ssdm_op_SpecAXISSideChannel, i32 %output_stream_V_data_V, i4 %output_stream_V_keep_V, i4 %output_stream_V_strb_V, i1 0, i1 %output_stream_V_last_V, i1 0, i1 0, void @empty_4" [../cnn_gesture_hls.cpp:112]   --->   Operation 25 'specaxissidechannel' 'specaxissidechannel_ln112' <Predicate = true> <Delay = 0.00>
ST_3 : Operation 26 [1/1] (0.00ns)   --->   "%specaxissidechannel_ln112 = specaxissidechannel void @_ssdm_op_SpecAXISSideChannel, i32 %input_stream_V_data_V, i4 %input_stream_V_keep_V, i4 %input_stream_V_strb_V, i1 0, i1 %input_stream_V_last_V, i1 0, i1 0, void @empty_5" [../cnn_gesture_hls.cpp:112]   --->   Operation 26 'specaxissidechannel' 'specaxissidechannel_ln112' <Predicate = true> <Delay = 0.00>
ST_3 : Operation 27 [1/1] (0.00ns)   --->   "%br_ln112 = br void %for.inc.split" [../cnn_gesture_hls.cpp:112]   --->   Operation 27 'br' 'br_ln112' <Predicate = true> <Delay = 0.00>

State 4 <SV = 3> <Delay = 1.09>
ST_4 : Operation 28 [1/1] (0.00ns)   --->   "%i_3 = load i3 %i" [../cnn_gesture_hls.cpp:112]   --->   Operation 28 'load' 'i_3' <Predicate = true> <Delay = 0.00>
ST_4 : Operation 29 [1/1] (0.00ns)   --->   "%zext_ln112 = zext i3 %i_3" [../cnn_gesture_hls.cpp:112]   --->   Operation 29 'zext' 'zext_ln112' <Predicate = true> <Delay = 0.00>
ST_4 : Operation 30 [1/1] (0.00ns)   --->   "%output_probs_addr = getelementptr i32 %output_probs, i64 0, i64 %zext_ln112" [../cnn_gesture_hls.cpp:115]   --->   Operation 30 'getelementptr' 'output_probs_addr' <Predicate = true> <Delay = 0.00>
ST_4 : Operation 31 [2/2] (0.67ns)   --->   "%v = load i3 %output_probs_addr" [../cnn_gesture_hls.cpp:115]   --->   Operation 31 'load' 'v' <Predicate = true> <Delay = 0.67> <CoreInst = "RAM">   --->   Core 82 'RAM' <Latency = 1> <II = 1> <Delay = 0.67> <Storage> <Opcode : 'load' 'store'> <Ports = 2> <Width = 32> <Depth = 6> <RAM>
ST_4 : Operation 32 [1/1] (0.67ns)   --->   "%icmp_ln118 = icmp_eq  i3 %i_3, i3 5" [../cnn_gesture_hls.cpp:118]   --->   Operation 32 'icmp' 'icmp_ln118' <Predicate = true> <Delay = 0.67> <CoreInst = "Cmp">   --->   Core 9 'Cmp' <Latency = 0> <II = 1> <Delay = 0.67> <FuncUnit> <Opcode : 'seteq' 'setne' 'setle' 'setge' 'setlt' 'setgt'> <InPorts = 2> <OutPorts = 1>
ST_4 : Operation 33 [1/1] (0.67ns)   --->   "%i_5 = add i3 %i_3, i3 1" [../cnn_gesture_hls.cpp:112]   --->   Operation 33 'add' 'i_5' <Predicate = true> <Delay = 0.67> <CoreInst = "Adder">   --->   Core 1 'Adder' <Latency = 0> <II = 1> <Delay = 0.67> <FuncUnit> <Opcode : 'add' 'sub'> <InPorts = 2> <OutPorts = 1>
ST_4 : Operation 34 [1/1] (0.42ns)   --->   "%store_ln112 = store i3 %i_5, i3 %i" [../cnn_gesture_hls.cpp:112]   --->   Operation 34 'store' 'store_ln112' <Predicate = true> <Delay = 0.42>
ST_4 : Operation 35 [1/1] (0.00ns)   --->   "%br_ln112 = br i1 %icmp_ln118, void %for.inc.split, void %for.end" [../cnn_gesture_hls.cpp:112]   --->   Operation 35 'br' 'br_ln112' <Predicate = true> <Delay = 0.00>

State 5 <SV = 4> <Delay = 1.17>
ST_5 : Operation 36 [1/2] ( I:0.67ns O:0.67ns )   --->   "%v = load i3 %output_probs_addr" [../cnn_gesture_hls.cpp:115]   --->   Operation 36 'load' 'v' <Predicate = true> <Delay = 0.67> <CoreInst = "RAM">   --->   Core 82 'RAM' <Latency = 1> <II = 1> <Delay = 0.67> <Storage> <Opcode : 'load' 'store'> <Ports = 2> <Width = 32> <Depth = 6> <RAM>
ST_5 : Operation 37 [1/1] (0.00ns)   --->   "%bitcast_ln28 = bitcast i32 %v" [../cnn_gesture_hls.cpp:28->../cnn_gesture_hls.cpp:115]   --->   Operation 37 'bitcast' 'bitcast_ln28' <Predicate = true> <Delay = 0.00>
ST_5 : Operation 38 [2/2] (0.49ns)   --->   "%write_ln119 = write void @_ssdm_op_Write.axis.volatile.i32P0A.i4P0A.i4P0A.i1P0A, i32 %output_stream_V_data_V, i4 %output_stream_V_keep_V, i4 %output_stream_V_strb_V, i1 %output_stream_V_last_V, i32 %bitcast_ln28, i4 15, i4 15, i1 %icmp_ln118" [../cnn_gesture_hls.cpp:119]   --->   Operation 38 'write' 'write_ln119' <Predicate = true> <Delay = 0.49> <CoreInst = "regslice">   --->   Core 147 'regslice' <Latency = 0> <II = 1> <Delay = 0.65> <Adapter> <Opcode : 'read' 'write'>

State 6 <SV = 5> <Delay = 0.49>
ST_6 : Operation 39 [1/1] (0.00ns)   --->   "%specpipeline_ln113 = specpipeline void @_ssdm_op_SpecPipeline, i32 1, i32 0, i32 0, i32 0, i32 4294967295, void @empty_1" [../cnn_gesture_hls.cpp:113]   --->   Operation 39 'specpipeline' 'specpipeline_ln113' <Predicate = true> <Delay = 0.00>
ST_6 : Operation 40 [1/1] (0.00ns)   --->   "%speclooptripcount_ln112 = speclooptripcount void @_ssdm_op_SpecLoopTripCount, i64 6, i64 6, i64 6" [../cnn_gesture_hls.cpp:112]   --->   Operation 40 'speclooptripcount' 'speclooptripcount_ln112' <Predicate = true> <Delay = 0.00>
ST_6 : Operation 41 [1/1] (0.00ns)   --->   "%specloopname_ln112 = specloopname void @_ssdm_op_SpecLoopName, void @empty_7" [../cnn_gesture_hls.cpp:112]   --->   Operation 41 'specloopname' 'specloopname_ln112' <Predicate = true> <Delay = 0.00>
ST_6 : Operation 42 [1/2] ( I:0.49ns O:0.49ns )   --->   "%write_ln119 = write void @_ssdm_op_Write.axis.volatile.i32P0A.i4P0A.i4P0A.i1P0A, i32 %output_stream_V_data_V, i4 %output_stream_V_keep_V, i4 %output_stream_V_strb_V, i1 %output_stream_V_last_V, i32 %bitcast_ln28, i4 15, i4 15, i1 %icmp_ln118" [../cnn_gesture_hls.cpp:119]   --->   Operation 42 'write' 'write_ln119' <Predicate = true> <Delay = 0.49> <CoreInst = "regslice">   --->   Core 147 'regslice' <Latency = 0> <II = 1> <Delay = 0.65> <Adapter> <Opcode : 'read' 'write'>

State 7 <SV = 6> <Delay = 0.00>
ST_7 : Operation 43 [1/1] (0.00ns)   --->   "%ret_ln121 = ret" [../cnn_gesture_hls.cpp:121]   --->   Operation 43 'ret' 'ret_ln121' <Predicate = true> <Delay = 0.00>


============================================================
+ Verbose Summary: Binding
============================================================
STG Binding: 
---------------- STG Properties BEGIN ----------------
- Is combinational: 0
- Is one-state seq: 0
- Is datapath-only: 0
- Is pipelined: 0
- Is top level: 1
Port [ Return ] is wired: 1; IO mode=ap_ctrl_hs:ce=0
Port [ input_stream_V_data_V]:  wired=1; compound=1; hidden=0; nouse=0; global=0; static=0; extern=0; dir=0; type=0; pingpong=0; private_global=0; IO mode=axis:ce=0
Port [ input_stream_V_keep_V]:  wired=1; compound=1; hidden=0; nouse=0; global=0; static=0; extern=0; dir=0; type=0; pingpong=0; private_global=0; IO mode=axis:ce=0
Port [ input_stream_V_strb_V]:  wired=1; compound=1; hidden=0; nouse=0; global=0; static=0; extern=0; dir=0; type=0; pingpong=0; private_global=0; IO mode=axis:ce=0
Port [ input_stream_V_last_V]:  wired=1; compound=1; hidden=0; nouse=0; global=0; static=0; extern=0; dir=0; type=0; pingpong=0; private_global=0; IO mode=axis:ce=0
Port [ output_stream_V_data_V]:  wired=1; compound=1; hidden=0; nouse=0; global=0; static=0; extern=0; dir=1; type=0; pingpong=0; private_global=0; IO mode=axis:ce=0
Port [ output_stream_V_keep_V]:  wired=1; compound=1; hidden=0; nouse=0; global=0; static=0; extern=0; dir=1; type=0; pingpong=0; private_global=0; IO mode=axis:ce=0
Port [ output_stream_V_strb_V]:  wired=1; compound=1; hidden=0; nouse=0; global=0; static=0; extern=0; dir=1; type=0; pingpong=0; private_global=0; IO mode=axis:ce=0
Port [ output_stream_V_last_V]:  wired=1; compound=1; hidden=0; nouse=0; global=0; static=0; extern=0; dir=1; type=0; pingpong=0; private_global=0; IO mode=axis:ce=0
Port [ B]:  wired=0; compound=1; hidden=1; nouse=1; global=1; static=1; extern=0; dir=0; type=1; pingpong=0; private_global=0; MemPort=[1]; IO mode=ap_memory:ce=0
Port [ tiny_classifier_stream_axis_0_float_W_5]:  wired=0; compound=1; hidden=1; nouse=1; global=1; static=1; extern=0; dir=0; type=1; pingpong=0; private_global=0; MemPort=[1]; IO mode=ap_memory:ce=0
Port [ tiny_classifier_stream_axis_0_float_W_4]:  wired=0; compound=1; hidden=1; nouse=1; global=1; static=1; extern=0; dir=0; type=1; pingpong=0; private_global=0; MemPort=[1]; IO mode=ap_memory:ce=0
Port [ tiny_classifier_stream_axis_0_float_W_3]:  wired=0; compound=1; hidden=1; nouse=1; global=1; static=1; extern=0; dir=0; type=1; pingpong=0; private_global=0; MemPort=[1]; IO mode=ap_memory:ce=0
Port [ tiny_classifier_stream_axis_0_float_W_2]:  wired=0; compound=1; hidden=1; nouse=1; global=1; static=1; extern=0; dir=0; type=1; pingpong=0; private_global=0; MemPort=[1]; IO mode=ap_memory:ce=0
Port [ tiny_classifier_stream_axis_0_float_W_1]:  wired=0; compound=1; hidden=1; nouse=1; global=1; static=1; extern=0; dir=0; type=1; pingpong=0; private_global=0; MemPort=[1]; IO mode=ap_memory:ce=0
Port [ tiny_classifier_stream_axis_0_float_W]:  wired=0; compound=1; hidden=1; nouse=1; global=1; static=1; extern=0; dir=0; type=1; pingpong=0; private_global=0; MemPort=[1]; IO mode=ap_memory:ce=0
---------------- STG Properties END ------------------

---------------- Datapath Model BEGIN ----------------

<LifeTime>
<method=bitvector/>
i                         (alloca             ) [ 01111110]
output_probs              (alloca             ) [ 00111110]
store_ln112               (store              ) [ 00000000]
spectopmodule_ln101       (spectopmodule      ) [ 00000000]
specinterface_ln0         (specinterface      ) [ 00000000]
specbitsmap_ln0           (specbitsmap        ) [ 00000000]
specbitsmap_ln0           (specbitsmap        ) [ 00000000]
specbitsmap_ln0           (specbitsmap        ) [ 00000000]
specbitsmap_ln0           (specbitsmap        ) [ 00000000]
specinterface_ln0         (specinterface      ) [ 00000000]
specbitsmap_ln0           (specbitsmap        ) [ 00000000]
specbitsmap_ln0           (specbitsmap        ) [ 00000000]
specbitsmap_ln0           (specbitsmap        ) [ 00000000]
specbitsmap_ln0           (specbitsmap        ) [ 00000000]
specinterface_ln0         (specinterface      ) [ 00000000]
call_ln110                (call               ) [ 00000000]
specaxissidechannel_ln112 (specaxissidechannel) [ 00000000]
specaxissidechannel_ln112 (specaxissidechannel) [ 00000000]
br_ln112                  (br                 ) [ 00000000]
i_3                       (load               ) [ 00000000]
zext_ln112                (zext               ) [ 00000000]
output_probs_addr         (getelementptr      ) [ 00001100]
icmp_ln118                (icmp               ) [ 00001110]
i_5                       (add                ) [ 00000000]
store_ln112               (store              ) [ 00000000]
br_ln112                  (br                 ) [ 00000000]
v                         (load               ) [ 00000000]
bitcast_ln28              (bitcast            ) [ 00001010]
specpipeline_ln113        (specpipeline       ) [ 00000000]
speclooptripcount_ln112   (speclooptripcount  ) [ 00000000]
specloopname_ln112        (specloopname       ) [ 00000000]
write_ln119               (write              ) [ 00000000]
ret_ln121                 (ret                ) [ 00000000]
</LifeTime>

<model>

<comp_list>
<comp id="0" class="1000" name="input_stream_V_data_V">
<pin_list>
<pin id="1" dir="1" index="0" bw="1" slack="0"/>
</pin_list>
<bind>
<StgValue><ssdm name="input_stream_V_data_V"/></StgValue>
</bind>
</comp>

<comp id="2" class="1000" name="input_stream_V_keep_V">
<pin_list>
<pin id="3" dir="1" index="0" bw="1" slack="0"/>
</pin_list>
<bind>
<StgValue><ssdm name="input_stream_V_keep_V"/></StgValue>
</bind>
</comp>

<comp id="4" class="1000" name="input_stream_V_strb_V">
<pin_list>
<pin id="5" dir="1" index="0" bw="1" slack="0"/>
</pin_list>
<bind>
<StgValue><ssdm name="input_stream_V_strb_V"/></StgValue>
</bind>
</comp>

<comp id="6" class="1000" name="input_stream_V_last_V">
<pin_list>
<pin id="7" dir="1" index="0" bw="1" slack="0"/>
</pin_list>
<bind>
<StgValue><ssdm name="input_stream_V_last_V"/></StgValue>
</bind>
</comp>

<comp id="8" class="1000" name="output_stream_V_data_V">
<pin_list>
<pin id="9" dir="1" index="0" bw="1" slack="0"/>
</pin_list>
<bind>
<StgValue><ssdm name="output_stream_V_data_V"/></StgValue>
</bind>
</comp>

<comp id="10" class="1000" name="output_stream_V_keep_V">
<pin_list>
<pin id="11" dir="1" index="0" bw="1" slack="0"/>
</pin_list>
<bind>
<StgValue><ssdm name="output_stream_V_keep_V"/></StgValue>
</bind>
</comp>

<comp id="12" class="1000" name="output_stream_V_strb_V">
<pin_list>
<pin id="13" dir="1" index="0" bw="1" slack="0"/>
</pin_list>
<bind>
<StgValue><ssdm name="output_stream_V_strb_V"/></StgValue>
</bind>
</comp>

<comp id="14" class="1000" name="output_stream_V_last_V">
<pin_list>
<pin id="15" dir="1" index="0" bw="1" slack="0"/>
</pin_list>
<bind>
<StgValue><ssdm name="output_stream_V_last_V"/></StgValue>
</bind>
</comp>

<comp id="16" class="1000" name="B">
<pin_list>
<pin id="17" dir="1" index="0" bw="1" slack="0"/>
</pin_list>
<bind>
<StgValue><ssdm name="B"/><MemPortTyVec>1 </MemPortTyVec>
</StgValue>
</bind>
</comp>

<comp id="18" class="1000" name="tiny_classifier_stream_axis_0_float_W_5">
<pin_list>
<pin id="19" dir="1" index="0" bw="1" slack="0"/>
</pin_list>
<bind>
<StgValue><ssdm name="tiny_classifier_stream_axis_0_float_W_5"/><MemPortTyVec>1 </MemPortTyVec>
</StgValue>
</bind>
</comp>

<comp id="20" class="1000" name="tiny_classifier_stream_axis_0_float_W_4">
<pin_list>
<pin id="21" dir="1" index="0" bw="1" slack="0"/>
</pin_list>
<bind>
<StgValue><ssdm name="tiny_classifier_stream_axis_0_float_W_4"/><MemPortTyVec>1 </MemPortTyVec>
</StgValue>
</bind>
</comp>

<comp id="22" class="1000" name="tiny_classifier_stream_axis_0_float_W_3">
<pin_list>
<pin id="23" dir="1" index="0" bw="1" slack="0"/>
</pin_list>
<bind>
<StgValue><ssdm name="tiny_classifier_stream_axis_0_float_W_3"/><MemPortTyVec>1 </MemPortTyVec>
</StgValue>
</bind>
</comp>

<comp id="24" class="1000" name="tiny_classifier_stream_axis_0_float_W_2">
<pin_list>
<pin id="25" dir="1" index="0" bw="1" slack="0"/>
</pin_list>
<bind>
<StgValue><ssdm name="tiny_classifier_stream_axis_0_float_W_2"/><MemPortTyVec>1 </MemPortTyVec>
</StgValue>
</bind>
</comp>

<comp id="26" class="1000" name="tiny_classifier_stream_axis_0_float_W_1">
<pin_list>
<pin id="27" dir="1" index="0" bw="1" slack="0"/>
</pin_list>
<bind>
<StgValue><ssdm name="tiny_classifier_stream_axis_0_float_W_1"/><MemPortTyVec>1 </MemPortTyVec>
</StgValue>
</bind>
</comp>

<comp id="28" class="1000" name="tiny_classifier_stream_axis_0_float_W">
<pin_list>
<pin id="29" dir="1" index="0" bw="1" slack="0"/>
</pin_list>
<bind>
<StgValue><ssdm name="tiny_classifier_stream_axis_0_float_W"/><MemPortTyVec>1 </MemPortTyVec>
</StgValue>
</bind>
</comp>

<comp id="30" class="1001" name="const_30">
<pin_list>
<pin id="31" dir="1" index="0" bw="1" slack="0"/>
</pin_list>
<bind>
<StgValue><ssdm name=""/></StgValue>
</bind>
</comp>

<comp id="32" class="1001" name="const_32">
<pin_list>
<pin id="33" dir="1" index="0" bw="1" slack="0"/>
</pin_list>
<bind>
<StgValue><ssdm name=""/></StgValue>
</bind>
</comp>

<comp id="34" class="1001" name="const_34">
<pin_list>
<pin id="35" dir="1" index="0" bw="1" slack="0"/>
</pin_list>
<bind>
<StgValue><ssdm name=""/></StgValue>
</bind>
</comp>

<comp id="36" class="1001" name="const_36">
<pin_list>
<pin id="37" dir="1" index="0" bw="1" slack="0"/>
</pin_list>
<bind>
<StgValue><ssdm name="tiny_classifier"/></StgValue>
</bind>
</comp>

<comp id="38" class="1001" name="const_38">
<pin_list>
<pin id="39" dir="1" index="0" bw="1" slack="2147483647"/>
</pin_list>
<bind>
<StgValue><ssdm name="_ssdm_op_SpecTopModule"/></StgValue>
</bind>
</comp>

<comp id="40" class="1001" name="const_40">
<pin_list>
<pin id="41" dir="1" index="0" bw="1" slack="2147483647"/>
</pin_list>
<bind>
<StgValue><ssdm name="empty_6"/></StgValue>
</bind>
</comp>

<comp id="42" class="1001" name="const_42">
<pin_list>
<pin id="43" dir="1" index="0" bw="1" slack="2147483647"/>
</pin_list>
<bind>
<StgValue><ssdm name="_ssdm_op_SpecInterface"/></StgValue>
</bind>
</comp>

<comp id="44" class="1001" name="const_44">
<pin_list>
<pin id="45" dir="1" index="0" bw="1" slack="2147483647"/>
</pin_list>
<bind>
<StgValue><ssdm name="empty"/></StgValue>
</bind>
</comp>

<comp id="46" class="1001" name="const_46">
<pin_list>
<pin id="47" dir="1" index="0" bw="1" slack="2147483647"/>
</pin_list>
<bind>
<StgValue><ssdm name="empty_0"/></StgValue>
</bind>
</comp>

<comp id="48" class="1001" name="const_48">
<pin_list>
<pin id="49" dir="1" index="0" bw="1" slack="2147483647"/>
</pin_list>
<bind>
<StgValue><ssdm name=""/></StgValue>
</bind>
</comp>

<comp id="50" class="1001" name="const_50">
<pin_list>
<pin id="51" dir="1" index="0" bw="1" slack="2147483647"/>
</pin_list>
<bind>
<StgValue><ssdm name="empty_1"/></StgValue>
</bind>
</comp>

<comp id="52" class="1001" name="const_52">
<pin_list>
<pin id="53" dir="1" index="0" bw="1" slack="2147483647"/>
</pin_list>
<bind>
<StgValue><ssdm name=""/></StgValue>
</bind>
</comp>

<comp id="54" class="1001" name="const_54">
<pin_list>
<pin id="55" dir="1" index="0" bw="1" slack="2147483647"/>
</pin_list>
<bind>
<StgValue><ssdm name="_ssdm_op_SpecBitsMap"/></StgValue>
</bind>
</comp>

<comp id="56" class="1001" name="const_56">
<pin_list>
<pin id="57" dir="1" index="0" bw="1" slack="2147483647"/>
</pin_list>
<bind>
<StgValue><ssdm name="empty_2"/></StgValue>
</bind>
</comp>

<comp id="58" class="1001" name="const_58">
<pin_list>
<pin id="59" dir="1" index="0" bw="1" slack="2147483647"/>
</pin_list>
<bind>
<StgValue><ssdm name="empty_3"/></StgValue>
</bind>
</comp>

<comp id="60" class="1001" name="const_60">
<pin_list>
<pin id="61" dir="1" index="0" bw="1" slack="2147483647"/>
</pin_list>
<bind>
<StgValue><ssdm name="_ssdm_op_SpecAXISSideChannel"/></StgValue>
</bind>
</comp>

<comp id="62" class="1001" name="const_62">
<pin_list>
<pin id="63" dir="1" index="0" bw="1" slack="2147483647"/>
</pin_list>
<bind>
<StgValue><ssdm name=""/></StgValue>
</bind>
</comp>

<comp id="64" class="1001" name="const_64">
<pin_list>
<pin id="65" dir="1" index="0" bw="1" slack="2147483647"/>
</pin_list>
<bind>
<StgValue><ssdm name="empty_4"/></StgValue>
</bind>
</comp>

<comp id="66" class="1001" name="const_66">
<pin_list>
<pin id="67" dir="1" index="0" bw="1" slack="2147483647"/>
</pin_list>
<bind>
<StgValue><ssdm name="empty_5"/></StgValue>
</bind>
</comp>

<comp id="68" class="1001" name="const_68">
<pin_list>
<pin id="69" dir="1" index="0" bw="1" slack="0"/>
</pin_list>
<bind>
<StgValue><ssdm name=""/></StgValue>
</bind>
</comp>

<comp id="70" class="1001" name="const_70">
<pin_list>
<pin id="71" dir="1" index="0" bw="1" slack="0"/>
</pin_list>
<bind>
<StgValue><ssdm name=""/></StgValue>
</bind>
</comp>

<comp id="72" class="1001" name="const_72">
<pin_list>
<pin id="73" dir="1" index="0" bw="1" slack="0"/>
</pin_list>
<bind>
<StgValue><ssdm name=""/></StgValue>
</bind>
</comp>

<comp id="74" class="1001" name="const_74">
<pin_list>
<pin id="75" dir="1" index="0" bw="1" slack="0"/>
</pin_list>
<bind>
<StgValue><ssdm name="_ssdm_op_Write.axis.volatile.i32P0A.i4P0A.i4P0A.i1P0A"/></StgValue>
</bind>
</comp>

<comp id="76" class="1001" name="const_76">
<pin_list>
<pin id="77" dir="1" index="0" bw="1" slack="0"/>
</pin_list>
<bind>
<StgValue><ssdm name=""/></StgValue>
</bind>
</comp>

<comp id="78" class="1001" name="const_78">
<pin_list>
<pin id="79" dir="1" index="0" bw="1" slack="2147483647"/>
</pin_list>
<bind>
<StgValue><ssdm name="_ssdm_op_SpecPipeline"/></StgValue>
</bind>
</comp>

<comp id="80" class="1001" name="const_80">
<pin_list>
<pin id="81" dir="1" index="0" bw="1" slack="2147483647"/>
</pin_list>
<bind>
<StgValue><ssdm name="_ssdm_op_SpecLoopTripCount"/></StgValue>
</bind>
</comp>

<comp id="82" class="1001" name="const_82">
<pin_list>
<pin id="83" dir="1" index="0" bw="1" slack="2147483647"/>
</pin_list>
<bind>
<StgValue><ssdm name=""/></StgValue>
</bind>
</comp>

<comp id="84" class="1001" name="const_84">
<pin_list>
<pin id="85" dir="1" index="0" bw="1" slack="2147483647"/>
</pin_list>
<bind>
<StgValue><ssdm name="_ssdm_op_SpecLoopName"/></StgValue>
</bind>
</comp>

<comp id="86" class="1001" name="const_86">
<pin_list>
<pin id="87" dir="1" index="0" bw="1" slack="2147483647"/>
</pin_list>
<bind>
<StgValue><ssdm name="empty_7"/></StgValue>
</bind>
</comp>

<comp id="88" class="1004" name="i_fu_88">
<pin_list>
<pin id="89" dir="0" index="0" bw="1" slack="0"/>
<pin id="90" dir="1" index="1" bw="3" slack="0"/>
</pin_list>
<bind>
<opcode="alloca(26) " fcode="alloca"/>
<opset="i/1 "/>
</bind>
</comp>

<comp id="92" class="1004" name="output_probs_alloca_fu_92">
<pin_list>
<pin id="93" dir="0" index="0" bw="1" slack="0"/>
<pin id="94" dir="1" index="1" bw="32" slack="2147483647"/>
</pin_list>
<bind>
<opcode="alloca(26) " fcode="alloca"/>
<opset="output_probs/1 "/>
</bind>
</comp>

<comp id="96" class="1004" name="grp_write_fu_96">
<pin_list>
<pin id="97" dir="0" index="0" bw="0" slack="0"/>
<pin id="98" dir="0" index="1" bw="32" slack="0"/>
<pin id="99" dir="0" index="2" bw="4" slack="0"/>
<pin id="100" dir="0" index="3" bw="4" slack="0"/>
<pin id="101" dir="0" index="4" bw="1" slack="0"/>
<pin id="102" dir="0" index="5" bw="32" slack="0"/>
<pin id="103" dir="0" index="6" bw="1" slack="0"/>
<pin id="104" dir="0" index="7" bw="1" slack="0"/>
<pin id="105" dir="0" index="8" bw="1" slack="1"/>
<pin id="106" dir="1" index="9" bw="0" slack="2147483647"/>
</pin_list>
<bind>
<opcode="write(1151) " fcode="write"/>
<opset="write_ln119/5 "/>
</bind>
</comp>

<comp id="114" class="1004" name="output_probs_addr_gep_fu_114">
<pin_list>
<pin id="115" dir="0" index="0" bw="32" slack="2147483647"/>
<pin id="116" dir="0" index="1" bw="1" slack="0"/>
<pin id="117" dir="0" index="2" bw="3" slack="0"/>
<pin id="118" dir="1" index="3" bw="3" slack="0"/>
</pin_list>
<bind>
<opcode="getelementptr(29) " fcode="getelementptr"/>
<opset="output_probs_addr/4 "/>
</bind>
</comp>

<comp id="120" class="1004" name="grp_access_fu_120">
<pin_list>
<pin id="121" dir="0" index="0" bw="3" slack="0"/>
<pin id="122" dir="0" index="1" bw="32" slack="2147483647"/>
<pin id="123" dir="0" index="2" bw="0" slack="2147483647"/>
<pin id="124" dir="1" index="3" bw="32" slack="0"/>
</pin_list>
<bind>
<opcode="load(27) " fcode="load"/>
<opset="v/4 "/>
</bind>
</comp>

<comp id="126" class="1004" name="grp_tiny_classifier_fu_126">
<pin_list>
<pin id="127" dir="0" index="0" bw="0" slack="0"/>
<pin id="128" dir="0" index="1" bw="32" slack="0"/>
<pin id="129" dir="0" index="2" bw="4" slack="0"/>
<pin id="130" dir="0" index="3" bw="4" slack="0"/>
<pin id="131" dir="0" index="4" bw="1" slack="0"/>
<pin id="132" dir="0" index="5" bw="32" slack="2147483647"/>
<pin id="133" dir="0" index="6" bw="32" slack="0"/>
<pin id="134" dir="0" index="7" bw="32" slack="0"/>
<pin id="135" dir="0" index="8" bw="32" slack="0"/>
<pin id="136" dir="0" index="9" bw="32" slack="0"/>
<pin id="137" dir="0" index="10" bw="32" slack="0"/>
<pin id="138" dir="0" index="11" bw="32" slack="0"/>
<pin id="139" dir="0" index="12" bw="32" slack="0"/>
<pin id="140" dir="1" index="13" bw="0" slack="2147483647"/>
</pin_list>
<bind>
<opcode="call(48) " fcode="call"/>
<opset="call_ln110/2 "/>
</bind>
</comp>

<comp id="153" class="1004" name="store_ln112_store_fu_153">
<pin_list>
<pin id="154" dir="0" index="0" bw="1" slack="0"/>
<pin id="155" dir="0" index="1" bw="3" slack="0"/>
<pin id="156" dir="1" index="2" bw="0" slack="2147483647"/>
</pin_list>
<bind>
<opcode="store(28) " fcode="store"/>
<opset="store_ln112/1 "/>
</bind>
</comp>

<comp id="158" class="1004" name="i_3_load_fu_158">
<pin_list>
<pin id="159" dir="0" index="0" bw="3" slack="3"/>
<pin id="160" dir="1" index="1" bw="3" slack="0"/>
</pin_list>
<bind>
<opcode="load(27) " fcode="load"/>
<opset="i_3/4 "/>
</bind>
</comp>

<comp id="161" class="1004" name="zext_ln112_fu_161">
<pin_list>
<pin id="162" dir="0" index="0" bw="3" slack="0"/>
<pin id="163" dir="1" index="1" bw="64" slack="0"/>
</pin_list>
<bind>
<opcode="zext(34) " fcode="zext"/>
<opset="zext_ln112/4 "/>
</bind>
</comp>

<comp id="166" class="1004" name="icmp_ln118_fu_166">
<pin_list>
<pin id="167" dir="0" index="0" bw="3" slack="0"/>
<pin id="168" dir="0" index="1" bw="3" slack="0"/>
<pin id="169" dir="1" index="2" bw="1" slack="1"/>
</pin_list>
<bind>
<opcode="icmp(45) " fcode="icmp"/>
<opset="icmp_ln118/4 "/>
</bind>
</comp>

<comp id="172" class="1004" name="i_5_fu_172">
<pin_list>
<pin id="173" dir="0" index="0" bw="3" slack="0"/>
<pin id="174" dir="0" index="1" bw="1" slack="0"/>
<pin id="175" dir="1" index="2" bw="3" slack="0"/>
</pin_list>
<bind>
<opcode="add(8) " fcode="add"/>
<opset="i_5/4 "/>
</bind>
</comp>

<comp id="178" class="1004" name="store_ln112_store_fu_178">
<pin_list>
<pin id="179" dir="0" index="0" bw="3" slack="0"/>
<pin id="180" dir="0" index="1" bw="3" slack="3"/>
<pin id="181" dir="1" index="2" bw="0" slack="2147483647"/>
</pin_list>
<bind>
<opcode="store(28) " fcode="store"/>
<opset="store_ln112/4 "/>
</bind>
</comp>

<comp id="183" class="1004" name="bitcast_ln28_fu_183">
<pin_list>
<pin id="184" dir="0" index="0" bw="32" slack="0"/>
<pin id="185" dir="1" index="1" bw="32" slack="0"/>
</pin_list>
<bind>
<opcode="bitcast(44) " fcode="bitcast"/>
<opset="bitcast_ln28/5 "/>
</bind>
</comp>

<comp id="188" class="1005" name="i_reg_188">
<pin_list>
<pin id="189" dir="0" index="0" bw="3" slack="0"/>
<pin id="190" dir="1" index="1" bw="3" slack="0"/>
</pin_list>
<bind>
<opset="i "/>
</bind>
</comp>

<comp id="195" class="1005" name="output_probs_addr_reg_195">
<pin_list>
<pin id="196" dir="0" index="0" bw="3" slack="1"/>
<pin id="197" dir="1" index="1" bw="3" slack="1"/>
</pin_list>
<bind>
<opset="output_probs_addr "/>
</bind>
</comp>

<comp id="200" class="1005" name="icmp_ln118_reg_200">
<pin_list>
<pin id="201" dir="0" index="0" bw="1" slack="1"/>
<pin id="202" dir="1" index="1" bw="1" slack="1"/>
</pin_list>
<bind>
<opset="icmp_ln118 "/>
</bind>
</comp>

<comp id="205" class="1005" name="bitcast_ln28_reg_205">
<pin_list>
<pin id="206" dir="0" index="0" bw="32" slack="1"/>
<pin id="207" dir="1" index="1" bw="32" slack="1"/>
</pin_list>
<bind>
<opset="bitcast_ln28 "/>
</bind>
</comp>

</comp_list>

<net_list>
<net id="91"><net_src comp="30" pin="0"/><net_sink comp="88" pin=0"/></net>

<net id="95"><net_src comp="32" pin="0"/><net_sink comp="92" pin=0"/></net>

<net id="107"><net_src comp="74" pin="0"/><net_sink comp="96" pin=0"/></net>

<net id="108"><net_src comp="8" pin="0"/><net_sink comp="96" pin=1"/></net>

<net id="109"><net_src comp="10" pin="0"/><net_sink comp="96" pin=2"/></net>

<net id="110"><net_src comp="12" pin="0"/><net_sink comp="96" pin=3"/></net>

<net id="111"><net_src comp="14" pin="0"/><net_sink comp="96" pin=4"/></net>

<net id="112"><net_src comp="76" pin="0"/><net_sink comp="96" pin=6"/></net>

<net id="113"><net_src comp="76" pin="0"/><net_sink comp="96" pin=7"/></net>

<net id="119"><net_src comp="68" pin="0"/><net_sink comp="114" pin=1"/></net>

<net id="125"><net_src comp="114" pin="3"/><net_sink comp="120" pin=0"/></net>

<net id="141"><net_src comp="36" pin="0"/><net_sink comp="126" pin=0"/></net>

<net id="142"><net_src comp="0" pin="0"/><net_sink comp="126" pin=1"/></net>

<net id="143"><net_src comp="2" pin="0"/><net_sink comp="126" pin=2"/></net>

<net id="144"><net_src comp="4" pin="0"/><net_sink comp="126" pin=3"/></net>

<net id="145"><net_src comp="6" pin="0"/><net_sink comp="126" pin=4"/></net>

<net id="146"><net_src comp="16" pin="0"/><net_sink comp="126" pin=6"/></net>

<net id="147"><net_src comp="18" pin="0"/><net_sink comp="126" pin=7"/></net>

<net id="148"><net_src comp="20" pin="0"/><net_sink comp="126" pin=8"/></net>

<net id="149"><net_src comp="22" pin="0"/><net_sink comp="126" pin=9"/></net>

<net id="150"><net_src comp="24" pin="0"/><net_sink comp="126" pin=10"/></net>

<net id="151"><net_src comp="26" pin="0"/><net_sink comp="126" pin=11"/></net>

<net id="152"><net_src comp="28" pin="0"/><net_sink comp="126" pin=12"/></net>

<net id="157"><net_src comp="34" pin="0"/><net_sink comp="153" pin=0"/></net>

<net id="164"><net_src comp="158" pin="1"/><net_sink comp="161" pin=0"/></net>

<net id="165"><net_src comp="161" pin="1"/><net_sink comp="114" pin=2"/></net>

<net id="170"><net_src comp="158" pin="1"/><net_sink comp="166" pin=0"/></net>

<net id="171"><net_src comp="70" pin="0"/><net_sink comp="166" pin=1"/></net>

<net id="176"><net_src comp="158" pin="1"/><net_sink comp="172" pin=0"/></net>

<net id="177"><net_src comp="72" pin="0"/><net_sink comp="172" pin=1"/></net>

<net id="182"><net_src comp="172" pin="2"/><net_sink comp="178" pin=0"/></net>

<net id="186"><net_src comp="120" pin="3"/><net_sink comp="183" pin=0"/></net>

<net id="187"><net_src comp="183" pin="1"/><net_sink comp="96" pin=5"/></net>

<net id="191"><net_src comp="88" pin="1"/><net_sink comp="188" pin=0"/></net>

<net id="192"><net_src comp="188" pin="1"/><net_sink comp="153" pin=1"/></net>

<net id="193"><net_src comp="188" pin="1"/><net_sink comp="158" pin=0"/></net>

<net id="194"><net_src comp="188" pin="1"/><net_sink comp="178" pin=1"/></net>

<net id="198"><net_src comp="114" pin="3"/><net_sink comp="195" pin=0"/></net>

<net id="199"><net_src comp="195" pin="1"/><net_sink comp="120" pin=0"/></net>

<net id="203"><net_src comp="166" pin="2"/><net_sink comp="200" pin=0"/></net>

<net id="204"><net_src comp="200" pin="1"/><net_sink comp="96" pin=8"/></net>

<net id="208"><net_src comp="183" pin="1"/><net_sink comp="205" pin=0"/></net>

<net id="209"><net_src comp="205" pin="1"/><net_sink comp="96" pin=5"/></net>

</net_list>

</model> 
---------------- Datapath Model END ------------------

* FSMD analyzer results:
  - Output states:
	Port: output_stream_V_data_V | {6 }
	Port: output_stream_V_keep_V | {6 }
	Port: output_stream_V_strb_V | {6 }
	Port: output_stream_V_last_V | {6 }
 - Input state : 
	Port: cnn_gesture_top : input_stream_V_data_V | {2 3 }
	Port: cnn_gesture_top : input_stream_V_keep_V | {2 3 }
	Port: cnn_gesture_top : input_stream_V_strb_V | {2 3 }
	Port: cnn_gesture_top : input_stream_V_last_V | {2 3 }
	Port: cnn_gesture_top : B | {2 3 }
	Port: cnn_gesture_top : tiny_classifier_stream_axis_0_float_W_5 | {2 3 }
	Port: cnn_gesture_top : tiny_classifier_stream_axis_0_float_W_4 | {2 3 }
	Port: cnn_gesture_top : tiny_classifier_stream_axis_0_float_W_3 | {2 3 }
	Port: cnn_gesture_top : tiny_classifier_stream_axis_0_float_W_2 | {2 3 }
	Port: cnn_gesture_top : tiny_classifier_stream_axis_0_float_W_1 | {2 3 }
	Port: cnn_gesture_top : tiny_classifier_stream_axis_0_float_W | {2 3 }
  - Chain level:
	State 1
		store_ln112 : 1
	State 2
	State 3
	State 4
		zext_ln112 : 1
		output_probs_addr : 2
		v : 3
		icmp_ln118 : 1
		i_5 : 1
		store_ln112 : 2
		br_ln112 : 2
	State 5
		bitcast_ln28 : 1
		write_ln119 : 2
	State 6
	State 7


============================================================
+ Verbose Summary: Datapath Resource usage 
============================================================

* Functional unit list:
|----------|----------------------------|---------|---------|---------|---------|---------|---------|
| Operation|       Functional Unit      |   BRAM  |   DSP   |  Delay  |    FF   |   LUT   |   URAM  |
|----------|----------------------------|---------|---------|---------|---------|---------|---------|
|   call   | grp_tiny_classifier_fu_126 |    0    |    52   |  8.211  |   6027  |   4664  |    0    |
|----------|----------------------------|---------|---------|---------|---------|---------|---------|
|   icmp   |      icmp_ln118_fu_166     |    0    |    0    |    0    |    0    |    10   |    0    |
|----------|----------------------------|---------|---------|---------|---------|---------|---------|
|    add   |         i_5_fu_172         |    0    |    0    |    0    |    0    |    10   |    0    |
|----------|----------------------------|---------|---------|---------|---------|---------|---------|
|   write  |       grp_write_fu_96      |    0    |    0    |    0    |    0    |    0    |    0    |
|----------|----------------------------|---------|---------|---------|---------|---------|---------|
|   zext   |      zext_ln112_fu_161     |    0    |    0    |    0    |    0    |    0    |    0    |
|----------|----------------------------|---------|---------|---------|---------|---------|---------|
|   Total  |                            |    0    |    52   |  8.211  |   6027  |   4684  |    0    |
|----------|----------------------------|---------|---------|---------|---------|---------|---------|

Memories:
+---------------------------------------+--------+--------+--------+--------+
|                                       |  BRAM  |   FF   |   LUT  |  URAM  |
+---------------------------------------+--------+--------+--------+--------+
|                   B                   |    0   |   32   |    3   |    -   |
|              output_probs             |    0   |   32   |    3   |    0   |
| tiny_classifier_stream_axis_0_float_W |    0   |   32   |    3   |    -   |
|tiny_classifier_stream_axis_0_float_W_1|    0   |   32   |    3   |    -   |
|tiny_classifier_stream_axis_0_float_W_2|    0   |   32   |    3   |    -   |
|tiny_classifier_stream_axis_0_float_W_3|    0   |   32   |    3   |    -   |
|tiny_classifier_stream_axis_0_float_W_4|    0   |   32   |    3   |    -   |
|tiny_classifier_stream_axis_0_float_W_5|    0   |   32   |    3   |    -   |
+---------------------------------------+--------+--------+--------+--------+
|                 Total                 |    0   |   256  |   24   |    0   |
+---------------------------------------+--------+--------+--------+--------+

* Register list:
+-------------------------+--------+
|                         |   FF   |
+-------------------------+--------+
|   bitcast_ln28_reg_205  |   32   |
|        i_reg_188        |    3   |
|    icmp_ln118_reg_200   |    1   |
|output_probs_addr_reg_195|    3   |
+-------------------------+--------+
|          Total          |   39   |
+-------------------------+--------+

* Multiplexer (MUX) list: 
|-------------------|------|------|------|--------||---------||---------||---------|
|        Comp       |  Pin | Size |  BW  | S x BW ||  Delay  ||    FF   ||   LUT   |
|-------------------|------|------|------|--------||---------||---------||---------|
|  grp_write_fu_96  |  p5  |   2  |  32  |   64   ||    0    ||    9    |
| grp_access_fu_120 |  p0  |   2  |   3  |    6   ||    0    ||    9    |
|-------------------|------|------|------|--------||---------||---------||---------|
|       Total       |      |      |      |   70   ||  0.854  ||    0    ||    18   |
|-------------------|------|------|------|--------||---------||---------||---------|



* Summary:
+-----------+--------+--------+--------+--------+--------+--------+
|           |  BRAM  |   DSP  |  Delay |   FF   |   LUT  |  URAM  |
+-----------+--------+--------+--------+--------+--------+--------+
|  Function |    0   |   52   |    8   |  6027  |  4684  |    0   |
|   Memory  |    0   |    -   |    -   |   256  |   24   |    0   |
|Multiplexer|    -   |    -   |    0   |    0   |   18   |    -   |
|  Register |    -   |    -   |    -   |   39   |    -   |    -   |
+-----------+--------+--------+--------+--------+--------+--------+
|   Total   |    0   |   52   |    9   |  6322  |  4726  |    0   |
+-----------+--------+--------+--------+--------+--------+--------+
