

================================================================
== Vitis HLS Report for 'cnn_gesture_top_Pipeline_VITIS_LOOP_126_1_VITIS_LOOP_127_2'
================================================================
* Date:           Mon Feb 23 23:23:27 2026

* Version:        2025.2 (Build 6295257 on Nov 12 2025)
* Project:        cnn_gesture_top
* Solution:       hls (Vivado IP Flow Target)
* Product family: zynquplus
* Target device:  xczu3eg-sbva484-2-i


================================================================
== Performance Estimates
================================================================
+ Timing: 
    * Summary: 
    +--------+----------+----------+------------+
    |  Clock |  Target  | Estimated| Uncertainty|
    +--------+----------+----------+------------+
    |ap_clk  |  10.00 ns|  3.684 ns|     2.70 ns|
    +--------+----------+----------+------------+

+ Latency: 
    * Summary: 
    +---------+---------+-----------+-----------+-----+-----+-------------------+
    |  Latency (cycles) |   Latency (absolute)  |  Interval |      Pipeline     |
    |   min   |   max   |    min    |    max    | min | max |        Type       |
    +---------+---------+-----------+-----------+-----+-----+-------------------+
    |     1602|     1602|  16.020 us|  16.020 us|    0|    0|  loop pipeline stp|
    +---------+---------+-----------+-----------+-----+-----+-------------------+

    + Detail: 
        * Instance: 
        N/A

        * Loop: 
        +-------------------------------------+---------+---------+----------+-----------+-----------+------+----------+
        |                                     |  Latency (cycles) | Iteration|  Initiation Interval  | Trip |          |
        |              Loop Name              |   min   |   max   |  Latency |  achieved |   target  | Count| Pipelined|
        +-------------------------------------+---------+---------+----------+-----------+-----------+------+----------+
        |- VITIS_LOOP_126_1_VITIS_LOOP_127_2  |     1600|     1600|         2|          1|          1|  1600|       yes|
        +-------------------------------------+---------+---------+----------+-----------+-----------+------+----------+

============================================================
+ Verbose Summary: Synthesis Manager
============================================================
InlineROM: 1
ExposeGlobal: 0
============================================================
+ Verbose Summary: CDFG Model
============================================================
IsTopModel: 0
ResetActiveHigh: 1
IsCombinational: 0
IsDatapathOnly: 0
HasWiredReturn: 1
HasMFsm: 2
HasVarLatency: 1
IsPipeline: 0
IsRtlPipelined: 0
IsInstanceOverlapped: 0
IsDontTouch: 0
HasImplIP: 0
IsGatedGlobalClock: 0

+ Individual pipeline summary: 
  * Pipeline-0: initiation interval (II) = 1, depth = 2


============================================================
+ Verbose Summary: Schedule
============================================================
* Number of FSM states : 2
* Pipeline : 1
  Pipeline-0 : II = 1, D = 2, States = { 1 2 }
* Dataflow Pipeline: 0

* FSM state transitions: 
1 --> 2 
2 --> 

* FSM state operations: 

State 1 <SV = 0> <Delay = 3.67>
ST_1 : Operation 5 [1/1] (0.00ns)   --->   "%f = alloca i32 1" [../cnn_gesture_hls.cpp:127->../cnn_gesture_hls.cpp:231]   --->   Operation 5 'alloca' 'f' <Predicate = true> <Delay = 0.00>
ST_1 : Operation 6 [1/1] (0.00ns)   --->   "%t = alloca i32 1" [../cnn_gesture_hls.cpp:126->../cnn_gesture_hls.cpp:231]   --->   Operation 6 'alloca' 't' <Predicate = true> <Delay = 0.00>
ST_1 : Operation 7 [1/1] (0.00ns)   --->   "%indvar_flatten37 = alloca i32 1"   --->   Operation 7 'alloca' 'indvar_flatten37' <Predicate = true> <Delay = 0.00>
ST_1 : Operation 8 [1/1] (0.42ns)   --->   "%store_ln0 = store i11 0, i11 %indvar_flatten37"   --->   Operation 8 'store' 'store_ln0' <Predicate = true> <Delay = 0.42>
ST_1 : Operation 9 [1/1] (0.42ns)   --->   "%store_ln126 = store i5 0, i5 %t" [../cnn_gesture_hls.cpp:126->../cnn_gesture_hls.cpp:231]   --->   Operation 9 'store' 'store_ln126' <Predicate = true> <Delay = 0.42>
ST_1 : Operation 10 [1/1] (0.42ns)   --->   "%store_ln127 = store i7 0, i7 %f" [../cnn_gesture_hls.cpp:127->../cnn_gesture_hls.cpp:231]   --->   Operation 10 'store' 'store_ln127' <Predicate = true> <Delay = 0.42>
ST_1 : Operation 11 [1/1] (0.00ns)   --->   "%br_ln0 = br void %for.body4.i622"   --->   Operation 11 'br' 'br_ln0' <Predicate = true> <Delay = 0.00>
ST_1 : Operation 12 [1/1] (0.00ns)   --->   "%indvar_flatten37_load = load i11 %indvar_flatten37" [../cnn_gesture_hls.cpp:126->../cnn_gesture_hls.cpp:231]   --->   Operation 12 'load' 'indvar_flatten37_load' <Predicate = true> <Delay = 0.00>
ST_1 : Operation 13 [1/1] (0.79ns)   --->   "%icmp_ln126 = icmp_eq  i11 %indvar_flatten37_load, i11 1600" [../cnn_gesture_hls.cpp:126->../cnn_gesture_hls.cpp:231]   --->   Operation 13 'icmp' 'icmp_ln126' <Predicate = true> <Delay = 0.79> <CoreInst = "Cmp">   --->   Core 9 'Cmp' <Latency = 0> <II = 1> <Delay = 0.79> <FuncUnit> <Opcode : 'seteq' 'setne' 'setle' 'setge' 'setlt' 'setgt'> <InPorts = 2> <OutPorts = 1>
ST_1 : Operation 14 [1/1] (0.79ns)   --->   "%add_ln126_1 = add i11 %indvar_flatten37_load, i11 1" [../cnn_gesture_hls.cpp:126->../cnn_gesture_hls.cpp:231]   --->   Operation 14 'add' 'add_ln126_1' <Predicate = true> <Delay = 0.79> <CoreInst = "Adder">   --->   Core 1 'Adder' <Latency = 0> <II = 1> <Delay = 0.79> <FuncUnit> <Opcode : 'add' 'sub'> <InPorts = 2> <OutPorts = 1>
ST_1 : Operation 15 [1/1] (0.00ns)   --->   "%br_ln126 = br i1 %icmp_ln126, void %for.cond.cleanup3.i609, void %for.body4.i644.preheader.exitStub" [../cnn_gesture_hls.cpp:126->../cnn_gesture_hls.cpp:231]   --->   Operation 15 'br' 'br_ln126' <Predicate = true> <Delay = 0.00>
ST_1 : Operation 16 [1/1] (0.00ns)   --->   "%f_load = load i7 %f" [../cnn_gesture_hls.cpp:127->../cnn_gesture_hls.cpp:231]   --->   Operation 16 'load' 'f_load' <Predicate = (!icmp_ln126)> <Delay = 0.00>
ST_1 : Operation 17 [1/1] (0.00ns)   --->   "%t_load = load i5 %t" [../cnn_gesture_hls.cpp:126->../cnn_gesture_hls.cpp:231]   --->   Operation 17 'load' 't_load' <Predicate = (!icmp_ln126)> <Delay = 0.00>
ST_1 : Operation 18 [1/1] (0.78ns)   --->   "%add_ln126 = add i5 %t_load, i5 1" [../cnn_gesture_hls.cpp:126->../cnn_gesture_hls.cpp:231]   --->   Operation 18 'add' 'add_ln126' <Predicate = (!icmp_ln126)> <Delay = 0.78> <CoreInst = "Adder">   --->   Core 1 'Adder' <Latency = 0> <II = 1> <Delay = 0.78> <FuncUnit> <Opcode : 'add' 'sub'> <InPorts = 2> <OutPorts = 1>
ST_1 : Operation 19 [1/1] (0.77ns)   --->   "%icmp_ln127 = icmp_eq  i7 %f_load, i7 64" [../cnn_gesture_hls.cpp:127->../cnn_gesture_hls.cpp:231]   --->   Operation 19 'icmp' 'icmp_ln127' <Predicate = (!icmp_ln126)> <Delay = 0.77> <CoreInst = "Cmp">   --->   Core 9 'Cmp' <Latency = 0> <II = 1> <Delay = 0.77> <FuncUnit> <Opcode : 'seteq' 'setne' 'setle' 'setge' 'setlt' 'setgt'> <InPorts = 2> <OutPorts = 1>
ST_1 : Operation 20 [1/1] (0.36ns)   --->   "%select_ln126 = select i1 %icmp_ln127, i7 0, i7 %f_load" [../cnn_gesture_hls.cpp:126->../cnn_gesture_hls.cpp:231]   --->   Operation 20 'select' 'select_ln126' <Predicate = (!icmp_ln126)> <Delay = 0.36> <CoreInst = "Sel">   --->   Core 73 'Sel' <Latency = 0> <II = 1> <Delay = 0.36> <FuncUnit> <Opcode : 'select'> <InPorts = 3> <OutPorts = 1>
ST_1 : Operation 21 [1/1] (0.41ns)   --->   "%select_ln126_1 = select i1 %icmp_ln127, i5 %add_ln126, i5 %t_load" [../cnn_gesture_hls.cpp:126->../cnn_gesture_hls.cpp:231]   --->   Operation 21 'select' 'select_ln126_1' <Predicate = (!icmp_ln126)> <Delay = 0.41> <CoreInst = "Sel">   --->   Core 73 'Sel' <Latency = 0> <II = 1> <Delay = 0.41> <FuncUnit> <Opcode : 'select'> <InPorts = 3> <OutPorts = 1>
ST_1 : Operation 22 [1/1] (0.00ns)   --->   "%tmp_s = bitconcatenate i11 @_ssdm_op_BitConcatenate.i11.i5.i6, i5 %select_ln126_1, i6 0" [../cnn_gesture_hls.cpp:130->../cnn_gesture_hls.cpp:231]   --->   Operation 22 'bitconcatenate' 'tmp_s' <Predicate = (!icmp_ln126)> <Delay = 0.00>
ST_1 : Operation 23 [1/1] (0.00ns)   --->   "%tmp_170 = bitconcatenate i12 @_ssdm_op_BitConcatenate.i12.i5.i7, i5 %select_ln126_1, i7 64" [../cnn_gesture_hls.cpp:129->../cnn_gesture_hls.cpp:231]   --->   Operation 23 'bitconcatenate' 'tmp_170' <Predicate = (!icmp_ln126)> <Delay = 0.00>
ST_1 : Operation 24 [1/1] (0.00ns)   --->   "%zext_ln128_1 = zext i7 %select_ln126" [../cnn_gesture_hls.cpp:128->../cnn_gesture_hls.cpp:231]   --->   Operation 24 'zext' 'zext_ln128_1' <Predicate = (!icmp_ln126)> <Delay = 0.00>
ST_1 : Operation 25 [1/1] (0.00ns)   --->   "%zext_ln128_2 = zext i7 %select_ln126" [../cnn_gesture_hls.cpp:128->../cnn_gesture_hls.cpp:231]   --->   Operation 25 'zext' 'zext_ln128_2' <Predicate = (!icmp_ln126)> <Delay = 0.00>
ST_1 : Operation 26 [1/1] (0.00ns)   --->   "%tmp_171 = bitconcatenate i12 @_ssdm_op_BitConcatenate.i12.i5.i7, i5 %select_ln126_1, i7 %select_ln126" [../cnn_gesture_hls.cpp:128->../cnn_gesture_hls.cpp:231]   --->   Operation 26 'bitconcatenate' 'tmp_171' <Predicate = (!icmp_ln126)> <Delay = 0.00>
ST_1 : Operation 27 [1/1] (0.00ns)   --->   "%zext_ln128 = zext i12 %tmp_171" [../cnn_gesture_hls.cpp:128->../cnn_gesture_hls.cpp:231]   --->   Operation 27 'zext' 'zext_ln128' <Predicate = (!icmp_ln126)> <Delay = 0.00>
ST_1 : Operation 28 [1/1] (0.00ns)   --->   "%conv2_out_addr = getelementptr i16 %conv2_out, i64 0, i64 %zext_ln128" [../cnn_gesture_hls.cpp:128->../cnn_gesture_hls.cpp:231]   --->   Operation 28 'getelementptr' 'conv2_out_addr' <Predicate = (!icmp_ln126)> <Delay = 0.00>
ST_1 : Operation 29 [1/1] (0.80ns)   --->   "%add_ln129 = add i12 %tmp_170, i12 %zext_ln128_2" [../cnn_gesture_hls.cpp:129->../cnn_gesture_hls.cpp:231]   --->   Operation 29 'add' 'add_ln129' <Predicate = (!icmp_ln126)> <Delay = 0.80> <CoreInst = "Adder">   --->   Core 1 'Adder' <Latency = 0> <II = 1> <Delay = 0.80> <FuncUnit> <Opcode : 'add' 'sub'> <InPorts = 2> <OutPorts = 1>
ST_1 : Operation 30 [1/1] (0.00ns)   --->   "%zext_ln129 = zext i12 %add_ln129" [../cnn_gesture_hls.cpp:129->../cnn_gesture_hls.cpp:231]   --->   Operation 30 'zext' 'zext_ln129' <Predicate = (!icmp_ln126)> <Delay = 0.00>
ST_1 : Operation 31 [1/1] (0.00ns)   --->   "%conv2_out_addr_1 = getelementptr i16 %conv2_out, i64 0, i64 %zext_ln129" [../cnn_gesture_hls.cpp:129->../cnn_gesture_hls.cpp:231]   --->   Operation 31 'getelementptr' 'conv2_out_addr_1' <Predicate = (!icmp_ln126)> <Delay = 0.00>
ST_1 : Operation 32 [1/1] (0.79ns)   --->   "%add_ln130 = add i11 %tmp_s, i11 %zext_ln128_1" [../cnn_gesture_hls.cpp:130->../cnn_gesture_hls.cpp:231]   --->   Operation 32 'add' 'add_ln130' <Predicate = (!icmp_ln126)> <Delay = 0.79> <CoreInst = "Adder">   --->   Core 1 'Adder' <Latency = 0> <II = 1> <Delay = 0.79> <FuncUnit> <Opcode : 'add' 'sub'> <InPorts = 2> <OutPorts = 1>
ST_1 : Operation 33 [2/2] (1.23ns)   --->   "%a = load i12 %conv2_out_addr" [../cnn_gesture_hls.cpp:128->../cnn_gesture_hls.cpp:231]   --->   Operation 33 'load' 'a' <Predicate = (!icmp_ln126)> <Delay = 1.23> <CoreInst = "RAM">   --->   Core 82 'RAM' <Latency = 1> <II = 1> <Delay = 1.23> <Storage> <Opcode : 'load' 'store'> <Ports = 2> <Width = 16> <Depth = 3200> <RAM>
ST_1 : Operation 34 [2/2] (1.23ns)   --->   "%b = load i12 %conv2_out_addr_1" [../cnn_gesture_hls.cpp:129->../cnn_gesture_hls.cpp:231]   --->   Operation 34 'load' 'b' <Predicate = (!icmp_ln126)> <Delay = 1.23> <CoreInst = "RAM">   --->   Core 82 'RAM' <Latency = 1> <II = 1> <Delay = 1.23> <Storage> <Opcode : 'load' 'store'> <Ports = 2> <Width = 16> <Depth = 3200> <RAM>
ST_1 : Operation 35 [1/1] (0.77ns)   --->   "%add_ln127 = add i7 %select_ln126, i7 1" [../cnn_gesture_hls.cpp:127->../cnn_gesture_hls.cpp:231]   --->   Operation 35 'add' 'add_ln127' <Predicate = (!icmp_ln126)> <Delay = 0.77> <CoreInst = "Adder">   --->   Core 1 'Adder' <Latency = 0> <II = 1> <Delay = 0.77> <FuncUnit> <Opcode : 'add' 'sub'> <InPorts = 2> <OutPorts = 1>
ST_1 : Operation 36 [1/1] (0.42ns)   --->   "%store_ln126 = store i11 %add_ln126_1, i11 %indvar_flatten37" [../cnn_gesture_hls.cpp:126->../cnn_gesture_hls.cpp:231]   --->   Operation 36 'store' 'store_ln126' <Predicate = (!icmp_ln126)> <Delay = 0.42>
ST_1 : Operation 37 [1/1] (0.42ns)   --->   "%store_ln126 = store i5 %select_ln126_1, i5 %t" [../cnn_gesture_hls.cpp:126->../cnn_gesture_hls.cpp:231]   --->   Operation 37 'store' 'store_ln126' <Predicate = (!icmp_ln126)> <Delay = 0.42>
ST_1 : Operation 38 [1/1] (0.42ns)   --->   "%store_ln127 = store i7 %add_ln127, i7 %f" [../cnn_gesture_hls.cpp:127->../cnn_gesture_hls.cpp:231]   --->   Operation 38 'store' 'store_ln127' <Predicate = (!icmp_ln126)> <Delay = 0.42>
ST_1 : Operation 50 [1/1] (0.42ns)   --->   "%ret_ln0 = ret"   --->   Operation 50 'ret' 'ret_ln0' <Predicate = (icmp_ln126)> <Delay = 0.42>

State 2 <SV = 1> <Delay = 3.68>
ST_2 : Operation 39 [1/1] (0.00ns)   --->   "%specloopname_ln0 = specloopname void @_ssdm_op_SpecLoopName, void @VITIS_LOOP_126_1_VITIS_LOOP_127_2_str"   --->   Operation 39 'specloopname' 'specloopname_ln0' <Predicate = true> <Delay = 0.00>
ST_2 : Operation 40 [1/1] (0.00ns)   --->   "%speclooptripcount_ln0 = speclooptripcount void @_ssdm_op_SpecLoopTripCount, i64 1600, i64 1600, i64 1600"   --->   Operation 40 'speclooptripcount' 'speclooptripcount_ln0' <Predicate = true> <Delay = 0.00>
ST_2 : Operation 41 [1/1] (0.00ns)   --->   "%zext_ln130 = zext i11 %add_ln130" [../cnn_gesture_hls.cpp:130->../cnn_gesture_hls.cpp:231]   --->   Operation 41 'zext' 'zext_ln130' <Predicate = true> <Delay = 0.00>
ST_2 : Operation 42 [1/1] (0.00ns)   --->   "%pool2_out_addr = getelementptr i16 %pool2_out, i64 0, i64 %zext_ln130" [../cnn_gesture_hls.cpp:130->../cnn_gesture_hls.cpp:231]   --->   Operation 42 'getelementptr' 'pool2_out_addr' <Predicate = true> <Delay = 0.00>
ST_2 : Operation 43 [1/1] (0.00ns)   --->   "%specpipeline_ln127 = specpipeline void @_ssdm_op_SpecPipeline, i32 4294967295, i32 0, i32 0, i32 0, i32 4294967295, void @empty_10" [../cnn_gesture_hls.cpp:127->../cnn_gesture_hls.cpp:231]   --->   Operation 43 'specpipeline' 'specpipeline_ln127' <Predicate = true> <Delay = 0.00>
ST_2 : Operation 44 [1/2] ( I:1.23ns O:1.23ns )   --->   "%a = load i12 %conv2_out_addr" [../cnn_gesture_hls.cpp:128->../cnn_gesture_hls.cpp:231]   --->   Operation 44 'load' 'a' <Predicate = true> <Delay = 1.23> <CoreInst = "RAM">   --->   Core 82 'RAM' <Latency = 1> <II = 1> <Delay = 1.23> <Storage> <Opcode : 'load' 'store'> <Ports = 2> <Width = 16> <Depth = 3200> <RAM>
ST_2 : Operation 45 [1/2] ( I:1.23ns O:1.23ns )   --->   "%b = load i12 %conv2_out_addr_1" [../cnn_gesture_hls.cpp:129->../cnn_gesture_hls.cpp:231]   --->   Operation 45 'load' 'b' <Predicate = true> <Delay = 1.23> <CoreInst = "RAM">   --->   Core 82 'RAM' <Latency = 1> <II = 1> <Delay = 1.23> <Storage> <Opcode : 'load' 'store'> <Ports = 2> <Width = 16> <Depth = 3200> <RAM>
ST_2 : Operation 46 [1/1] (0.85ns)   --->   "%icmp_ln130 = icmp_sgt  i16 %a, i16 %b" [../cnn_gesture_hls.cpp:130->../cnn_gesture_hls.cpp:231]   --->   Operation 46 'icmp' 'icmp_ln130' <Predicate = true> <Delay = 0.85> <CoreInst = "Cmp">   --->   Core 9 'Cmp' <Latency = 0> <II = 1> <Delay = 0.85> <FuncUnit> <Opcode : 'seteq' 'setne' 'setle' 'setge' 'setlt' 'setgt'> <InPorts = 2> <OutPorts = 1>
ST_2 : Operation 47 [1/1] (0.35ns)   --->   "%select_ln130 = select i1 %icmp_ln130, i16 %a, i16 %b" [../cnn_gesture_hls.cpp:130->../cnn_gesture_hls.cpp:231]   --->   Operation 47 'select' 'select_ln130' <Predicate = true> <Delay = 0.35> <CoreInst = "Sel">   --->   Core 73 'Sel' <Latency = 0> <II = 1> <Delay = 0.35> <FuncUnit> <Opcode : 'select'> <InPorts = 3> <OutPorts = 1>
ST_2 : Operation 48 [1/1] ( I:1.23ns O:1.23ns )   --->   "%store_ln130 = store i16 %select_ln130, i11 %pool2_out_addr" [../cnn_gesture_hls.cpp:130->../cnn_gesture_hls.cpp:231]   --->   Operation 48 'store' 'store_ln130' <Predicate = true> <Delay = 1.23> <CoreInst = "RAM">   --->   Core 82 'RAM' <Latency = 1> <II = 1> <Delay = 1.23> <Storage> <Opcode : 'load' 'store'> <Ports = 2> <Width = 16> <Depth = 1600> <RAM>
ST_2 : Operation 49 [1/1] (0.00ns)   --->   "%br_ln127 = br void %for.body4.i622" [../cnn_gesture_hls.cpp:127->../cnn_gesture_hls.cpp:231]   --->   Operation 49 'br' 'br_ln127' <Predicate = true> <Delay = 0.00>


============================================================
+ Verbose Summary: Binding
============================================================
STG Binding: 
---------------- STG Properties BEGIN ----------------
- Is combinational: 0
- Is one-state seq: 0
- Is datapath-only: 0
- Is pipelined: 0
- Is top level: 0
Port [ Return ] is wired: 1; IO mode=ap_ctrl_hs:ce=0
Port [ conv2_out]:  wired=1; compound=1; hidden=0; nouse=0; global=0; static=0; extern=0; dir=0; type=1; pingpong=0; private_global=0; MemPort=[11]; IO mode=ap_memory:ce=0
Port [ pool2_out]:  wired=1; compound=1; hidden=0; nouse=0; global=0; static=0; extern=0; dir=1; type=1; pingpong=0; private_global=0; MemPort=[03]; IO mode=ap_memory:ce=0
---------------- STG Properties END ------------------

---------------- Datapath Model BEGIN ----------------

<LifeTime>
<method=bitvector/>
f                     (alloca           ) [ 010]
t                     (alloca           ) [ 010]
indvar_flatten37      (alloca           ) [ 010]
store_ln0             (store            ) [ 000]
store_ln126           (store            ) [ 000]
store_ln127           (store            ) [ 000]
br_ln0                (br               ) [ 000]
indvar_flatten37_load (load             ) [ 000]
icmp_ln126            (icmp             ) [ 010]
add_ln126_1           (add              ) [ 000]
br_ln126              (br               ) [ 000]
f_load                (load             ) [ 000]
t_load                (load             ) [ 000]
add_ln126             (add              ) [ 000]
icmp_ln127            (icmp             ) [ 000]
select_ln126          (select           ) [ 000]
select_ln126_1        (select           ) [ 000]
tmp_s                 (bitconcatenate   ) [ 000]
tmp_170               (bitconcatenate   ) [ 000]
zext_ln128_1          (zext             ) [ 000]
zext_ln128_2          (zext             ) [ 000]
tmp_171               (bitconcatenate   ) [ 000]
zext_ln128            (zext             ) [ 000]
conv2_out_addr        (getelementptr    ) [ 011]
add_ln129             (add              ) [ 000]
zext_ln129            (zext             ) [ 000]
conv2_out_addr_1      (getelementptr    ) [ 011]
add_ln130             (add              ) [ 011]
add_ln127             (add              ) [ 000]
store_ln126           (store            ) [ 000]
store_ln126           (store            ) [ 000]
store_ln127           (store            ) [ 000]
specloopname_ln0      (specloopname     ) [ 000]
speclooptripcount_ln0 (speclooptripcount) [ 000]
zext_ln130            (zext             ) [ 000]
pool2_out_addr        (getelementptr    ) [ 000]
specpipeline_ln127    (specpipeline     ) [ 000]
a                     (load             ) [ 000]
b                     (load             ) [ 000]
icmp_ln130            (icmp             ) [ 000]
select_ln130          (select           ) [ 000]
store_ln130           (store            ) [ 000]
br_ln127              (br               ) [ 000]
ret_ln0               (ret              ) [ 000]
</LifeTime>

<model>

<comp_list>
<comp id="0" class="1000" name="conv2_out">
<pin_list>
<pin id="1" dir="1" index="0" bw="1" slack="0"/>
</pin_list>
<bind>
<StgValue><ssdm name="conv2_out"/><MemPortTyVec>1 1 </MemPortTyVec>
</StgValue>
</bind>
</comp>

<comp id="2" class="1000" name="pool2_out">
<pin_list>
<pin id="3" dir="1" index="0" bw="1" slack="0"/>
</pin_list>
<bind>
<StgValue><ssdm name="pool2_out"/><MemPortTyVec>0 3 </MemPortTyVec>
</StgValue>
</bind>
</comp>

<comp id="4" class="1001" name="const_4">
<pin_list>
<pin id="5" dir="1" index="0" bw="1" slack="0"/>
</pin_list>
<bind>
<StgValue><ssdm name=""/></StgValue>
</bind>
</comp>

<comp id="6" class="1001" name="const_6">
<pin_list>
<pin id="7" dir="1" index="0" bw="1" slack="0"/>
</pin_list>
<bind>
<StgValue><ssdm name=""/></StgValue>
</bind>
</comp>

<comp id="8" class="1001" name="const_8">
<pin_list>
<pin id="9" dir="1" index="0" bw="1" slack="0"/>
</pin_list>
<bind>
<StgValue><ssdm name=""/></StgValue>
</bind>
</comp>

<comp id="10" class="1001" name="const_10">
<pin_list>
<pin id="11" dir="1" index="0" bw="1" slack="0"/>
</pin_list>
<bind>
<StgValue><ssdm name=""/></StgValue>
</bind>
</comp>

<comp id="12" class="1001" name="const_12">
<pin_list>
<pin id="13" dir="1" index="0" bw="1" slack="0"/>
</pin_list>
<bind>
<StgValue><ssdm name=""/></StgValue>
</bind>
</comp>

<comp id="14" class="1001" name="const_14">
<pin_list>
<pin id="15" dir="1" index="0" bw="1" slack="0"/>
</pin_list>
<bind>
<StgValue><ssdm name=""/></StgValue>
</bind>
</comp>

<comp id="16" class="1001" name="const_16">
<pin_list>
<pin id="17" dir="1" index="0" bw="1" slack="0"/>
</pin_list>
<bind>
<StgValue><ssdm name=""/></StgValue>
</bind>
</comp>

<comp id="18" class="1001" name="const_18">
<pin_list>
<pin id="19" dir="1" index="0" bw="1" slack="0"/>
</pin_list>
<bind>
<StgValue><ssdm name=""/></StgValue>
</bind>
</comp>

<comp id="20" class="1001" name="const_20">
<pin_list>
<pin id="21" dir="1" index="0" bw="1" slack="0"/>
</pin_list>
<bind>
<StgValue><ssdm name="_ssdm_op_BitConcatenate.i11.i5.i6"/></StgValue>
</bind>
</comp>

<comp id="22" class="1001" name="const_22">
<pin_list>
<pin id="23" dir="1" index="0" bw="1" slack="0"/>
</pin_list>
<bind>
<StgValue><ssdm name=""/></StgValue>
</bind>
</comp>

<comp id="24" class="1001" name="const_24">
<pin_list>
<pin id="25" dir="1" index="0" bw="1" slack="0"/>
</pin_list>
<bind>
<StgValue><ssdm name="_ssdm_op_BitConcatenate.i12.i5.i7"/></StgValue>
</bind>
</comp>

<comp id="26" class="1001" name="const_26">
<pin_list>
<pin id="27" dir="1" index="0" bw="1" slack="0"/>
</pin_list>
<bind>
<StgValue><ssdm name=""/></StgValue>
</bind>
</comp>

<comp id="28" class="1001" name="const_28">
<pin_list>
<pin id="29" dir="1" index="0" bw="1" slack="0"/>
</pin_list>
<bind>
<StgValue><ssdm name=""/></StgValue>
</bind>
</comp>

<comp id="30" class="1001" name="const_30">
<pin_list>
<pin id="31" dir="1" index="0" bw="1" slack="2147483647"/>
</pin_list>
<bind>
<StgValue><ssdm name="_ssdm_op_SpecLoopName"/></StgValue>
</bind>
</comp>

<comp id="32" class="1001" name="const_32">
<pin_list>
<pin id="33" dir="1" index="0" bw="1" slack="2147483647"/>
</pin_list>
<bind>
<StgValue><ssdm name="VITIS_LOOP_126_1_VITIS_LOOP_127_2_str"/></StgValue>
</bind>
</comp>

<comp id="34" class="1001" name="const_34">
<pin_list>
<pin id="35" dir="1" index="0" bw="1" slack="2147483647"/>
</pin_list>
<bind>
<StgValue><ssdm name="_ssdm_op_SpecLoopTripCount"/></StgValue>
</bind>
</comp>

<comp id="36" class="1001" name="const_36">
<pin_list>
<pin id="37" dir="1" index="0" bw="1" slack="2147483647"/>
</pin_list>
<bind>
<StgValue><ssdm name=""/></StgValue>
</bind>
</comp>

<comp id="38" class="1001" name="const_38">
<pin_list>
<pin id="39" dir="1" index="0" bw="1" slack="2147483647"/>
</pin_list>
<bind>
<StgValue><ssdm name="_ssdm_op_SpecPipeline"/></StgValue>
</bind>
</comp>

<comp id="40" class="1001" name="const_40">
<pin_list>
<pin id="41" dir="1" index="0" bw="1" slack="2147483647"/>
</pin_list>
<bind>
<StgValue><ssdm name=""/></StgValue>
</bind>
</comp>

<comp id="42" class="1001" name="const_42">
<pin_list>
<pin id="43" dir="1" index="0" bw="1" slack="2147483647"/>
</pin_list>
<bind>
<StgValue><ssdm name=""/></StgValue>
</bind>
</comp>

<comp id="44" class="1001" name="const_44">
<pin_list>
<pin id="45" dir="1" index="0" bw="1" slack="2147483647"/>
</pin_list>
<bind>
<StgValue><ssdm name="empty_10"/></StgValue>
</bind>
</comp>

<comp id="46" class="1004" name="f_fu_46">
<pin_list>
<pin id="47" dir="0" index="0" bw="1" slack="0"/>
<pin id="48" dir="1" index="1" bw="7" slack="0"/>
</pin_list>
<bind>
<opcode="alloca(26) " fcode="alloca"/>
<opset="f/1 "/>
</bind>
</comp>

<comp id="50" class="1004" name="t_fu_50">
<pin_list>
<pin id="51" dir="0" index="0" bw="1" slack="0"/>
<pin id="52" dir="1" index="1" bw="5" slack="0"/>
</pin_list>
<bind>
<opcode="alloca(26) " fcode="alloca"/>
<opset="t/1 "/>
</bind>
</comp>

<comp id="54" class="1004" name="indvar_flatten37_fu_54">
<pin_list>
<pin id="55" dir="0" index="0" bw="1" slack="0"/>
<pin id="56" dir="1" index="1" bw="11" slack="0"/>
</pin_list>
<bind>
<opcode="alloca(26) " fcode="alloca"/>
<opset="indvar_flatten37/1 "/>
</bind>
</comp>

<comp id="58" class="1004" name="conv2_out_addr_gep_fu_58">
<pin_list>
<pin id="59" dir="0" index="0" bw="16" slack="0"/>
<pin id="60" dir="0" index="1" bw="1" slack="0"/>
<pin id="61" dir="0" index="2" bw="12" slack="0"/>
<pin id="62" dir="1" index="3" bw="12" slack="0"/>
</pin_list>
<bind>
<opcode="getelementptr(29) " fcode="getelementptr"/>
<opset="conv2_out_addr/1 "/>
</bind>
</comp>

<comp id="65" class="1004" name="conv2_out_addr_1_gep_fu_65">
<pin_list>
<pin id="66" dir="0" index="0" bw="16" slack="0"/>
<pin id="67" dir="0" index="1" bw="1" slack="0"/>
<pin id="68" dir="0" index="2" bw="12" slack="0"/>
<pin id="69" dir="1" index="3" bw="12" slack="0"/>
</pin_list>
<bind>
<opcode="getelementptr(29) " fcode="getelementptr"/>
<opset="conv2_out_addr_1/1 "/>
</bind>
</comp>

<comp id="72" class="1004" name="grp_access_fu_72">
<pin_list>
<pin id="73" dir="0" index="0" bw="12" slack="0"/>
<pin id="74" dir="0" index="1" bw="16" slack="2147483647"/>
<pin id="75" dir="0" index="2" bw="0" slack="0"/>
<pin id="77" dir="0" index="4" bw="12" slack="2147483647"/>
<pin id="78" dir="0" index="5" bw="16" slack="2147483647"/>
<pin id="79" dir="0" index="6" bw="0" slack="2147483647"/>
<pin id="76" dir="1" index="3" bw="16" slack="0"/>
<pin id="80" dir="1" index="7" bw="16" slack="0"/>
</pin_list>
<bind>
<opcode="load(27) " fcode="load"/>
<opset="a/1 b/1 "/>
</bind>
</comp>

<comp id="83" class="1004" name="pool2_out_addr_gep_fu_83">
<pin_list>
<pin id="84" dir="0" index="0" bw="16" slack="0"/>
<pin id="85" dir="0" index="1" bw="1" slack="0"/>
<pin id="86" dir="0" index="2" bw="11" slack="0"/>
<pin id="87" dir="1" index="3" bw="11" slack="0"/>
</pin_list>
<bind>
<opcode="getelementptr(29) " fcode="getelementptr"/>
<opset="pool2_out_addr/2 "/>
</bind>
</comp>

<comp id="90" class="1004" name="store_ln130_access_fu_90">
<pin_list>
<pin id="91" dir="0" index="0" bw="11" slack="0"/>
<pin id="92" dir="0" index="1" bw="16" slack="0"/>
<pin id="93" dir="0" index="2" bw="0" slack="2147483647"/>
<pin id="94" dir="1" index="3" bw="16" slack="2147483647"/>
</pin_list>
<bind>
<opcode="store(28) " fcode="store"/>
<opset="store_ln130/2 "/>
</bind>
</comp>

<comp id="96" class="1004" name="store_ln0_store_fu_96">
<pin_list>
<pin id="97" dir="0" index="0" bw="1" slack="0"/>
<pin id="98" dir="0" index="1" bw="11" slack="0"/>
<pin id="99" dir="1" index="2" bw="0" slack="2147483647"/>
</pin_list>
<bind>
<opcode="store(28) " fcode="store"/>
<opset="store_ln0/1 "/>
</bind>
</comp>

<comp id="101" class="1004" name="store_ln126_store_fu_101">
<pin_list>
<pin id="102" dir="0" index="0" bw="1" slack="0"/>
<pin id="103" dir="0" index="1" bw="5" slack="0"/>
<pin id="104" dir="1" index="2" bw="0" slack="2147483647"/>
</pin_list>
<bind>
<opcode="store(28) " fcode="store"/>
<opset="store_ln126/1 "/>
</bind>
</comp>

<comp id="106" class="1004" name="store_ln127_store_fu_106">
<pin_list>
<pin id="107" dir="0" index="0" bw="1" slack="0"/>
<pin id="108" dir="0" index="1" bw="7" slack="0"/>
<pin id="109" dir="1" index="2" bw="0" slack="2147483647"/>
</pin_list>
<bind>
<opcode="store(28) " fcode="store"/>
<opset="store_ln127/1 "/>
</bind>
</comp>

<comp id="111" class="1004" name="indvar_flatten37_load_load_fu_111">
<pin_list>
<pin id="112" dir="0" index="0" bw="11" slack="0"/>
<pin id="113" dir="1" index="1" bw="11" slack="0"/>
</pin_list>
<bind>
<opcode="load(27) " fcode="load"/>
<opset="indvar_flatten37_load/1 "/>
</bind>
</comp>

<comp id="114" class="1004" name="icmp_ln126_fu_114">
<pin_list>
<pin id="115" dir="0" index="0" bw="11" slack="0"/>
<pin id="116" dir="0" index="1" bw="10" slack="0"/>
<pin id="117" dir="1" index="2" bw="1" slack="2147483647"/>
</pin_list>
<bind>
<opcode="icmp(45) " fcode="icmp"/>
<opset="icmp_ln126/1 "/>
</bind>
</comp>

<comp id="120" class="1004" name="add_ln126_1_fu_120">
<pin_list>
<pin id="121" dir="0" index="0" bw="11" slack="0"/>
<pin id="122" dir="0" index="1" bw="1" slack="0"/>
<pin id="123" dir="1" index="2" bw="11" slack="0"/>
</pin_list>
<bind>
<opcode="add(8) " fcode="add"/>
<opset="add_ln126_1/1 "/>
</bind>
</comp>

<comp id="126" class="1004" name="f_load_load_fu_126">
<pin_list>
<pin id="127" dir="0" index="0" bw="7" slack="0"/>
<pin id="128" dir="1" index="1" bw="7" slack="0"/>
</pin_list>
<bind>
<opcode="load(27) " fcode="load"/>
<opset="f_load/1 "/>
</bind>
</comp>

<comp id="129" class="1004" name="t_load_load_fu_129">
<pin_list>
<pin id="130" dir="0" index="0" bw="5" slack="0"/>
<pin id="131" dir="1" index="1" bw="5" slack="0"/>
</pin_list>
<bind>
<opcode="load(27) " fcode="load"/>
<opset="t_load/1 "/>
</bind>
</comp>

<comp id="132" class="1004" name="add_ln126_fu_132">
<pin_list>
<pin id="133" dir="0" index="0" bw="5" slack="0"/>
<pin id="134" dir="0" index="1" bw="1" slack="0"/>
<pin id="135" dir="1" index="2" bw="5" slack="0"/>
</pin_list>
<bind>
<opcode="add(8) " fcode="add"/>
<opset="add_ln126/1 "/>
</bind>
</comp>

<comp id="138" class="1004" name="icmp_ln127_fu_138">
<pin_list>
<pin id="139" dir="0" index="0" bw="7" slack="0"/>
<pin id="140" dir="0" index="1" bw="7" slack="0"/>
<pin id="141" dir="1" index="2" bw="1" slack="0"/>
</pin_list>
<bind>
<opcode="icmp(45) " fcode="icmp"/>
<opset="icmp_ln127/1 "/>
</bind>
</comp>

<comp id="144" class="1004" name="select_ln126_fu_144">
<pin_list>
<pin id="145" dir="0" index="0" bw="1" slack="0"/>
<pin id="146" dir="0" index="1" bw="1" slack="0"/>
<pin id="147" dir="0" index="2" bw="7" slack="0"/>
<pin id="148" dir="1" index="3" bw="7" slack="0"/>
</pin_list>
<bind>
<opcode="select(49) " fcode="select"/>
<opset="select_ln126/1 "/>
</bind>
</comp>

<comp id="152" class="1004" name="select_ln126_1_fu_152">
<pin_list>
<pin id="153" dir="0" index="0" bw="1" slack="0"/>
<pin id="154" dir="0" index="1" bw="5" slack="0"/>
<pin id="155" dir="0" index="2" bw="5" slack="0"/>
<pin id="156" dir="1" index="3" bw="5" slack="0"/>
</pin_list>
<bind>
<opcode="select(49) " fcode="select"/>
<opset="select_ln126_1/1 "/>
</bind>
</comp>

<comp id="160" class="1004" name="tmp_s_fu_160">
<pin_list>
<pin id="161" dir="0" index="0" bw="11" slack="0"/>
<pin id="162" dir="0" index="1" bw="5" slack="0"/>
<pin id="163" dir="0" index="2" bw="1" slack="0"/>
<pin id="164" dir="1" index="3" bw="11" slack="0"/>
</pin_list>
<bind>
<opcode="bitconcatenate(1004) " fcode="bitconcatenate"/>
<opset="tmp_s/1 "/>
</bind>
</comp>

<comp id="168" class="1004" name="tmp_170_fu_168">
<pin_list>
<pin id="169" dir="0" index="0" bw="12" slack="0"/>
<pin id="170" dir="0" index="1" bw="5" slack="0"/>
<pin id="171" dir="0" index="2" bw="7" slack="0"/>
<pin id="172" dir="1" index="3" bw="12" slack="0"/>
</pin_list>
<bind>
<opcode="bitconcatenate(1004) " fcode="bitconcatenate"/>
<opset="tmp_170/1 "/>
</bind>
</comp>

<comp id="176" class="1004" name="zext_ln128_1_fu_176">
<pin_list>
<pin id="177" dir="0" index="0" bw="7" slack="0"/>
<pin id="178" dir="1" index="1" bw="11" slack="0"/>
</pin_list>
<bind>
<opcode="zext(34) " fcode="zext"/>
<opset="zext_ln128_1/1 "/>
</bind>
</comp>

<comp id="180" class="1004" name="zext_ln128_2_fu_180">
<pin_list>
<pin id="181" dir="0" index="0" bw="7" slack="0"/>
<pin id="182" dir="1" index="1" bw="12" slack="0"/>
</pin_list>
<bind>
<opcode="zext(34) " fcode="zext"/>
<opset="zext_ln128_2/1 "/>
</bind>
</comp>

<comp id="184" class="1004" name="tmp_171_fu_184">
<pin_list>
<pin id="185" dir="0" index="0" bw="12" slack="0"/>
<pin id="186" dir="0" index="1" bw="5" slack="0"/>
<pin id="187" dir="0" index="2" bw="7" slack="0"/>
<pin id="188" dir="1" index="3" bw="12" slack="0"/>
</pin_list>
<bind>
<opcode="bitconcatenate(1004) " fcode="bitconcatenate"/>
<opset="tmp_171/1 "/>
</bind>
</comp>

<comp id="192" class="1004" name="zext_ln128_fu_192">
<pin_list>
<pin id="193" dir="0" index="0" bw="12" slack="0"/>
<pin id="194" dir="1" index="1" bw="64" slack="0"/>
</pin_list>
<bind>
<opcode="zext(34) " fcode="zext"/>
<opset="zext_ln128/1 "/>
</bind>
</comp>

<comp id="197" class="1004" name="add_ln129_fu_197">
<pin_list>
<pin id="198" dir="0" index="0" bw="12" slack="0"/>
<pin id="199" dir="0" index="1" bw="7" slack="0"/>
<pin id="200" dir="1" index="2" bw="12" slack="0"/>
</pin_list>
<bind>
<opcode="add(8) " fcode="add"/>
<opset="add_ln129/1 "/>
</bind>
</comp>

<comp id="203" class="1004" name="zext_ln129_fu_203">
<pin_list>
<pin id="204" dir="0" index="0" bw="12" slack="0"/>
<pin id="205" dir="1" index="1" bw="64" slack="0"/>
</pin_list>
<bind>
<opcode="zext(34) " fcode="zext"/>
<opset="zext_ln129/1 "/>
</bind>
</comp>

<comp id="208" class="1004" name="add_ln130_fu_208">
<pin_list>
<pin id="209" dir="0" index="0" bw="11" slack="0"/>
<pin id="210" dir="0" index="1" bw="7" slack="0"/>
<pin id="211" dir="1" index="2" bw="11" slack="1"/>
</pin_list>
<bind>
<opcode="add(8) " fcode="add"/>
<opset="add_ln130/1 "/>
</bind>
</comp>

<comp id="214" class="1004" name="add_ln127_fu_214">
<pin_list>
<pin id="215" dir="0" index="0" bw="7" slack="0"/>
<pin id="216" dir="0" index="1" bw="1" slack="0"/>
<pin id="217" dir="1" index="2" bw="7" slack="0"/>
</pin_list>
<bind>
<opcode="add(8) " fcode="add"/>
<opset="add_ln127/1 "/>
</bind>
</comp>

<comp id="220" class="1004" name="store_ln126_store_fu_220">
<pin_list>
<pin id="221" dir="0" index="0" bw="11" slack="0"/>
<pin id="222" dir="0" index="1" bw="11" slack="0"/>
<pin id="223" dir="1" index="2" bw="0" slack="2147483647"/>
</pin_list>
<bind>
<opcode="store(28) " fcode="store"/>
<opset="store_ln126/1 "/>
</bind>
</comp>

<comp id="225" class="1004" name="store_ln126_store_fu_225">
<pin_list>
<pin id="226" dir="0" index="0" bw="5" slack="0"/>
<pin id="227" dir="0" index="1" bw="5" slack="0"/>
<pin id="228" dir="1" index="2" bw="0" slack="2147483647"/>
</pin_list>
<bind>
<opcode="store(28) " fcode="store"/>
<opset="store_ln126/1 "/>
</bind>
</comp>

<comp id="230" class="1004" name="store_ln127_store_fu_230">
<pin_list>
<pin id="231" dir="0" index="0" bw="7" slack="0"/>
<pin id="232" dir="0" index="1" bw="7" slack="0"/>
<pin id="233" dir="1" index="2" bw="0" slack="2147483647"/>
</pin_list>
<bind>
<opcode="store(28) " fcode="store"/>
<opset="store_ln127/1 "/>
</bind>
</comp>

<comp id="235" class="1004" name="zext_ln130_fu_235">
<pin_list>
<pin id="236" dir="0" index="0" bw="11" slack="1"/>
<pin id="237" dir="1" index="1" bw="64" slack="0"/>
</pin_list>
<bind>
<opcode="zext(34) " fcode="zext"/>
<opset="zext_ln130/2 "/>
</bind>
</comp>

<comp id="239" class="1004" name="icmp_ln130_fu_239">
<pin_list>
<pin id="240" dir="0" index="0" bw="16" slack="0"/>
<pin id="241" dir="0" index="1" bw="16" slack="0"/>
<pin id="242" dir="1" index="2" bw="1" slack="0"/>
</pin_list>
<bind>
<opcode="icmp(45) " fcode="icmp"/>
<opset="icmp_ln130/2 "/>
</bind>
</comp>

<comp id="245" class="1004" name="select_ln130_fu_245">
<pin_list>
<pin id="246" dir="0" index="0" bw="1" slack="0"/>
<pin id="247" dir="0" index="1" bw="16" slack="0"/>
<pin id="248" dir="0" index="2" bw="16" slack="0"/>
<pin id="249" dir="1" index="3" bw="16" slack="0"/>
</pin_list>
<bind>
<opcode="select(49) " fcode="select"/>
<opset="select_ln130/2 "/>
</bind>
</comp>

<comp id="254" class="1005" name="f_reg_254">
<pin_list>
<pin id="255" dir="0" index="0" bw="7" slack="0"/>
<pin id="256" dir="1" index="1" bw="7" slack="0"/>
</pin_list>
<bind>
<opset="f "/>
</bind>
</comp>

<comp id="261" class="1005" name="t_reg_261">
<pin_list>
<pin id="262" dir="0" index="0" bw="5" slack="0"/>
<pin id="263" dir="1" index="1" bw="5" slack="0"/>
</pin_list>
<bind>
<opset="t "/>
</bind>
</comp>

<comp id="268" class="1005" name="indvar_flatten37_reg_268">
<pin_list>
<pin id="269" dir="0" index="0" bw="11" slack="0"/>
<pin id="270" dir="1" index="1" bw="11" slack="0"/>
</pin_list>
<bind>
<opset="indvar_flatten37 "/>
</bind>
</comp>

<comp id="278" class="1005" name="conv2_out_addr_reg_278">
<pin_list>
<pin id="279" dir="0" index="0" bw="12" slack="1"/>
<pin id="280" dir="1" index="1" bw="12" slack="1"/>
</pin_list>
<bind>
<opset="conv2_out_addr "/>
</bind>
</comp>

<comp id="283" class="1005" name="conv2_out_addr_1_reg_283">
<pin_list>
<pin id="284" dir="0" index="0" bw="12" slack="1"/>
<pin id="285" dir="1" index="1" bw="12" slack="1"/>
</pin_list>
<bind>
<opset="conv2_out_addr_1 "/>
</bind>
</comp>

<comp id="288" class="1005" name="add_ln130_reg_288">
<pin_list>
<pin id="289" dir="0" index="0" bw="11" slack="1"/>
<pin id="290" dir="1" index="1" bw="11" slack="1"/>
</pin_list>
<bind>
<opset="add_ln130 "/>
</bind>
</comp>

</comp_list>

<net_list>
<net id="49"><net_src comp="4" pin="0"/><net_sink comp="46" pin=0"/></net>

<net id="53"><net_src comp="4" pin="0"/><net_sink comp="50" pin=0"/></net>

<net id="57"><net_src comp="4" pin="0"/><net_sink comp="54" pin=0"/></net>

<net id="63"><net_src comp="0" pin="0"/><net_sink comp="58" pin=0"/></net>

<net id="64"><net_src comp="26" pin="0"/><net_sink comp="58" pin=1"/></net>

<net id="70"><net_src comp="0" pin="0"/><net_sink comp="65" pin=0"/></net>

<net id="71"><net_src comp="26" pin="0"/><net_sink comp="65" pin=1"/></net>

<net id="81"><net_src comp="58" pin="3"/><net_sink comp="72" pin=2"/></net>

<net id="82"><net_src comp="65" pin="3"/><net_sink comp="72" pin=0"/></net>

<net id="88"><net_src comp="2" pin="0"/><net_sink comp="83" pin=0"/></net>

<net id="89"><net_src comp="26" pin="0"/><net_sink comp="83" pin=1"/></net>

<net id="95"><net_src comp="83" pin="3"/><net_sink comp="90" pin=0"/></net>

<net id="100"><net_src comp="6" pin="0"/><net_sink comp="96" pin=0"/></net>

<net id="105"><net_src comp="8" pin="0"/><net_sink comp="101" pin=0"/></net>

<net id="110"><net_src comp="10" pin="0"/><net_sink comp="106" pin=0"/></net>

<net id="118"><net_src comp="111" pin="1"/><net_sink comp="114" pin=0"/></net>

<net id="119"><net_src comp="12" pin="0"/><net_sink comp="114" pin=1"/></net>

<net id="124"><net_src comp="111" pin="1"/><net_sink comp="120" pin=0"/></net>

<net id="125"><net_src comp="14" pin="0"/><net_sink comp="120" pin=1"/></net>

<net id="136"><net_src comp="129" pin="1"/><net_sink comp="132" pin=0"/></net>

<net id="137"><net_src comp="16" pin="0"/><net_sink comp="132" pin=1"/></net>

<net id="142"><net_src comp="126" pin="1"/><net_sink comp="138" pin=0"/></net>

<net id="143"><net_src comp="18" pin="0"/><net_sink comp="138" pin=1"/></net>

<net id="149"><net_src comp="138" pin="2"/><net_sink comp="144" pin=0"/></net>

<net id="150"><net_src comp="10" pin="0"/><net_sink comp="144" pin=1"/></net>

<net id="151"><net_src comp="126" pin="1"/><net_sink comp="144" pin=2"/></net>

<net id="157"><net_src comp="138" pin="2"/><net_sink comp="152" pin=0"/></net>

<net id="158"><net_src comp="132" pin="2"/><net_sink comp="152" pin=1"/></net>

<net id="159"><net_src comp="129" pin="1"/><net_sink comp="152" pin=2"/></net>

<net id="165"><net_src comp="20" pin="0"/><net_sink comp="160" pin=0"/></net>

<net id="166"><net_src comp="152" pin="3"/><net_sink comp="160" pin=1"/></net>

<net id="167"><net_src comp="22" pin="0"/><net_sink comp="160" pin=2"/></net>

<net id="173"><net_src comp="24" pin="0"/><net_sink comp="168" pin=0"/></net>

<net id="174"><net_src comp="152" pin="3"/><net_sink comp="168" pin=1"/></net>

<net id="175"><net_src comp="18" pin="0"/><net_sink comp="168" pin=2"/></net>

<net id="179"><net_src comp="144" pin="3"/><net_sink comp="176" pin=0"/></net>

<net id="183"><net_src comp="144" pin="3"/><net_sink comp="180" pin=0"/></net>

<net id="189"><net_src comp="24" pin="0"/><net_sink comp="184" pin=0"/></net>

<net id="190"><net_src comp="152" pin="3"/><net_sink comp="184" pin=1"/></net>

<net id="191"><net_src comp="144" pin="3"/><net_sink comp="184" pin=2"/></net>

<net id="195"><net_src comp="184" pin="3"/><net_sink comp="192" pin=0"/></net>

<net id="196"><net_src comp="192" pin="1"/><net_sink comp="58" pin=2"/></net>

<net id="201"><net_src comp="168" pin="3"/><net_sink comp="197" pin=0"/></net>

<net id="202"><net_src comp="180" pin="1"/><net_sink comp="197" pin=1"/></net>

<net id="206"><net_src comp="197" pin="2"/><net_sink comp="203" pin=0"/></net>

<net id="207"><net_src comp="203" pin="1"/><net_sink comp="65" pin=2"/></net>

<net id="212"><net_src comp="160" pin="3"/><net_sink comp="208" pin=0"/></net>

<net id="213"><net_src comp="176" pin="1"/><net_sink comp="208" pin=1"/></net>

<net id="218"><net_src comp="144" pin="3"/><net_sink comp="214" pin=0"/></net>

<net id="219"><net_src comp="28" pin="0"/><net_sink comp="214" pin=1"/></net>

<net id="224"><net_src comp="120" pin="2"/><net_sink comp="220" pin=0"/></net>

<net id="229"><net_src comp="152" pin="3"/><net_sink comp="225" pin=0"/></net>

<net id="234"><net_src comp="214" pin="2"/><net_sink comp="230" pin=0"/></net>

<net id="238"><net_src comp="235" pin="1"/><net_sink comp="83" pin=2"/></net>

<net id="243"><net_src comp="72" pin="7"/><net_sink comp="239" pin=0"/></net>

<net id="244"><net_src comp="72" pin="3"/><net_sink comp="239" pin=1"/></net>

<net id="250"><net_src comp="239" pin="2"/><net_sink comp="245" pin=0"/></net>

<net id="251"><net_src comp="72" pin="7"/><net_sink comp="245" pin=1"/></net>

<net id="252"><net_src comp="72" pin="3"/><net_sink comp="245" pin=2"/></net>

<net id="253"><net_src comp="245" pin="3"/><net_sink comp="90" pin=1"/></net>

<net id="257"><net_src comp="46" pin="1"/><net_sink comp="254" pin=0"/></net>

<net id="258"><net_src comp="254" pin="1"/><net_sink comp="106" pin=1"/></net>

<net id="259"><net_src comp="254" pin="1"/><net_sink comp="126" pin=0"/></net>

<net id="260"><net_src comp="254" pin="1"/><net_sink comp="230" pin=1"/></net>

<net id="264"><net_src comp="50" pin="1"/><net_sink comp="261" pin=0"/></net>

<net id="265"><net_src comp="261" pin="1"/><net_sink comp="101" pin=1"/></net>

<net id="266"><net_src comp="261" pin="1"/><net_sink comp="129" pin=0"/></net>

<net id="267"><net_src comp="261" pin="1"/><net_sink comp="225" pin=1"/></net>

<net id="271"><net_src comp="54" pin="1"/><net_sink comp="268" pin=0"/></net>

<net id="272"><net_src comp="268" pin="1"/><net_sink comp="96" pin=1"/></net>

<net id="273"><net_src comp="268" pin="1"/><net_sink comp="111" pin=0"/></net>

<net id="274"><net_src comp="268" pin="1"/><net_sink comp="220" pin=1"/></net>

<net id="281"><net_src comp="58" pin="3"/><net_sink comp="278" pin=0"/></net>

<net id="282"><net_src comp="278" pin="1"/><net_sink comp="72" pin=2"/></net>

<net id="286"><net_src comp="65" pin="3"/><net_sink comp="283" pin=0"/></net>

<net id="287"><net_src comp="283" pin="1"/><net_sink comp="72" pin=0"/></net>

<net id="291"><net_src comp="208" pin="2"/><net_sink comp="288" pin=0"/></net>

<net id="292"><net_src comp="288" pin="1"/><net_sink comp="235" pin=0"/></net>

</net_list>

</model> 
---------------- Datapath Model END ------------------

* FSMD analyzer results:
  - Output states:
	Port: pool2_out | {2 }
 - Input state : 
	Port: cnn_gesture_top_Pipeline_VITIS_LOOP_126_1_VITIS_LOOP_127_2 : conv2_out | {1 2 }
  - Chain level:
	State 1
		store_ln0 : 1
		store_ln126 : 1
		store_ln127 : 1
		indvar_flatten37_load : 1
		icmp_ln126 : 2
		add_ln126_1 : 2
		br_ln126 : 3
		f_load : 1
		t_load : 1
		add_ln126 : 2
		icmp_ln127 : 2
		select_ln126 : 3
		select_ln126_1 : 3
		tmp_s : 4
		tmp_170 : 4
		zext_ln128_1 : 4
		zext_ln128_2 : 4
		tmp_171 : 4
		zext_ln128 : 5
		conv2_out_addr : 6
		add_ln129 : 5
		zext_ln129 : 6
		conv2_out_addr_1 : 7
		add_ln130 : 5
		a : 7
		b : 8
		add_ln127 : 4
		store_ln126 : 3
		store_ln126 : 4
		store_ln127 : 5
	State 2
		pool2_out_addr : 1
		icmp_ln130 : 1
		select_ln130 : 2
		store_ln130 : 3


============================================================
+ Verbose Summary: Datapath Resource usage 
============================================================

* Functional unit list:
|----------|-----------------------|---------|---------|
| Operation|    Functional Unit    |    FF   |   LUT   |
|----------|-----------------------|---------|---------|
|          |   add_ln126_1_fu_120  |    0    |    18   |
|          |    add_ln126_fu_132   |    0    |    12   |
|    add   |    add_ln129_fu_197   |    0    |    19   |
|          |    add_ln130_fu_208   |    0    |    18   |
|          |    add_ln127_fu_214   |    0    |    14   |
|----------|-----------------------|---------|---------|
|          |   icmp_ln126_fu_114   |    0    |    18   |
|   icmp   |   icmp_ln127_fu_138   |    0    |    14   |
|          |   icmp_ln130_fu_239   |    0    |    23   |
|----------|-----------------------|---------|---------|
|          |  select_ln126_fu_144  |    0    |    7    |
|  select  | select_ln126_1_fu_152 |    0    |    5    |
|          |  select_ln130_fu_245  |    0    |    16   |
|----------|-----------------------|---------|---------|
|          |      tmp_s_fu_160     |    0    |    0    |
|bitconcatenate|     tmp_170_fu_168    |    0    |    0    |
|          |     tmp_171_fu_184    |    0    |    0    |
|----------|-----------------------|---------|---------|
|          |  zext_ln128_1_fu_176  |    0    |    0    |
|          |  zext_ln128_2_fu_180  |    0    |    0    |
|   zext   |   zext_ln128_fu_192   |    0    |    0    |
|          |   zext_ln129_fu_203   |    0    |    0    |
|          |   zext_ln130_fu_235   |    0    |    0    |
|----------|-----------------------|---------|---------|
|   Total  |                       |    0    |   164   |
|----------|-----------------------|---------|---------|

Memories:
N/A

* Register list:
+------------------------+--------+
|                        |   FF   |
+------------------------+--------+
|    add_ln130_reg_288   |   11   |
|conv2_out_addr_1_reg_283|   12   |
| conv2_out_addr_reg_278 |   12   |
|        f_reg_254       |    7   |
|indvar_flatten37_reg_268|   11   |
|        t_reg_261       |    5   |
+------------------------+--------+
|          Total         |   58   |
+------------------------+--------+

* Multiplexer (MUX) list: 
|------------------|------|------|------|--------||---------||---------||---------|
|       Comp       |  Pin | Size |  BW  | S x BW ||  Delay  ||    FF   ||   LUT   |
|------------------|------|------|------|--------||---------||---------||---------|
| grp_access_fu_72 |  p0  |   2  |  12  |   24   ||    0    ||    9    |
| grp_access_fu_72 |  p2  |   2  |   0  |    0   ||    0    ||    9    |
|------------------|------|------|------|--------||---------||---------||---------|
|       Total      |      |      |      |   24   ||  0.854  ||    0    ||    18   |
|------------------|------|------|------|--------||---------||---------||---------|



* Summary:
+-----------+--------+--------+--------+
|           |  Delay |   FF   |   LUT  |
+-----------+--------+--------+--------+
|  Function |    -   |    0   |   164  |
|   Memory  |    -   |    -   |    -   |
|Multiplexer|    0   |    0   |   18   |
|  Register |    -   |   58   |    -   |
+-----------+--------+--------+--------+
|   Total   |    0   |   58   |   182  |
+-----------+--------+--------+--------+
