

================================================================
== Vitis HLS Report for 'cnn_gesture_top_Pipeline_VITIS_LOOP_191_1'
================================================================
* Date:           Mon Feb 23 23:23:28 2026

* Version:        2025.2 (Build 6295257 on Nov 12 2025)
* Project:        cnn_gesture_top
* Solution:       hls (Vivado IP Flow Target)
* Product family: zynquplus
* Target device:  xczu3eg-sbva484-2-i


================================================================
== Performance Estimates
================================================================
+ Timing: 
    * Summary: 
    +--------+----------+----------+------------+
    |  Clock |  Target  | Estimated| Uncertainty|
    +--------+----------+----------+------------+
    |ap_clk  |  10.00 ns|  2.314 ns|     2.70 ns|
    +--------+----------+----------+------------+

+ Latency: 
    * Summary: 
    +---------+---------+-----------+-----------+-----+-----+-------------------+
    |  Latency (cycles) |   Latency (absolute)  |  Interval |      Pipeline     |
    |   min   |   max   |    min    |    max    | min | max |        Type       |
    +---------+---------+-----------+-----------+-----+-----+-------------------+
    |        7|        7|  70.000 ns|  70.000 ns|    0|    0|  loop pipeline stp|
    +---------+---------+-----------+-----------+-----+-----+-------------------+

    + Detail: 
        * Instance: 
        N/A

        * Loop: 
        +--------------------+---------+---------+----------+-----------+-----------+------+----------+
        |                    |  Latency (cycles) | Iteration|  Initiation Interval  | Trip |          |
        |      Loop Name     |   min   |   max   |  Latency |  achieved |   target  | Count| Pipelined|
        +--------------------+---------+---------+----------+-----------+-----------+------+----------+
        |- VITIS_LOOP_191_1  |        5|        5|         2|          1|          1|     5|       yes|
        +--------------------+---------+---------+----------+-----------+-----------+------+----------+

============================================================
+ Verbose Summary: Synthesis Manager
============================================================
InlineROM: 1
ExposeGlobal: 0
============================================================
+ Verbose Summary: CDFG Model
============================================================
IsTopModel: 0
ResetActiveHigh: 1
IsCombinational: 0
IsDatapathOnly: 0
HasWiredReturn: 1
HasMFsm: 2
HasVarLatency: 1
IsPipeline: 0
IsRtlPipelined: 0
IsInstanceOverlapped: 0
IsDontTouch: 0
HasImplIP: 0
IsGatedGlobalClock: 0

+ Individual pipeline summary: 
  * Pipeline-0: initiation interval (II) = 1, depth = 2


============================================================
+ Verbose Summary: Schedule
============================================================
* Number of FSM states : 2
* Pipeline : 1
  Pipeline-0 : II = 1, D = 2, States = { 1 2 }
* Dataflow Pipeline: 0

* FSM state transitions: 
1 --> 2 
2 --> 

* FSM state operations: 

State 1 <SV = 0> <Delay = 1.52>
ST_1 : Operation 5 [1/1] (0.00ns)   --->   "%max_v_1 = alloca i32 1" [../cnn_gesture_hls.cpp:190->../cnn_gesture_hls.cpp:236]   --->   Operation 5 'alloca' 'max_v_1' <Predicate = true> <Delay = 0.00>
ST_1 : Operation 6 [1/1] (0.00ns)   --->   "%i = alloca i32 1" [../cnn_gesture_hls.cpp:191->../cnn_gesture_hls.cpp:236]   --->   Operation 6 'alloca' 'i' <Predicate = true> <Delay = 0.00>
ST_1 : Operation 7 [1/1] (0.00ns)   --->   "%max_v_read = read i16 @_ssdm_op_Read.ap_auto.i16, i16 %max_v"   --->   Operation 7 'read' 'max_v_read' <Predicate = true> <Delay = 0.00>
ST_1 : Operation 8 [1/1] (0.42ns)   --->   "%store_ln191 = store i3 1, i3 %i" [../cnn_gesture_hls.cpp:191->../cnn_gesture_hls.cpp:236]   --->   Operation 8 'store' 'store_ln191' <Predicate = true> <Delay = 0.42>
ST_1 : Operation 9 [1/1] (0.42ns)   --->   "%store_ln190 = store i16 %max_v_read, i16 %max_v_1" [../cnn_gesture_hls.cpp:190->../cnn_gesture_hls.cpp:236]   --->   Operation 9 'store' 'store_ln190' <Predicate = true> <Delay = 0.42>
ST_1 : Operation 10 [1/1] (0.00ns)   --->   "%br_ln0 = br void %for.body.i925"   --->   Operation 10 'br' 'br_ln0' <Predicate = true> <Delay = 0.00>
ST_1 : Operation 11 [1/1] (0.00ns)   --->   "%i_2 = load i3 %i" [../cnn_gesture_hls.cpp:191->../cnn_gesture_hls.cpp:236]   --->   Operation 11 'load' 'i_2' <Predicate = true> <Delay = 0.00>
ST_1 : Operation 12 [1/1] (0.67ns)   --->   "%icmp_ln191 = icmp_eq  i3 %i_2, i3 6" [../cnn_gesture_hls.cpp:191->../cnn_gesture_hls.cpp:236]   --->   Operation 12 'icmp' 'icmp_ln191' <Predicate = true> <Delay = 0.67> <CoreInst = "Cmp">   --->   Core 9 'Cmp' <Latency = 0> <II = 1> <Delay = 0.67> <FuncUnit> <Opcode : 'seteq' 'setne' 'setle' 'setge' 'setlt' 'setgt'> <InPorts = 2> <OutPorts = 1>
ST_1 : Operation 13 [1/1] (0.00ns)   --->   "%br_ln191 = br i1 %icmp_ln191, void %for.body.i925.split, void %for.cond.cleanup.i.exitStub" [../cnn_gesture_hls.cpp:191->../cnn_gesture_hls.cpp:236]   --->   Operation 13 'br' 'br_ln191' <Predicate = true> <Delay = 0.00>
ST_1 : Operation 14 [1/1] (0.00ns)   --->   "%zext_ln191 = zext i3 %i_2" [../cnn_gesture_hls.cpp:191->../cnn_gesture_hls.cpp:236]   --->   Operation 14 'zext' 'zext_ln191' <Predicate = (!icmp_ln191)> <Delay = 0.00>
ST_1 : Operation 15 [1/1] (0.00ns)   --->   "%logits_addr = getelementptr i16 %logits, i64 0, i64 %zext_ln191" [../cnn_gesture_hls.cpp:192->../cnn_gesture_hls.cpp:236]   --->   Operation 15 'getelementptr' 'logits_addr' <Predicate = (!icmp_ln191)> <Delay = 0.00>
ST_1 : Operation 16 [2/2] (0.67ns)   --->   "%logits_load = load i3 %logits_addr" [../cnn_gesture_hls.cpp:192->../cnn_gesture_hls.cpp:236]   --->   Operation 16 'load' 'logits_load' <Predicate = (!icmp_ln191)> <Delay = 0.67> <CoreInst = "RAM">   --->   Core 82 'RAM' <Latency = 1> <II = 1> <Delay = 0.67> <Storage> <Opcode : 'load' 'store'> <Ports = 2> <Width = 16> <Depth = 6> <RAM>
ST_1 : Operation 17 [1/1] (0.67ns)   --->   "%add_ln191 = add i3 %i_2, i3 1" [../cnn_gesture_hls.cpp:191->../cnn_gesture_hls.cpp:236]   --->   Operation 17 'add' 'add_ln191' <Predicate = (!icmp_ln191)> <Delay = 0.67> <CoreInst = "Adder">   --->   Core 1 'Adder' <Latency = 0> <II = 1> <Delay = 0.67> <FuncUnit> <Opcode : 'add' 'sub'> <InPorts = 2> <OutPorts = 1>
ST_1 : Operation 18 [1/1] (0.42ns)   --->   "%store_ln191 = store i3 %add_ln191, i3 %i" [../cnn_gesture_hls.cpp:191->../cnn_gesture_hls.cpp:236]   --->   Operation 18 'store' 'store_ln191' <Predicate = (!icmp_ln191)> <Delay = 0.42>
ST_1 : Operation 28 [1/1] (0.00ns)   --->   "%max_v_1_load = load i16 %max_v_1"   --->   Operation 28 'load' 'max_v_1_load' <Predicate = (icmp_ln191)> <Delay = 0.00>
ST_1 : Operation 29 [1/1] (0.00ns)   --->   "%write_ln0 = write void @_ssdm_op_Write.ap_auto.i16P0A, i16 %max_v_1_out, i16 %max_v_1_load"   --->   Operation 29 'write' 'write_ln0' <Predicate = (icmp_ln191)> <Delay = 0.00>
ST_1 : Operation 30 [1/1] (0.42ns)   --->   "%ret_ln0 = ret"   --->   Operation 30 'ret' 'ret_ln0' <Predicate = (icmp_ln191)> <Delay = 0.42>

State 2 <SV = 1> <Delay = 2.31>
ST_2 : Operation 19 [1/1] (0.00ns)   --->   "%max_v_1_load_1 = load i16 %max_v_1" [../cnn_gesture_hls.cpp:192->../cnn_gesture_hls.cpp:236]   --->   Operation 19 'load' 'max_v_1_load_1' <Predicate = true> <Delay = 0.00>
ST_2 : Operation 20 [1/1] (0.00ns)   --->   "%specpipeline_ln190 = specpipeline void @_ssdm_op_SpecPipeline, i32 4294967295, i32 0, i32 0, i32 0, i32 4294967295, void @empty_10" [../cnn_gesture_hls.cpp:190->../cnn_gesture_hls.cpp:236]   --->   Operation 20 'specpipeline' 'specpipeline_ln190' <Predicate = true> <Delay = 0.00>
ST_2 : Operation 21 [1/1] (0.00ns)   --->   "%speclooptripcount_ln190 = speclooptripcount void @_ssdm_op_SpecLoopTripCount, i64 5, i64 5, i64 5" [../cnn_gesture_hls.cpp:190->../cnn_gesture_hls.cpp:236]   --->   Operation 21 'speclooptripcount' 'speclooptripcount_ln190' <Predicate = true> <Delay = 0.00>
ST_2 : Operation 22 [1/1] (0.00ns)   --->   "%specloopname_ln191 = specloopname void @_ssdm_op_SpecLoopName, void @empty_1" [../cnn_gesture_hls.cpp:191->../cnn_gesture_hls.cpp:236]   --->   Operation 22 'specloopname' 'specloopname_ln191' <Predicate = true> <Delay = 0.00>
ST_2 : Operation 23 [1/2] ( I:0.67ns O:0.67ns )   --->   "%logits_load = load i3 %logits_addr" [../cnn_gesture_hls.cpp:192->../cnn_gesture_hls.cpp:236]   --->   Operation 23 'load' 'logits_load' <Predicate = true> <Delay = 0.67> <CoreInst = "RAM">   --->   Core 82 'RAM' <Latency = 1> <II = 1> <Delay = 0.67> <Storage> <Opcode : 'load' 'store'> <Ports = 2> <Width = 16> <Depth = 6> <RAM>
ST_2 : Operation 24 [1/1] (0.85ns)   --->   "%icmp_ln192 = icmp_sgt  i16 %logits_load, i16 %max_v_1_load_1" [../cnn_gesture_hls.cpp:192->../cnn_gesture_hls.cpp:236]   --->   Operation 24 'icmp' 'icmp_ln192' <Predicate = true> <Delay = 0.85> <CoreInst = "Cmp">   --->   Core 9 'Cmp' <Latency = 0> <II = 1> <Delay = 0.85> <FuncUnit> <Opcode : 'seteq' 'setne' 'setle' 'setge' 'setlt' 'setgt'> <InPorts = 2> <OutPorts = 1>
ST_2 : Operation 25 [1/1] (0.35ns)   --->   "%max_v_2 = select i1 %icmp_ln192, i16 %logits_load, i16 %max_v_1_load_1" [../cnn_gesture_hls.cpp:192->../cnn_gesture_hls.cpp:236]   --->   Operation 25 'select' 'max_v_2' <Predicate = true> <Delay = 0.35> <CoreInst = "Sel">   --->   Core 73 'Sel' <Latency = 0> <II = 1> <Delay = 0.35> <FuncUnit> <Opcode : 'select'> <InPorts = 3> <OutPorts = 1>
ST_2 : Operation 26 [1/1] (0.42ns)   --->   "%store_ln190 = store i16 %max_v_2, i16 %max_v_1" [../cnn_gesture_hls.cpp:190->../cnn_gesture_hls.cpp:236]   --->   Operation 26 'store' 'store_ln190' <Predicate = true> <Delay = 0.42>
ST_2 : Operation 27 [1/1] (0.00ns)   --->   "%br_ln191 = br void %for.body.i925" [../cnn_gesture_hls.cpp:191->../cnn_gesture_hls.cpp:236]   --->   Operation 27 'br' 'br_ln191' <Predicate = true> <Delay = 0.00>


============================================================
+ Verbose Summary: Timing violations
============================================================
Target clock period: 10.000ns, clock uncertainty: 2.700ns.

 <State 1>: 1.527ns
The critical path consists of the following:
	'store' operation ('store_ln191', ../cnn_gesture_hls.cpp:191->../cnn_gesture_hls.cpp:236) of constant 1 3 bit on local variable 'i', ../cnn_gesture_hls.cpp:191->../cnn_gesture_hls.cpp:236 [7]  (0.427 ns)
	'load' operation 3 bit ('i', ../cnn_gesture_hls.cpp:191->../cnn_gesture_hls.cpp:236) on local variable 'i', ../cnn_gesture_hls.cpp:191->../cnn_gesture_hls.cpp:236 [11]  (0.000 ns)
	'icmp' operation 1 bit ('icmp_ln191', ../cnn_gesture_hls.cpp:191->../cnn_gesture_hls.cpp:236) [12]  (0.673 ns)
	'store' operation ('store_ln191', ../cnn_gesture_hls.cpp:191->../cnn_gesture_hls.cpp:236) of variable 'add_ln191', ../cnn_gesture_hls.cpp:191->../cnn_gesture_hls.cpp:236 3 bit on local variable 'i', ../cnn_gesture_hls.cpp:191->../cnn_gesture_hls.cpp:236 [25]  (0.427 ns)

 <State 2>: 2.314ns
The critical path consists of the following:
	'load' operation 16 bit ('logits_load', ../cnn_gesture_hls.cpp:192->../cnn_gesture_hls.cpp:236) on array 'logits' [21]  (0.677 ns)
	'icmp' operation 1 bit ('icmp_ln192', ../cnn_gesture_hls.cpp:192->../cnn_gesture_hls.cpp:236) [22]  (0.853 ns)
	'select' operation 16 bit ('max_v', ../cnn_gesture_hls.cpp:192->../cnn_gesture_hls.cpp:236) [23]  (0.357 ns)
	'store' operation ('store_ln190', ../cnn_gesture_hls.cpp:190->../cnn_gesture_hls.cpp:236) of variable 'max_v', ../cnn_gesture_hls.cpp:192->../cnn_gesture_hls.cpp:236 16 bit on local variable 'max_v', ../cnn_gesture_hls.cpp:190->../cnn_gesture_hls.cpp:236 [26]  (0.427 ns)


============================================================
+ Verbose Summary: Binding
============================================================
N/A
* FSMD analyzer results:
  - Output states:
 - Input state : 
  - Chain level:
	State 1
	State 2


============================================================
+ Verbose Summary: Datapath Resource usage 
============================================================
N/A
