

================================================================
== Vitis HLS Report for 'cnn_gesture_top_Pipeline_VITIS_LOOP_197_2'
================================================================
* Date:           Mon Feb 23 23:23:28 2026

* Version:        2025.2 (Build 6295257 on Nov 12 2025)
* Project:        cnn_gesture_top
* Solution:       hls (Vivado IP Flow Target)
* Product family: zynquplus
* Target device:  xczu3eg-sbva484-2-i


================================================================
== Performance Estimates
================================================================
+ Timing: 
    * Summary: 
    +--------+----------+----------+------------+
    |  Clock |  Target  | Estimated| Uncertainty|
    +--------+----------+----------+------------+
    |ap_clk  |  10.00 ns|  7.220 ns|     2.70 ns|
    +--------+----------+----------+------------+

+ Latency: 
    * Summary: 
    +---------+---------+----------+----------+-----+-----+-------------------+
    |  Latency (cycles) |  Latency (absolute) |  Interval |      Pipeline     |
    |   min   |   max   |    min   |    max   | min | max |        Type       |
    +---------+---------+----------+----------+-----+-----+-------------------+
    |       18|       18|  0.180 us|  0.180 us|    0|    0|  loop pipeline stp|
    +---------+---------+----------+----------+-----+-----+-------------------+

    + Detail: 
        * Instance: 
        N/A

        * Loop: 
        +--------------------+---------+---------+----------+-----------+-----------+------+----------+
        |                    |  Latency (cycles) | Iteration|  Initiation Interval  | Trip |          |
        |      Loop Name     |   min   |   max   |  Latency |  achieved |   target  | Count| Pipelined|
        +--------------------+---------+---------+----------+-----------+-----------+------+----------+
        |- VITIS_LOOP_197_2  |       16|       16|        12|          1|          1|     6|       yes|
        +--------------------+---------+---------+----------+-----------+-----------+------+----------+

============================================================
+ Verbose Summary: Synthesis Manager
============================================================
InlineROM: 1
ExposeGlobal: 0
============================================================
+ Verbose Summary: CDFG Model
============================================================
IsTopModel: 0
ResetActiveHigh: 1
IsCombinational: 0
IsDatapathOnly: 0
HasWiredReturn: 1
HasMFsm: 2
HasVarLatency: 1
IsPipeline: 0
IsRtlPipelined: 0
IsInstanceOverlapped: 0
IsDontTouch: 0
HasImplIP: 0
IsGatedGlobalClock: 0

+ Individual pipeline summary: 
  * Pipeline-0: initiation interval (II) = 1, depth = 12


============================================================
+ Verbose Summary: Schedule
============================================================
* Number of FSM states : 12
* Pipeline : 1
  Pipeline-0 : II = 1, D = 12, States = { 1 2 3 4 5 6 7 8 9 10 11 12 }
* Dataflow Pipeline: 0

* FSM state transitions: 
1 --> 2 
2 --> 3 
3 --> 4 
4 --> 5 
5 --> 6 
6 --> 7 
7 --> 8 
8 --> 9 
9 --> 10 
10 --> 11 
11 --> 12 
12 --> 

* FSM state operations: 

State 1 <SV = 0> <Delay = 1.52>
ST_1 : Operation 15 [1/1] (0.00ns)   --->   "%sum_7 = alloca i32 1" [../cnn_gesture_hls.cpp:196->../cnn_gesture_hls.cpp:236]   --->   Operation 15 'alloca' 'sum_7' <Predicate = true> <Delay = 0.00>
ST_1 : Operation 16 [1/1] (0.00ns)   --->   "%i_1 = alloca i32 1" [../cnn_gesture_hls.cpp:197->../cnn_gesture_hls.cpp:236]   --->   Operation 16 'alloca' 'i_1' <Predicate = true> <Delay = 0.00>
ST_1 : Operation 17 [1/1] (0.00ns)   --->   "%max_v_1_reload_read = read i16 @_ssdm_op_Read.ap_auto.i16, i16 %max_v_1_reload"   --->   Operation 17 'read' 'max_v_1_reload_read' <Predicate = true> <Delay = 0.00>
ST_1 : Operation 18 [1/1] (0.00ns)   --->   "%sext_ln198_read = read i16 @_ssdm_op_Read.ap_auto.i16, i16 %sext_ln198"   --->   Operation 18 'read' 'sext_ln198_read' <Predicate = true> <Delay = 0.00>
ST_1 : Operation 19 [1/1] (0.00ns)   --->   "%sext_ln198_cast = sext i16 %sext_ln198_read"   --->   Operation 19 'sext' 'sext_ln198_cast' <Predicate = true> <Delay = 0.00>
ST_1 : Operation 20 [1/1] (0.42ns)   --->   "%store_ln197 = store i3 0, i3 %i_1" [../cnn_gesture_hls.cpp:197->../cnn_gesture_hls.cpp:236]   --->   Operation 20 'store' 'store_ln197' <Predicate = true> <Delay = 0.42>
ST_1 : Operation 21 [1/1] (0.42ns)   --->   "%store_ln196 = store i16 0, i16 %sum_7" [../cnn_gesture_hls.cpp:196->../cnn_gesture_hls.cpp:236]   --->   Operation 21 'store' 'store_ln196' <Predicate = true> <Delay = 0.42>
ST_1 : Operation 22 [1/1] (0.00ns)   --->   "%br_ln0 = br void %for.body8.i943"   --->   Operation 22 'br' 'br_ln0' <Predicate = true> <Delay = 0.00>
ST_1 : Operation 23 [1/1] (0.00ns)   --->   "%i = load i3 %i_1" [../cnn_gesture_hls.cpp:197->../cnn_gesture_hls.cpp:236]   --->   Operation 23 'load' 'i' <Predicate = true> <Delay = 0.00>
ST_1 : Operation 24 [1/1] (0.67ns)   --->   "%icmp_ln197 = icmp_eq  i3 %i, i3 6" [../cnn_gesture_hls.cpp:197->../cnn_gesture_hls.cpp:236]   --->   Operation 24 'icmp' 'icmp_ln197' <Predicate = true> <Delay = 0.67> <CoreInst = "Cmp">   --->   Core 9 'Cmp' <Latency = 0> <II = 1> <Delay = 0.67> <FuncUnit> <Opcode : 'seteq' 'setne' 'setle' 'setge' 'setlt' 'setgt'> <InPorts = 2> <OutPorts = 1>
ST_1 : Operation 25 [1/1] (0.67ns)   --->   "%add_ln197 = add i3 %i, i3 1" [../cnn_gesture_hls.cpp:197->../cnn_gesture_hls.cpp:236]   --->   Operation 25 'add' 'add_ln197' <Predicate = true> <Delay = 0.67> <CoreInst = "Adder">   --->   Core 1 'Adder' <Latency = 0> <II = 1> <Delay = 0.67> <FuncUnit> <Opcode : 'add' 'sub'> <InPorts = 2> <OutPorts = 1>
ST_1 : Operation 26 [1/1] (0.00ns)   --->   "%br_ln197 = br i1 %icmp_ln197, void %for.body8.i943.split_ifconv, void %for.body26.i.preheader.exitStub" [../cnn_gesture_hls.cpp:197->../cnn_gesture_hls.cpp:236]   --->   Operation 26 'br' 'br_ln197' <Predicate = true> <Delay = 0.00>
ST_1 : Operation 27 [1/1] (0.00ns)   --->   "%zext_ln197 = zext i3 %i" [../cnn_gesture_hls.cpp:197->../cnn_gesture_hls.cpp:236]   --->   Operation 27 'zext' 'zext_ln197' <Predicate = (!icmp_ln197)> <Delay = 0.00>
ST_1 : Operation 28 [1/1] (0.00ns)   --->   "%logits_addr = getelementptr i16 %logits, i64 0, i64 %zext_ln197" [../cnn_gesture_hls.cpp:198->../cnn_gesture_hls.cpp:236]   --->   Operation 28 'getelementptr' 'logits_addr' <Predicate = (!icmp_ln197)> <Delay = 0.00>
ST_1 : Operation 29 [2/2] (0.67ns)   --->   "%logits_load = load i3 %logits_addr" [../cnn_gesture_hls.cpp:198->../cnn_gesture_hls.cpp:236]   --->   Operation 29 'load' 'logits_load' <Predicate = (!icmp_ln197)> <Delay = 0.67> <CoreInst = "RAM">   --->   Core 82 'RAM' <Latency = 1> <II = 1> <Delay = 0.67> <Storage> <Opcode : 'load' 'store'> <Ports = 2> <Width = 16> <Depth = 6> <RAM>
ST_1 : Operation 30 [1/1] (0.42ns)   --->   "%store_ln197 = store i3 %add_ln197, i3 %i_1" [../cnn_gesture_hls.cpp:197->../cnn_gesture_hls.cpp:236]   --->   Operation 30 'store' 'store_ln197' <Predicate = (!icmp_ln197)> <Delay = 0.42>

State 2 <SV = 1> <Delay = 3.99>
ST_2 : Operation 31 [1/2] ( I:0.67ns O:0.67ns )   --->   "%logits_load = load i3 %logits_addr" [../cnn_gesture_hls.cpp:198->../cnn_gesture_hls.cpp:236]   --->   Operation 31 'load' 'logits_load' <Predicate = true> <Delay = 0.67> <CoreInst = "RAM">   --->   Core 82 'RAM' <Latency = 1> <II = 1> <Delay = 0.67> <Storage> <Opcode : 'load' 'store'> <Ports = 2> <Width = 16> <Depth = 6> <RAM>
ST_2 : Operation 32 [1/1] (0.00ns)   --->   "%sext_ln198_1 = sext i16 %logits_load" [../cnn_gesture_hls.cpp:198->../cnn_gesture_hls.cpp:236]   --->   Operation 32 'sext' 'sext_ln198_1' <Predicate = true> <Delay = 0.00>
ST_2 : Operation 33 [1/1] (0.85ns)   --->   "%sub_ln198 = sub i17 %sext_ln198_1, i17 %sext_ln198_cast" [../cnn_gesture_hls.cpp:198->../cnn_gesture_hls.cpp:236]   --->   Operation 33 'sub' 'sub_ln198' <Predicate = true> <Delay = 0.85> <CoreInst = "Adder">   --->   Core 1 'Adder' <Latency = 0> <II = 1> <Delay = 0.85> <FuncUnit> <Opcode : 'add' 'sub'> <InPorts = 2> <OutPorts = 1>
ST_2 : Operation 34 [1/1] (0.00ns)   --->   "%trunc_ln198 = trunc i17 %sub_ln198" [../cnn_gesture_hls.cpp:198->../cnn_gesture_hls.cpp:236]   --->   Operation 34 'trunc' 'trunc_ln198' <Predicate = true> <Delay = 0.00>
ST_2 : Operation 35 [1/1] (0.85ns)   --->   "%icmp_ln198 = icmp_eq  i16 %logits_load, i16 %max_v_1_reload_read" [../cnn_gesture_hls.cpp:198->../cnn_gesture_hls.cpp:236]   --->   Operation 35 'icmp' 'icmp_ln198' <Predicate = true> <Delay = 0.85> <CoreInst = "Cmp">   --->   Core 9 'Cmp' <Latency = 0> <II = 1> <Delay = 0.85> <FuncUnit> <Opcode : 'seteq' 'setne' 'setle' 'setge' 'setlt' 'setgt'> <InPorts = 2> <OutPorts = 1>
ST_2 : Operation 36 [1/1] (0.00ns)   --->   "%tmp = bitselect i1 @_ssdm_op_BitSelect.i1.i17.i32, i17 %sub_ln198, i32 16" [../cnn_gesture_hls.cpp:198->../cnn_gesture_hls.cpp:236]   --->   Operation 36 'bitselect' 'tmp' <Predicate = true> <Delay = 0.00>
ST_2 : Operation 37 [1/1] (0.85ns)   --->   "%sub_ln198_1 = sub i16 0, i16 %trunc_ln198" [../cnn_gesture_hls.cpp:198->../cnn_gesture_hls.cpp:236]   --->   Operation 37 'sub' 'sub_ln198_1' <Predicate = true> <Delay = 0.85> <CoreInst = "Adder">   --->   Core 1 'Adder' <Latency = 0> <II = 1> <Delay = 0.85> <FuncUnit> <Opcode : 'add' 'sub'> <InPorts = 2> <OutPorts = 1>
ST_2 : Operation 38 [1/1] (0.35ns)   --->   "%select_ln198 = select i1 %tmp, i16 %sub_ln198_1, i16 %trunc_ln198" [../cnn_gesture_hls.cpp:198->../cnn_gesture_hls.cpp:236]   --->   Operation 38 'select' 'select_ln198' <Predicate = true> <Delay = 0.35> <CoreInst = "Sel">   --->   Core 73 'Sel' <Latency = 0> <II = 1> <Delay = 0.35> <FuncUnit> <Opcode : 'select'> <InPorts = 3> <OutPorts = 1>
ST_2 : Operation 39 [1/1] (0.00ns)   --->   "%zext_ln198 = zext i16 %select_ln198" [../cnn_gesture_hls.cpp:198->../cnn_gesture_hls.cpp:236]   --->   Operation 39 'zext' 'zext_ln198' <Predicate = true> <Delay = 0.00>
ST_2 : Operation 40 [1/1] (0.46ns)   --->   "%tmp_50 = ctlz i17 @llvm.ctlz.i17, i17 %zext_ln198, i1 0" [../cnn_gesture_hls.cpp:198->../cnn_gesture_hls.cpp:236]   --->   Operation 40 'ctlz' 'tmp_50' <Predicate = true> <Delay = 0.46> <CoreInst = "ctlz">   --->   Core 145 'ctlz' <Latency = 0> <II = 1> <Delay = 0.46> <FuncUnit> <Opcode : 'ctlz'> <InPorts = 1> <OutPorts = 1>
ST_2 : Operation 41 [1/1] (0.00ns)   --->   "%trunc_ln198_1 = trunc i17 %tmp_50" [../cnn_gesture_hls.cpp:198->../cnn_gesture_hls.cpp:236]   --->   Operation 41 'trunc' 'trunc_ln198_1' <Predicate = true> <Delay = 0.00>
ST_2 : Operation 42 [1/1] (0.78ns)   --->   "%add_ln198 = add i5 %trunc_ln198_1, i5 8" [../cnn_gesture_hls.cpp:198->../cnn_gesture_hls.cpp:236]   --->   Operation 42 'add' 'add_ln198' <Predicate = true> <Delay = 0.78> <CoreInst = "Adder">   --->   Core 1 'Adder' <Latency = 0> <II = 1> <Delay = 0.78> <FuncUnit> <Opcode : 'add' 'sub'> <InPorts = 2> <OutPorts = 1>

State 3 <SV = 2> <Delay = 7.03>
ST_3 : Operation 43 [1/1] (0.00ns)   --->   "%zext_ln198_1 = zext i16 %select_ln198" [../cnn_gesture_hls.cpp:198->../cnn_gesture_hls.cpp:236]   --->   Operation 43 'zext' 'zext_ln198_1' <Predicate = (!icmp_ln198)> <Delay = 0.00>
ST_3 : Operation 44 [1/1] (0.00ns)   --->   "%zext_ln198_2 = zext i5 %add_ln198" [../cnn_gesture_hls.cpp:198->../cnn_gesture_hls.cpp:236]   --->   Operation 44 'zext' 'zext_ln198_2' <Predicate = (!icmp_ln198)> <Delay = 0.00>
ST_3 : Operation 45 [1/1] (0.90ns)   --->   "%shl_ln198 = shl i41 %zext_ln198_1, i41 %zext_ln198_2" [../cnn_gesture_hls.cpp:198->../cnn_gesture_hls.cpp:236]   --->   Operation 45 'shl' 'shl_ln198' <Predicate = (!icmp_ln198)> <Delay = 0.90> <CoreInst = "Shifter">   --->   Core 75 'Shifter' <Latency = 0> <II = 1> <Delay = 0.90> <FuncUnit> <Opcode : 'shl' 'lshr' 'ashr'> <InPorts = 2> <OutPorts = 1>
ST_3 : Operation 46 [1/1] (0.00ns)   --->   "%lshr_ln3 = partselect i40 @_ssdm_op_PartSelect.i40.i41.i32.i32, i41 %shl_ln198, i32 1, i32 40" [../cnn_gesture_hls.cpp:198->../cnn_gesture_hls.cpp:236]   --->   Operation 46 'partselect' 'lshr_ln3' <Predicate = (!icmp_ln198)> <Delay = 0.00>
ST_3 : Operation 47 [1/1] (0.00ns)   --->   "%zext_ln198_4 = zext i40 %lshr_ln3" [../cnn_gesture_hls.cpp:198->../cnn_gesture_hls.cpp:236]   --->   Operation 47 'zext' 'zext_ln198_4' <Predicate = (!icmp_ln198)> <Delay = 0.00>
ST_3 : Operation 48 [1/1] (0.00ns) (grouped into LUT with out node add_ln198_1)   --->   "%tmp_234 = bitselect i1 @_ssdm_op_BitSelect.i1.i41.i32, i41 %shl_ln198, i32 25" [../cnn_gesture_hls.cpp:198->../cnn_gesture_hls.cpp:236]   --->   Operation 48 'bitselect' 'tmp_234' <Predicate = (!icmp_ln198)> <Delay = 0.00>
ST_3 : Operation 49 [1/1] (0.00ns) (grouped into LUT with out node add_ln198_1)   --->   "%select_ln198_1 = select i1 %tmp_234, i8 127, i8 126" [../cnn_gesture_hls.cpp:198->../cnn_gesture_hls.cpp:236]   --->   Operation 49 'select' 'select_ln198_1' <Predicate = (!icmp_ln198)> <Delay = 0.00> <CoreInst = "Sel">   --->   Core 73 'Sel' <Latency = 0> <II = 1> <Delay = 0.39> <FuncUnit> <Opcode : 'select'> <InPorts = 3> <OutPorts = 1>
ST_3 : Operation 50 [1/1] (0.78ns)   --->   "%sub_ln198_2 = sub i5 7, i5 %trunc_ln198_1" [../cnn_gesture_hls.cpp:198->../cnn_gesture_hls.cpp:236]   --->   Operation 50 'sub' 'sub_ln198_2' <Predicate = (!icmp_ln198)> <Delay = 0.78> <CoreInst = "Adder">   --->   Core 1 'Adder' <Latency = 0> <II = 1> <Delay = 0.78> <FuncUnit> <Opcode : 'add' 'sub'> <InPorts = 2> <OutPorts = 1>
ST_3 : Operation 51 [1/1] (0.00ns) (grouped into LUT with out node add_ln198_1)   --->   "%sext_ln198_2 = sext i5 %sub_ln198_2" [../cnn_gesture_hls.cpp:198->../cnn_gesture_hls.cpp:236]   --->   Operation 51 'sext' 'sext_ln198_2' <Predicate = (!icmp_ln198)> <Delay = 0.00>
ST_3 : Operation 52 [1/1] (0.76ns) (out node of the LUT)   --->   "%add_ln198_1 = add i8 %sext_ln198_2, i8 %select_ln198_1" [../cnn_gesture_hls.cpp:198->../cnn_gesture_hls.cpp:236]   --->   Operation 52 'add' 'add_ln198_1' <Predicate = (!icmp_ln198)> <Delay = 0.76> <CoreInst = "Adder">   --->   Core 1 'Adder' <Latency = 0> <II = 1> <Delay = 0.76> <FuncUnit> <Opcode : 'add' 'sub'> <InPorts = 2> <OutPorts = 1>
ST_3 : Operation 53 [1/1] (0.00ns)   --->   "%tmp_52 = bitconcatenate i9 @_ssdm_op_BitConcatenate.i9.i1.i8, i1 %tmp, i8 %add_ln198_1" [../cnn_gesture_hls.cpp:198->../cnn_gesture_hls.cpp:236]   --->   Operation 53 'bitconcatenate' 'tmp_52' <Predicate = (!icmp_ln198)> <Delay = 0.00>
ST_3 : Operation 54 [1/1] (0.00ns)   --->   "%pi_assign = partset i64 @_ssdm_op_PartSet.i64.i64.i9.i32.i32, i64 %zext_ln198_4, i9 %tmp_52, i32 23, i32 31" [../cnn_gesture_hls.cpp:198->../cnn_gesture_hls.cpp:236]   --->   Operation 54 'partset' 'pi_assign' <Predicate = (!icmp_ln198)> <Delay = 0.00>
ST_3 : Operation 55 [1/1] (0.00ns)   --->   "%LD = trunc i64 %pi_assign" [../cnn_gesture_hls.cpp:198->../cnn_gesture_hls.cpp:236]   --->   Operation 55 'trunc' 'LD' <Predicate = (!icmp_ln198)> <Delay = 0.00>
ST_3 : Operation 56 [1/1] (0.00ns)   --->   "%bitcast_ln768 = bitcast i32 %LD" [../cnn_gesture_hls.cpp:198->../cnn_gesture_hls.cpp:236]   --->   Operation 56 'bitcast' 'bitcast_ln768' <Predicate = (!icmp_ln198)> <Delay = 0.00>
ST_3 : Operation 57 [1/1] (0.44ns)   --->   "%x_assign = select i1 %icmp_ln198, i32 0, i32 %bitcast_ln768" [../cnn_gesture_hls.cpp:198->../cnn_gesture_hls.cpp:236]   --->   Operation 57 'select' 'x_assign' <Predicate = true> <Delay = 0.44> <CoreInst = "Sel">   --->   Core 73 'Sel' <Latency = 0> <II = 1> <Delay = 0.44> <FuncUnit> <Opcode : 'select'> <InPorts = 3> <OutPorts = 1>
ST_3 : Operation 58 [8/8] (4.91ns)   --->   "%tmp_58 = fexp i32 @llvm.exp.f32, i32 %x_assign" [C:\scratch\2025.2\hls_product\665\2025.2\src\shared\hls\clib\hlsmath\src\common\hls_exp_float.cpp:17->C:\scratch\2025.2\hls_product\665\2025.2\src\shared\hls\clib\hlsmath\src\c++\expfloat.cpp:17->../cnn_gesture_hls.cpp:198->../cnn_gesture_hls.cpp:236]   --->   Operation 58 'fexp' 'tmp_58' <Predicate = true> <Delay = 4.91> <CoreInst = "FExp_fulldsp">   --->   Core 23 'FExp_fulldsp' <Latency = 7> <II = 1> <Delay = 4.91> <FuncUnit> <Opcode : 'fexp'> <InPorts = 1> <OutPorts = 1>

State 4 <SV = 3> <Delay = 4.91>
ST_4 : Operation 59 [7/8] (4.91ns)   --->   "%tmp_58 = fexp i32 @llvm.exp.f32, i32 %x_assign" [C:\scratch\2025.2\hls_product\665\2025.2\src\shared\hls\clib\hlsmath\src\common\hls_exp_float.cpp:17->C:\scratch\2025.2\hls_product\665\2025.2\src\shared\hls\clib\hlsmath\src\c++\expfloat.cpp:17->../cnn_gesture_hls.cpp:198->../cnn_gesture_hls.cpp:236]   --->   Operation 59 'fexp' 'tmp_58' <Predicate = true> <Delay = 4.91> <CoreInst = "FExp_fulldsp">   --->   Core 23 'FExp_fulldsp' <Latency = 7> <II = 1> <Delay = 4.91> <FuncUnit> <Opcode : 'fexp'> <InPorts = 1> <OutPorts = 1>

State 5 <SV = 4> <Delay = 4.91>
ST_5 : Operation 60 [6/8] (4.91ns)   --->   "%tmp_58 = fexp i32 @llvm.exp.f32, i32 %x_assign" [C:\scratch\2025.2\hls_product\665\2025.2\src\shared\hls\clib\hlsmath\src\common\hls_exp_float.cpp:17->C:\scratch\2025.2\hls_product\665\2025.2\src\shared\hls\clib\hlsmath\src\c++\expfloat.cpp:17->../cnn_gesture_hls.cpp:198->../cnn_gesture_hls.cpp:236]   --->   Operation 60 'fexp' 'tmp_58' <Predicate = true> <Delay = 4.91> <CoreInst = "FExp_fulldsp">   --->   Core 23 'FExp_fulldsp' <Latency = 7> <II = 1> <Delay = 4.91> <FuncUnit> <Opcode : 'fexp'> <InPorts = 1> <OutPorts = 1>

State 6 <SV = 5> <Delay = 4.91>
ST_6 : Operation 61 [5/8] (4.91ns)   --->   "%tmp_58 = fexp i32 @llvm.exp.f32, i32 %x_assign" [C:\scratch\2025.2\hls_product\665\2025.2\src\shared\hls\clib\hlsmath\src\common\hls_exp_float.cpp:17->C:\scratch\2025.2\hls_product\665\2025.2\src\shared\hls\clib\hlsmath\src\c++\expfloat.cpp:17->../cnn_gesture_hls.cpp:198->../cnn_gesture_hls.cpp:236]   --->   Operation 61 'fexp' 'tmp_58' <Predicate = true> <Delay = 4.91> <CoreInst = "FExp_fulldsp">   --->   Core 23 'FExp_fulldsp' <Latency = 7> <II = 1> <Delay = 4.91> <FuncUnit> <Opcode : 'fexp'> <InPorts = 1> <OutPorts = 1>

State 7 <SV = 6> <Delay = 4.91>
ST_7 : Operation 62 [4/8] (4.91ns)   --->   "%tmp_58 = fexp i32 @llvm.exp.f32, i32 %x_assign" [C:\scratch\2025.2\hls_product\665\2025.2\src\shared\hls\clib\hlsmath\src\common\hls_exp_float.cpp:17->C:\scratch\2025.2\hls_product\665\2025.2\src\shared\hls\clib\hlsmath\src\c++\expfloat.cpp:17->../cnn_gesture_hls.cpp:198->../cnn_gesture_hls.cpp:236]   --->   Operation 62 'fexp' 'tmp_58' <Predicate = true> <Delay = 4.91> <CoreInst = "FExp_fulldsp">   --->   Core 23 'FExp_fulldsp' <Latency = 7> <II = 1> <Delay = 4.91> <FuncUnit> <Opcode : 'fexp'> <InPorts = 1> <OutPorts = 1>

State 8 <SV = 7> <Delay = 4.91>
ST_8 : Operation 63 [3/8] (4.91ns)   --->   "%tmp_58 = fexp i32 @llvm.exp.f32, i32 %x_assign" [C:\scratch\2025.2\hls_product\665\2025.2\src\shared\hls\clib\hlsmath\src\common\hls_exp_float.cpp:17->C:\scratch\2025.2\hls_product\665\2025.2\src\shared\hls\clib\hlsmath\src\c++\expfloat.cpp:17->../cnn_gesture_hls.cpp:198->../cnn_gesture_hls.cpp:236]   --->   Operation 63 'fexp' 'tmp_58' <Predicate = true> <Delay = 4.91> <CoreInst = "FExp_fulldsp">   --->   Core 23 'FExp_fulldsp' <Latency = 7> <II = 1> <Delay = 4.91> <FuncUnit> <Opcode : 'fexp'> <InPorts = 1> <OutPorts = 1>

State 9 <SV = 8> <Delay = 4.91>
ST_9 : Operation 64 [2/8] (4.91ns)   --->   "%tmp_58 = fexp i32 @llvm.exp.f32, i32 %x_assign" [C:\scratch\2025.2\hls_product\665\2025.2\src\shared\hls\clib\hlsmath\src\common\hls_exp_float.cpp:17->C:\scratch\2025.2\hls_product\665\2025.2\src\shared\hls\clib\hlsmath\src\c++\expfloat.cpp:17->../cnn_gesture_hls.cpp:198->../cnn_gesture_hls.cpp:236]   --->   Operation 64 'fexp' 'tmp_58' <Predicate = true> <Delay = 4.91> <CoreInst = "FExp_fulldsp">   --->   Core 23 'FExp_fulldsp' <Latency = 7> <II = 1> <Delay = 4.91> <FuncUnit> <Opcode : 'fexp'> <InPorts = 1> <OutPorts = 1>

State 10 <SV = 9> <Delay = 7.22>
ST_10 : Operation 65 [1/8] (4.91ns)   --->   "%tmp_58 = fexp i32 @llvm.exp.f32, i32 %x_assign" [C:\scratch\2025.2\hls_product\665\2025.2\src\shared\hls\clib\hlsmath\src\common\hls_exp_float.cpp:17->C:\scratch\2025.2\hls_product\665\2025.2\src\shared\hls\clib\hlsmath\src\c++\expfloat.cpp:17->../cnn_gesture_hls.cpp:198->../cnn_gesture_hls.cpp:236]   --->   Operation 65 'fexp' 'tmp_58' <Predicate = true> <Delay = 4.91> <CoreInst = "FExp_fulldsp">   --->   Core 23 'FExp_fulldsp' <Latency = 7> <II = 1> <Delay = 4.91> <FuncUnit> <Opcode : 'fexp'> <InPorts = 1> <OutPorts = 1>
ST_10 : Operation 66 [2/2] (2.30ns)   --->   "%pf = fpext i32 %tmp_58" [../cnn_gesture_hls.cpp:198->../cnn_gesture_hls.cpp:236]   --->   Operation 66 'fpext' 'pf' <Predicate = true> <Delay = 2.30> <CoreInst = "Float2Double">   --->   Core 64 'Float2Double' <Latency = 1> <II = 1> <Delay = 2.30> <FuncUnit> <Opcode : 'fpext'> <InPorts = 1> <OutPorts = 1>

State 11 <SV = 10> <Delay = 6.65>
ST_11 : Operation 67 [1/2] (2.30ns)   --->   "%pf = fpext i32 %tmp_58" [../cnn_gesture_hls.cpp:198->../cnn_gesture_hls.cpp:236]   --->   Operation 67 'fpext' 'pf' <Predicate = true> <Delay = 2.30> <CoreInst = "Float2Double">   --->   Core 64 'Float2Double' <Latency = 1> <II = 1> <Delay = 2.30> <FuncUnit> <Opcode : 'fpext'> <InPorts = 1> <OutPorts = 1>
ST_11 : Operation 68 [1/1] (0.00ns)   --->   "%bitcast_ln726_17 = bitcast i64 %pf" [../cnn_gesture_hls.cpp:198->../cnn_gesture_hls.cpp:236]   --->   Operation 68 'bitcast' 'bitcast_ln726_17' <Predicate = true> <Delay = 0.00>
ST_11 : Operation 69 [1/1] (0.00ns)   --->   "%trunc_ln198_2 = trunc i64 %bitcast_ln726_17" [../cnn_gesture_hls.cpp:198->../cnn_gesture_hls.cpp:236]   --->   Operation 69 'trunc' 'trunc_ln198_2' <Predicate = true> <Delay = 0.00>
ST_11 : Operation 70 [1/1] (0.00ns)   --->   "%tmp_235 = bitselect i1 @_ssdm_op_BitSelect.i1.i64.i32, i64 %bitcast_ln726_17, i32 63" [../cnn_gesture_hls.cpp:198->../cnn_gesture_hls.cpp:236]   --->   Operation 70 'bitselect' 'tmp_235' <Predicate = true> <Delay = 0.00>
ST_11 : Operation 71 [1/1] (0.00ns)   --->   "%tmp_60 = partselect i11 @_ssdm_op_PartSelect.i11.i64.i32, i64 %bitcast_ln726_17, i32 52" [../cnn_gesture_hls.cpp:198->../cnn_gesture_hls.cpp:236]   --->   Operation 71 'partselect' 'tmp_60' <Predicate = true> <Delay = 0.00>
ST_11 : Operation 72 [1/1] (0.00ns)   --->   "%zext_ln198_3 = zext i11 %tmp_60" [../cnn_gesture_hls.cpp:198->../cnn_gesture_hls.cpp:236]   --->   Operation 72 'zext' 'zext_ln198_3' <Predicate = true> <Delay = 0.00>
ST_11 : Operation 73 [1/1] (0.00ns)   --->   "%trunc_ln198_3 = trunc i64 %bitcast_ln726_17" [../cnn_gesture_hls.cpp:198->../cnn_gesture_hls.cpp:236]   --->   Operation 73 'trunc' 'trunc_ln198_3' <Predicate = true> <Delay = 0.00>
ST_11 : Operation 74 [1/1] (0.00ns)   --->   "%zext_ln198_6_cast = bitconcatenate i53 @_ssdm_op_BitConcatenate.i53.i1.i52, i1 1, i52 %trunc_ln198_3" [../cnn_gesture_hls.cpp:198->../cnn_gesture_hls.cpp:236]   --->   Operation 74 'bitconcatenate' 'zext_ln198_6_cast' <Predicate = true> <Delay = 0.00>
ST_11 : Operation 75 [1/1] (0.00ns)   --->   "%zext_ln198_6 = zext i53 %zext_ln198_6_cast" [../cnn_gesture_hls.cpp:198->../cnn_gesture_hls.cpp:236]   --->   Operation 75 'zext' 'zext_ln198_6' <Predicate = true> <Delay = 0.00>
ST_11 : Operation 76 [1/1] (1.10ns)   --->   "%sub_ln198_3 = sub i54 0, i54 %zext_ln198_6" [../cnn_gesture_hls.cpp:198->../cnn_gesture_hls.cpp:236]   --->   Operation 76 'sub' 'sub_ln198_3' <Predicate = true> <Delay = 1.10> <CoreInst = "Adder">   --->   Core 1 'Adder' <Latency = 0> <II = 1> <Delay = 1.10> <FuncUnit> <Opcode : 'add' 'sub'> <InPorts = 2> <OutPorts = 1>
ST_11 : Operation 77 [1/1] (0.40ns)   --->   "%select_ln198_2 = select i1 %tmp_235, i54 %sub_ln198_3, i54 %zext_ln198_6" [../cnn_gesture_hls.cpp:198->../cnn_gesture_hls.cpp:236]   --->   Operation 77 'select' 'select_ln198_2' <Predicate = true> <Delay = 0.40> <CoreInst = "Sel">   --->   Core 73 'Sel' <Latency = 0> <II = 1> <Delay = 0.40> <FuncUnit> <Opcode : 'select'> <InPorts = 3> <OutPorts = 1>
ST_11 : Operation 78 [1/1] (1.08ns)   --->   "%icmp_ln198_1 = icmp_eq  i63 %trunc_ln198_2, i63 0" [../cnn_gesture_hls.cpp:198->../cnn_gesture_hls.cpp:236]   --->   Operation 78 'icmp' 'icmp_ln198_1' <Predicate = true> <Delay = 1.08> <CoreInst = "Cmp">   --->   Core 9 'Cmp' <Latency = 0> <II = 1> <Delay = 1.08> <FuncUnit> <Opcode : 'seteq' 'setne' 'setle' 'setge' 'setlt' 'setgt'> <InPorts = 2> <OutPorts = 1>
ST_11 : Operation 79 [1/1] (0.80ns)   --->   "%sub_ln198_4 = sub i12 1075, i12 %zext_ln198_3" [../cnn_gesture_hls.cpp:198->../cnn_gesture_hls.cpp:236]   --->   Operation 79 'sub' 'sub_ln198_4' <Predicate = true> <Delay = 0.80> <CoreInst = "Adder">   --->   Core 1 'Adder' <Latency = 0> <II = 1> <Delay = 0.80> <FuncUnit> <Opcode : 'add' 'sub'> <InPorts = 2> <OutPorts = 1>
ST_11 : Operation 80 [1/1] (0.00ns)   --->   "%trunc_ln198_4 = trunc i12 %sub_ln198_4" [../cnn_gesture_hls.cpp:198->../cnn_gesture_hls.cpp:236]   --->   Operation 80 'trunc' 'trunc_ln198_4' <Predicate = true> <Delay = 0.00>
ST_11 : Operation 81 [1/1] (0.80ns)   --->   "%icmp_ln198_2 = icmp_sgt  i12 %sub_ln198_4, i12 10" [../cnn_gesture_hls.cpp:198->../cnn_gesture_hls.cpp:236]   --->   Operation 81 'icmp' 'icmp_ln198_2' <Predicate = true> <Delay = 0.80> <CoreInst = "Cmp">   --->   Core 9 'Cmp' <Latency = 0> <II = 1> <Delay = 0.80> <FuncUnit> <Opcode : 'seteq' 'setne' 'setle' 'setge' 'setlt' 'setgt'> <InPorts = 2> <OutPorts = 1>
ST_11 : Operation 82 [1/1] (0.79ns)   --->   "%add_ln198_2 = add i11 %trunc_ln198_4, i11 2038" [../cnn_gesture_hls.cpp:198->../cnn_gesture_hls.cpp:236]   --->   Operation 82 'add' 'add_ln198_2' <Predicate = true> <Delay = 0.79> <CoreInst = "Adder">   --->   Core 1 'Adder' <Latency = 0> <II = 1> <Delay = 0.79> <FuncUnit> <Opcode : 'add' 'sub'> <InPorts = 2> <OutPorts = 1>
ST_11 : Operation 83 [1/1] (0.79ns)   --->   "%sub_ln198_5 = sub i11 10, i11 %trunc_ln198_4" [../cnn_gesture_hls.cpp:198->../cnn_gesture_hls.cpp:236]   --->   Operation 83 'sub' 'sub_ln198_5' <Predicate = true> <Delay = 0.79> <CoreInst = "Adder">   --->   Core 1 'Adder' <Latency = 0> <II = 1> <Delay = 0.79> <FuncUnit> <Opcode : 'add' 'sub'> <InPorts = 2> <OutPorts = 1>
ST_11 : Operation 84 [1/1] (0.38ns)   --->   "%select_ln198_3 = select i1 %icmp_ln198_2, i11 %add_ln198_2, i11 %sub_ln198_5" [../cnn_gesture_hls.cpp:198->../cnn_gesture_hls.cpp:236]   --->   Operation 84 'select' 'select_ln198_3' <Predicate = true> <Delay = 0.38> <CoreInst = "Sel">   --->   Core 73 'Sel' <Latency = 0> <II = 1> <Delay = 0.38> <FuncUnit> <Opcode : 'select'> <InPorts = 3> <OutPorts = 1>
ST_11 : Operation 85 [1/1] (0.80ns)   --->   "%icmp_ln198_3 = icmp_eq  i12 %sub_ln198_4, i12 10" [../cnn_gesture_hls.cpp:198->../cnn_gesture_hls.cpp:236]   --->   Operation 85 'icmp' 'icmp_ln198_3' <Predicate = true> <Delay = 0.80> <CoreInst = "Cmp">   --->   Core 9 'Cmp' <Latency = 0> <II = 1> <Delay = 0.80> <FuncUnit> <Opcode : 'seteq' 'setne' 'setle' 'setge' 'setlt' 'setgt'> <InPorts = 2> <OutPorts = 1>
ST_11 : Operation 86 [1/1] (0.00ns)   --->   "%trunc_ln198_5 = trunc i54 %select_ln198_2" [../cnn_gesture_hls.cpp:198->../cnn_gesture_hls.cpp:236]   --->   Operation 86 'trunc' 'trunc_ln198_5' <Predicate = true> <Delay = 0.00>
ST_11 : Operation 87 [1/1] (0.79ns)   --->   "%icmp_ln198_4 = icmp_ult  i11 %select_ln198_3, i11 54" [../cnn_gesture_hls.cpp:198->../cnn_gesture_hls.cpp:236]   --->   Operation 87 'icmp' 'icmp_ln198_4' <Predicate = true> <Delay = 0.79> <CoreInst = "Cmp">   --->   Core 9 'Cmp' <Latency = 0> <II = 1> <Delay = 0.79> <FuncUnit> <Opcode : 'seteq' 'setne' 'setle' 'setge' 'setlt' 'setgt'> <InPorts = 2> <OutPorts = 1>
ST_11 : Operation 88 [1/1] (0.00ns) (grouped into LUT with out node select_ln198_4)   --->   "%select_ln198_6 = select i1 %tmp_235, i16 65535, i16 0" [../cnn_gesture_hls.cpp:198->../cnn_gesture_hls.cpp:236]   --->   Operation 88 'select' 'select_ln198_6' <Predicate = true> <Delay = 0.00> <CoreInst = "Sel">   --->   Core 73 'Sel' <Latency = 0> <II = 1> <Delay = 0.17> <FuncUnit> <Opcode : 'select'> <InPorts = 3> <OutPorts = 1>
ST_11 : Operation 89 [1/1] (0.00ns)   --->   "%zext_ln198_5 = zext i11 %select_ln198_3" [../cnn_gesture_hls.cpp:198->../cnn_gesture_hls.cpp:236]   --->   Operation 89 'zext' 'zext_ln198_5' <Predicate = true> <Delay = 0.00>
ST_11 : Operation 90 [1/1] (1.50ns)   --->   "%ashr_ln198 = ashr i54 %select_ln198_2, i54 %zext_ln198_5" [../cnn_gesture_hls.cpp:198->../cnn_gesture_hls.cpp:236]   --->   Operation 90 'ashr' 'ashr_ln198' <Predicate = true> <Delay = 1.50> <CoreInst = "Shifter">   --->   Core 75 'Shifter' <Latency = 0> <II = 1> <Delay = 1.50> <FuncUnit> <Opcode : 'shl' 'lshr' 'ashr'> <InPorts = 2> <OutPorts = 1>
ST_11 : Operation 91 [1/1] (0.00ns) (grouped into LUT with out node select_ln198_4)   --->   "%trunc_ln198_6 = trunc i54 %ashr_ln198" [../cnn_gesture_hls.cpp:198->../cnn_gesture_hls.cpp:236]   --->   Operation 91 'trunc' 'trunc_ln198_6' <Predicate = true> <Delay = 0.00>
ST_11 : Operation 92 [1/1] (0.35ns) (out node of the LUT)   --->   "%select_ln198_4 = select i1 %icmp_ln198_4, i16 %trunc_ln198_6, i16 %select_ln198_6" [../cnn_gesture_hls.cpp:198->../cnn_gesture_hls.cpp:236]   --->   Operation 92 'select' 'select_ln198_4' <Predicate = true> <Delay = 0.35> <CoreInst = "Sel">   --->   Core 73 'Sel' <Latency = 0> <II = 1> <Delay = 0.35> <FuncUnit> <Opcode : 'select'> <InPorts = 3> <OutPorts = 1>
ST_11 : Operation 93 [1/1] (0.00ns)   --->   "%tmp_236 = partselect i7 @_ssdm_op_PartSelect.i7.i11.i32.i32, i11 %select_ln198_3, i32 4, i32 10" [../cnn_gesture_hls.cpp:198->../cnn_gesture_hls.cpp:236]   --->   Operation 93 'partselect' 'tmp_236' <Predicate = true> <Delay = 0.00>
ST_11 : Operation 94 [1/1] (0.77ns)   --->   "%icmp_ln198_5 = icmp_eq  i7 %tmp_236, i7 0" [../cnn_gesture_hls.cpp:198->../cnn_gesture_hls.cpp:236]   --->   Operation 94 'icmp' 'icmp_ln198_5' <Predicate = true> <Delay = 0.77> <CoreInst = "Cmp">   --->   Core 9 'Cmp' <Latency = 0> <II = 1> <Delay = 0.77> <FuncUnit> <Opcode : 'seteq' 'setne' 'setle' 'setge' 'setlt' 'setgt'> <InPorts = 2> <OutPorts = 1>
ST_11 : Operation 95 [1/1] (0.00ns)   --->   "%select_ln198_3cast = zext i11 %select_ln198_3" [../cnn_gesture_hls.cpp:198->../cnn_gesture_hls.cpp:236]   --->   Operation 95 'zext' 'select_ln198_3cast' <Predicate = true> <Delay = 0.00>
ST_11 : Operation 96 [1/1] (0.90ns)   --->   "%shl_ln198_1 = shl i16 %trunc_ln198_5, i16 %select_ln198_3cast" [../cnn_gesture_hls.cpp:198->../cnn_gesture_hls.cpp:236]   --->   Operation 96 'shl' 'shl_ln198_1' <Predicate = true> <Delay = 0.90> <CoreInst = "Shifter">   --->   Core 75 'Shifter' <Latency = 0> <II = 1> <Delay = 0.90> <FuncUnit> <Opcode : 'shl' 'lshr' 'ashr'> <InPorts = 2> <OutPorts = 1>
ST_11 : Operation 97 [1/1] (0.35ns)   --->   "%select_ln198_5 = select i1 %icmp_ln198_5, i16 %shl_ln198_1, i16 0" [../cnn_gesture_hls.cpp:198->../cnn_gesture_hls.cpp:236]   --->   Operation 97 'select' 'select_ln198_5' <Predicate = true> <Delay = 0.35> <CoreInst = "Sel">   --->   Core 73 'Sel' <Latency = 0> <II = 1> <Delay = 0.35> <FuncUnit> <Opcode : 'select'> <InPorts = 3> <OutPorts = 1>
ST_11 : Operation 98 [1/1] (0.00ns) (grouped into LUT with out node and_ln198)   --->   "%xor_ln198 = xor i1 %icmp_ln198_1, i1 1" [../cnn_gesture_hls.cpp:198->../cnn_gesture_hls.cpp:236]   --->   Operation 98 'xor' 'xor_ln198' <Predicate = true> <Delay = 0.00> <CoreInst = "LogicGate">   --->   Core 74 'LogicGate' <Latency = 0> <II = 1> <Delay = 0.28> <FuncUnit> <Opcode : 'and' 'or' 'xor'> <InPorts = 2> <OutPorts = 1>
ST_11 : Operation 99 [1/1] (0.28ns) (out node of the LUT)   --->   "%and_ln198 = and i1 %icmp_ln198_3, i1 %xor_ln198" [../cnn_gesture_hls.cpp:198->../cnn_gesture_hls.cpp:236]   --->   Operation 99 'and' 'and_ln198' <Predicate = true> <Delay = 0.28> <CoreInst = "LogicGate">   --->   Core 74 'LogicGate' <Latency = 0> <II = 1> <Delay = 0.28> <FuncUnit> <Opcode : 'and' 'or' 'xor'> <InPorts = 2> <OutPorts = 1>
ST_11 : Operation 100 [1/1] (0.00ns) (grouped into LUT with out node and_ln198_1)   --->   "%or_ln198 = or i1 %icmp_ln198_1, i1 %icmp_ln198_3" [../cnn_gesture_hls.cpp:198->../cnn_gesture_hls.cpp:236]   --->   Operation 100 'or' 'or_ln198' <Predicate = true> <Delay = 0.00> <CoreInst = "LogicGate">   --->   Core 74 'LogicGate' <Latency = 0> <II = 1> <Delay = 0.28> <FuncUnit> <Opcode : 'and' 'or' 'xor'> <InPorts = 2> <OutPorts = 1>
ST_11 : Operation 101 [1/1] (0.00ns) (grouped into LUT with out node and_ln198_1)   --->   "%xor_ln198_1 = xor i1 %or_ln198, i1 1" [../cnn_gesture_hls.cpp:198->../cnn_gesture_hls.cpp:236]   --->   Operation 101 'xor' 'xor_ln198_1' <Predicate = true> <Delay = 0.00> <CoreInst = "LogicGate">   --->   Core 74 'LogicGate' <Latency = 0> <II = 1> <Delay = 0.28> <FuncUnit> <Opcode : 'and' 'or' 'xor'> <InPorts = 2> <OutPorts = 1>
ST_11 : Operation 102 [1/1] (0.28ns) (out node of the LUT)   --->   "%and_ln198_1 = and i1 %icmp_ln198_2, i1 %xor_ln198_1" [../cnn_gesture_hls.cpp:198->../cnn_gesture_hls.cpp:236]   --->   Operation 102 'and' 'and_ln198_1' <Predicate = true> <Delay = 0.28> <CoreInst = "LogicGate">   --->   Core 74 'LogicGate' <Latency = 0> <II = 1> <Delay = 0.28> <FuncUnit> <Opcode : 'and' 'or' 'xor'> <InPorts = 2> <OutPorts = 1>
ST_11 : Operation 103 [1/1] (0.00ns)   --->   "%sel_tmp = bitconcatenate i3 @_ssdm_op_BitConcatenate.i3.i1.i1.i1, i1 %icmp_ln198_1, i1 %and_ln198, i1 %and_ln198_1" [../cnn_gesture_hls.cpp:198->../cnn_gesture_hls.cpp:236]   --->   Operation 103 'bitconcatenate' 'sel_tmp' <Predicate = true> <Delay = 0.00>
ST_11 : Operation 104 [1/1] (0.47ns)   --->   "%storemerge4_i = sparsemux i16 @_ssdm_op_SparseMux.ap_auto.4i16.i16.i3, i3 4, i16 0, i3 2, i16 %trunc_ln198_5, i3 1, i16 %select_ln198_4, i3 0, i16 %select_ln198_5, i16 0, i3 %sel_tmp" [../cnn_gesture_hls.cpp:198->../cnn_gesture_hls.cpp:236]   --->   Operation 104 'sparsemux' 'storemerge4_i' <Predicate = true> <Delay = 0.47> <CoreInst = "OneHotSparseMux_HasDef">   --->   Core 152 'OneHotSparseMux_HasDef' <Latency = 0> <II = 1> <Delay = 0.47> <FuncUnit> <Opcode : 'sparsemux'> <InPorts = 2> <OutPorts = 1>
ST_11 : Operation 114 [1/1] (0.00ns)   --->   "%sum_7_load_1 = load i16 %sum_7"   --->   Operation 114 'load' 'sum_7_load_1' <Predicate = (icmp_ln197)> <Delay = 0.00>
ST_11 : Operation 115 [1/1] (0.00ns)   --->   "%write_ln0 = write void @_ssdm_op_Write.ap_auto.i16P0A, i16 %sum_7_out, i16 %sum_7_load_1"   --->   Operation 115 'write' 'write_ln0' <Predicate = (icmp_ln197)> <Delay = 0.00>
ST_11 : Operation 116 [1/1] (0.42ns)   --->   "%ret_ln0 = ret"   --->   Operation 116 'ret' 'ret_ln0' <Predicate = (icmp_ln197)> <Delay = 0.42>

State 12 <SV = 11> <Delay = 1.28>
ST_12 : Operation 105 [1/1] (0.00ns)   --->   "%sum_7_load = load i16 %sum_7" [../cnn_gesture_hls.cpp:199->../cnn_gesture_hls.cpp:236]   --->   Operation 105 'load' 'sum_7_load' <Predicate = true> <Delay = 0.00>
ST_12 : Operation 106 [1/1] (0.00ns)   --->   "%specpipeline_ln196 = specpipeline void @_ssdm_op_SpecPipeline, i32 4294967295, i32 0, i32 0, i32 0, i32 4294967295, void @empty_10" [../cnn_gesture_hls.cpp:196->../cnn_gesture_hls.cpp:236]   --->   Operation 106 'specpipeline' 'specpipeline_ln196' <Predicate = true> <Delay = 0.00>
ST_12 : Operation 107 [1/1] (0.00ns)   --->   "%speclooptripcount_ln196 = speclooptripcount void @_ssdm_op_SpecLoopTripCount, i64 6, i64 6, i64 6" [../cnn_gesture_hls.cpp:196->../cnn_gesture_hls.cpp:236]   --->   Operation 107 'speclooptripcount' 'speclooptripcount_ln196' <Predicate = true> <Delay = 0.00>
ST_12 : Operation 108 [1/1] (0.00ns)   --->   "%specloopname_ln197 = specloopname void @_ssdm_op_SpecLoopName, void @empty_0" [../cnn_gesture_hls.cpp:197->../cnn_gesture_hls.cpp:236]   --->   Operation 108 'specloopname' 'specloopname_ln197' <Predicate = true> <Delay = 0.00>
ST_12 : Operation 109 [1/1] (0.00ns)   --->   "%exps_addr = getelementptr i16 %exps, i64 0, i64 %zext_ln197" [../cnn_gesture_hls.cpp:198->../cnn_gesture_hls.cpp:236]   --->   Operation 109 'getelementptr' 'exps_addr' <Predicate = true> <Delay = 0.00>
ST_12 : Operation 110 [1/1] ( I:0.67ns O:0.67ns )   --->   "%store_ln198 = store i16 %storemerge4_i, i3 %exps_addr" [../cnn_gesture_hls.cpp:198->../cnn_gesture_hls.cpp:236]   --->   Operation 110 'store' 'store_ln198' <Predicate = true> <Delay = 0.67> <CoreInst = "RAM">   --->   Core 82 'RAM' <Latency = 1> <II = 1> <Delay = 0.67> <Storage> <Opcode : 'load' 'store'> <Ports = 2> <Width = 16> <Depth = 6> <RAM>
ST_12 : Operation 111 [1/1] (0.85ns)   --->   "%sum = add i16 %storemerge4_i, i16 %sum_7_load" [../cnn_gesture_hls.cpp:199->../cnn_gesture_hls.cpp:236]   --->   Operation 111 'add' 'sum' <Predicate = true> <Delay = 0.85> <CoreInst = "Adder">   --->   Core 1 'Adder' <Latency = 0> <II = 1> <Delay = 0.85> <FuncUnit> <Opcode : 'add' 'sub'> <InPorts = 2> <OutPorts = 1>
ST_12 : Operation 112 [1/1] (0.42ns)   --->   "%store_ln196 = store i16 %sum, i16 %sum_7" [../cnn_gesture_hls.cpp:196->../cnn_gesture_hls.cpp:236]   --->   Operation 112 'store' 'store_ln196' <Predicate = true> <Delay = 0.42>
ST_12 : Operation 113 [1/1] (0.00ns)   --->   "%br_ln197 = br void %for.body8.i943" [../cnn_gesture_hls.cpp:197->../cnn_gesture_hls.cpp:236]   --->   Operation 113 'br' 'br_ln197' <Predicate = true> <Delay = 0.00>


============================================================
+ Verbose Summary: Timing violations
============================================================
Target clock period: 10.000ns, clock uncertainty: 2.700ns.

 <State 1>: 1.527ns
The critical path consists of the following:
	'store' operation ('store_ln197', ../cnn_gesture_hls.cpp:197->../cnn_gesture_hls.cpp:236) of constant 0 3 bit on local variable 'i', ../cnn_gesture_hls.cpp:197->../cnn_gesture_hls.cpp:236 [11]  (0.427 ns)
	'load' operation 3 bit ('i', ../cnn_gesture_hls.cpp:197->../cnn_gesture_hls.cpp:236) on local variable 'i', ../cnn_gesture_hls.cpp:197->../cnn_gesture_hls.cpp:236 [15]  (0.000 ns)
	'icmp' operation 1 bit ('icmp_ln197', ../cnn_gesture_hls.cpp:197->../cnn_gesture_hls.cpp:236) [16]  (0.673 ns)
	'store' operation ('store_ln197', ../cnn_gesture_hls.cpp:197->../cnn_gesture_hls.cpp:236) of variable 'add_ln197', ../cnn_gesture_hls.cpp:197->../cnn_gesture_hls.cpp:236 3 bit on local variable 'i', ../cnn_gesture_hls.cpp:197->../cnn_gesture_hls.cpp:236 [95]  (0.427 ns)

 <State 2>: 3.991ns
The critical path consists of the following:
	'load' operation 16 bit ('logits_load', ../cnn_gesture_hls.cpp:198->../cnn_gesture_hls.cpp:236) on array 'logits' [26]  (0.677 ns)
	'sub' operation 17 bit ('sub_ln198', ../cnn_gesture_hls.cpp:198->../cnn_gesture_hls.cpp:236) [28]  (0.853 ns)
	'sub' operation 16 bit ('sub_ln198_1', ../cnn_gesture_hls.cpp:198->../cnn_gesture_hls.cpp:236) [32]  (0.853 ns)
	'select' operation 16 bit ('select_ln198', ../cnn_gesture_hls.cpp:198->../cnn_gesture_hls.cpp:236) [33]  (0.357 ns)
	'ctlz' operation 17 bit ('tmp_50', ../cnn_gesture_hls.cpp:198->../cnn_gesture_hls.cpp:236) [35]  (0.462 ns)
	'add' operation 5 bit ('add_ln198', ../cnn_gesture_hls.cpp:198->../cnn_gesture_hls.cpp:236) [38]  (0.789 ns)

 <State 3>: 7.032ns
The critical path consists of the following:
	'shl' operation 41 bit ('shl_ln198', ../cnn_gesture_hls.cpp:198->../cnn_gesture_hls.cpp:236) [40]  (0.904 ns)
	'select' operation 8 bit ('select_ln198_1', ../cnn_gesture_hls.cpp:198->../cnn_gesture_hls.cpp:236) [44]  (0.000 ns)
	'add' operation 8 bit ('add_ln198_1', ../cnn_gesture_hls.cpp:198->../cnn_gesture_hls.cpp:236) [47]  (0.765 ns)
	'select' operation 32 bit ('x', ../cnn_gesture_hls.cpp:198->../cnn_gesture_hls.cpp:236) [52]  (0.449 ns)
	'fexp' operation 32 bit ('tmp_58', C:\scratch\2025.2\hls_product\665\2025.2\src\shared\hls\clib\hlsmath\src\common\hls_exp_float.cpp:17->C:\scratch\2025.2\hls_product\665\2025.2\src\shared\hls\clib\hlsmath\src\c++\expfloat.cpp:17->../cnn_gesture_hls.cpp:198->../cnn_gesture_hls.cpp:236) [53]  (4.914 ns)

 <State 4>: 4.914ns
The critical path consists of the following:
	'fexp' operation 32 bit ('tmp_58', C:\scratch\2025.2\hls_product\665\2025.2\src\shared\hls\clib\hlsmath\src\common\hls_exp_float.cpp:17->C:\scratch\2025.2\hls_product\665\2025.2\src\shared\hls\clib\hlsmath\src\c++\expfloat.cpp:17->../cnn_gesture_hls.cpp:198->../cnn_gesture_hls.cpp:236) [53]  (4.914 ns)

 <State 5>: 4.914ns
The critical path consists of the following:
	'fexp' operation 32 bit ('tmp_58', C:\scratch\2025.2\hls_product\665\2025.2\src\shared\hls\clib\hlsmath\src\common\hls_exp_float.cpp:17->C:\scratch\2025.2\hls_product\665\2025.2\src\shared\hls\clib\hlsmath\src\c++\expfloat.cpp:17->../cnn_gesture_hls.cpp:198->../cnn_gesture_hls.cpp:236) [53]  (4.914 ns)

 <State 6>: 4.914ns
The critical path consists of the following:
	'fexp' operation 32 bit ('tmp_58', C:\scratch\2025.2\hls_product\665\2025.2\src\shared\hls\clib\hlsmath\src\common\hls_exp_float.cpp:17->C:\scratch\2025.2\hls_product\665\2025.2\src\shared\hls\clib\hlsmath\src\c++\expfloat.cpp:17->../cnn_gesture_hls.cpp:198->../cnn_gesture_hls.cpp:236) [53]  (4.914 ns)

 <State 7>: 4.914ns
The critical path consists of the following:
	'fexp' operation 32 bit ('tmp_58', C:\scratch\2025.2\hls_product\665\2025.2\src\shared\hls\clib\hlsmath\src\common\hls_exp_float.cpp:17->C:\scratch\2025.2\hls_product\665\2025.2\src\shared\hls\clib\hlsmath\src\c++\expfloat.cpp:17->../cnn_gesture_hls.cpp:198->../cnn_gesture_hls.cpp:236) [53]  (4.914 ns)

 <State 8>: 4.914ns
The critical path consists of the following:
	'fexp' operation 32 bit ('tmp_58', C:\scratch\2025.2\hls_product\665\2025.2\src\shared\hls\clib\hlsmath\src\common\hls_exp_float.cpp:17->C:\scratch\2025.2\hls_product\665\2025.2\src\shared\hls\clib\hlsmath\src\c++\expfloat.cpp:17->../cnn_gesture_hls.cpp:198->../cnn_gesture_hls.cpp:236) [53]  (4.914 ns)

 <State 9>: 4.914ns
The critical path consists of the following:
	'fexp' operation 32 bit ('tmp_58', C:\scratch\2025.2\hls_product\665\2025.2\src\shared\hls\clib\hlsmath\src\common\hls_exp_float.cpp:17->C:\scratch\2025.2\hls_product\665\2025.2\src\shared\hls\clib\hlsmath\src\c++\expfloat.cpp:17->../cnn_gesture_hls.cpp:198->../cnn_gesture_hls.cpp:236) [53]  (4.914 ns)

 <State 10>: 7.220ns
The critical path consists of the following:
	'fexp' operation 32 bit ('tmp_58', C:\scratch\2025.2\hls_product\665\2025.2\src\shared\hls\clib\hlsmath\src\common\hls_exp_float.cpp:17->C:\scratch\2025.2\hls_product\665\2025.2\src\shared\hls\clib\hlsmath\src\c++\expfloat.cpp:17->../cnn_gesture_hls.cpp:198->../cnn_gesture_hls.cpp:236) [53]  (4.914 ns)
	'fpext' operation 64 bit ('pf', ../cnn_gesture_hls.cpp:198->../cnn_gesture_hls.cpp:236) [54]  (2.306 ns)

 <State 11>: 6.652ns
The critical path consists of the following:
	'fpext' operation 64 bit ('pf', ../cnn_gesture_hls.cpp:198->../cnn_gesture_hls.cpp:236) [54]  (2.306 ns)
	'sub' operation 12 bit ('sub_ln198_4', ../cnn_gesture_hls.cpp:198->../cnn_gesture_hls.cpp:236) [66]  (0.809 ns)
	'icmp' operation 1 bit ('icmp_ln198_2', ../cnn_gesture_hls.cpp:198->../cnn_gesture_hls.cpp:236) [68]  (0.809 ns)
	'select' operation 11 bit ('select_ln198_3', ../cnn_gesture_hls.cpp:198->../cnn_gesture_hls.cpp:236) [71]  (0.389 ns)
	'ashr' operation 54 bit ('ashr_ln198', ../cnn_gesture_hls.cpp:198->../cnn_gesture_hls.cpp:236) [77]  (1.506 ns)
	'select' operation 16 bit ('select_ln198_4', ../cnn_gesture_hls.cpp:198->../cnn_gesture_hls.cpp:236) [79]  (0.357 ns)
	'sparsemux' operation 16 bit ('storemerge4_i', ../cnn_gesture_hls.cpp:198->../cnn_gesture_hls.cpp:236) [91]  (0.476 ns)

 <State 12>: 1.280ns
The critical path consists of the following:
	'load' operation 16 bit ('sum_7_load', ../cnn_gesture_hls.cpp:199->../cnn_gesture_hls.cpp:236) on local variable 'sum', ../cnn_gesture_hls.cpp:196->../cnn_gesture_hls.cpp:236 [20]  (0.000 ns)
	'add' operation 16 bit ('sum', ../cnn_gesture_hls.cpp:199->../cnn_gesture_hls.cpp:236) [94]  (0.853 ns)
	'store' operation ('store_ln196', ../cnn_gesture_hls.cpp:196->../cnn_gesture_hls.cpp:236) of variable 'sum', ../cnn_gesture_hls.cpp:199->../cnn_gesture_hls.cpp:236 16 bit on local variable 'sum', ../cnn_gesture_hls.cpp:196->../cnn_gesture_hls.cpp:236 [96]  (0.427 ns)


============================================================
+ Verbose Summary: Binding
============================================================
N/A
* FSMD analyzer results:
  - Output states:
 - Input state : 
  - Chain level:
	State 1
	State 2
	State 3
	State 4
	State 5
	State 6
	State 7
	State 8
	State 9
	State 10
	State 11
	State 12


============================================================
+ Verbose Summary: Datapath Resource usage 
============================================================
N/A
