

================================================================
== Vitis HLS Report for 'cnn_gesture_top'
================================================================
* Date:           Wed Feb 25 12:57:37 2026

* Version:        2025.2 (Build 6295257 on Nov 12 2025)
* Project:        cnn_gesture_top
* Solution:       hls (Vivado IP Flow Target)
* Product family: zynquplus
* Target device:  xczu3eg-sbva484-2-i


================================================================
== Performance Estimates
================================================================
+ Timing: 
    * Summary: 
    +--------+----------+----------+------------+
    |  Clock |  Target  | Estimated| Uncertainty|
    +--------+----------+----------+------------+
    |ap_clk  |  10.00 ns|  7.220 ns|     2.70 ns|
    +--------+----------+----------+------------+

+ Latency: 
    * Summary: 
    +---------+---------+----------+----------+--------+--------+---------+
    |  Latency (cycles) |  Latency (absolute) |     Interval    | Pipeline|
    |   min   |   max   |    min   |    max   |   min  |   max  |   Type  |
    +---------+---------+----------+----------+--------+--------+---------+
    |   225730|   225730|  2.257 ms|  2.257 ms|  225731|  225731|       no|
    +---------+---------+----------+----------+--------+--------+---------+

    + Detail: 
        * Instance: 
        +-----------------------------------------------------------------------+------------------------------------------------------------+---------+---------+-----------+-----------+--------+--------+-------------------+
        |                                                                       |                                                            |  Latency (cycles) |   Latency (absolute)  |     Interval    |      Pipeline     |
        |                                Instance                               |                           Module                           |   min   |   max   |    min    |    max    |   min  |   max  |        Type       |
        +-----------------------------------------------------------------------+------------------------------------------------------------+---------+---------+-----------+-----------+--------+--------+-------------------+
        |grp_cnn_gesture_top_Pipeline_VITIS_LOOP_270_1_VITIS_LOOP_271_2_fu_264  |cnn_gesture_top_Pipeline_VITIS_LOOP_270_1_VITIS_LOOP_271_2  |      611|      611|   6.110 us|   6.110 us|       0|       0|  loop pipeline stp|
        |grp_cnn_gesture_core_fu_294                                            |cnn_gesture_core                                            |   225104|   225104|   2.251 ms|   2.251 ms|  225104|  225104|                 no|
        |grp_cnn_gesture_top_Pipeline_VITIS_LOOP_281_3_fu_449                   |cnn_gesture_top_Pipeline_VITIS_LOOP_281_3                   |        8|        8|  80.000 ns|  80.000 ns|       0|       0|  loop pipeline stp|
        +-----------------------------------------------------------------------+------------------------------------------------------------+---------+---------+-----------+-----------+--------+--------+-------------------+

        * Loop: 
        N/A



================================================================
== Utilization Estimates
================================================================
* Summary: 
+-----------------+---------+-----+--------+-------+-----+
|       Name      | BRAM_18K| DSP |   FF   |  LUT  | URAM|
+-----------------+---------+-----+--------+-------+-----+
|DSP              |        -|    -|       -|      -|    -|
|Expression       |        -|    -|       0|      2|    -|
|FIFO             |        -|    -|       -|      -|    -|
|Instance         |      984|  119|   22255|  64720|    0|
|Memory           |        0|    -|     304|    164|    0|
|Multiplexer      |        -|    -|       0|    825|    -|
|Register         |        -|    -|      52|      -|    -|
+-----------------+---------+-----+--------+-------+-----+
|Total            |      984|  119|   22611|  65711|    0|
+-----------------+---------+-----+--------+-------+-----+
|Available        |      432|  360|  141120|  70560|    0|
+-----------------+---------+-----+--------+-------+-----+
|Utilization (%)  |      227|   33|      16|     93|    0|
+-----------------+---------+-----+--------+-------+-----+

+ Detail: 
    * Instance: 
    +-----------------------------------------------------------------------+------------------------------------------------------------+---------+-----+-------+-------+-----+
    |                                Instance                               |                           Module                           | BRAM_18K| DSP |   FF  |  LUT  | URAM|
    +-----------------------------------------------------------------------+------------------------------------------------------------+---------+-----+-------+-------+-----+
    |CTRL_s_axi_U                                                           |CTRL_s_axi                                                  |        0|    0|     36|     40|    0|
    |grp_cnn_gesture_core_fu_294                                            |cnn_gesture_core                                            |      984|  119|  21860|  63371|    0|
    |grp_cnn_gesture_top_Pipeline_VITIS_LOOP_270_1_VITIS_LOOP_271_2_fu_264  |cnn_gesture_top_Pipeline_VITIS_LOOP_270_1_VITIS_LOOP_271_2  |        0|    0|    352|    934|    0|
    |grp_cnn_gesture_top_Pipeline_VITIS_LOOP_281_3_fu_449                   |cnn_gesture_top_Pipeline_VITIS_LOOP_281_3                   |        0|    0|      7|    375|    0|
    |fpext_32ns_64_2_no_dsp_1_U648                                          |fpext_32ns_64_2_no_dsp_1                                    |        0|    0|      0|      0|    0|
    +-----------------------------------------------------------------------+------------------------------------------------------------+---------+-----+-------+-------+-----+
    |Total                                                                  |                                                            |      984|  119|  22255|  64720|    0|
    +-----------------------------------------------------------------------+------------------------------------------------------------+---------+-----+-------+-------+-----+

    * DSP: 
    N/A

    * Memory: 
    +------------+----------------------+---------+----+----+-----+------+-----+------+-------------+
    |   Memory   |        Module        | BRAM_18K| FF | LUT| URAM| Words| Bits| Banks| W*Bits*Banks|
    +------------+----------------------+---------+----+----+-----+------+-----+------+-------------+
    |input_U     |input_RAM_AUTO_1R1W   |        0|  16|   9|    0|    34|   16|     1|          544|
    |input_1_U   |input_RAM_AUTO_1R1W   |        0|  16|   9|    0|    34|   16|     1|          544|
    |input_2_U   |input_RAM_AUTO_1R1W   |        0|  16|   9|    0|    34|   16|     1|          544|
    |input_3_U   |input_RAM_AUTO_1R1W   |        0|  16|   9|    0|    34|   16|     1|          544|
    |input_4_U   |input_RAM_AUTO_1R1W   |        0|  16|   9|    0|    34|   16|     1|          544|
    |input_5_U   |input_RAM_AUTO_1R1W   |        0|  16|   9|    0|    34|   16|     1|          544|
    |input_6_U   |input_RAM_AUTO_1R1W   |        0|  16|   9|    0|    34|   16|     1|          544|
    |input_7_U   |input_RAM_AUTO_1R1W   |        0|  16|   9|    0|    34|   16|     1|          544|
    |input_8_U   |input_RAM_AUTO_1R1W   |        0|  16|   9|    0|    34|   16|     1|          544|
    |input_9_U   |input_RAM_AUTO_1R1W   |        0|  16|   9|    0|    34|   16|     1|          544|
    |input_10_U  |input_RAM_AUTO_1R1W   |        0|  16|   9|    0|    34|   16|     1|          544|
    |input_11_U  |input_RAM_AUTO_1R1W   |        0|  16|   9|    0|    34|   16|     1|          544|
    |input_12_U  |input_RAM_AUTO_1R1W   |        0|  16|   9|    0|    34|   16|     1|          544|
    |input_13_U  |input_RAM_AUTO_1R1W   |        0|  16|   9|    0|    34|   16|     1|          544|
    |input_14_U  |input_RAM_AUTO_1R1W   |        0|  16|   9|    0|    34|   16|     1|          544|
    |input_15_U  |input_RAM_AUTO_1R1W   |        0|  16|   9|    0|    34|   16|     1|          544|
    |input_16_U  |input_RAM_AUTO_1R1W   |        0|  16|   9|    0|    34|   16|     1|          544|
    |input_17_U  |input_RAM_AUTO_1R1W   |        0|  16|   9|    0|    34|   16|     1|          544|
    |output_U    |output_RAM_AUTO_1R1W  |        0|  16|   2|    0|     6|   16|     1|           96|
    +------------+----------------------+---------+----+----+-----+------+-----+------+-------------+
    |Total       |                      |        0| 304| 164|    0|   618|  304|    19|         9888|
    +------------+----------------------+---------+----+----+-----+------+-----+------+-------------+

    * FIFO: 
    N/A

    * Expression: 
    +---------------------------------------------------------------------------+----------+----+---+----+------------+------------+
    |                               Variable Name                               | Operation| DSP| FF| LUT| Bitwidth P0| Bitwidth P1|
    +---------------------------------------------------------------------------+----------+----+---+----+------------+------------+
    |grp_cnn_gesture_top_Pipeline_VITIS_LOOP_281_3_fu_449_output_stream_TREADY  |       and|   0|  0|   2|           1|           1|
    +---------------------------------------------------------------------------+----------+----+---+----+------------+------------+
    |Total                                                                      |          |   0|  0|   2|           1|           1|
    +---------------------------------------------------------------------------+----------+----+---+----+------------+------------+

    * Multiplexer: 
    +----------------------------------+----+-----------+-----+-----------+
    |               Name               | LUT| Input Size| Bits| Total Bits|
    +----------------------------------+----+-----------+-----+-----------+
    |ap_NS_fsm                         |  49|          9|    1|          9|
    |grp_fu_462_ce                     |  14|          3|    1|          3|
    |grp_fu_462_p0                     |  14|          3|   32|         96|
    |input_10_address0                 |  14|          3|    6|         18|
    |input_10_ce0                      |  14|          3|    1|          3|
    |input_10_we0                      |   9|          2|    1|          2|
    |input_11_address0                 |  14|          3|    6|         18|
    |input_11_ce0                      |  14|          3|    1|          3|
    |input_11_we0                      |   9|          2|    1|          2|
    |input_12_address0                 |  14|          3|    6|         18|
    |input_12_ce0                      |  14|          3|    1|          3|
    |input_12_we0                      |   9|          2|    1|          2|
    |input_13_address0                 |  14|          3|    6|         18|
    |input_13_ce0                      |  14|          3|    1|          3|
    |input_13_we0                      |   9|          2|    1|          2|
    |input_14_address0                 |  14|          3|    6|         18|
    |input_14_ce0                      |  14|          3|    1|          3|
    |input_14_we0                      |   9|          2|    1|          2|
    |input_15_address0                 |  14|          3|    6|         18|
    |input_15_ce0                      |  14|          3|    1|          3|
    |input_15_we0                      |   9|          2|    1|          2|
    |input_16_address0                 |  14|          3|    6|         18|
    |input_16_ce0                      |  14|          3|    1|          3|
    |input_16_we0                      |   9|          2|    1|          2|
    |input_17_address0                 |  14|          3|    6|         18|
    |input_17_ce0                      |  14|          3|    1|          3|
    |input_17_we0                      |   9|          2|    1|          2|
    |input_1_address0                  |  14|          3|    6|         18|
    |input_1_ce0                       |  14|          3|    1|          3|
    |input_1_we0                       |   9|          2|    1|          2|
    |input_2_address0                  |  14|          3|    6|         18|
    |input_2_ce0                       |  14|          3|    1|          3|
    |input_2_we0                       |   9|          2|    1|          2|
    |input_3_address0                  |  14|          3|    6|         18|
    |input_3_ce0                       |  14|          3|    1|          3|
    |input_3_we0                       |   9|          2|    1|          2|
    |input_4_address0                  |  14|          3|    6|         18|
    |input_4_ce0                       |  14|          3|    1|          3|
    |input_4_we0                       |   9|          2|    1|          2|
    |input_5_address0                  |  14|          3|    6|         18|
    |input_5_ce0                       |  14|          3|    1|          3|
    |input_5_we0                       |   9|          2|    1|          2|
    |input_6_address0                  |  14|          3|    6|         18|
    |input_6_ce0                       |  14|          3|    1|          3|
    |input_6_we0                       |   9|          2|    1|          2|
    |input_7_address0                  |  14|          3|    6|         18|
    |input_7_ce0                       |  14|          3|    1|          3|
    |input_7_we0                       |   9|          2|    1|          2|
    |input_8_address0                  |  14|          3|    6|         18|
    |input_8_ce0                       |  14|          3|    1|          3|
    |input_8_we0                       |   9|          2|    1|          2|
    |input_9_address0                  |  14|          3|    6|         18|
    |input_9_ce0                       |  14|          3|    1|          3|
    |input_9_we0                       |   9|          2|    1|          2|
    |input_address0                    |  14|          3|    6|         18|
    |input_ce0                         |  14|          3|    1|          3|
    |input_stream_TREADY_int_regslice  |   9|          2|    1|          2|
    |input_we0                         |   9|          2|    1|          2|
    |output_address0                   |  14|          3|    3|          9|
    |output_ce0                        |  14|          3|    1|          3|
    |output_stream_TDATA_int_regslice  |   9|          2|   32|         64|
    |output_stream_TKEEP_int_regslice  |   9|          2|    4|          8|
    |output_stream_TLAST_int_regslice  |   9|          2|    1|          2|
    |output_stream_TSTRB_int_regslice  |   9|          2|    4|          8|
    |output_we0                        |   9|          2|    1|          2|
    +----------------------------------+----+-----------+-----+-----------+
    |Total                             | 825|        177|  225|        620|
    +----------------------------------+----+-----------+-----+-----------+

    * Register: 
    +------------------------------------------------------------------------------------+----+----+-----+-----------+
    |                                        Name                                        | FF | LUT| Bits| Const Bits|
    +------------------------------------------------------------------------------------+----+----+-----+-----------+
    |ap_CS_fsm                                                                           |   8|   0|    8|          0|
    |grp_cnn_gesture_core_fu_294_ap_start_reg                                            |   1|   0|    1|          0|
    |grp_cnn_gesture_top_Pipeline_VITIS_LOOP_270_1_VITIS_LOOP_271_2_fu_264_ap_start_reg  |   1|   0|    1|          0|
    |grp_cnn_gesture_top_Pipeline_VITIS_LOOP_281_3_fu_449_ap_start_reg                   |   1|   0|    1|          0|
    |output_stream_TDATA_reg                                                             |  32|   0|   32|          0|
    |output_stream_TKEEP_reg                                                             |   4|   0|    4|          0|
    |output_stream_TLAST_reg                                                             |   1|   0|    1|          0|
    |output_stream_TSTRB_reg                                                             |   4|   0|    4|          0|
    +------------------------------------------------------------------------------------+----+----+-----+-----------+
    |Total                                                                               |  52|   0|   52|          0|
    +------------------------------------------------------------------------------------+----+----+-----+-----------+



================================================================
== Interface
================================================================
* Summary: 
+----------------------+-----+-----+------------+------------------------+--------------+
|       RTL Ports      | Dir | Bits|  Protocol  |      Source Object     |    C Type    |
+----------------------+-----+-----+------------+------------------------+--------------+
|s_axi_CTRL_AWVALID    |   in|    1|       s_axi|                    CTRL|   return void|
|s_axi_CTRL_AWREADY    |  out|    1|       s_axi|                    CTRL|   return void|
|s_axi_CTRL_AWADDR     |   in|    4|       s_axi|                    CTRL|   return void|
|s_axi_CTRL_WVALID     |   in|    1|       s_axi|                    CTRL|   return void|
|s_axi_CTRL_WREADY     |  out|    1|       s_axi|                    CTRL|   return void|
|s_axi_CTRL_WDATA      |   in|   32|       s_axi|                    CTRL|   return void|
|s_axi_CTRL_WSTRB      |   in|    4|       s_axi|                    CTRL|   return void|
|s_axi_CTRL_ARVALID    |   in|    1|       s_axi|                    CTRL|   return void|
|s_axi_CTRL_ARREADY    |  out|    1|       s_axi|                    CTRL|   return void|
|s_axi_CTRL_ARADDR     |   in|    4|       s_axi|                    CTRL|   return void|
|s_axi_CTRL_RVALID     |  out|    1|       s_axi|                    CTRL|   return void|
|s_axi_CTRL_RREADY     |   in|    1|       s_axi|                    CTRL|   return void|
|s_axi_CTRL_RDATA      |  out|   32|       s_axi|                    CTRL|   return void|
|s_axi_CTRL_RRESP      |  out|    2|       s_axi|                    CTRL|   return void|
|s_axi_CTRL_BVALID     |  out|    1|       s_axi|                    CTRL|   return void|
|s_axi_CTRL_BREADY     |   in|    1|       s_axi|                    CTRL|   return void|
|s_axi_CTRL_BRESP      |  out|    2|       s_axi|                    CTRL|   return void|
|ap_clk                |   in|    1|  ap_ctrl_hs|         cnn_gesture_top|  return value|
|ap_rst_n              |   in|    1|  ap_ctrl_hs|         cnn_gesture_top|  return value|
|interrupt             |  out|    1|  ap_ctrl_hs|         cnn_gesture_top|  return value|
|input_stream_TDATA    |   in|   32|        axis|   input_stream_V_data_V|       pointer|
|input_stream_TVALID   |   in|    1|        axis|   input_stream_V_last_V|       pointer|
|input_stream_TREADY   |  out|    1|        axis|   input_stream_V_last_V|       pointer|
|input_stream_TLAST    |   in|    1|        axis|   input_stream_V_last_V|       pointer|
|input_stream_TKEEP    |   in|    4|        axis|   input_stream_V_keep_V|       pointer|
|input_stream_TSTRB    |   in|    4|        axis|   input_stream_V_strb_V|       pointer|
|output_stream_TDATA   |  out|   32|        axis|  output_stream_V_data_V|       pointer|
|output_stream_TVALID  |  out|    1|        axis|  output_stream_V_last_V|       pointer|
|output_stream_TREADY  |   in|    1|        axis|  output_stream_V_last_V|       pointer|
|output_stream_TLAST   |  out|    1|        axis|  output_stream_V_last_V|       pointer|
|output_stream_TKEEP   |  out|    4|        axis|  output_stream_V_keep_V|       pointer|
|output_stream_TSTRB   |  out|    4|        axis|  output_stream_V_strb_V|       pointer|
+----------------------+-----+-----+------------+------------------------+--------------+

