

================================================================
== Vitis HLS Report for 'cnn_gesture_top_Pipeline_VITIS_LOOP_191_1'
================================================================
* Date:           Mon Feb 23 23:23:59 2026

* Version:        2025.2 (Build 6295257 on Nov 12 2025)
* Project:        cnn_gesture_top
* Solution:       hls (Vivado IP Flow Target)
* Product family: zynquplus
* Target device:  xczu3eg-sbva484-2-i


================================================================
== Performance Estimates
================================================================
+ Timing: 
    * Summary: 
    +--------+----------+----------+------------+
    |  Clock |  Target  | Estimated| Uncertainty|
    +--------+----------+----------+------------+
    |ap_clk  |  10.00 ns|  2.314 ns|     2.70 ns|
    +--------+----------+----------+------------+

+ Latency: 
    * Summary: 
    +---------+---------+-----------+-----------+-----+-----+-------------------+
    |  Latency (cycles) |   Latency (absolute)  |  Interval |      Pipeline     |
    |   min   |   max   |    min    |    max    | min | max |        Type       |
    +---------+---------+-----------+-----------+-----+-----+-------------------+
    |        7|        7|  70.000 ns|  70.000 ns|    0|    0|  loop pipeline stp|
    +---------+---------+-----------+-----------+-----+-----+-------------------+

    + Detail: 
        * Instance: 
        N/A

        * Loop: 
        +--------------------+---------+---------+----------+-----------+-----------+------+----------+
        |                    |  Latency (cycles) | Iteration|  Initiation Interval  | Trip |          |
        |      Loop Name     |   min   |   max   |  Latency |  achieved |   target  | Count| Pipelined|
        +--------------------+---------+---------+----------+-----------+-----------+------+----------+
        |- VITIS_LOOP_191_1  |        5|        5|         2|          1|          1|     5|       yes|
        +--------------------+---------+---------+----------+-----------+-----------+------+----------+



================================================================
== Utilization Estimates
================================================================
* Summary: 
+-----------------+---------+-----+--------+-------+-----+
|       Name      | BRAM_18K| DSP |   FF   |  LUT  | URAM|
+-----------------+---------+-----+--------+-------+-----+
|DSP              |        -|    -|       -|      -|    -|
|Expression       |        -|    -|       0|     61|    -|
|FIFO             |        -|    -|       -|      -|    -|
|Instance         |        -|    -|       -|      -|    -|
|Memory           |        -|    -|       -|      -|    -|
|Multiplexer      |        -|    -|       0|     45|    -|
|Register         |        -|    -|      22|      -|    -|
+-----------------+---------+-----+--------+-------+-----+
|Total            |        0|    0|      22|    106|    0|
+-----------------+---------+-----+--------+-------+-----+
|Available        |      432|  360|  141120|  70560|    0|
+-----------------+---------+-----+--------+-------+-----+
|Utilization (%)  |        0|    0|      ~0|     ~0|    0|
+-----------------+---------+-----+--------+-------+-----+

+ Detail: 
    * Instance: 
    N/A

    * DSP: 
    N/A

    * Memory: 
    N/A

    * FIFO: 
    N/A

    * Expression: 
    +----------------------+----------+----+---+----+------------+------------+
    |     Variable Name    | Operation| DSP| FF| LUT| Bitwidth P0| Bitwidth P1|
    +----------------------+----------+----+---+----+------------+------------+
    |add_ln191_fu_92_p2    |         +|   0|  0|  10|           3|           1|
    |icmp_ln191_fu_81_p2   |      icmp|   0|  0|  10|           3|           3|
    |icmp_ln192_fu_106_p2  |      icmp|   0|  0|  23|          16|          16|
    |max_v_2_fu_112_p3     |    select|   0|  0|  16|           1|          16|
    |ap_enable_pp0         |       xor|   0|  0|   2|           1|           2|
    +----------------------+----------+----+---+----+------------+------------+
    |Total                 |          |   0|  0|  61|          24|          38|
    +----------------------+----------+----+---+----+------------+------------+

    * Multiplexer: 
    +-------------------------+----+-----------+-----+-----------+
    |           Name          | LUT| Input Size| Bits| Total Bits|
    +-------------------------+----+-----------+-----+-----------+
    |ap_done_int              |   9|          2|    1|          2|
    |ap_enable_reg_pp0_iter1  |   9|          2|    1|          2|
    |ap_sig_allocacmp_i_2     |   9|          2|    3|          6|
    |i_fu_38                  |   9|          2|    3|          6|
    |max_v_1_fu_34            |   9|          2|   16|         32|
    +-------------------------+----+-----------+-----+-----------+
    |Total                    |  45|         10|   24|         48|
    +-------------------------+----+-----------+-----+-----------+

    * Register: 
    +-------------------------+----+----+-----+-----------+
    |           Name          | FF | LUT| Bits| Const Bits|
    +-------------------------+----+----+-----+-----------+
    |ap_CS_fsm                |   1|   0|    1|          0|
    |ap_done_reg              |   1|   0|    1|          0|
    |ap_enable_reg_pp0_iter1  |   1|   0|    1|          0|
    |i_fu_38                  |   3|   0|    3|          0|
    |max_v_1_fu_34            |  16|   0|   16|          0|
    +-------------------------+----+----+-----+-----------+
    |Total                    |  22|   0|   22|          0|
    +-------------------------+----+----+-----+-----------+



================================================================
== Interface
================================================================
* Summary: 
+--------------------+-----+-----+------------+-------------------------------------------+--------------+
|      RTL Ports     | Dir | Bits|  Protocol  |               Source Object               |    C Type    |
+--------------------+-----+-----+------------+-------------------------------------------+--------------+
|ap_clk              |   in|    1|  ap_ctrl_hs|  cnn_gesture_top_Pipeline_VITIS_LOOP_191_1|  return value|
|ap_rst              |   in|    1|  ap_ctrl_hs|  cnn_gesture_top_Pipeline_VITIS_LOOP_191_1|  return value|
|ap_start            |   in|    1|  ap_ctrl_hs|  cnn_gesture_top_Pipeline_VITIS_LOOP_191_1|  return value|
|ap_done             |  out|    1|  ap_ctrl_hs|  cnn_gesture_top_Pipeline_VITIS_LOOP_191_1|  return value|
|ap_idle             |  out|    1|  ap_ctrl_hs|  cnn_gesture_top_Pipeline_VITIS_LOOP_191_1|  return value|
|ap_ready            |  out|    1|  ap_ctrl_hs|  cnn_gesture_top_Pipeline_VITIS_LOOP_191_1|  return value|
|max_v               |   in|   16|     ap_none|                                      max_v|        scalar|
|logits_address0     |  out|    3|   ap_memory|                                     logits|         array|
|logits_ce0          |  out|    1|   ap_memory|                                     logits|         array|
|logits_q0           |   in|   16|   ap_memory|                                     logits|         array|
|max_v_1_out         |  out|   16|      ap_vld|                                max_v_1_out|       pointer|
|max_v_1_out_ap_vld  |  out|    1|      ap_vld|                                max_v_1_out|       pointer|
+--------------------+-----+-----+------------+-------------------------------------------+--------------+

