

================================================================
== Vitis HLS Report for 'cnn_gesture_top_Pipeline_VITIS_LOOP_142_1_VITIS_LOOP_143_2'
================================================================
* Date:           Mon Feb 23 23:23:57 2026

* Version:        2025.2 (Build 6295257 on Nov 12 2025)
* Project:        cnn_gesture_top
* Solution:       hls (Vivado IP Flow Target)
* Product family: zynquplus
* Target device:  xczu3eg-sbva484-2-i


================================================================
== Performance Estimates
================================================================
+ Timing: 
    * Summary: 
    +--------+----------+----------+------------+
    |  Clock |  Target  | Estimated| Uncertainty|
    +--------+----------+----------+------------+
    |ap_clk  |  10.00 ns|  3.665 ns|     2.70 ns|
    +--------+----------+----------+------------+

+ Latency: 
    * Summary: 
    +---------+---------+-----------+-----------+-----+-----+-------------------+
    |  Latency (cycles) |   Latency (absolute)  |  Interval |      Pipeline     |
    |   min   |   max   |    min    |    max    | min | max |        Type       |
    +---------+---------+-----------+-----------+-----+-----+-------------------+
    |     1602|     1602|  16.020 us|  16.020 us|    0|    0|  loop pipeline stp|
    +---------+---------+-----------+-----------+-----+-----+-------------------+

    + Detail: 
        * Instance: 
        N/A

        * Loop: 
        +-------------------------------------+---------+---------+----------+-----------+-----------+------+----------+
        |                                     |  Latency (cycles) | Iteration|  Initiation Interval  | Trip |          |
        |              Loop Name              |   min   |   max   |  Latency |  achieved |   target  | Count| Pipelined|
        +-------------------------------------+---------+---------+----------+-----------+-----------+------+----------+
        |- VITIS_LOOP_142_1_VITIS_LOOP_143_2  |     1600|     1600|         2|          1|          1|  1600|       yes|
        +-------------------------------------+---------+---------+----------+-----------+-----------+------+----------+



================================================================
== Utilization Estimates
================================================================
* Summary: 
+-----------------+---------+-----+--------+-------+-----+
|       Name      | BRAM_18K| DSP |   FF   |  LUT  | URAM|
+-----------------+---------+-----+--------+-------+-----+
|DSP              |        -|    -|       -|      -|    -|
|Expression       |        -|    -|       0|    165|    -|
|FIFO             |        -|    -|       -|      -|    -|
|Instance         |        -|    -|       -|      -|    -|
|Memory           |        -|    -|       -|      -|    -|
|Multiplexer      |        -|    -|       0|     90|    -|
|Register         |        -|    -|      60|      -|    -|
+-----------------+---------+-----+--------+-------+-----+
|Total            |        0|    0|      60|    255|    0|
+-----------------+---------+-----+--------+-------+-----+
|Available        |      432|  360|  141120|  70560|    0|
+-----------------+---------+-----+--------+-------+-----+
|Utilization (%)  |        0|    0|      ~0|     ~0|    0|
+-----------------+---------+-----+--------+-------+-----+

+ Detail: 
    * Instance: 
    N/A

    * DSP: 
    N/A

    * Memory: 
    N/A

    * FIFO: 
    N/A

    * Expression: 
    +--------------------------+----------+----+---+----+------------+------------+
    |       Variable Name      | Operation| DSP| FF| LUT| Bitwidth P0| Bitwidth P1|
    +--------------------------+----------+----+---+----+------------+------------+
    |add_ln142_1_fu_249_p2     |         +|   0|  0|  18|          11|           7|
    |add_ln142_2_fu_131_p2     |         +|   0|  0|  18|          11|           1|
    |add_ln142_fu_143_p2       |         +|   0|  0|  12|           5|           1|
    |add_ln143_fu_194_p2       |         +|   0|  0|  14|           7|           1|
    |add_ln144_1_fu_183_p2     |         +|   0|  0|  18|          11|          11|
    |add_ln144_fu_243_p2       |         +|   0|  0|  18|          11|           1|
    |icmp_ln142_fu_125_p2      |      icmp|   0|  0|  18|          11|          10|
    |icmp_ln143_fu_149_p2      |      icmp|   0|  0|  15|           7|           8|
    |select_ln142_1_fu_155_p3  |    select|   0|  0|   7|           1|           1|
    |select_ln142_2_fu_163_p3  |    select|   0|  0|   5|           1|           5|
    |select_ln142_3_fu_231_p3  |    select|   0|  0|  10|           1|          11|
    |select_ln142_fu_224_p3    |    select|   0|  0|  10|           1|          11|
    |ap_enable_pp0             |       xor|   0|  0|   2|           1|           2|
    +--------------------------+----------+----+---+----+------------+------------+
    |Total                     |          |   0|  0| 165|          79|          70|
    +--------------------------+----------+----+---+----+------------+------------+

    * Multiplexer: 
    +----------------------------------------+----+-----------+-----+-----------+
    |                  Name                  | LUT| Input Size| Bits| Total Bits|
    +----------------------------------------+----+-----------+-----+-----------+
    |ap_done_int                             |   9|          2|    1|          2|
    |ap_enable_reg_pp0_iter1                 |   9|          2|    1|          2|
    |ap_sig_allocacmp_c_load                 |   9|          2|    7|         14|
    |ap_sig_allocacmp_indvar_flatten44_load  |   9|          2|   11|         22|
    |ap_sig_allocacmp_t_load                 |   9|          2|    5|         10|
    |c_fu_46                                 |   9|          2|    7|         14|
    |idx_1_fu_50                             |   9|          2|   11|         22|
    |idx_fu_58                               |   9|          2|   11|         22|
    |indvar_flatten44_fu_66                  |   9|          2|   11|         22|
    |t_fu_62                                 |   9|          2|    5|         10|
    +----------------------------------------+----+-----------+-----+-----------+
    |Total                                   |  90|         20|   70|        140|
    +----------------------------------------+----+-----------+-----+-----------+

    * Register: 
    +-------------------------+----+----+-----+-----------+
    |           Name          | FF | LUT| Bits| Const Bits|
    +-------------------------+----+----+-----+-----------+
    |add_ln142_11_fu_54       |  11|   0|   11|          0|
    |ap_CS_fsm                |   1|   0|    1|          0|
    |ap_done_reg              |   1|   0|    1|          0|
    |ap_enable_reg_pp0_iter1  |   1|   0|    1|          0|
    |c_fu_46                  |   7|   0|    7|          0|
    |icmp_ln143_reg_314       |   1|   0|    1|          0|
    |idx_1_fu_50              |  11|   0|   11|          0|
    |idx_fu_58                |  11|   0|   11|          0|
    |indvar_flatten44_fu_66   |  11|   0|   11|          0|
    |t_fu_62                  |   5|   0|    5|          0|
    +-------------------------+----+----+-----+-----------+
    |Total                    |  60|   0|   60|          0|
    +-------------------------+----+----+-----+-----------+



================================================================
== Interface
================================================================
* Summary: 
+--------------------+-----+-----+------------+------------------------------------------------------------+--------------+
|      RTL Ports     | Dir | Bits|  Protocol  |                        Source Object                       |    C Type    |
+--------------------+-----+-----+------------+------------------------------------------------------------+--------------+
|ap_clk              |   in|    1|  ap_ctrl_hs|  cnn_gesture_top_Pipeline_VITIS_LOOP_142_1_VITIS_LOOP_143_2|  return value|
|ap_rst              |   in|    1|  ap_ctrl_hs|  cnn_gesture_top_Pipeline_VITIS_LOOP_142_1_VITIS_LOOP_143_2|  return value|
|ap_start            |   in|    1|  ap_ctrl_hs|  cnn_gesture_top_Pipeline_VITIS_LOOP_142_1_VITIS_LOOP_143_2|  return value|
|ap_done             |  out|    1|  ap_ctrl_hs|  cnn_gesture_top_Pipeline_VITIS_LOOP_142_1_VITIS_LOOP_143_2|  return value|
|ap_idle             |  out|    1|  ap_ctrl_hs|  cnn_gesture_top_Pipeline_VITIS_LOOP_142_1_VITIS_LOOP_143_2|  return value|
|ap_ready            |  out|    1|  ap_ctrl_hs|  cnn_gesture_top_Pipeline_VITIS_LOOP_142_1_VITIS_LOOP_143_2|  return value|
|pool2_out_address0  |  out|   11|   ap_memory|                                                   pool2_out|         array|
|pool2_out_ce0       |  out|    1|   ap_memory|                                                   pool2_out|         array|
|pool2_out_q0        |   in|   16|   ap_memory|                                                   pool2_out|         array|
|flat_address0       |  out|   11|   ap_memory|                                                        flat|         array|
|flat_ce0            |  out|    1|   ap_memory|                                                        flat|         array|
|flat_we0            |  out|    1|   ap_memory|                                                        flat|         array|
|flat_d0             |  out|   16|   ap_memory|                                                        flat|         array|
+--------------------+-----+-----+------------+------------------------------------------------------------+--------------+

