

================================================================
== Vitis HLS Report for 'cnn_gesture_top_Pipeline_VITIS_LOOP_160_2'
================================================================
* Date:           Mon Feb 23 23:23:58 2026

* Version:        2025.2 (Build 6295257 on Nov 12 2025)
* Project:        cnn_gesture_top
* Solution:       hls (Vivado IP Flow Target)
* Product family: zynquplus
* Target device:  xczu3eg-sbva484-2-i


================================================================
== Performance Estimates
================================================================
+ Timing: 
    * Summary: 
    +--------+----------+----------+------------+
    |  Clock |  Target  | Estimated| Uncertainty|
    +--------+----------+----------+------------+
    |ap_clk  |  10.00 ns|  6.652 ns|     2.70 ns|
    +--------+----------+----------+------------+

+ Latency: 
    * Summary: 
    +---------+---------+-----------+-----------+-----+-----+-------------------+
    |  Latency (cycles) |   Latency (absolute)  |  Interval |      Pipeline     |
    |   min   |   max   |    min    |    max    | min | max |        Type       |
    +---------+---------+-----------+-----------+-----+-----+-------------------+
    |     1607|     1607|  16.070 us|  16.070 us|    0|    0|  loop pipeline stp|
    +---------+---------+-----------+-----------+-----+-----+-------------------+

    + Detail: 
        * Instance: 
        N/A

        * Loop: 
        +--------------------+---------+---------+----------+-----------+-----------+------+----------+
        |                    |  Latency (cycles) | Iteration|  Initiation Interval  | Trip |          |
        |      Loop Name     |   min   |   max   |  Latency |  achieved |   target  | Count| Pipelined|
        +--------------------+---------+---------+----------+-----------+-----------+------+----------+
        |- VITIS_LOOP_160_2  |     1605|     1605|         7|          1|          1|  1600|       yes|
        +--------------------+---------+---------+----------+-----------+-----------+------+----------+



================================================================
== Utilization Estimates
================================================================
* Summary: 
+-----------------+---------+-----+--------+-------+-----+
|       Name      | BRAM_18K| DSP |   FF   |  LUT  | URAM|
+-----------------+---------+-----+--------+-------+-----+
|DSP              |        -|    1|       -|      -|    -|
|Expression       |        -|    -|       0|    594|    -|
|FIFO             |        -|    -|       -|      -|    -|
|Instance         |        -|    -|       0|     14|    -|
|Memory           |      364|    -|       0|      0|    -|
|Multiplexer      |        -|    -|       0|     54|    -|
|Register         |        -|    -|     159|     32|    -|
+-----------------+---------+-----+--------+-------+-----+
|Total            |      364|    1|     159|    694|    0|
+-----------------+---------+-----+--------+-------+-----+
|Available        |      432|  360|  141120|  70560|    0|
+-----------------+---------+-----+--------+-------+-----+
|Utilization (%)  |       84|   ~0|      ~0|     ~0|    0|
+-----------------+---------+-----+--------+-------+-----+

+ Detail: 
    * Instance: 
    +---------------------------+----------------------+---------+----+---+----+-----+
    |          Instance         |        Module        | BRAM_18K| DSP| FF| LUT| URAM|
    +---------------------------+----------------------+---------+----+---+----+-----+
    |sparsemux_9_3_16_1_1_U390  |sparsemux_9_3_16_1_1  |        0|   0|  0|  14|    0|
    +---------------------------+----------------------+---------+----+---+----+-----+
    |Total                      |                      |        0|   0|  0|  14|    0|
    +---------------------------+----------------------+---------+----+---+----+-----+

    * DSP: 
    +------------------------------------+-------------------------------+--------------+
    |              Instance              |             Module            |  Expression  |
    +------------------------------------+-------------------------------+--------------+
    |mac_muladd_16s_16s_32s_32_4_1_U391  |mac_muladd_16s_16s_32s_32_4_1  |  i0 * i1 + i2|
    +------------------------------------+-------------------------------+--------------+

    * Memory: 
    +-----------------+---------------------------------------------------------------------+---------+---+----+-----+--------+-----+------+-------------+
    |      Memory     |                                Module                               | BRAM_18K| FF| LUT| URAM|  Words | Bits| Banks| W*Bits*Banks|
    +-----------------+---------------------------------------------------------------------+---------+---+----+-----+--------+-----+------+-------------+
    |dense_param_0_U  |cnn_gesture_top_Pipeline_VITIS_LOOP_160_2_dense_param_0_ROM_AUTO_1R  |      364|  0|   0|    0|  204800|   32|     1|      6553600|
    +-----------------+---------------------------------------------------------------------+---------+---+----+-----+--------+-----+------+-------------+
    |Total            |                                                                     |      364|  0|   0|    0|  204800|   32|     1|      6553600|
    +-----------------+---------------------------------------------------------------------+---------+---+----+-----+--------+-----+------+-------------+

    * FIFO: 
    N/A

    * Expression: 
    +--------------------------+----------+----+---+-----+------------+------------+
    |       Variable Name      | Operation| DSP| FF| LUT | Bitwidth P0| Bitwidth P1|
    +--------------------------+----------+----+---+-----+------------+------------+
    |add_ln160_fu_176_p2       |         +|   0|  0|   18|          11|           1|
    |add_ln162_fu_284_p2       |         +|   0|  0|   18|          11|           5|
    |sub_ln162_1_fu_268_p2     |         -|   0|  0|   19|          11|          12|
    |sub_ln162_2_fu_290_p2     |         -|   0|  0|   18|           4|          11|
    |sub_ln162_fu_248_p2       |         -|   0|  0|   61|           1|          54|
    |and_ln162_1_fu_408_p2     |       and|   0|  0|    2|           1|           1|
    |and_ln162_fu_390_p2       |       and|   0|  0|    2|           1|           1|
    |ashr_ln162_fu_332_p2      |      ashr|   0|  0|  159|          54|          54|
    |icmp_ln160_fu_170_p2      |      icmp|   0|  0|   18|          11|          10|
    |icmp_ln162_1_fu_278_p2    |      icmp|   0|  0|   19|          12|           4|
    |icmp_ln162_2_fu_304_p2    |      icmp|   0|  0|   19|          12|           4|
    |icmp_ln162_3_fu_314_p2    |      icmp|   0|  0|   18|          11|           6|
    |icmp_ln162_4_fu_360_p2    |      icmp|   0|  0|   14|           7|           1|
    |icmp_ln162_fu_262_p2      |      icmp|   0|  0|   70|          63|           1|
    |or_ln162_fu_396_p2        |        or|   0|  0|    2|           1|           1|
    |select_ln162_1_fu_296_p3  |    select|   0|  0|   10|           1|          11|
    |select_ln162_4_fu_320_p3  |    select|   0|  0|    2|           1|           2|
    |select_ln162_fu_254_p3    |    select|   0|  0|   52|           1|          54|
    |storemerge4_i8_fu_424_p6  |    select|   0|  0|   16|           1|          16|
    |storemerge4_i8_fu_424_p8  |    select|   0|  0|   16|           1|          16|
    |shl_ln162_fu_370_p2       |       shl|   0|  0|   35|          16|          16|
    |ap_enable_pp0             |       xor|   0|  0|    2|           1|           2|
    |xor_ln162_1_fu_402_p2     |       xor|   0|  0|    2|           1|           2|
    |xor_ln162_fu_384_p2       |       xor|   0|  0|    2|           1|           2|
    +--------------------------+----------+----+---+-----+------------+------------+
    |Total                     |          |   0|  0|  594|         235|         287|
    +--------------------------+----------+----+---+-----+------------+------------+

    * Multiplexer: 
    +-------------------------+----+-----------+-----+-----------+
    |           Name          | LUT| Input Size| Bits| Total Bits|
    +-------------------------+----+-----------+-----+-----------+
    |ap_done_int              |   9|          2|    1|          2|
    |ap_enable_reg_pp0_iter6  |   9|          2|    1|          2|
    |ap_sig_allocacmp_i       |   9|          2|   11|         22|
    |ap_sig_allocacmp_sum     |   9|          2|   32|         64|
    |i_2_fu_100               |   9|          2|   11|         22|
    |sum_9_fu_96              |   9|          2|   32|         64|
    +-------------------------+----+-----------+-----+-----------+
    |Total                    |  54|         12|   88|        176|
    +-------------------------+----+-----------+-----+-----------+

    * Register: 
    +----------------------------------+----+----+-----+-----------+
    |               Name               | FF | LUT| Bits| Const Bits|
    +----------------------------------+----+----+-----+-----------+
    |ap_CS_fsm                         |   1|   0|    1|          0|
    |ap_done_reg                       |   1|   0|    1|          0|
    |ap_enable_reg_pp0_iter1           |   1|   0|    1|          0|
    |ap_enable_reg_pp0_iter2           |   1|   0|    1|          0|
    |ap_enable_reg_pp0_iter3           |   1|   0|    1|          0|
    |ap_enable_reg_pp0_iter4           |   1|   0|    1|          0|
    |ap_enable_reg_pp0_iter5           |   1|   0|    1|          0|
    |ap_enable_reg_pp0_iter6           |   1|   0|    1|          0|
    |ap_loop_exit_ready_pp0_iter1_reg  |   1|   0|    1|          0|
    |ap_loop_exit_ready_pp0_iter2_reg  |   1|   0|    1|          0|
    |ap_loop_exit_ready_pp0_iter3_reg  |   1|   0|    1|          0|
    |ap_loop_exit_ready_pp0_iter4_reg  |   1|   0|    1|          0|
    |ap_loop_exit_ready_pp0_iter5_reg  |   1|   0|    1|          0|
    |i_2_fu_100                        |  11|   0|   11|          0|
    |i_reg_490                         |  11|   0|   11|          0|
    |i_reg_490_pp0_iter1_reg           |  11|   0|   11|          0|
    |icmp_ln160_reg_495                |   1|   0|    1|          0|
    |storemerge4_i8_reg_509            |  16|   0|   16|          0|
    |sum_9_fu_96                       |  32|   0|   32|          0|
    |icmp_ln160_reg_495                |  64|  32|    1|          0|
    +----------------------------------+----+----+-----+-----------+
    |Total                             | 159|  32|   96|          0|
    +----------------------------------+----+----+-----+-----------+



================================================================
== Interface
================================================================
* Summary: 
+--------------------+-----+-----+------------+-------------------------------------------+--------------+
|      RTL Ports     | Dir | Bits|  Protocol  |               Source Object               |    C Type    |
+--------------------+-----+-----+------------+-------------------------------------------+--------------+
|ap_clk              |   in|    1|  ap_ctrl_hs|  cnn_gesture_top_Pipeline_VITIS_LOOP_160_2|  return value|
|ap_rst              |   in|    1|  ap_ctrl_hs|  cnn_gesture_top_Pipeline_VITIS_LOOP_160_2|  return value|
|ap_start            |   in|    1|  ap_ctrl_hs|  cnn_gesture_top_Pipeline_VITIS_LOOP_160_2|  return value|
|ap_done             |  out|    1|  ap_ctrl_hs|  cnn_gesture_top_Pipeline_VITIS_LOOP_160_2|  return value|
|ap_idle             |  out|    1|  ap_ctrl_hs|  cnn_gesture_top_Pipeline_VITIS_LOOP_160_2|  return value|
|ap_ready            |  out|    1|  ap_ctrl_hs|  cnn_gesture_top_Pipeline_VITIS_LOOP_160_2|  return value|
|grp_fu_724_p_din0   |  out|   32|  ap_ctrl_hs|  cnn_gesture_top_Pipeline_VITIS_LOOP_160_2|  return value|
|grp_fu_724_p_dout0  |   in|   64|  ap_ctrl_hs|  cnn_gesture_top_Pipeline_VITIS_LOOP_160_2|  return value|
|grp_fu_724_p_ce     |  out|    1|  ap_ctrl_hs|  cnn_gesture_top_Pipeline_VITIS_LOOP_160_2|  return value|
|sext_ln158_2        |   in|   26|     ap_none|                               sext_ln158_2|        scalar|
|empty               |   in|    7|     ap_none|                                      empty|        scalar|
|flat_address0       |  out|   11|   ap_memory|                                       flat|         array|
|flat_ce0            |  out|    1|   ap_memory|                                       flat|         array|
|flat_q0             |   in|   16|   ap_memory|                                       flat|         array|
|sum_9_out           |  out|   26|      ap_vld|                                  sum_9_out|       pointer|
|sum_9_out_ap_vld    |  out|    1|      ap_vld|                                  sum_9_out|       pointer|
+--------------------+-----+-----+------------+-------------------------------------------+--------------+

